{"/Users/user/PM_Interview_Questions/app/layout.tsx": {"path":"/Users/user/PM_Interview_Questions/app/layout.tsx","statementMap":{"0":{"start":{"line":104,"column":24},"end":{"line":104,"column":35}},"1":{"start":{"line":28,"column":13},"end":{"line":28,"column":21}},"2":{"start":{"line":1,"column":7},"end":{"line":1,"column":null}},"3":{"start":{"line":2,"column":56},"end":{"line":2,"column":null}},"4":{"start":{"line":5,"column":14},"end":{"line":10,"column":null}},"5":{"start":{"line":12,"column":17},"end":{"line":17,"column":null}},"6":{"start":{"line":19,"column":22},"end":{"line":24,"column":null}},"7":{"start":{"line":26,"column":16},"end":{"line":26,"column":null}},"8":{"start":{"line":28,"column":34},"end":{"line":102,"column":null}}},"fnMap":{"0":{"name":"RootLayout","decl":{"start":{"line":104,"column":24},"end":{"line":104,"column":35}},"loc":{"start":{"line":108,"column":1},"end":{"line":123,"column":1}}}},"branchMap":{"0":{"loc":{"start":{"line":26,"column":16},"end":{"line":26,"column":null}},"type":"binary-expr","locations":[{"start":{"line":26,"column":16},"end":{"line":26,"column":47}},{"start":{"line":26,"column":51},"end":{"line":26,"column":null}}]}},"s":{"0":0,"1":0,"2":0,"3":0,"4":0,"5":0,"6":0,"7":0,"8":0},"f":{"0":0},"b":{"0":[0,0]}}
,"/Users/user/PM_Interview_Questions/app/loading.tsx": {"path":"/Users/user/PM_Interview_Questions/app/loading.tsx","statementMap":{"0":{"start":{"line":1,"column":24},"end":{"line":1,"column":null}}},"fnMap":{"0":{"name":"RootLoading","decl":{"start":{"line":1,"column":24},"end":{"line":1,"column":null}},"loc":{"start":{"line":1,"column":24},"end":{"line":39,"column":null}}}},"branchMap":{},"s":{"0":0},"f":{"0":0},"b":{}}
,"/Users/user/PM_Interview_Questions/app/page.tsx": {"path":"/Users/user/PM_Interview_Questions/app/page.tsx","statementMap":{"0":{"start":{"line":110,"column":30},"end":{"line":110,"column":null}},"1":{"start":{"line":1,"column":29},"end":{"line":1,"column":null}},"2":{"start":{"line":2,"column":24},"end":{"line":2,"column":null}},"3":{"start":{"line":3,"column":26},"end":{"line":3,"column":null}},"4":{"start":{"line":4,"column":24},"end":{"line":4,"column":null}},"5":{"start":{"line":5,"column":22},"end":{"line":5,"column":null}},"6":{"start":{"line":9,"column":18},"end":{"line":9,"column":null}},"7":{"start":{"line":11,"column":29},"end":{"line":19,"column":null}},"8":{"start":{"line":21,"column":24},"end":{"line":31,"column":null}},"9":{"start":{"line":33,"column":24},"end":{"line":55,"column":null}},"10":{"start":{"line":57,"column":20},"end":{"line":86,"column":null}},"11":{"start":{"line":111,"column":20},"end":{"line":111,"column":null}},"12":{"start":{"line":112,"column":25},"end":{"line":114,"column":null}},"13":{"start":{"line":113,"column":16},"end":{"line":113,"column":null}}},"fnMap":{"0":{"name":"JsonLd","decl":{"start":{"line":8,"column":9},"end":{"line":8,"column":null}},"loc":{"start":{"line":8,"column":9},"end":{"line":108,"column":null}}},"1":{"name":"Home","decl":{"start":{"line":110,"column":30},"end":{"line":110,"column":null}},"loc":{"start":{"line":110,"column":30},"end":{"line":600,"column":null}}},"2":{"name":"(anonymous_4)","decl":{"start":{"line":113,"column":4},"end":{"line":113,"column":5}},"loc":{"start":{"line":113,"column":16},"end":{"line":113,"column":null}}}},"branchMap":{"0":{"loc":{"start":{"line":9,"column":18},"end":{"line":9,"column":null}},"type":"binary-expr","locations":[{"start":{"line":9,"column":18},"end":{"line":9,"column":49}},{"start":{"line":9,"column":53},"end":{"line":9,"column":null}}]},"1":{"loc":{"start":{"line":113,"column":23},"end":{"line":113,"column":null}},"type":"binary-expr","locations":[{"start":{"line":113,"column":23},"end":{"line":113,"column":38}},{"start":{"line":113,"column":42},"end":{"line":113,"column":null}}]}},"s":{"0":0,"1":0,"2":0,"3":0,"4":0,"5":0,"6":0,"7":0,"8":0,"9":0,"10":0,"11":0,"12":0,"13":0},"f":{"0":0,"1":0,"2":0},"b":{"0":[0,0],"1":[0,0]}}
,"/Users/user/PM_Interview_Questions/app/robots.ts": {"path":"/Users/user/PM_Interview_Questions/app/robots.ts","statementMap":{"0":{"start":{"line":5,"column":24},"end":{"line":5,"column":null}},"1":{"start":{"line":3,"column":16},"end":{"line":3,"column":null}},"2":{"start":{"line":6,"column":2},"end":{"line":29,"column":null}}},"fnMap":{"0":{"name":"robots","decl":{"start":{"line":5,"column":24},"end":{"line":5,"column":null}},"loc":{"start":{"line":5,"column":24},"end":{"line":30,"column":null}}}},"branchMap":{"0":{"loc":{"start":{"line":3,"column":16},"end":{"line":3,"column":null}},"type":"binary-expr","locations":[{"start":{"line":3,"column":16},"end":{"line":3,"column":47}},{"start":{"line":3,"column":51},"end":{"line":3,"column":null}}]}},"s":{"0":0,"1":0,"2":0},"f":{"0":0},"b":{"0":[0,0]}}
,"/Users/user/PM_Interview_Questions/app/sitemap.ts": {"path":"/Users/user/PM_Interview_Questions/app/sitemap.ts","statementMap":{"0":{"start":{"line":6,"column":30},"end":{"line":6,"column":null}},"1":{"start":{"line":2,"column":29},"end":{"line":2,"column":null}},"2":{"start":{"line":4,"column":16},"end":{"line":4,"column":null}},"3":{"start":{"line":8,"column":45},"end":{"line":27,"column":null}},"4":{"start":{"line":30,"column":44},"end":{"line":30,"column":46}},"5":{"start":{"line":32,"column":2},"end":{"line":42,"column":null}},"6":{"start":{"line":33,"column":22},"end":{"line":33,"column":null}},"7":{"start":{"line":34,"column":4},"end":{"line":39,"column":null}},"8":{"start":{"line":34,"column":47},"end":{"line":39,"column":null}},"9":{"start":{"line":41,"column":4},"end":{"line":41,"column":null}},"10":{"start":{"line":44,"column":2},"end":{"line":44,"column":null}}},"fnMap":{"0":{"name":"sitemap","decl":{"start":{"line":6,"column":30},"end":{"line":6,"column":null}},"loc":{"start":{"line":6,"column":30},"end":{"line":45,"column":null}}},"1":{"name":"(anonymous_2)","decl":{"start":{"line":34,"column":33},"end":{"line":34,"column":34}},"loc":{"start":{"line":34,"column":47},"end":{"line":39,"column":null}}}},"branchMap":{"0":{"loc":{"start":{"line":4,"column":16},"end":{"line":4,"column":null}},"type":"binary-expr","locations":[{"start":{"line":4,"column":16},"end":{"line":4,"column":47}},{"start":{"line":4,"column":51},"end":{"line":4,"column":null}}]}},"s":{"0":0,"1":0,"2":0,"3":0,"4":0,"5":0,"6":0,"7":0,"8":0,"9":0,"10":0},"f":{"0":0,"1":0},"b":{"0":[0,0]}}
,"/Users/user/PM_Interview_Questions/app/api/checkout/route.ts": {"path":"/Users/user/PM_Interview_Questions/app/api/checkout/route.ts","statementMap":{"0":{"start":{"line":4,"column":22},"end":{"line":4,"column":27}},"1":{"start":{"line":1,"column":42},"end":{"line":1,"column":null}},"2":{"start":{"line":2,"column":19},"end":{"line":2,"column":null}},"3":{"start":{"line":5,"column":2},"end":{"line":11,"column":null}},"4":{"start":{"line":6,"column":4},"end":{"line":6,"column":null}},"5":{"start":{"line":7,"column":4},"end":{"line":9,"column":null}},"6":{"start":{"line":13,"column":17},"end":{"line":13,"column":null}},"7":{"start":{"line":15,"column":2},"end":{"line":54,"column":null}},"8":{"start":{"line":16,"column":17},"end":{"line":16,"column":null}},"9":{"start":{"line":16,"column":47},"end":{"line":16,"column":null}},"10":{"start":{"line":17,"column":18},"end":{"line":17,"column":28}},"11":{"start":{"line":19,"column":20},"end":{"line":45,"column":null}},"12":{"start":{"line":47,"column":4},"end":{"line":47,"column":null}},"13":{"start":{"line":49,"column":4},"end":{"line":49,"column":null}},"14":{"start":{"line":50,"column":4},"end":{"line":52,"column":null}}},"fnMap":{"0":{"name":"POST","decl":{"start":{"line":4,"column":22},"end":{"line":4,"column":27}},"loc":{"start":{"line":4,"column":43},"end":{"line":55,"column":null}}},"1":{"name":"(anonymous_3)","decl":{"start":{"line":16,"column":40},"end":{"line":16,"column":47}},"loc":{"start":{"line":16,"column":47},"end":{"line":16,"column":null}}}},"branchMap":{"0":{"loc":{"start":{"line":5,"column":2},"end":{"line":11,"column":null}},"type":"if","locations":[{"start":{"line":5,"column":2},"end":{"line":11,"column":null}}]},"1":{"loc":{"start":{"line":30,"column":19},"end":{"line":30,"column":80}},"type":"binary-expr","locations":[{"start":{"line":30,"column":19},"end":{"line":30,"column":50}},{"start":{"line":30,"column":54},"end":{"line":30,"column":80}}]},"2":{"loc":{"start":{"line":39,"column":22},"end":{"line":39,"column":83}},"type":"binary-expr","locations":[{"start":{"line":39,"column":22},"end":{"line":39,"column":53}},{"start":{"line":39,"column":57},"end":{"line":39,"column":83}}]},"3":{"loc":{"start":{"line":40,"column":21},"end":{"line":40,"column":82}},"type":"binary-expr","locations":[{"start":{"line":40,"column":21},"end":{"line":40,"column":52}},{"start":{"line":40,"column":56},"end":{"line":40,"column":82}}]},"4":{"loc":{"start":{"line":41,"column":22},"end":{"line":41,"column":null}},"type":"binary-expr","locations":[{"start":{"line":41,"column":22},"end":{"line":41,"column":31}},{"start":{"line":41,"column":31},"end":{"line":41,"column":null}}]}},"s":{"0":0,"1":0,"2":0,"3":0,"4":0,"5":0,"6":0,"7":0,"8":0,"9":0,"10":0,"11":0,"12":0,"13":0,"14":0},"f":{"0":0,"1":0},"b":{"0":[0],"1":[0,0],"2":[0,0],"3":[0,0],"4":[0,0]}}
,"/Users/user/PM_Interview_Questions/app/api/interview/clarify/route.ts": {"path":"/Users/user/PM_Interview_Questions/app/api/interview/clarify/route.ts","statementMap":{"0":{"start":{"line":10,"column":22},"end":{"line":10,"column":27}},"1":{"start":{"line":1,"column":42},"end":{"line":1,"column":null}},"2":{"start":{"line":2,"column":47},"end":{"line":2,"column":null}},"3":{"start":{"line":4,"column":23},"end":{"line":4,"column":49}},"4":{"start":{"line":11,"column":2},"end":{"line":16,"column":null}},"5":{"start":{"line":12,"column":4},"end":{"line":14,"column":null}},"6":{"start":{"line":18,"column":2},"end":{"line":138,"column":null}},"7":{"start":{"line":19,"column":17},"end":{"line":19,"column":null}},"8":{"start":{"line":20,"column":72},"end":{"line":20,"column":null}},"9":{"start":{"line":22,"column":4},"end":{"line":27,"column":null}},"10":{"start":{"line":23,"column":6},"end":{"line":25,"column":null}},"11":{"start":{"line":30,"column":4},"end":{"line":30,"column":null}},"12":{"start":{"line":31,"column":4},"end":{"line":31,"column":null}},"13":{"start":{"line":34,"column":31},"end":{"line":34,"column":null}},"14":{"start":{"line":35,"column":4},"end":{"line":37,"column":null}},"15":{"start":{"line":36,"column":6},"end":{"line":36,"column":null}},"16":{"start":{"line":39,"column":30},"end":{"line":39,"column":null}},"17":{"start":{"line":40,"column":4},"end":{"line":42,"column":null}},"18":{"start":{"line":41,"column":6},"end":{"line":41,"column":null}},"19":{"start":{"line":45,"column":28},"end":{"line":50,"column":null}},"20":{"start":{"line":48,"column":8},"end":{"line":48,"column":71}},"21":{"start":{"line":53,"column":21},"end":{"line":92,"column":null}},"22":{"start":{"line":94,"column":4},"end":{"line":101,"column":null}},"23":{"start":{"line":95,"column":24},"end":{"line":95,"column":null}},"24":{"start":{"line":96,"column":6},"end":{"line":96,"column":null}},"25":{"start":{"line":97,"column":6},"end":{"line":99,"column":null}},"26":{"start":{"line":103,"column":17},"end":{"line":103,"column":null}},"27":{"start":{"line":104,"column":23},"end":{"line":104,"column":null}},"28":{"start":{"line":107,"column":24},"end":{"line":120,"column":null}},"29":{"start":{"line":122,"column":37},"end":{"line":122,"column":null}},"30":{"start":{"line":123,"column":4},"end":{"line":126,"column":null}},"31":{"start":{"line":124,"column":26},"end":{"line":124,"column":null}},"32":{"start":{"line":125,"column":6},"end":{"line":125,"column":null}},"33":{"start":{"line":128,"column":4},"end":{"line":131,"column":null}},"34":{"start":{"line":133,"column":4},"end":{"line":133,"column":null}},"35":{"start":{"line":134,"column":4},"end":{"line":136,"column":null}}},"fnMap":{"0":{"name":"POST","decl":{"start":{"line":10,"column":22},"end":{"line":10,"column":27}},"loc":{"start":{"line":10,"column":47},"end":{"line":139,"column":null}}},"1":{"name":"(anonymous_2)","decl":{"start":{"line":47,"column":11},"end":{"line":47,"column":12}},"loc":{"start":{"line":48,"column":8},"end":{"line":48,"column":71}}}},"branchMap":{"0":{"loc":{"start":{"line":11,"column":2},"end":{"line":16,"column":null}},"type":"if","locations":[{"start":{"line":11,"column":2},"end":{"line":16,"column":null}}]},"1":{"loc":{"start":{"line":20,"column":40},"end":{"line":20,"column":67}},"type":"default-arg","locations":[{"start":{"line":20,"column":65},"end":{"line":20,"column":67}}]},"2":{"loc":{"start":{"line":22,"column":4},"end":{"line":27,"column":null}},"type":"if","locations":[{"start":{"line":22,"column":4},"end":{"line":27,"column":null}}]},"3":{"loc":{"start":{"line":22,"column":8},"end":{"line":22,"column":42}},"type":"binary-expr","locations":[{"start":{"line":22,"column":8},"end":{"line":22,"column":21}},{"start":{"line":22,"column":21},"end":{"line":22,"column":42}}]},"4":{"loc":{"start":{"line":35,"column":4},"end":{"line":37,"column":null}},"type":"if","locations":[{"start":{"line":35,"column":4},"end":{"line":37,"column":null}}]},"5":{"loc":{"start":{"line":40,"column":4},"end":{"line":42,"column":null}},"type":"if","locations":[{"start":{"line":40,"column":4},"end":{"line":42,"column":null}}]},"6":{"loc":{"start":{"line":86,"column":2},"end":{"line":86,"column":65}},"type":"cond-expr","locations":[{"start":{"line":86,"column":20},"end":{"line":86,"column":59}},{"start":{"line":86,"column":62},"end":{"line":86,"column":65}}]},"7":{"loc":{"start":{"line":94,"column":4},"end":{"line":101,"column":null}},"type":"if","locations":[{"start":{"line":94,"column":4},"end":{"line":101,"column":null}}]},"8":{"loc":{"start":{"line":104,"column":23},"end":{"line":104,"column":null}},"type":"binary-expr","locations":[{"start":{"line":104,"column":23},"end":{"line":104,"column":60}},{"start":{"line":104,"column":60},"end":{"line":104,"column":null}}]},"9":{"loc":{"start":{"line":123,"column":4},"end":{"line":126,"column":null}},"type":"if","locations":[{"start":{"line":123,"column":4},"end":{"line":126,"column":null}}]}},"s":{"0":0,"1":0,"2":0,"3":0,"4":0,"5":0,"6":0,"7":0,"8":0,"9":0,"10":0,"11":0,"12":0,"13":0,"14":0,"15":0,"16":0,"17":0,"18":0,"19":0,"20":0,"21":0,"22":0,"23":0,"24":0,"25":0,"26":0,"27":0,"28":0,"29":0,"30":0,"31":0,"32":0,"33":0,"34":0,"35":0},"f":{"0":0,"1":0},"b":{"0":[0],"1":[0],"2":[0],"3":[0,0],"4":[0],"5":[0],"6":[0,0],"7":[0],"8":[0,0],"9":[0]}}
,"/Users/user/PM_Interview_Questions/app/api/interview/converse/route.ts": {"path":"/Users/user/PM_Interview_Questions/app/api/interview/converse/route.ts","statementMap":{"0":{"start":{"line":22,"column":22},"end":{"line":22,"column":27}},"1":{"start":{"line":1,"column":42},"end":{"line":1,"column":null}},"2":{"start":{"line":2,"column":47},"end":{"line":2,"column":null}},"3":{"start":{"line":4,"column":23},"end":{"line":4,"column":49}},"4":{"start":{"line":23,"column":2},"end":{"line":28,"column":null}},"5":{"start":{"line":24,"column":4},"end":{"line":26,"column":null}},"6":{"start":{"line":30,"column":2},"end":{"line":206,"column":null}},"7":{"start":{"line":31,"column":17},"end":{"line":31,"column":null}},"8":{"start":{"line":42,"column":8},"end":{"line":42,"column":null}},"9":{"start":{"line":45,"column":4},"end":{"line":50,"column":null}},"10":{"start":{"line":46,"column":6},"end":{"line":48,"column":null}},"11":{"start":{"line":53,"column":4},"end":{"line":57,"column":null}},"12":{"start":{"line":54,"column":20},"end":{"line":54,"column":null}},"13":{"start":{"line":55,"column":6},"end":{"line":55,"column":null}},"14":{"start":{"line":56,"column":6},"end":{"line":56,"column":null}},"15":{"start":{"line":59,"column":4},"end":{"line":64,"column":null}},"16":{"start":{"line":60,"column":6},"end":{"line":62,"column":null}},"17":{"start":{"line":67,"column":4},"end":{"line":67,"column":null}},"18":{"start":{"line":68,"column":4},"end":{"line":68,"column":null}},"19":{"start":{"line":69,"column":4},"end":{"line":69,"column":null}},"20":{"start":{"line":70,"column":4},"end":{"line":70,"column":null}},"21":{"start":{"line":71,"column":4},"end":{"line":71,"column":null}},"22":{"start":{"line":74,"column":28},"end":{"line":74,"column":null}},"23":{"start":{"line":75,"column":4},"end":{"line":77,"column":null}},"24":{"start":{"line":76,"column":6},"end":{"line":76,"column":null}},"25":{"start":{"line":79,"column":30},"end":{"line":79,"column":null}},"26":{"start":{"line":80,"column":4},"end":{"line":82,"column":null}},"27":{"start":{"line":81,"column":6},"end":{"line":81,"column":null}},"28":{"start":{"line":84,"column":30},"end":{"line":84,"column":null}},"29":{"start":{"line":85,"column":4},"end":{"line":87,"column":null}},"30":{"start":{"line":86,"column":6},"end":{"line":86,"column":null}},"31":{"start":{"line":90,"column":52},"end":{"line":90,"column":54}},"32":{"start":{"line":91,"column":4},"end":{"line":105,"column":null}},"33":{"start":{"line":92,"column":6},"end":{"line":104,"column":null}},"34":{"start":{"line":93,"column":8},"end":{"line":103,"column":null}},"35":{"start":{"line":99,"column":10},"end":{"line":102,"column":null}},"36":{"start":{"line":108,"column":24},"end":{"line":110,"column":null}},"37":{"start":{"line":112,"column":30},"end":{"line":114,"column":null}},"38":{"start":{"line":117,"column":32},"end":{"line":121,"column":null}},"39":{"start":{"line":119,"column":10},"end":{"line":119,"column":89}},"40":{"start":{"line":124,"column":25},"end":{"line":124,"column":null}},"41":{"start":{"line":128,"column":24},"end":{"line":137,"column":204}},"42":{"start":{"line":140,"column":21},"end":{"line":155,"column":null}},"43":{"start":{"line":157,"column":4},"end":{"line":164,"column":null}},"44":{"start":{"line":158,"column":24},"end":{"line":158,"column":null}},"45":{"start":{"line":159,"column":6},"end":{"line":159,"column":null}},"46":{"start":{"line":160,"column":6},"end":{"line":162,"column":null}},"47":{"start":{"line":166,"column":17},"end":{"line":166,"column":null}},"48":{"start":{"line":167,"column":23},"end":{"line":167,"column":null}},"49":{"start":{"line":170,"column":37},"end":{"line":170,"column":null}},"50":{"start":{"line":171,"column":4},"end":{"line":194,"column":null}},"51":{"start":{"line":172,"column":26},"end":{"line":185,"column":null}},"52":{"start":{"line":187,"column":6},"end":{"line":190,"column":null}},"53":{"start":{"line":188,"column":28},"end":{"line":188,"column":null}},"54":{"start":{"line":189,"column":8},"end":{"line":189,"column":null}},"55":{"start":{"line":192,"column":6},"end":{"line":192,"column":null}},"56":{"start":{"line":196,"column":4},"end":{"line":199,"column":null}},"57":{"start":{"line":201,"column":4},"end":{"line":201,"column":null}},"58":{"start":{"line":202,"column":4},"end":{"line":204,"column":null}},"59":{"start":{"line":214,"column":26},"end":{"line":244,"column":99}},"60":{"start":{"line":246,"column":48},"end":{"line":288,"column":null}},"61":{"start":{"line":290,"column":22},"end":{"line":292,"column":null}},"62":{"start":{"line":294,"column":2},"end":{"line":294,"column":null}}},"fnMap":{"0":{"name":"POST","decl":{"start":{"line":22,"column":22},"end":{"line":22,"column":27}},"loc":{"start":{"line":22,"column":47},"end":{"line":207,"column":null}}},"1":{"name":"(anonymous_2)","decl":{"start":{"line":118,"column":60},"end":{"line":118,"column":null}},"loc":{"start":{"line":119,"column":10},"end":{"line":119,"column":89}}},"2":{"name":"buildSystemPrompt","decl":{"start":{"line":213,"column":9},"end":{"line":213,"column":27}},"loc":{"start":{"line":213,"column":64},"end":{"line":295,"column":null}}}},"branchMap":{"0":{"loc":{"start":{"line":23,"column":2},"end":{"line":28,"column":null}},"type":"if","locations":[{"start":{"line":23,"column":2},"end":{"line":28,"column":null}}]},"1":{"loc":{"start":{"line":37,"column":6},"end":{"line":37,"column":30}},"type":"default-arg","locations":[{"start":{"line":37,"column":28},"end":{"line":37,"column":30}}]},"2":{"loc":{"start":{"line":38,"column":6},"end":{"line":38,"column":15}},"type":"default-arg","locations":[{"start":{"line":38,"column":13},"end":{"line":38,"column":15}}]},"3":{"loc":{"start":{"line":39,"column":6},"end":{"line":39,"column":25}},"type":"default-arg","locations":[{"start":{"line":39,"column":17},"end":{"line":39,"column":25}}]},"4":{"loc":{"start":{"line":40,"column":6},"end":{"line":40,"column":23}},"type":"default-arg","locations":[{"start":{"line":40,"column":19},"end":{"line":40,"column":23}}]},"5":{"loc":{"start":{"line":41,"column":6},"end":{"line":41,"column":31}},"type":"default-arg","locations":[{"start":{"line":41,"column":23},"end":{"line":41,"column":31}}]},"6":{"loc":{"start":{"line":45,"column":4},"end":{"line":50,"column":null}},"type":"if","locations":[{"start":{"line":45,"column":4},"end":{"line":50,"column":null}}]},"7":{"loc":{"start":{"line":45,"column":8},"end":{"line":45,"column":37}},"type":"binary-expr","locations":[{"start":{"line":45,"column":8},"end":{"line":45,"column":26}},{"start":{"line":45,"column":26},"end":{"line":45,"column":37}}]},"8":{"loc":{"start":{"line":53,"column":4},"end":{"line":57,"column":null}},"type":"if","locations":[{"start":{"line":53,"column":4},"end":{"line":57,"column":null}}]},"9":{"loc":{"start":{"line":53,"column":8},"end":{"line":53,"column":36}},"type":"binary-expr","locations":[{"start":{"line":53,"column":8},"end":{"line":53,"column":26}},{"start":{"line":53,"column":26},"end":{"line":53,"column":36}}]},"10":{"loc":{"start":{"line":55,"column":22},"end":{"line":55,"column":null}},"type":"binary-expr","locations":[{"start":{"line":55,"column":22},"end":{"line":55,"column":30}},{"start":{"line":55,"column":34},"end":{"line":55,"column":null}}]},"11":{"loc":{"start":{"line":56,"column":24},"end":{"line":56,"column":null}},"type":"binary-expr","locations":[{"start":{"line":56,"column":24},"end":{"line":56,"column":60}},{"start":{"line":56,"column":60},"end":{"line":56,"column":null}}]},"12":{"loc":{"start":{"line":59,"column":4},"end":{"line":64,"column":null}},"type":"if","locations":[{"start":{"line":59,"column":4},"end":{"line":64,"column":null}}]},"13":{"loc":{"start":{"line":59,"column":8},"end":{"line":59,"column":57}},"type":"binary-expr","locations":[{"start":{"line":59,"column":8},"end":{"line":59,"column":24}},{"start":{"line":59,"column":24},"end":{"line":59,"column":57}}]},"14":{"loc":{"start":{"line":67,"column":35},"end":{"line":67,"column":null}},"type":"binary-expr","locations":[{"start":{"line":67,"column":35},"end":{"line":67,"column":52}},{"start":{"line":67,"column":52},"end":{"line":67,"column":null}}]},"15":{"loc":{"start":{"line":68,"column":37},"end":{"line":68,"column":null}},"type":"binary-expr","locations":[{"start":{"line":68,"column":37},"end":{"line":68,"column":56}},{"start":{"line":68,"column":56},"end":{"line":68,"column":null}}]},"16":{"loc":{"start":{"line":70,"column":11},"end":{"line":70,"column":null}},"type":"cond-expr","locations":[{"start":{"line":70,"column":18},"end":{"line":70,"column":41}},{"start":{"line":70,"column":41},"end":{"line":70,"column":null}}]},"17":{"loc":{"start":{"line":71,"column":15},"end":{"line":71,"column":null}},"type":"cond-expr","locations":[{"start":{"line":71,"column":46},"end":{"line":71,"column":73}},{"start":{"line":71,"column":73},"end":{"line":71,"column":null}}]},"18":{"loc":{"start":{"line":75,"column":4},"end":{"line":77,"column":null}},"type":"if","locations":[{"start":{"line":75,"column":4},"end":{"line":77,"column":null}}]},"19":{"loc":{"start":{"line":80,"column":4},"end":{"line":82,"column":null}},"type":"if","locations":[{"start":{"line":80,"column":4},"end":{"line":82,"column":null}}]},"20":{"loc":{"start":{"line":85,"column":4},"end":{"line":87,"column":null}},"type":"if","locations":[{"start":{"line":85,"column":4},"end":{"line":87,"column":null}}]},"21":{"loc":{"start":{"line":91,"column":4},"end":{"line":105,"column":null}},"type":"if","locations":[{"start":{"line":91,"column":4},"end":{"line":105,"column":null}}]},"22":{"loc":{"start":{"line":93,"column":8},"end":{"line":103,"column":null}},"type":"if","locations":[{"start":{"line":93,"column":8},"end":{"line":103,"column":null}}]},"23":{"loc":{"start":{"line":94,"column":10},"end":{"line":97,"column":null}},"type":"binary-expr","locations":[{"start":{"line":94,"column":10},"end":{"line":94,"column":null}},{"start":{"line":95,"column":10},"end":{"line":95,"column":null}},{"start":{"line":96,"column":11},"end":{"line":96,"column":42}},{"start":{"line":96,"column":42},"end":{"line":96,"column":66}},{"start":{"line":97,"column":10},"end":{"line":97,"column":null}}]},"24":{"loc":{"start":{"line":108,"column":24},"end":{"line":110,"column":null}},"type":"cond-expr","locations":[{"start":{"line":109,"column":8},"end":{"line":109,"column":104}},{"start":{"line":110,"column":8},"end":{"line":110,"column":null}}]},"25":{"loc":{"start":{"line":112,"column":30},"end":{"line":114,"column":null}},"type":"cond-expr","locations":[{"start":{"line":113,"column":8},"end":{"line":113,"column":275}},{"start":{"line":114,"column":8},"end":{"line":114,"column":null}}]},"26":{"loc":{"start":{"line":113,"column":100},"end":{"line":113,"column":136}},"type":"binary-expr","locations":[{"start":{"line":113,"column":100},"end":{"line":113,"column":126}},{"start":{"line":113,"column":130},"end":{"line":113,"column":136}}]},"27":{"loc":{"start":{"line":113,"column":159},"end":{"line":113,"column":204}},"type":"binary-expr","locations":[{"start":{"line":113,"column":159},"end":{"line":113,"column":198}},{"start":{"line":113,"column":198},"end":{"line":113,"column":204}}]},"28":{"loc":{"start":{"line":113,"column":228},"end":{"line":113,"column":274}},"type":"binary-expr","locations":[{"start":{"line":113,"column":228},"end":{"line":113,"column":268}},{"start":{"line":113,"column":268},"end":{"line":113,"column":274}}]},"29":{"loc":{"start":{"line":117,"column":32},"end":{"line":121,"column":null}},"type":"cond-expr","locations":[{"start":{"line":118,"column":8},"end":{"line":120,"column":null}},{"start":{"line":121,"column":8},"end":{"line":121,"column":null}}]},"30":{"loc":{"start":{"line":119,"column":13},"end":{"line":119,"column":74}},"type":"cond-expr","locations":[{"start":{"line":119,"column":40},"end":{"line":119,"column":62}},{"start":{"line":119,"column":62},"end":{"line":119,"column":74}}]},"31":{"loc":{"start":{"line":157,"column":4},"end":{"line":164,"column":null}},"type":"if","locations":[{"start":{"line":157,"column":4},"end":{"line":164,"column":null}}]},"32":{"loc":{"start":{"line":167,"column":23},"end":{"line":167,"column":null}},"type":"binary-expr","locations":[{"start":{"line":167,"column":23},"end":{"line":167,"column":60}},{"start":{"line":167,"column":60},"end":{"line":167,"column":null}}]},"33":{"loc":{"start":{"line":187,"column":6},"end":{"line":190,"column":null}},"type":"if","locations":[{"start":{"line":187,"column":6},"end":{"line":190,"column":null}}]},"34":{"loc":{"start":{"line":290,"column":22},"end":{"line":292,"column":null}},"type":"cond-expr","locations":[{"start":{"line":291,"column":6},"end":{"line":291,"column":null}},{"start":{"line":292,"column":6},"end":{"line":292,"column":null}}]},"35":{"loc":{"start":{"line":294,"column":28},"end":{"line":294,"column":71}},"type":"binary-expr","locations":[{"start":{"line":294,"column":28},"end":{"line":294,"column":48}},{"start":{"line":294,"column":52},"end":{"line":294,"column":71}}]}},"s":{"0":0,"1":0,"2":0,"3":0,"4":0,"5":0,"6":0,"7":0,"8":0,"9":0,"10":0,"11":0,"12":0,"13":0,"14":0,"15":0,"16":0,"17":0,"18":0,"19":0,"20":0,"21":0,"22":0,"23":0,"24":0,"25":0,"26":0,"27":0,"28":0,"29":0,"30":0,"31":0,"32":0,"33":0,"34":0,"35":0,"36":0,"37":0,"38":0,"39":0,"40":0,"41":0,"42":0,"43":0,"44":0,"45":0,"46":0,"47":0,"48":0,"49":0,"50":0,"51":0,"52":0,"53":0,"54":0,"55":0,"56":0,"57":0,"58":0,"59":0,"60":0,"61":0,"62":0},"f":{"0":0,"1":0,"2":0},"b":{"0":[0],"1":[0],"2":[0],"3":[0],"4":[0],"5":[0],"6":[0],"7":[0,0],"8":[0],"9":[0,0],"10":[0,0],"11":[0,0],"12":[0],"13":[0,0],"14":[0,0],"15":[0,0],"16":[0,0],"17":[0,0],"18":[0],"19":[0],"20":[0],"21":[0],"22":[0],"23":[0,0,0,0,0],"24":[0,0],"25":[0,0],"26":[0,0],"27":[0,0],"28":[0,0],"29":[0,0],"30":[0,0],"31":[0],"32":[0,0],"33":[0],"34":[0,0],"35":[0,0]}}
,"/Users/user/PM_Interview_Questions/app/api/interview/evaluate/route.ts": {"path":"/Users/user/PM_Interview_Questions/app/api/interview/evaluate/route.ts","statementMap":{"0":{"start":{"line":11,"column":22},"end":{"line":11,"column":27}},"1":{"start":{"line":1,"column":42},"end":{"line":1,"column":null}},"2":{"start":{"line":6,"column":7},"end":{"line":6,"column":null}},"3":{"start":{"line":7,"column":47},"end":{"line":7,"column":null}},"4":{"start":{"line":9,"column":23},"end":{"line":9,"column":49}},"5":{"start":{"line":12,"column":2},"end":{"line":17,"column":null}},"6":{"start":{"line":13,"column":4},"end":{"line":15,"column":null}},"7":{"start":{"line":19,"column":2},"end":{"line":195,"column":null}},"8":{"start":{"line":20,"column":17},"end":{"line":20,"column":null}},"9":{"start":{"line":29,"column":8},"end":{"line":29,"column":null}},"10":{"start":{"line":32,"column":4},"end":{"line":37,"column":null}},"11":{"start":{"line":33,"column":6},"end":{"line":35,"column":null}},"12":{"start":{"line":39,"column":4},"end":{"line":44,"column":null}},"13":{"start":{"line":40,"column":6},"end":{"line":42,"column":null}},"14":{"start":{"line":47,"column":4},"end":{"line":47,"column":null}},"15":{"start":{"line":48,"column":4},"end":{"line":48,"column":null}},"16":{"start":{"line":49,"column":4},"end":{"line":49,"column":null}},"17":{"start":{"line":50,"column":4},"end":{"line":50,"column":null}},"18":{"start":{"line":51,"column":4},"end":{"line":51,"column":null}},"19":{"start":{"line":54,"column":4},"end":{"line":61,"column":null}},"20":{"start":{"line":55,"column":6},"end":{"line":58,"column":null}},"21":{"start":{"line":60,"column":6},"end":{"line":60,"column":null}},"22":{"start":{"line":64,"column":85},"end":{"line":64,"column":87}},"23":{"start":{"line":65,"column":4},"end":{"line":82,"column":null}},"24":{"start":{"line":67,"column":6},"end":{"line":81,"column":null}},"25":{"start":{"line":69,"column":8},"end":{"line":80,"column":null}},"26":{"start":{"line":76,"column":10},"end":{"line":79,"column":null}},"27":{"start":{"line":85,"column":31},"end":{"line":85,"column":null}},"28":{"start":{"line":86,"column":4},"end":{"line":88,"column":null}},"29":{"start":{"line":87,"column":6},"end":{"line":87,"column":null}},"30":{"start":{"line":90,"column":27},"end":{"line":90,"column":null}},"31":{"start":{"line":91,"column":4},"end":{"line":93,"column":null}},"32":{"start":{"line":92,"column":6},"end":{"line":92,"column":null}},"33":{"start":{"line":95,"column":4},"end":{"line":100,"column":null}},"34":{"start":{"line":96,"column":35},"end":{"line":96,"column":null}},"35":{"start":{"line":97,"column":6},"end":{"line":99,"column":null}},"36":{"start":{"line":98,"column":8},"end":{"line":98,"column":null}},"37":{"start":{"line":114,"column":21},"end":{"line":136,"column":null}},"38":{"start":{"line":138,"column":4},"end":{"line":145,"column":null}},"39":{"start":{"line":139,"column":24},"end":{"line":139,"column":null}},"40":{"start":{"line":140,"column":6},"end":{"line":140,"column":null}},"41":{"start":{"line":141,"column":6},"end":{"line":143,"column":null}},"42":{"start":{"line":147,"column":17},"end":{"line":147,"column":null}},"43":{"start":{"line":148,"column":20},"end":{"line":148,"column":null}},"44":{"start":{"line":150,"column":4},"end":{"line":155,"column":null}},"45":{"start":{"line":151,"column":6},"end":{"line":153,"column":null}},"46":{"start":{"line":159,"column":4},"end":{"line":172,"column":null}},"47":{"start":{"line":161,"column":27},"end":{"line":164,"column":null}},"48":{"start":{"line":165,"column":6},"end":{"line":165,"column":null}},"49":{"start":{"line":167,"column":6},"end":{"line":167,"column":null}},"50":{"start":{"line":168,"column":6},"end":{"line":170,"column":null}},"51":{"start":{"line":175,"column":4},"end":{"line":181,"column":null}},"52":{"start":{"line":176,"column":6},"end":{"line":176,"column":null}},"53":{"start":{"line":177,"column":6},"end":{"line":179,"column":null}},"54":{"start":{"line":183,"column":4},"end":{"line":188,"column":null}},"55":{"start":{"line":190,"column":4},"end":{"line":190,"column":null}},"56":{"start":{"line":191,"column":4},"end":{"line":193,"column":null}}},"fnMap":{"0":{"name":"POST","decl":{"start":{"line":11,"column":22},"end":{"line":11,"column":27}},"loc":{"start":{"line":11,"column":47},"end":{"line":196,"column":null}}}},"branchMap":{"0":{"loc":{"start":{"line":12,"column":2},"end":{"line":17,"column":null}},"type":"if","locations":[{"start":{"line":12,"column":2},"end":{"line":17,"column":null}}]},"1":{"loc":{"start":{"line":24,"column":6},"end":{"line":24,"column":25}},"type":"default-arg","locations":[{"start":{"line":24,"column":17},"end":{"line":24,"column":25}}]},"2":{"loc":{"start":{"line":25,"column":6},"end":{"line":25,"column":21}},"type":"default-arg","locations":[{"start":{"line":25,"column":19},"end":{"line":25,"column":21}}]},"3":{"loc":{"start":{"line":28,"column":6},"end":{"line":28,"column":30}},"type":"default-arg","locations":[{"start":{"line":28,"column":28},"end":{"line":28,"column":30}}]},"4":{"loc":{"start":{"line":32,"column":4},"end":{"line":37,"column":null}},"type":"if","locations":[{"start":{"line":32,"column":4},"end":{"line":37,"column":null}}]},"5":{"loc":{"start":{"line":39,"column":4},"end":{"line":44,"column":null}},"type":"if","locations":[{"start":{"line":39,"column":4},"end":{"line":44,"column":null}}]},"6":{"loc":{"start":{"line":39,"column":8},"end":{"line":39,"column":42}},"type":"binary-expr","locations":[{"start":{"line":39,"column":8},"end":{"line":39,"column":17}},{"start":{"line":39,"column":17},"end":{"line":39,"column":42}}]},"7":{"loc":{"start":{"line":49,"column":17},"end":{"line":49,"column":null}},"type":"cond-expr","locations":[{"start":{"line":49,"column":30},"end":{"line":49,"column":59}},{"start":{"line":49,"column":59},"end":{"line":49,"column":null}}]},"8":{"loc":{"start":{"line":50,"column":15},"end":{"line":50,"column":null}},"type":"cond-expr","locations":[{"start":{"line":50,"column":46},"end":{"line":50,"column":73}},{"start":{"line":50,"column":73},"end":{"line":50,"column":null}}]},"9":{"loc":{"start":{"line":51,"column":17},"end":{"line":51,"column":null}},"type":"cond-expr","locations":[{"start":{"line":51,"column":50},"end":{"line":51,"column":79}},{"start":{"line":51,"column":79},"end":{"line":51,"column":null}}]},"10":{"loc":{"start":{"line":54,"column":4},"end":{"line":61,"column":null}},"type":"if","locations":[{"start":{"line":54,"column":4},"end":{"line":61,"column":null}},{"start":{"line":59,"column":11},"end":{"line":61,"column":null}}]},"11":{"loc":{"start":{"line":54,"column":8},"end":{"line":54,"column":70}},"type":"binary-expr","locations":[{"start":{"line":54,"column":8},"end":{"line":54,"column":30}},{"start":{"line":54,"column":30},"end":{"line":54,"column":70}}]},"12":{"loc":{"start":{"line":56,"column":14},"end":{"line":56,"column":null}},"type":"cond-expr","locations":[{"start":{"line":56,"column":40},"end":{"line":56,"column":90}},{"start":{"line":56,"column":90},"end":{"line":56,"column":null}}]},"13":{"loc":{"start":{"line":57,"column":15},"end":{"line":57,"column":null}},"type":"cond-expr","locations":[{"start":{"line":57,"column":42},"end":{"line":57,"column":93}},{"start":{"line":57,"column":93},"end":{"line":57,"column":null}}]},"14":{"loc":{"start":{"line":65,"column":4},"end":{"line":82,"column":null}},"type":"if","locations":[{"start":{"line":65,"column":4},"end":{"line":82,"column":null}}]},"15":{"loc":{"start":{"line":69,"column":8},"end":{"line":80,"column":null}},"type":"if","locations":[{"start":{"line":69,"column":8},"end":{"line":80,"column":null}}]},"16":{"loc":{"start":{"line":70,"column":10},"end":{"line":74,"column":null}},"type":"binary-expr","locations":[{"start":{"line":70,"column":10},"end":{"line":70,"column":null}},{"start":{"line":71,"column":10},"end":{"line":71,"column":null}},{"start":{"line":72,"column":11},"end":{"line":72,"column":42}},{"start":{"line":72,"column":42},"end":{"line":72,"column":66}},{"start":{"line":73,"column":10},"end":{"line":73,"column":null}},{"start":{"line":74,"column":10},"end":{"line":74,"column":null}}]},"17":{"loc":{"start":{"line":86,"column":4},"end":{"line":88,"column":null}},"type":"if","locations":[{"start":{"line":86,"column":4},"end":{"line":88,"column":null}}]},"18":{"loc":{"start":{"line":91,"column":4},"end":{"line":93,"column":null}},"type":"if","locations":[{"start":{"line":91,"column":4},"end":{"line":93,"column":null}}]},"19":{"loc":{"start":{"line":95,"column":4},"end":{"line":100,"column":null}},"type":"if","locations":[{"start":{"line":95,"column":4},"end":{"line":100,"column":null}}]},"20":{"loc":{"start":{"line":97,"column":6},"end":{"line":99,"column":null}},"type":"if","locations":[{"start":{"line":97,"column":6},"end":{"line":99,"column":null}}]},"21":{"loc":{"start":{"line":138,"column":4},"end":{"line":145,"column":null}},"type":"if","locations":[{"start":{"line":138,"column":4},"end":{"line":145,"column":null}}]},"22":{"loc":{"start":{"line":150,"column":4},"end":{"line":155,"column":null}},"type":"if","locations":[{"start":{"line":150,"column":4},"end":{"line":155,"column":null}}]},"23":{"loc":{"start":{"line":175,"column":4},"end":{"line":181,"column":null}},"type":"if","locations":[{"start":{"line":175,"column":4},"end":{"line":181,"column":null}}]}},"s":{"0":0,"1":0,"2":0,"3":0,"4":0,"5":0,"6":0,"7":0,"8":0,"9":0,"10":0,"11":0,"12":0,"13":0,"14":0,"15":0,"16":0,"17":0,"18":0,"19":0,"20":0,"21":0,"22":0,"23":0,"24":0,"25":0,"26":0,"27":0,"28":0,"29":0,"30":0,"31":0,"32":0,"33":0,"34":0,"35":0,"36":0,"37":0,"38":0,"39":0,"40":0,"41":0,"42":0,"43":0,"44":0,"45":0,"46":0,"47":0,"48":0,"49":0,"50":0,"51":0,"52":0,"53":0,"54":0,"55":0,"56":0},"f":{"0":0},"b":{"0":[0],"1":[0],"2":[0],"3":[0],"4":[0],"5":[0],"6":[0,0],"7":[0,0],"8":[0,0],"9":[0,0],"10":[0,0],"11":[0,0],"12":[0,0],"13":[0,0],"14":[0],"15":[0],"16":[0,0,0,0,0,0],"17":[0],"18":[0],"19":[0],"20":[0],"21":[0],"22":[0],"23":[0]}}
,"/Users/user/PM_Interview_Questions/app/api/interview/evaluate-behavioral/route.ts": {"path":"/Users/user/PM_Interview_Questions/app/api/interview/evaluate-behavioral/route.ts","statementMap":{"0":{"start":{"line":11,"column":22},"end":{"line":11,"column":27}},"1":{"start":{"line":1,"column":42},"end":{"line":1,"column":null}},"2":{"start":{"line":6,"column":7},"end":{"line":6,"column":null}},"3":{"start":{"line":7,"column":47},"end":{"line":7,"column":null}},"4":{"start":{"line":9,"column":23},"end":{"line":9,"column":49}},"5":{"start":{"line":12,"column":2},"end":{"line":17,"column":null}},"6":{"start":{"line":13,"column":4},"end":{"line":15,"column":null}},"7":{"start":{"line":19,"column":2},"end":{"line":141,"column":null}},"8":{"start":{"line":20,"column":17},"end":{"line":20,"column":null}},"9":{"start":{"line":21,"column":58},"end":{"line":21,"column":null}},"10":{"start":{"line":24,"column":4},"end":{"line":29,"column":null}},"11":{"start":{"line":25,"column":6},"end":{"line":27,"column":null}},"12":{"start":{"line":31,"column":4},"end":{"line":36,"column":null}},"13":{"start":{"line":32,"column":6},"end":{"line":34,"column":null}},"14":{"start":{"line":39,"column":4},"end":{"line":39,"column":null}},"15":{"start":{"line":40,"column":4},"end":{"line":40,"column":null}},"16":{"start":{"line":41,"column":4},"end":{"line":41,"column":null}},"17":{"start":{"line":42,"column":4},"end":{"line":44,"column":null}},"18":{"start":{"line":43,"column":46},"end":{"line":43,"column":94}},"19":{"start":{"line":47,"column":31},"end":{"line":47,"column":null}},"20":{"start":{"line":48,"column":4},"end":{"line":50,"column":null}},"21":{"start":{"line":49,"column":6},"end":{"line":49,"column":null}},"22":{"start":{"line":52,"column":33},"end":{"line":52,"column":null}},"23":{"start":{"line":53,"column":4},"end":{"line":55,"column":null}},"24":{"start":{"line":54,"column":6},"end":{"line":54,"column":null}},"25":{"start":{"line":58,"column":19},"end":{"line":58,"column":null}},"26":{"start":{"line":61,"column":21},"end":{"line":83,"column":null}},"27":{"start":{"line":85,"column":4},"end":{"line":92,"column":null}},"28":{"start":{"line":86,"column":20},"end":{"line":86,"column":null}},"29":{"start":{"line":87,"column":6},"end":{"line":87,"column":null}},"30":{"start":{"line":88,"column":6},"end":{"line":90,"column":null}},"31":{"start":{"line":94,"column":17},"end":{"line":94,"column":null}},"32":{"start":{"line":95,"column":20},"end":{"line":95,"column":null}},"33":{"start":{"line":97,"column":4},"end":{"line":103,"column":null}},"34":{"start":{"line":98,"column":6},"end":{"line":98,"column":null}},"35":{"start":{"line":99,"column":6},"end":{"line":101,"column":null}},"36":{"start":{"line":107,"column":4},"end":{"line":120,"column":null}},"37":{"start":{"line":109,"column":27},"end":{"line":112,"column":null}},"38":{"start":{"line":113,"column":6},"end":{"line":113,"column":null}},"39":{"start":{"line":115,"column":6},"end":{"line":115,"column":null}},"40":{"start":{"line":116,"column":6},"end":{"line":118,"column":null}},"41":{"start":{"line":123,"column":4},"end":{"line":129,"column":null}},"42":{"start":{"line":124,"column":6},"end":{"line":124,"column":null}},"43":{"start":{"line":125,"column":6},"end":{"line":127,"column":null}},"44":{"start":{"line":131,"column":4},"end":{"line":134,"column":null}},"45":{"start":{"line":136,"column":4},"end":{"line":136,"column":null}},"46":{"start":{"line":137,"column":4},"end":{"line":139,"column":null}}},"fnMap":{"0":{"name":"POST","decl":{"start":{"line":11,"column":22},"end":{"line":11,"column":27}},"loc":{"start":{"line":11,"column":47},"end":{"line":142,"column":null}}},"1":{"name":"(anonymous_2)","decl":{"start":{"line":43,"column":30},"end":{"line":43,"column":31}},"loc":{"start":{"line":43,"column":46},"end":{"line":43,"column":94}}}},"branchMap":{"0":{"loc":{"start":{"line":12,"column":2},"end":{"line":17,"column":null}},"type":"if","locations":[{"start":{"line":12,"column":2},"end":{"line":17,"column":null}}]},"1":{"loc":{"start":{"line":21,"column":32},"end":{"line":21,"column":41}},"type":"default-arg","locations":[{"start":{"line":21,"column":39},"end":{"line":21,"column":41}}]},"2":{"loc":{"start":{"line":24,"column":4},"end":{"line":29,"column":null}},"type":"if","locations":[{"start":{"line":24,"column":4},"end":{"line":29,"column":null}}]},"3":{"loc":{"start":{"line":31,"column":4},"end":{"line":36,"column":null}},"type":"if","locations":[{"start":{"line":31,"column":4},"end":{"line":36,"column":null}}]},"4":{"loc":{"start":{"line":31,"column":8},"end":{"line":31,"column":54}},"type":"binary-expr","locations":[{"start":{"line":31,"column":8},"end":{"line":31,"column":23}},{"start":{"line":31,"column":23},"end":{"line":31,"column":54}}]},"5":{"loc":{"start":{"line":41,"column":17},"end":{"line":41,"column":null}},"type":"cond-expr","locations":[{"start":{"line":41,"column":50},"end":{"line":41,"column":79}},{"start":{"line":41,"column":79},"end":{"line":41,"column":null}}]},"6":{"loc":{"start":{"line":42,"column":11},"end":{"line":44,"column":10}},"type":"cond-expr","locations":[{"start":{"line":43,"column":8},"end":{"line":43,"column":null}},{"start":{"line":44,"column":8},"end":{"line":44,"column":10}}]},"7":{"loc":{"start":{"line":43,"column":46},"end":{"line":43,"column":94}},"type":"cond-expr","locations":[{"start":{"line":43,"column":70},"end":{"line":43,"column":90}},{"start":{"line":43,"column":90},"end":{"line":43,"column":94}}]},"8":{"loc":{"start":{"line":48,"column":4},"end":{"line":50,"column":null}},"type":"if","locations":[{"start":{"line":48,"column":4},"end":{"line":50,"column":null}}]},"9":{"loc":{"start":{"line":53,"column":4},"end":{"line":55,"column":null}},"type":"if","locations":[{"start":{"line":53,"column":4},"end":{"line":55,"column":null}}]},"10":{"loc":{"start":{"line":85,"column":4},"end":{"line":92,"column":null}},"type":"if","locations":[{"start":{"line":85,"column":4},"end":{"line":92,"column":null}}]},"11":{"loc":{"start":{"line":97,"column":4},"end":{"line":103,"column":null}},"type":"if","locations":[{"start":{"line":97,"column":4},"end":{"line":103,"column":null}}]},"12":{"loc":{"start":{"line":123,"column":4},"end":{"line":129,"column":null}},"type":"if","locations":[{"start":{"line":123,"column":4},"end":{"line":129,"column":null}}]}},"s":{"0":0,"1":0,"2":0,"3":0,"4":0,"5":0,"6":0,"7":0,"8":0,"9":0,"10":0,"11":0,"12":0,"13":0,"14":0,"15":0,"16":0,"17":0,"18":0,"19":0,"20":0,"21":0,"22":0,"23":0,"24":0,"25":0,"26":0,"27":0,"28":0,"29":0,"30":0,"31":0,"32":0,"33":0,"34":0,"35":0,"36":0,"37":0,"38":0,"39":0,"40":0,"41":0,"42":0,"43":0,"44":0,"45":0,"46":0},"f":{"0":0,"1":0},"b":{"0":[0],"1":[0],"2":[0],"3":[0],"4":[0,0],"5":[0,0],"6":[0,0],"7":[0,0],"8":[0],"9":[0],"10":[0],"11":[0],"12":[0]}}
,"/Users/user/PM_Interview_Questions/app/api/interview/evaluate-system-design/route.ts": {"path":"/Users/user/PM_Interview_Questions/app/api/interview/evaluate-system-design/route.ts","statementMap":{"0":{"start":{"line":11,"column":22},"end":{"line":11,"column":27}},"1":{"start":{"line":1,"column":42},"end":{"line":1,"column":null}},"2":{"start":{"line":6,"column":7},"end":{"line":6,"column":null}},"3":{"start":{"line":7,"column":47},"end":{"line":7,"column":null}},"4":{"start":{"line":9,"column":23},"end":{"line":9,"column":49}},"5":{"start":{"line":12,"column":2},"end":{"line":17,"column":null}},"6":{"start":{"line":13,"column":4},"end":{"line":15,"column":null}},"7":{"start":{"line":19,"column":2},"end":{"line":143,"column":null}},"8":{"start":{"line":20,"column":17},"end":{"line":20,"column":null}},"9":{"start":{"line":21,"column":68},"end":{"line":21,"column":null}},"10":{"start":{"line":24,"column":4},"end":{"line":29,"column":null}},"11":{"start":{"line":25,"column":6},"end":{"line":27,"column":null}},"12":{"start":{"line":31,"column":4},"end":{"line":36,"column":null}},"13":{"start":{"line":32,"column":6},"end":{"line":34,"column":null}},"14":{"start":{"line":39,"column":4},"end":{"line":39,"column":null}},"15":{"start":{"line":40,"column":4},"end":{"line":40,"column":null}},"16":{"start":{"line":41,"column":4},"end":{"line":41,"column":null}},"17":{"start":{"line":42,"column":4},"end":{"line":42,"column":null}},"18":{"start":{"line":45,"column":31},"end":{"line":45,"column":null}},"19":{"start":{"line":46,"column":4},"end":{"line":48,"column":null}},"20":{"start":{"line":47,"column":6},"end":{"line":47,"column":null}},"21":{"start":{"line":50,"column":33},"end":{"line":50,"column":null}},"22":{"start":{"line":51,"column":4},"end":{"line":53,"column":null}},"23":{"start":{"line":52,"column":6},"end":{"line":52,"column":null}},"24":{"start":{"line":56,"column":19},"end":{"line":60,"column":null}},"25":{"start":{"line":64,"column":21},"end":{"line":86,"column":null}},"26":{"start":{"line":88,"column":4},"end":{"line":95,"column":null}},"27":{"start":{"line":89,"column":20},"end":{"line":89,"column":null}},"28":{"start":{"line":90,"column":6},"end":{"line":90,"column":null}},"29":{"start":{"line":91,"column":6},"end":{"line":93,"column":null}},"30":{"start":{"line":97,"column":17},"end":{"line":97,"column":null}},"31":{"start":{"line":98,"column":20},"end":{"line":98,"column":null}},"32":{"start":{"line":100,"column":4},"end":{"line":106,"column":null}},"33":{"start":{"line":101,"column":6},"end":{"line":101,"column":null}},"34":{"start":{"line":102,"column":6},"end":{"line":104,"column":null}},"35":{"start":{"line":110,"column":4},"end":{"line":122,"column":null}},"36":{"start":{"line":111,"column":27},"end":{"line":114,"column":null}},"37":{"start":{"line":115,"column":6},"end":{"line":115,"column":null}},"38":{"start":{"line":117,"column":6},"end":{"line":117,"column":null}},"39":{"start":{"line":118,"column":6},"end":{"line":120,"column":null}},"40":{"start":{"line":125,"column":4},"end":{"line":131,"column":null}},"41":{"start":{"line":126,"column":6},"end":{"line":126,"column":null}},"42":{"start":{"line":127,"column":6},"end":{"line":129,"column":null}},"43":{"start":{"line":133,"column":4},"end":{"line":136,"column":null}},"44":{"start":{"line":138,"column":4},"end":{"line":138,"column":null}},"45":{"start":{"line":139,"column":4},"end":{"line":141,"column":null}}},"fnMap":{"0":{"name":"POST","decl":{"start":{"line":11,"column":22},"end":{"line":11,"column":27}},"loc":{"start":{"line":11,"column":47},"end":{"line":144,"column":null}}}},"branchMap":{"0":{"loc":{"start":{"line":12,"column":2},"end":{"line":17,"column":null}},"type":"if","locations":[{"start":{"line":12,"column":2},"end":{"line":17,"column":null}}]},"1":{"loc":{"start":{"line":24,"column":4},"end":{"line":29,"column":null}},"type":"if","locations":[{"start":{"line":24,"column":4},"end":{"line":29,"column":null}}]},"2":{"loc":{"start":{"line":31,"column":4},"end":{"line":36,"column":null}},"type":"if","locations":[{"start":{"line":31,"column":4},"end":{"line":36,"column":null}}]},"3":{"loc":{"start":{"line":31,"column":8},"end":{"line":31,"column":54}},"type":"binary-expr","locations":[{"start":{"line":31,"column":8},"end":{"line":31,"column":23}},{"start":{"line":31,"column":23},"end":{"line":31,"column":54}}]},"4":{"loc":{"start":{"line":41,"column":25},"end":{"line":41,"column":null}},"type":"cond-expr","locations":[{"start":{"line":41,"column":46},"end":{"line":41,"column":83}},{"start":{"line":41,"column":83},"end":{"line":41,"column":null}}]},"5":{"loc":{"start":{"line":42,"column":18},"end":{"line":42,"column":null}},"type":"cond-expr","locations":[{"start":{"line":42,"column":52},"end":{"line":42,"column":82}},{"start":{"line":42,"column":82},"end":{"line":42,"column":null}}]},"6":{"loc":{"start":{"line":46,"column":4},"end":{"line":48,"column":null}},"type":"if","locations":[{"start":{"line":46,"column":4},"end":{"line":48,"column":null}}]},"7":{"loc":{"start":{"line":51,"column":4},"end":{"line":53,"column":null}},"type":"if","locations":[{"start":{"line":51,"column":4},"end":{"line":53,"column":null}}]},"8":{"loc":{"start":{"line":88,"column":4},"end":{"line":95,"column":null}},"type":"if","locations":[{"start":{"line":88,"column":4},"end":{"line":95,"column":null}}]},"9":{"loc":{"start":{"line":100,"column":4},"end":{"line":106,"column":null}},"type":"if","locations":[{"start":{"line":100,"column":4},"end":{"line":106,"column":null}}]},"10":{"loc":{"start":{"line":125,"column":4},"end":{"line":131,"column":null}},"type":"if","locations":[{"start":{"line":125,"column":4},"end":{"line":131,"column":null}}]}},"s":{"0":0,"1":0,"2":0,"3":0,"4":0,"5":0,"6":0,"7":0,"8":0,"9":0,"10":0,"11":0,"12":0,"13":0,"14":0,"15":0,"16":0,"17":0,"18":0,"19":0,"20":0,"21":0,"22":0,"23":0,"24":0,"25":0,"26":0,"27":0,"28":0,"29":0,"30":0,"31":0,"32":0,"33":0,"34":0,"35":0,"36":0,"37":0,"38":0,"39":0,"40":0,"41":0,"42":0,"43":0,"44":0,"45":0},"f":{"0":0},"b":{"0":[0],"1":[0],"2":[0],"3":[0,0],"4":[0,0],"5":[0,0],"6":[0],"7":[0],"8":[0],"9":[0],"10":[0]}}
,"/Users/user/PM_Interview_Questions/app/api/interview/followup/route.ts": {"path":"/Users/user/PM_Interview_Questions/app/api/interview/followup/route.ts","statementMap":{"0":{"start":{"line":12,"column":22},"end":{"line":12,"column":27}},"1":{"start":{"line":1,"column":42},"end":{"line":1,"column":null}},"2":{"start":{"line":2,"column":60},"end":{"line":2,"column":null}},"3":{"start":{"line":3,"column":47},"end":{"line":3,"column":null}},"4":{"start":{"line":5,"column":23},"end":{"line":5,"column":49}},"5":{"start":{"line":13,"column":2},"end":{"line":18,"column":null}},"6":{"start":{"line":14,"column":4},"end":{"line":16,"column":null}},"7":{"start":{"line":20,"column":2},"end":{"line":189,"column":null}},"8":{"start":{"line":21,"column":17},"end":{"line":21,"column":null}},"9":{"start":{"line":31,"column":8},"end":{"line":31,"column":null}},"10":{"start":{"line":34,"column":4},"end":{"line":39,"column":null}},"11":{"start":{"line":35,"column":6},"end":{"line":37,"column":null}},"12":{"start":{"line":42,"column":4},"end":{"line":45,"column":null}},"13":{"start":{"line":43,"column":6},"end":{"line":43,"column":null}},"14":{"start":{"line":44,"column":6},"end":{"line":44,"column":null}},"15":{"start":{"line":48,"column":31},"end":{"line":50,"column":null}},"16":{"start":{"line":52,"column":4},"end":{"line":57,"column":null}},"17":{"start":{"line":53,"column":6},"end":{"line":55,"column":null}},"18":{"start":{"line":60,"column":4},"end":{"line":60,"column":null}},"19":{"start":{"line":61,"column":4},"end":{"line":61,"column":null}},"20":{"start":{"line":62,"column":4},"end":{"line":62,"column":null}},"21":{"start":{"line":63,"column":4},"end":{"line":63,"column":null}},"22":{"start":{"line":66,"column":49},"end":{"line":66,"column":51}},"23":{"start":{"line":67,"column":4},"end":{"line":81,"column":null}},"24":{"start":{"line":68,"column":6},"end":{"line":80,"column":null}},"25":{"start":{"line":69,"column":8},"end":{"line":79,"column":null}},"26":{"start":{"line":75,"column":10},"end":{"line":78,"column":null}},"27":{"start":{"line":84,"column":30},"end":{"line":84,"column":null}},"28":{"start":{"line":85,"column":4},"end":{"line":87,"column":null}},"29":{"start":{"line":86,"column":6},"end":{"line":86,"column":null}},"30":{"start":{"line":89,"column":27},"end":{"line":89,"column":null}},"31":{"start":{"line":90,"column":4},"end":{"line":92,"column":null}},"32":{"start":{"line":91,"column":6},"end":{"line":91,"column":null}},"33":{"start":{"line":96,"column":4},"end":{"line":106,"column":null}},"34":{"start":{"line":98,"column":6},"end":{"line":105,"column":null}},"35":{"start":{"line":104,"column":8},"end":{"line":104,"column":null}},"36":{"start":{"line":109,"column":19},"end":{"line":114,"column":null}},"37":{"start":{"line":118,"column":21},"end":{"line":158,"column":null}},"38":{"start":{"line":160,"column":4},"end":{"line":167,"column":null}},"39":{"start":{"line":161,"column":24},"end":{"line":161,"column":null}},"40":{"start":{"line":162,"column":6},"end":{"line":162,"column":null}},"41":{"start":{"line":163,"column":6},"end":{"line":165,"column":null}},"42":{"start":{"line":169,"column":17},"end":{"line":169,"column":null}},"43":{"start":{"line":170,"column":29},"end":{"line":170,"column":null}},"44":{"start":{"line":172,"column":4},"end":{"line":177,"column":null}},"45":{"start":{"line":173,"column":6},"end":{"line":175,"column":null}},"46":{"start":{"line":179,"column":4},"end":{"line":182,"column":null}},"47":{"start":{"line":184,"column":4},"end":{"line":184,"column":null}},"48":{"start":{"line":185,"column":4},"end":{"line":187,"column":null}}},"fnMap":{"0":{"name":"POST","decl":{"start":{"line":12,"column":22},"end":{"line":12,"column":27}},"loc":{"start":{"line":12,"column":47},"end":{"line":190,"column":null}}}},"branchMap":{"0":{"loc":{"start":{"line":13,"column":2},"end":{"line":18,"column":null}},"type":"if","locations":[{"start":{"line":13,"column":2},"end":{"line":18,"column":null}}]},"1":{"loc":{"start":{"line":27,"column":6},"end":{"line":27,"column":25}},"type":"default-arg","locations":[{"start":{"line":27,"column":17},"end":{"line":27,"column":25}}]},"2":{"loc":{"start":{"line":28,"column":6},"end":{"line":28,"column":30}},"type":"default-arg","locations":[{"start":{"line":28,"column":28},"end":{"line":28,"column":30}}]},"3":{"loc":{"start":{"line":30,"column":6},"end":{"line":30,"column":25}},"type":"default-arg","locations":[{"start":{"line":30,"column":23},"end":{"line":30,"column":25}}]},"4":{"loc":{"start":{"line":34,"column":4},"end":{"line":39,"column":null}},"type":"if","locations":[{"start":{"line":34,"column":4},"end":{"line":39,"column":null}}]},"5":{"loc":{"start":{"line":34,"column":8},"end":{"line":34,"column":37}},"type":"binary-expr","locations":[{"start":{"line":34,"column":8},"end":{"line":34,"column":26}},{"start":{"line":34,"column":26},"end":{"line":34,"column":37}}]},"6":{"loc":{"start":{"line":42,"column":4},"end":{"line":45,"column":null}},"type":"if","locations":[{"start":{"line":42,"column":4},"end":{"line":45,"column":null}}]},"7":{"loc":{"start":{"line":42,"column":8},"end":{"line":42,"column":36}},"type":"binary-expr","locations":[{"start":{"line":42,"column":8},"end":{"line":42,"column":26}},{"start":{"line":42,"column":26},"end":{"line":42,"column":36}}]},"8":{"loc":{"start":{"line":48,"column":31},"end":{"line":50,"column":null}},"type":"cond-expr","locations":[{"start":{"line":49,"column":8},"end":{"line":49,"column":66}},{"start":{"line":50,"column":8},"end":{"line":50,"column":null}}]},"9":{"loc":{"start":{"line":52,"column":4},"end":{"line":57,"column":null}},"type":"if","locations":[{"start":{"line":52,"column":4},"end":{"line":57,"column":null}}]},"10":{"loc":{"start":{"line":60,"column":20},"end":{"line":60,"column":null}},"type":"cond-expr","locations":[{"start":{"line":60,"column":36},"end":{"line":60,"column":68}},{"start":{"line":60,"column":68},"end":{"line":60,"column":null}}]},"11":{"loc":{"start":{"line":61,"column":22},"end":{"line":61,"column":null}},"type":"cond-expr","locations":[{"start":{"line":61,"column":40},"end":{"line":61,"column":74}},{"start":{"line":61,"column":74},"end":{"line":61,"column":null}}]},"12":{"loc":{"start":{"line":63,"column":15},"end":{"line":63,"column":null}},"type":"cond-expr","locations":[{"start":{"line":63,"column":46},"end":{"line":63,"column":73}},{"start":{"line":63,"column":73},"end":{"line":63,"column":null}}]},"13":{"loc":{"start":{"line":67,"column":4},"end":{"line":81,"column":null}},"type":"if","locations":[{"start":{"line":67,"column":4},"end":{"line":81,"column":null}}]},"14":{"loc":{"start":{"line":69,"column":8},"end":{"line":79,"column":null}},"type":"if","locations":[{"start":{"line":69,"column":8},"end":{"line":79,"column":null}}]},"15":{"loc":{"start":{"line":70,"column":10},"end":{"line":73,"column":null}},"type":"binary-expr","locations":[{"start":{"line":70,"column":10},"end":{"line":70,"column":null}},{"start":{"line":71,"column":10},"end":{"line":71,"column":null}},{"start":{"line":72,"column":11},"end":{"line":72,"column":42}},{"start":{"line":72,"column":42},"end":{"line":72,"column":66}},{"start":{"line":73,"column":10},"end":{"line":73,"column":null}}]},"16":{"loc":{"start":{"line":85,"column":4},"end":{"line":87,"column":null}},"type":"if","locations":[{"start":{"line":85,"column":4},"end":{"line":87,"column":null}}]},"17":{"loc":{"start":{"line":90,"column":4},"end":{"line":92,"column":null}},"type":"if","locations":[{"start":{"line":90,"column":4},"end":{"line":92,"column":null}}]},"18":{"loc":{"start":{"line":96,"column":4},"end":{"line":106,"column":null}},"type":"if","locations":[{"start":{"line":96,"column":4},"end":{"line":106,"column":null}}]},"19":{"loc":{"start":{"line":96,"column":8},"end":{"line":96,"column":70}},"type":"binary-expr","locations":[{"start":{"line":96,"column":8},"end":{"line":96,"column":30}},{"start":{"line":96,"column":30},"end":{"line":96,"column":70}}]},"20":{"loc":{"start":{"line":98,"column":6},"end":{"line":105,"column":null}},"type":"if","locations":[{"start":{"line":98,"column":6},"end":{"line":105,"column":null}}]},"21":{"loc":{"start":{"line":99,"column":8},"end":{"line":102,"column":null}},"type":"binary-expr","locations":[{"start":{"line":99,"column":8},"end":{"line":99,"column":null}},{"start":{"line":100,"column":8},"end":{"line":100,"column":45}},{"start":{"line":101,"column":8},"end":{"line":101,"column":null}},{"start":{"line":102,"column":8},"end":{"line":102,"column":null}}]},"22":{"loc":{"start":{"line":160,"column":4},"end":{"line":167,"column":null}},"type":"if","locations":[{"start":{"line":160,"column":4},"end":{"line":167,"column":null}}]},"23":{"loc":{"start":{"line":172,"column":4},"end":{"line":177,"column":null}},"type":"if","locations":[{"start":{"line":172,"column":4},"end":{"line":177,"column":null}}]}},"s":{"0":0,"1":0,"2":0,"3":0,"4":0,"5":0,"6":0,"7":0,"8":0,"9":0,"10":0,"11":0,"12":0,"13":0,"14":0,"15":0,"16":0,"17":0,"18":0,"19":0,"20":0,"21":0,"22":0,"23":0,"24":0,"25":0,"26":0,"27":0,"28":0,"29":0,"30":0,"31":0,"32":0,"33":0,"34":0,"35":0,"36":0,"37":0,"38":0,"39":0,"40":0,"41":0,"42":0,"43":0,"44":0,"45":0,"46":0,"47":0,"48":0},"f":{"0":0},"b":{"0":[0],"1":[0],"2":[0],"3":[0],"4":[0],"5":[0,0],"6":[0],"7":[0,0],"8":[0,0],"9":[0],"10":[0,0],"11":[0,0],"12":[0,0],"13":[0],"14":[0],"15":[0,0,0,0,0],"16":[0],"17":[0],"18":[0],"19":[0,0],"20":[0],"21":[0,0,0,0],"22":[0],"23":[0]}}
,"/Users/user/PM_Interview_Questions/app/api/interview/speak/route.ts": {"path":"/Users/user/PM_Interview_Questions/app/api/interview/speak/route.ts","statementMap":{"0":{"start":{"line":121,"column":22},"end":{"line":121,"column":27}},"1":{"start":{"line":1,"column":42},"end":{"line":1,"column":null}},"2":{"start":{"line":2,"column":47},"end":{"line":2,"column":null}},"3":{"start":{"line":4,"column":23},"end":{"line":4,"column":49}},"4":{"start":{"line":7,"column":32},"end":{"line":7,"column":null}},"5":{"start":{"line":10,"column":18},"end":{"line":19,"column":null}},"6":{"start":{"line":22,"column":20},"end":{"line":28,"column":null}},"7":{"start":{"line":31,"column":23},"end":{"line":37,"column":null}},"8":{"start":{"line":40,"column":22},"end":{"line":45,"column":null}},"9":{"start":{"line":51,"column":19},"end":{"line":85,"column":null}},"10":{"start":{"line":87,"column":2},"end":{"line":90,"column":null}},"11":{"start":{"line":89,"column":4},"end":{"line":89,"column":null}},"12":{"start":{"line":92,"column":15},"end":{"line":92,"column":null}},"13":{"start":{"line":93,"column":2},"end":{"line":93,"column":null}},"14":{"start":{"line":97,"column":19},"end":{"line":97,"column":74}},"15":{"start":{"line":98,"column":21},"end":{"line":98,"column":80}},"16":{"start":{"line":99,"column":19},"end":{"line":99,"column":null}},"17":{"start":{"line":100,"column":18},"end":{"line":100,"column":71}},"18":{"start":{"line":103,"column":24},"end":{"line":103,"column":null}},"19":{"start":{"line":104,"column":2},"end":{"line":115,"column":null}},"20":{"start":{"line":105,"column":16},"end":{"line":105,"column":null}},"21":{"start":{"line":106,"column":4},"end":{"line":114,"column":null}},"22":{"start":{"line":107,"column":6},"end":{"line":107,"column":null}},"23":{"start":{"line":108,"column":11},"end":{"line":114,"column":null}},"24":{"start":{"line":109,"column":6},"end":{"line":109,"column":null}},"25":{"start":{"line":110,"column":11},"end":{"line":114,"column":null}},"26":{"start":{"line":111,"column":6},"end":{"line":111,"column":null}},"27":{"start":{"line":112,"column":11},"end":{"line":114,"column":null}},"28":{"start":{"line":113,"column":6},"end":{"line":113,"column":null}},"29":{"start":{"line":118,"column":2},"end":{"line":118,"column":null}},"30":{"start":{"line":122,"column":2},"end":{"line":127,"column":null}},"31":{"start":{"line":123,"column":4},"end":{"line":125,"column":null}},"32":{"start":{"line":129,"column":2},"end":{"line":223,"column":null}},"33":{"start":{"line":130,"column":17},"end":{"line":130,"column":null}},"34":{"start":{"line":137,"column":8},"end":{"line":137,"column":null}},"35":{"start":{"line":140,"column":4},"end":{"line":145,"column":null}},"36":{"start":{"line":141,"column":6},"end":{"line":143,"column":null}},"37":{"start":{"line":148,"column":4},"end":{"line":151,"column":null}},"38":{"start":{"line":149,"column":6},"end":{"line":149,"column":null}},"39":{"start":{"line":150,"column":6},"end":{"line":150,"column":null}},"40":{"start":{"line":154,"column":4},"end":{"line":154,"column":null}},"41":{"start":{"line":155,"column":4},"end":{"line":155,"column":null}},"42":{"start":{"line":156,"column":4},"end":{"line":156,"column":null}},"43":{"start":{"line":159,"column":30},"end":{"line":159,"column":null}},"44":{"start":{"line":160,"column":4},"end":{"line":162,"column":null}},"45":{"start":{"line":161,"column":6},"end":{"line":161,"column":null}},"46":{"start":{"line":165,"column":27},"end":{"line":165,"column":null}},"47":{"start":{"line":167,"column":25},"end":{"line":167,"column":null}},"48":{"start":{"line":169,"column":4},"end":{"line":178,"column":null}},"49":{"start":{"line":171,"column":26},"end":{"line":173,"column":null}},"50":{"start":{"line":174,"column":6},"end":{"line":174,"column":null}},"51":{"start":{"line":175,"column":11},"end":{"line":178,"column":null}},"52":{"start":{"line":177,"column":6},"end":{"line":177,"column":null}},"53":{"start":{"line":181,"column":23},"end":{"line":181,"column":null}},"54":{"start":{"line":184,"column":21},"end":{"line":197,"column":null}},"55":{"start":{"line":199,"column":4},"end":{"line":206,"column":null}},"56":{"start":{"line":200,"column":24},"end":{"line":200,"column":null}},"57":{"start":{"line":201,"column":6},"end":{"line":201,"column":null}},"58":{"start":{"line":202,"column":6},"end":{"line":204,"column":null}},"59":{"start":{"line":209,"column":24},"end":{"line":209,"column":null}},"60":{"start":{"line":211,"column":4},"end":{"line":216,"column":null}},"61":{"start":{"line":218,"column":4},"end":{"line":218,"column":null}},"62":{"start":{"line":219,"column":4},"end":{"line":221,"column":null}}},"fnMap":{"0":{"name":"summarizeQuestion","decl":{"start":{"line":50,"column":15},"end":{"line":50,"column":33}},"loc":{"start":{"line":50,"column":68},"end":{"line":94,"column":null}}},"1":{"name":"buildInterviewPrompt","decl":{"start":{"line":96,"column":9},"end":{"line":96,"column":30}},"loc":{"start":{"line":96,"column":82},"end":{"line":119,"column":null}}},"2":{"name":"POST","decl":{"start":{"line":121,"column":22},"end":{"line":121,"column":27}},"loc":{"start":{"line":121,"column":47},"end":{"line":224,"column":null}}}},"branchMap":{"0":{"loc":{"start":{"line":79,"column":37},"end":{"line":79,"column":68}},"type":"cond-expr","locations":[{"start":{"line":79,"column":48},"end":{"line":79,"column":65}},{"start":{"line":79,"column":65},"end":{"line":79,"column":68}}]},"1":{"loc":{"start":{"line":87,"column":2},"end":{"line":90,"column":null}},"type":"if","locations":[{"start":{"line":87,"column":2},"end":{"line":90,"column":null}}]},"2":{"loc":{"start":{"line":89,"column":37},"end":{"line":89,"column":70}},"type":"cond-expr","locations":[{"start":{"line":89,"column":61},"end":{"line":89,"column":69}},{"start":{"line":89,"column":69},"end":{"line":89,"column":70}}]},"3":{"loc":{"start":{"line":93,"column":9},"end":{"line":93,"column":null}},"type":"binary-expr","locations":[{"start":{"line":93,"column":9},"end":{"line":93,"column":46}},{"start":{"line":93,"column":46},"end":{"line":93,"column":null}}]},"4":{"loc":{"start":{"line":99,"column":19},"end":{"line":99,"column":null}},"type":"cond-expr","locations":[{"start":{"line":99,"column":28},"end":{"line":99,"column":44}},{"start":{"line":99,"column":44},"end":{"line":99,"column":null}}]},"5":{"loc":{"start":{"line":104,"column":2},"end":{"line":115,"column":null}},"type":"if","locations":[{"start":{"line":104,"column":2},"end":{"line":115,"column":null}}]},"6":{"loc":{"start":{"line":106,"column":4},"end":{"line":114,"column":null}},"type":"if","locations":[{"start":{"line":106,"column":4},"end":{"line":114,"column":null}},{"start":{"line":108,"column":11},"end":{"line":114,"column":null}}]},"7":{"loc":{"start":{"line":106,"column":8},"end":{"line":106,"column":57}},"type":"binary-expr","locations":[{"start":{"line":106,"column":8},"end":{"line":106,"column":33}},{"start":{"line":106,"column":33},"end":{"line":106,"column":57}}]},"8":{"loc":{"start":{"line":108,"column":11},"end":{"line":114,"column":null}},"type":"if","locations":[{"start":{"line":108,"column":11},"end":{"line":114,"column":null}},{"start":{"line":110,"column":11},"end":{"line":114,"column":null}}]},"9":{"loc":{"start":{"line":108,"column":15},"end":{"line":108,"column":62}},"type":"binary-expr","locations":[{"start":{"line":108,"column":15},"end":{"line":108,"column":42}},{"start":{"line":108,"column":42},"end":{"line":108,"column":62}}]},"10":{"loc":{"start":{"line":110,"column":11},"end":{"line":114,"column":null}},"type":"if","locations":[{"start":{"line":110,"column":11},"end":{"line":114,"column":null}},{"start":{"line":112,"column":11},"end":{"line":114,"column":null}}]},"11":{"loc":{"start":{"line":110,"column":15},"end":{"line":110,"column":62}},"type":"binary-expr","locations":[{"start":{"line":110,"column":15},"end":{"line":110,"column":39}},{"start":{"line":110,"column":39},"end":{"line":110,"column":62}}]},"12":{"loc":{"start":{"line":112,"column":11},"end":{"line":114,"column":null}},"type":"if","locations":[{"start":{"line":112,"column":11},"end":{"line":114,"column":null}}]},"13":{"loc":{"start":{"line":122,"column":2},"end":{"line":127,"column":null}},"type":"if","locations":[{"start":{"line":122,"column":2},"end":{"line":127,"column":null}}]},"14":{"loc":{"start":{"line":140,"column":4},"end":{"line":145,"column":null}},"type":"if","locations":[{"start":{"line":140,"column":4},"end":{"line":145,"column":null}}]},"15":{"loc":{"start":{"line":140,"column":8},"end":{"line":140,"column":37}},"type":"binary-expr","locations":[{"start":{"line":140,"column":8},"end":{"line":140,"column":26}},{"start":{"line":140,"column":26},"end":{"line":140,"column":37}}]},"16":{"loc":{"start":{"line":148,"column":4},"end":{"line":151,"column":null}},"type":"if","locations":[{"start":{"line":148,"column":4},"end":{"line":151,"column":null}}]},"17":{"loc":{"start":{"line":148,"column":8},"end":{"line":148,"column":36}},"type":"binary-expr","locations":[{"start":{"line":148,"column":8},"end":{"line":148,"column":26}},{"start":{"line":148,"column":26},"end":{"line":148,"column":36}}]},"18":{"loc":{"start":{"line":154,"column":20},"end":{"line":154,"column":null}},"type":"cond-expr","locations":[{"start":{"line":154,"column":36},"end":{"line":154,"column":68}},{"start":{"line":154,"column":68},"end":{"line":154,"column":null}}]},"19":{"loc":{"start":{"line":155,"column":22},"end":{"line":155,"column":null}},"type":"cond-expr","locations":[{"start":{"line":155,"column":40},"end":{"line":155,"column":74}},{"start":{"line":155,"column":74},"end":{"line":155,"column":null}}]},"20":{"loc":{"start":{"line":156,"column":15},"end":{"line":156,"column":null}},"type":"cond-expr","locations":[{"start":{"line":156,"column":46},"end":{"line":156,"column":73}},{"start":{"line":156,"column":73},"end":{"line":156,"column":null}}]},"21":{"loc":{"start":{"line":160,"column":4},"end":{"line":162,"column":null}},"type":"if","locations":[{"start":{"line":160,"column":4},"end":{"line":162,"column":null}}]},"22":{"loc":{"start":{"line":165,"column":27},"end":{"line":165,"column":null}},"type":"binary-expr","locations":[{"start":{"line":165,"column":27},"end":{"line":165,"column":79}},{"start":{"line":165,"column":79},"end":{"line":165,"column":null}}]},"23":{"loc":{"start":{"line":169,"column":4},"end":{"line":178,"column":null}},"type":"if","locations":[{"start":{"line":169,"column":4},"end":{"line":178,"column":null}},{"start":{"line":175,"column":11},"end":{"line":178,"column":null}}]},"24":{"loc":{"start":{"line":171,"column":26},"end":{"line":173,"column":null}},"type":"cond-expr","locations":[{"start":{"line":172,"column":10},"end":{"line":172,"column":73}},{"start":{"line":173,"column":10},"end":{"line":173,"column":null}}]},"25":{"loc":{"start":{"line":175,"column":11},"end":{"line":178,"column":null}},"type":"if","locations":[{"start":{"line":175,"column":11},"end":{"line":178,"column":null}}]},"26":{"loc":{"start":{"line":199,"column":4},"end":{"line":206,"column":null}},"type":"if","locations":[{"start":{"line":199,"column":4},"end":{"line":206,"column":null}}]}},"s":{"0":0,"1":0,"2":0,"3":0,"4":0,"5":0,"6":0,"7":0,"8":0,"9":0,"10":0,"11":0,"12":0,"13":0,"14":0,"15":0,"16":0,"17":0,"18":0,"19":0,"20":0,"21":0,"22":0,"23":0,"24":0,"25":0,"26":0,"27":0,"28":0,"29":0,"30":0,"31":0,"32":0,"33":0,"34":0,"35":0,"36":0,"37":0,"38":0,"39":0,"40":0,"41":0,"42":0,"43":0,"44":0,"45":0,"46":0,"47":0,"48":0,"49":0,"50":0,"51":0,"52":0,"53":0,"54":0,"55":0,"56":0,"57":0,"58":0,"59":0,"60":0,"61":0,"62":0},"f":{"0":0,"1":0,"2":0},"b":{"0":[0,0],"1":[0],"2":[0,0],"3":[0,0],"4":[0,0],"5":[0],"6":[0,0],"7":[0,0],"8":[0,0],"9":[0,0],"10":[0,0],"11":[0,0],"12":[0],"13":[0],"14":[0],"15":[0,0],"16":[0],"17":[0,0],"18":[0,0],"19":[0,0],"20":[0,0],"21":[0],"22":[0,0],"23":[0,0],"24":[0,0],"25":[0],"26":[0]}}
,"/Users/user/PM_Interview_Questions/app/api/interview/transcribe/route.ts": {"path":"/Users/user/PM_Interview_Questions/app/api/interview/transcribe/route.ts","statementMap":{"0":{"start":{"line":16,"column":22},"end":{"line":16,"column":27}},"1":{"start":{"line":1,"column":42},"end":{"line":1,"column":null}},"2":{"start":{"line":4,"column":23},"end":{"line":4,"column":49}},"3":{"start":{"line":7,"column":28},"end":{"line":14,"column":null}},"4":{"start":{"line":17,"column":2},"end":{"line":22,"column":null}},"5":{"start":{"line":18,"column":4},"end":{"line":20,"column":null}},"6":{"start":{"line":24,"column":2},"end":{"line":98,"column":null}},"7":{"start":{"line":25,"column":21},"end":{"line":25,"column":null}},"8":{"start":{"line":26,"column":22},"end":{"line":26,"column":null}},"9":{"start":{"line":28,"column":4},"end":{"line":33,"column":null}},"10":{"start":{"line":29,"column":6},"end":{"line":31,"column":null}},"11":{"start":{"line":36,"column":21},"end":{"line":36,"column":49}},"12":{"start":{"line":37,"column":4},"end":{"line":42,"column":null}},"13":{"start":{"line":37,"column":39},"end":{"line":37,"column":64}},"14":{"start":{"line":38,"column":6},"end":{"line":40,"column":null}},"15":{"start":{"line":45,"column":4},"end":{"line":50,"column":null}},"16":{"start":{"line":46,"column":6},"end":{"line":48,"column":null}},"17":{"start":{"line":53,"column":4},"end":{"line":58,"column":null}},"18":{"start":{"line":54,"column":6},"end":{"line":56,"column":null}},"19":{"start":{"line":61,"column":28},"end":{"line":61,"column":null}},"20":{"start":{"line":62,"column":4},"end":{"line":62,"column":null}},"21":{"start":{"line":63,"column":4},"end":{"line":63,"column":null}},"22":{"start":{"line":64,"column":4},"end":{"line":64,"column":null}},"23":{"start":{"line":67,"column":21},"end":{"line":75,"column":null}},"24":{"start":{"line":78,"column":4},"end":{"line":85,"column":null}},"25":{"start":{"line":79,"column":24},"end":{"line":79,"column":null}},"26":{"start":{"line":80,"column":6},"end":{"line":80,"column":null}},"27":{"start":{"line":81,"column":6},"end":{"line":83,"column":null}},"28":{"start":{"line":87,"column":17},"end":{"line":87,"column":null}},"29":{"start":{"line":89,"column":4},"end":{"line":91,"column":null}},"30":{"start":{"line":93,"column":4},"end":{"line":93,"column":null}},"31":{"start":{"line":94,"column":4},"end":{"line":96,"column":null}}},"fnMap":{"0":{"name":"POST","decl":{"start":{"line":16,"column":22},"end":{"line":16,"column":27}},"loc":{"start":{"line":16,"column":47},"end":{"line":99,"column":null}}},"1":{"name":"(anonymous_2)","decl":{"start":{"line":37,"column":34},"end":{"line":37,"column":39}},"loc":{"start":{"line":37,"column":39},"end":{"line":37,"column":64}}}},"branchMap":{"0":{"loc":{"start":{"line":17,"column":2},"end":{"line":22,"column":null}},"type":"if","locations":[{"start":{"line":17,"column":2},"end":{"line":22,"column":null}}]},"1":{"loc":{"start":{"line":28,"column":4},"end":{"line":33,"column":null}},"type":"if","locations":[{"start":{"line":28,"column":4},"end":{"line":33,"column":null}}]},"2":{"loc":{"start":{"line":37,"column":4},"end":{"line":42,"column":null}},"type":"if","locations":[{"start":{"line":37,"column":4},"end":{"line":42,"column":null}}]},"3":{"loc":{"start":{"line":45,"column":4},"end":{"line":50,"column":null}},"type":"if","locations":[{"start":{"line":45,"column":4},"end":{"line":50,"column":null}}]},"4":{"loc":{"start":{"line":53,"column":4},"end":{"line":58,"column":null}},"type":"if","locations":[{"start":{"line":53,"column":4},"end":{"line":58,"column":null}}]},"5":{"loc":{"start":{"line":78,"column":4},"end":{"line":85,"column":null}},"type":"if","locations":[{"start":{"line":78,"column":4},"end":{"line":85,"column":null}}]}},"s":{"0":0,"1":0,"2":0,"3":0,"4":0,"5":0,"6":0,"7":0,"8":0,"9":0,"10":0,"11":0,"12":0,"13":0,"14":0,"15":0,"16":0,"17":0,"18":0,"19":0,"20":0,"21":0,"22":0,"23":0,"24":0,"25":0,"26":0,"27":0,"28":0,"29":0,"30":0,"31":0},"f":{"0":0,"1":0},"b":{"0":[0],"1":[0],"2":[0],"3":[0],"4":[0],"5":[0]}}
,"/Users/user/PM_Interview_Questions/app/api/webhook/stripe/route.ts": {"path":"/Users/user/PM_Interview_Questions/app/api/webhook/stripe/route.ts","statementMap":{"0":{"start":{"line":20,"column":22},"end":{"line":20,"column":27}},"1":{"start":{"line":1,"column":42},"end":{"line":1,"column":null}},"2":{"start":{"line":2,"column":19},"end":{"line":2,"column":null}},"3":{"start":{"line":3,"column":45},"end":{"line":3,"column":null}},"4":{"start":{"line":6,"column":2},"end":{"line":6,"column":null}},"5":{"start":{"line":6,"column":38},"end":{"line":6,"column":null}},"6":{"start":{"line":7,"column":2},"end":{"line":7,"column":null}},"7":{"start":{"line":11,"column":2},"end":{"line":13,"column":null}},"8":{"start":{"line":12,"column":4},"end":{"line":12,"column":null}},"9":{"start":{"line":14,"column":2},"end":{"line":16,"column":null}},"10":{"start":{"line":21,"column":17},"end":{"line":21,"column":null}},"11":{"start":{"line":22,"column":24},"end":{"line":22,"column":null}},"12":{"start":{"line":24,"column":2},"end":{"line":26,"column":null}},"13":{"start":{"line":25,"column":4},"end":{"line":25,"column":null}},"14":{"start":{"line":28,"column":15},"end":{"line":28,"column":null}},"15":{"start":{"line":29,"column":20},"end":{"line":29,"column":null}},"16":{"start":{"line":31,"column":2},"end":{"line":33,"column":null}},"17":{"start":{"line":32,"column":4},"end":{"line":32,"column":null}},"18":{"start":{"line":37,"column":2},"end":{"line":46,"column":null}},"19":{"start":{"line":38,"column":4},"end":{"line":41,"column":null}},"20":{"start":{"line":44,"column":4},"end":{"line":44,"column":null}},"21":{"start":{"line":45,"column":4},"end":{"line":45,"column":null}},"22":{"start":{"line":48,"column":2},"end":{"line":82,"column":null}},"23":{"start":{"line":49,"column":20},"end":{"line":49,"column":37}},"24":{"start":{"line":50,"column":26},"end":{"line":50,"column":48}},"25":{"start":{"line":52,"column":4},"end":{"line":81,"column":null}},"26":{"start":{"line":53,"column":6},"end":{"line":80,"column":null}},"27":{"start":{"line":55,"column":32},"end":{"line":55,"column":null}},"28":{"start":{"line":56,"column":21},"end":{"line":56,"column":null}},"29":{"start":{"line":56,"column":47},"end":{"line":56,"column":null}},"30":{"start":{"line":58,"column":8},"end":{"line":77,"column":null}},"31":{"start":{"line":60,"column":10},"end":{"line":67,"column":null}},"32":{"start":{"line":68,"column":10},"end":{"line":68,"column":null}},"33":{"start":{"line":71,"column":10},"end":{"line":75,"column":null}},"34":{"start":{"line":76,"column":10},"end":{"line":76,"column":null}},"35":{"start":{"line":79,"column":8},"end":{"line":79,"column":null}},"36":{"start":{"line":84,"column":2},"end":{"line":84,"column":null}}},"fnMap":{"0":{"name":"getStripe","decl":{"start":{"line":5,"column":9},"end":{"line":5,"column":null}},"loc":{"start":{"line":5,"column":9},"end":{"line":8,"column":null}}},"1":{"name":"getSupabaseAdmin","decl":{"start":{"line":10,"column":9},"end":{"line":10,"column":null}},"loc":{"start":{"line":10,"column":9},"end":{"line":18,"column":null}}},"2":{"name":"POST","decl":{"start":{"line":20,"column":22},"end":{"line":20,"column":27}},"loc":{"start":{"line":20,"column":43},"
[...]
},"end":{"line":340,"column":null}},"166":{"start":{"line":341,"column":6},"end":{"line":341,"column":null}},"167":{"start":{"line":343,"column":23},"end":{"line":343,"column":null}},"168":{"start":{"line":344,"column":6},"end":{"line":347,"column":null}},"169":{"start":{"line":345,"column":8},"end":{"line":345,"column":null}},"170":{"start":{"line":346,"column":8},"end":{"line":346,"column":null}},"171":{"start":{"line":349,"column":6},"end":{"line":353,"column":null}},"172":{"start":{"line":350,"column":21},"end":{"line":350,"column":null}},"173":{"start":{"line":351,"column":8},"end":{"line":351,"column":null}},"174":{"start":{"line":352,"column":8},"end":{"line":352,"column":null}},"175":{"start":{"line":354,"column":6},"end":{"line":358,"column":null}},"176":{"start":{"line":355,"column":21},"end":{"line":355,"column":null}},"177":{"start":{"line":356,"column":8},"end":{"line":356,"column":null}},"178":{"start":{"line":357,"column":8},"end":{"line":357,"column":null}},"179":{"start":{"line":359,"column":6},"end":{"line":363,"column":null}},"180":{"start":{"line":360,"column":21},"end":{"line":360,"column":null}},"181":{"start":{"line":361,"column":8},"end":{"line":361,"column":null}},"182":{"start":{"line":362,"column":8},"end":{"line":362,"column":null}},"183":{"start":{"line":366,"column":6},"end":{"line":368,"column":null}},"184":{"start":{"line":367,"column":8},"end":{"line":367,"column":null}},"185":{"start":{"line":367,"column":28},"end":{"line":367,"column":null}},"186":{"start":{"line":369,"column":6},"end":{"line":369,"column":null}},"187":{"start":{"line":370,"column":6},"end":{"line":370,"column":null}},"188":{"start":{"line":370,"column":49},"end":{"line":370,"column":null}},"189":{"start":{"line":371,"column":6},"end":{"line":371,"column":null}},"190":{"start":{"line":372,"column":6},"end":{"line":372,"column":null}},"191":{"start":{"line":374,"column":6},"end":{"line":374,"column":null}},"192":{"start":{"line":374,"column":57},"end":{"line":374,"column":null}},"193":{"start":{"line":375,"column":6},"end":{"line":375,"column":null}},"194":{"start":{"line":377,"column":6},"end":{"line":377,"column":null}},"195":{"start":{"line":378,"column":6},"end":{"line":378,"column":null}},"196":{"start":{"line":379,"column":6},"end":{"line":379,"column":null}},"197":{"start":{"line":384,"column":2},"end":{"line":387,"column":null}},"198":{"start":{"line":385,"column":21},"end":{"line":385,"column":70}},"199":{"start":{"line":386,"column":4},"end":{"line":386,"column":null}},"200":{"start":{"line":386,"column":17},"end":{"line":386,"column":null}},"201":{"start":{"line":390,"column":2},"end":{"line":395,"column":null}},"202":{"start":{"line":391,"column":4},"end":{"line":394,"column":null}},"203":{"start":{"line":392,"column":6},"end":{"line":392,"column":null}},"204":{"start":{"line":392,"column":57},"end":{"line":392,"column":null}},"205":{"start":{"line":393,"column":6},"end":{"line":393,"column":null}},"206":{"start":{"line":397,"column":2},"end":{"line":407,"column":null}}},"fnMap":{"0":{"name":"useTTSPreloader","decl":{"start":{"line":33,"column":16},"end":{"line":33,"column":null}},"loc":{"start":{"line":33,"column":16},"end":{"line":408,"column":null}}},"1":{"name":"(anonymous_2)","decl":{"start":{"line":47,"column":42},"end":{"line":47,"column":null}},"loc":{"start":{"line":47,"column":42},"end":{"line":64,"column":5}}},"2":{"name":"(anonymous_3)","decl":{"start":{"line":51,"column":29},"end":{"line":51,"column":30}},"loc":{"start":{"line":51,"column":37},"end":{"line":55,"column":null}}},"3":{"name":"(anonymous_4)","decl":{"start":{"line":57,"column":20},"end":{"line":57,"column":null}},"loc":{"start":{"line":57,"column":20},"end":{"line":63,"column":null}}},"4":{"name":"(anonymous_5)","decl":{"start":{"line":67,"column":42},"end":{"line":67,"column":null}},"loc":{"start":{"line":67,"column":42},"end":{"line":88,"column":5}}},"5":{"name":"(anonymous_6)","decl":{"start":{"line":73,"column":31},"end":{"line":73,"column":32}},"loc":{"start":{"line":73,"column":39},"end":{"line":78,"column":null}}},"6":{"name":"(anonymous_7)","decl":{"start":{"line":91,"column":35},"end":{"line":91,"column":null}},"loc":{"start":{"line":91,"column":35},"end":{"line":118,"column":5}}},"7":{"name":"(anonymous_8)","decl":{"start":{"line":99,"column":26},"end":{"line":99,"column":27}},"loc":{"start":{"line":99,"column":36},"end":{"line":99,"column":59}}},"8":{"name":"(anonymous_9)","decl":{"start":{"line":121,"column":34},"end":{"line":121,"column":35}},"loc":{"start":{"line":121,"column":35},"end":{"line":149,"column":null}}},"9":{"name":"(anonymous_10)","decl":{"start":{"line":129,"column":23},"end":{"line":129,"column":31}},"loc":{"start":{"line":129,"column":31},"end":{"line":129,"column":null}}},"10":{"name":"(anonymous_11)","decl":{"start":{"line":133,"column":33},"end":{"line":133,"column":null}},"loc":{"start":{"line":133,"column":33},"end":{"line":146,"column":7}}},"11":{"name":"(anonymous_12)","decl":{"start":{"line":139,"column":25},"end":{"line":139,"column":33}},"loc":{"start":{"line":139,"column":33},"end":{"line":139,"column":null}}},"12":{"name":"(anonymous_13)","decl":{"start":{"line":152,"column":27},"end":{"line":152,"column":28}},"loc":{"start":{"line":152,"column":28},"end":{"line":171,"column":null}}},"13":{"name":"(anonymous_14)","decl":{"start":{"line":161,"column":23},"end":{"line":161,"column":31}},"loc":{"start":{"line":161,"column":31},"end":{"line":161,"column":null}}},"14":{"name":"(anonymous_15)","decl":{"start":{"line":164,"column":15},"end":{"line":164,"column":null}},"loc":{"start":{"line":164,"column":15},"end":{"line":170,"column":7}}},"15":{"name":"(anonymous_16)","decl":{"start":{"line":165,"column":25},"end":{"line":165,"column":null}},"loc":{"start":{"line":165,"column":25},"end":{"line":169,"column":null}}},"16":{"name":"(anonymous_17)","decl":{"start":{"line":174,"column":26},"end":{"line":174,"column":33}},"loc":{"start":{"line":174,"column":76},"end":{"line":243,"column":null}}},"17":{"name":"(anonymous_18)","decl":{"start":{"line":183,"column":18},"end":{"line":183,"column":26}},"loc":{"start":{"line":183,"column":26},"end":{"line":183,"column":null}}},"18":{"name":"(anonymous_19)","decl":{"start":{"line":218,"column":22},"end":{"line":218,"column":30}},"loc":{"start":{"line":218,"column":30},"end":{"line":218,"column":null}}},"19":{"name":"(anonymous_20)","decl":{"start":{"line":227,"column":25},"end":{"line":227,"column":null}},"loc":{"start":{"line":227,"column":25},"end":{"line":231,"column":null}}},"20":{"name":"(anonymous_21)","decl":{"start":{"line":235,"column":20},"end":{"line":235,"column":null}},"loc":{"start":{"line":235,"column":20},"end":{"line":239,"column":null}}},"21":{"name":"(anonymous_22)","decl":{"start":{"line":246,"column":30},"end":{"line":246,"column":31}},"loc":{"start":{"line":246,"column":103},"end":{"line":265,"column":5}}},"22":{"name":"(anonymous_23)","decl":{"start":{"line":253,"column":53},"end":{"line":253,"column":61}},"loc":{"start":{"line":253,"column":61},"end":{"line":253,"column":null}}},"23":{"name":"(anonymous_24)","decl":{"start":{"line":268,"column":39},"end":{"line":268,"column":46}},"loc":{"start":{"line":268,"column":81},"end":{"line":277,"column":5}}},"24":{"name":"(anonymous_25)","decl":{"start":{"line":280,"column":35},"end":{"line":280,"column":36}},"loc":{"start":{"line":280,"column":121},"end":{"line":286,"column":5}}},"25":{"name":"(anonymous_26)","decl":{"start":{"line":281,"column":22},"end":{"line":281,"column":23}},"loc":{"start":{"line":281,"column":26},"end":{"line":285,"column":null}}},"26":{"name":"(anonymous_27)","decl":{"start":{"line":289,"column":38},"end":{"line":289,"column":null}},"loc":{"start":{"line":291,"column":4},"end":{"line":307,"column":5}}},"27":{"name":"(anonymous_28)","decl":{"start":{"line":309,"column":40},"end":{"line":309,"column":41}},"loc":{"start":{"line":309,"column":41},"end":{"line":316,"column":5}}},"28":{"name":"(anonymous_29)","decl":{"start":{"line":318,"column":34},"end":{"line":318,"column":35}},"loc":{"start":{"line":318,"column":35},"end":{"line":321,"column":5}}},"29":{"name":"(anonymous_30)","decl":{"start":{"line":323,"column":32},"end":{"line":323,"column":33}},"loc":{"start":{"line":323,"column":33},"end":{"line":326,"column":5}}},"30":{"name":"(anonymous_31)","decl":{"start":{"line":329,"column":34},"end":{"line":329,"column":35}},"loc":{"start":{"line":329,"column":35},"end":{"line":331,"column":5}}},"31":{"name":"(anonymous_32)","decl":{"start":{"line":333,"column":33},"end":{"line":333,"column":34}},"loc":{"start":{"line":333,"column":34},"end":{"line":381,"column":5}}},"32":{"name":"(anonymous_33)","decl":{"start":{"line":349,"column":22},"end":{"line":349,"column":null}},"loc":{"start":{"line":349,"column":22},"end":{"line":353,"column":null}}},"33":{"name":"(anonymous_34)","decl":{"start":{"line":354,"column":20},"end":{"line":354,"column":null}},"loc":{"start":{"line":354,"column":20},"end":{"line":358,"column":null}}},"34":{"name":"(anonymous_35)","decl":{"start":{"line":359,"column":25},"end":{"line":359,"column":null}},"loc":{"start":{"line":359,"column":25},"end":{"line":363,"column":null}}},"35":{"name":"(anonymous_36)","decl":{"start":{"line":366,"column":31},"end":{"line":366,"column":32}},"loc":{"start":{"line":366,"column":32},"end":{"line":368,"column":null}}},"36":{"name":"(anonymous_37)","decl":{"start":{"line":370,"column":33},"end":{"line":370,"column":34}},"loc":{"start":{"line":370,"column":49},"end":{"line":370,"column":null}}},"37":{"name":"(anonymous_38)","decl":{"start":{"line":374,"column":43},"end":{"line":374,"column":44}},"loc":{"start":{"line":374,"column":57},"end":{"line":374,"column":null}}},"38":{"name":"(anonymous_39)","decl":{"start":{"line":384,"column":12},"end":{"line":384,"column":null}},"loc":{"start":{"line":384,"column":12},"end":{"line":387,"column":5}}},"39":{"name":"(anonymous_40)","decl":{"start":{"line":386,"column":11},"end":{"line":386,"column":17}},"loc":{"start":{"line":386,"column":17},"end":{"line":386,"column":null}}},"40":{"name":"(anonymous_41)","decl":{"start":{"line":390,"column":12},"end":{"line":390,"column":null}},"loc":{"start":{"line":390,"column":12},"end":{"line":395,"column":5}}},"41":{"name":"(anonymous_42)","decl":{"start":{"line":391,"column":11},"end":{"line":391,"column":null}},"loc":{"start":{"line":391,"column":11},"end":{"line":394,"column":null}}},"42":{"name":"(anonymous_43)","decl":{"start":{"line":392,"column":43},"end":{"line":392,"column":44}},"loc":{"start":{"line":392,"column":57},"end":{"line":392,"column":null}}}},"branchMap":{"0":{"loc":{"start":{"line":52,"column":6},"end":{"line":54,"column":null}},"type":"if","locations":[{"start":{"line":52,"column":6},"end":{"line":54,"column":null}}]},"1":{"loc":{"start":{"line":59,"column":6},"end":{"line":61,"column":null}},"type":"if","locations":[{"start":{"line":59,"column":6},"end":{"line":61,"column":null}}]},"2":{"loc":{"start":{"line":68,"column":4},"end":{"line":87,"column":null}},"type":"if","locations":[{"start":{"line":68,"column":4},"end":{"line":87,"column":null}}]},"3":{"loc":{"start":{"line":74,"column":8},"end":{"line":77,"column":null}},"type":"if","locations":[{"start":{"line":74,"column":8},"end":{"line":77,"column":null}}]},"4":{"loc":{"start":{"line":80,"column":6},"end":{"line":86,"column":null}},"type":"if","locations":[{"start":{"line":80,"column":6},"end":{"line":86,"column":null}}]},"5":{"loc":{"start":{"line":82,"column":8},"end":{"line":84,"column":null}},"type":"if","locations":[{"start":{"line":82,"column":8},"end":{"line":84,"column":null}}]},"6":{"loc":{"start":{"line":92,"column":4},"end":{"line":92,"column":null}},"type":"if","locations":[{"start":{"line":92,"column":4},"end":{"line":92,"column":null}}]},"7":{"loc":{"start":{"line":93,"column":4},"end":{"line":93,"column":null}},"type":"if","locations":[{"start":{"line":93,"column":4},"end":{"line":93,"column":null}}]},"8":{"loc":{"start":{"line":94,"column":4},"end":{"line":94,"column":null}},"type":"if","locations":[{"start":{"line":94,"column":4},"end":{"line":94,"column":null}}]},"9":{"loc":{"start":{"line":102,"column":6},"end":{"line":103,"column":null}},"type":"binary-expr","locations":[{"start":{"line":102,"column":6},"end":{"line":102,"column":null}},{"start":{"line":103,"column":6},"end":{"line":103,"column":null}}]},"10":{"loc":{"start":{"line":106,"column":6},"end":{"line":106,"column":null}},"type":"if","locations":[{"start":{"line":106,"column":6},"end":{"line":106,"column":null}}]},"11":{"loc":{"start":{"line":109,"column":6},"end":{"line":111,"column":null}},"type":"if","locations":[{"start":{"line":109,"column":6},"end":{"line":111,"column":null}}]},"12":{"loc":{"start":{"line":109,"column":10},"end":{"line":109,"column":76}},"type":"binary-expr","locations":[{"start":{"line":109,"column":10},"end":{"line":109,"column":43}},{"start":{"line":109,"column":43},"end":{"line":109,"column":76}}]},"13":{"loc":{"start":{"line":124,"column":4},"end":{"line":126,"column":null}},"type":"if","locations":[{"start":{"line":124,"column":4},"end":{"line":126,"column":null}}]},"14":{"loc":{"start":{"line":142,"column":6},"end":{"line":145,"column":null}},"type":"if","locations":[{"start":{"line":142,"column":6},"end":{"line":145,"column":null}}]},"15":{"loc":{"start":{"line":155,"column":4},"end":{"line":158,"column":null}},"type":"if","locations":[{"start":{"line":155,"column":4},"end":{"line":158,"column":null}}]},"16":{"loc":{"start":{"line":175,"column":4},"end":{"line":177,"column":null}},"type":"if","locations":[{"start":{"line":175,"column":4},"end":{"line":177,"column":null}}]},"17":{"loc":{"start":{"line":175,"column":8},"end":{"line":175,"column":80}},"type":"binary-expr","locations":[{"start":{"line":175,"column":8},"end":{"line":175,"column":44}},{"start":{"line":175,"column":44},"end":{"line":175,"column":80}}]},"18":{"loc":{"start":{"line":197,"column":6},"end":{"line":199,"column":null}},"type":"if","locations":[{"start":{"line":197,"column":6},"end":{"line":199,"column":null}}]},"19":{"loc":{"start":{"line":222,"column":6},"end":{"line":224,"column":null}},"type":"if","locations":[{"start":{"line":222,"column":6},"end":{"line":224,"column":null}}]},"20":{"loc":{"start":{"line":222,"column":10},"end":{"line":222,"column":61}},"type":"binary-expr","locations":[{"start":{"line":222,"column":10},"end":{"line":222,"column":34}},{"start":{"line":222,"column":34},"end":{"line":222,"column":61}}]},"21":{"loc":{"start":{"line":246,"column":83},"end":{"line":246,"column":103}},"type":"default-arg","locations":[{"start":{"line":246,"column":102},"end":{"line":246,"column":103}}]},"22":{"loc":{"start":{"line":248,"column":4},"end":{"line":250,"column":null}},"type":"if","locations":[{"start":{"line":248,"column":4},"end":{"line":250,"column":null}}]},"23":{"loc":{"start":{"line":254,"column":4},"end":{"line":260,"column":null}},"type":"if","locations":[{"start":{"line":254,"column":4},"end":{"line":260,"column":null}}]},"24":{"loc":{"start":{"line":256,"column":6},"end":{"line":258,"column":null}},"type":"if","locations":[{"start":{"line":256,"column":6},"end":{"line":258,"column":null}}]},"25":{"loc":{"start":{"line":269,"column":4},"end":{"line":271,"column":null}},"type":"if","locations":[{"start":{"line":269,"column":4},"end":{"line":271,"column":null}}]},"26":{"loc":{"start":{"line":272,"column":4},"end":{"line":274,"column":null}},"type":"if","locations":[{"start":{"line":272,"column":4},"end":{"line":274,"column":null}}]},"27":{"loc":{"start":{"line":280,"column":97},"end":{"line":280,"column":121}},"type":"default-arg","locations":[{"start":{"line":280,"column":120},"end":{"line":280,"column":121}}]},"28":{"loc":{"start":{"line":296,"column":6},"end":{"line":299,"column":null}},"type":"if","locations":[{"start":{"line":296,"column":6},"end":{"line":299,"column":null}}]},"29":{"loc":{"start":{"line":303,"column":4},"end":{"line":306,"column":null}},"type":"if","locations":[{"start":{"line":303,"column":4},"end":{"line":306,"column":null}}]},"30":{"loc":{"start":{"line":311,"column":4},"end":{"line":314,"column":null}},"type":"if","locations":[{"start":{"line":311,"column":4},"end":{"line":314,"column":null}}]},"31":{"loc":{"start":{"line":315,"column":11},"end":{"line":315,"column":null}},"type":"binary-expr","locations":[{"start":{"line":315,"column":11},"end":{"line":315,"column":21}},{"start":{"line":315,"column":21},"end":{"line":315,"column":null}}]},"32":{"loc":{"start":{"line":320,"column":11},"end":{"line":320,"column":null}},"type":"binary-expr","locations":[{"start":{"line":320,"column":11},"end":{"line":320,"column":43}},{"start":{"line":320,"column":43},"end":{"line":320,"column":null}}]},"33":{"loc":{"start":{"line":330,"column":11},"end":{"line":330,"column":null}},"type":"binary-expr","locations":[{"start":{"line":330,"column":11},"end":{"line":330,"column":46}},{"start":{"line":330,"column":46},"end":{"line":330,"column":null}}]},"34":{"loc":{"start":{"line":334,"column":4},"end":{"line":380,"column":null}},"type":"if","locations":[{"start":{"line":334,"column":4},"end":{"line":380,"column":null}},{"start":{"line":364,"column":11},"end":{"line":380,"column":null}}]},"35":{"loc":{"start":{"line":336,"column":6},"end":{"line":338,"column":null}},"type":"if","locations":[{"start":{"line":336,"column":6},"end":{"line":338,"column":null}}]},"36":{"loc":{"start":{"line":344,"column":6},"end":{"line":347,"column":null}},"type":"if","locations":[{"start":{"line":344,"column":6},"end":{"line":347,"column":null}}]},"37":{"loc":{"start":{"line":367,"column":8},"end":{"line":367,"column":null}},"type":"if","locations":[{"start":{"line":367,"column":8},"end":{"line":367,"column":null}}]}},"s":{"0":0,"1":0,"2":0,"3":0,"4":0,"5":0,"6":0,"7":0,"8":0,"9":0,"10":0,"11":0,"12":0,"13":0,"14":0,"15":0,"16":0,"17":0,"18":0,"19":0,"20":0,"21":0,"22":0,"23":0,"24":0,"25":0,"26":0,"27":0,"28":0,"29":0,"30":0,"31":0,"32":0,"33":0,"34":0,"35":0,"36":0,"37":0,"38":0,"39":0,"40":0,"41":0,"42":0,"43":0,"44":0,"45":0,"46":0,"47":0,"48":0,"49":0,"50":0,"51":0,"52":0,"53":0,"54":0,"55":0,"56":0,"57":0,"58":0,"59":0,"60":0,"61":0,"62":0,"63":0,"64":0,"65":0,"66":0,"67":0,"68":0,"69":0,"70":0,"71":0,"72":0,"73":0,"74":0,"75":0,"76":0,"77":0,"78":0,"79":0,"80":0,"81":0,"82":0,"83":0,"84":0,"85":0,"86":0,"87":0,"88":0,"89":0,"90":0,"91":0,"92":0,"93":0,"94":0,"95":0,"96":0,"97":0,"98":0,"99":0,"100":0,"101":0,"102":0,"103":0,"104":0,"105":0,"106":0,"107":0,"108":0,"109":0,"110":0,"111":0,"112":0,"113":0,"114":0,"115":0,"116":0,"117":0,"118":0,"119":0,"120":0,"121":0,"122":0,"123":0,"124":0,"125":0,"126":0,"127":0,"128":0,"129":0,"130":0,"131":0,"132":0,"133":0,"134":0,"135":0,"136":0,"137":0,"138":0,"139":0,"140":0,"141":0,"142":0,"143":0,"144":0,"145":0,"146":0,"147":0,"148":0,"149":0,"150":0,"151":0,"152":0,"153":0,"154":0,"155":0,"156":0,"157":0,"158":0,"159":0,"160":0,"161":0,"162":0,"163":0,"164":0,"165":0,"166":0,"167":0,"168":0,"169":0,"170":0,"171":0,"172":0,"173":0,"174":0,"175":0,"176":0,"177":0,"178":0,"179":0,"180":0,"181":0,"182":0,"183":0,"184":0,"185":0,"186":0,"187":0,"188":0,"189":0,"190":0,"191":0,"192":0,"193":0,"194":0,"195":0,"196":0,"197":0,"198":0,"199":0,"200":0,"201":0,"202":0,"203":0,"204":0,"205":0,"206":0},"f":{"0":0,"1":0,"2":0,"3":0,"4":0,"5":0,"6":0,"7":0,"8":0,"9":0,"10":0,"11":0,"12":0,"13":0,"14":0,"15":0,"16":0,"17":0,"18":0,"19":0,"20":0,"21":0,"22":0,"23":0,"24":0,"25":0,"26":0,"27":0,"28":0,"29":0,"30":0,"31":0,"32":0,"33":0,"34":0,"35":0,"36":0,"37":0,"38":0,"39":0,"40":0,"41":0,"42":0},"b":{"0":[0],"1":[0],"2":[0],"3":[0],"4":[0],"5":[0],"6":[0],"7":[0],"8":[0],"9":[0,0],"10":[0],"11":[0],"12":[0,0],"13":[0],"14":[0],"15":[0],"16":[0],"17":[0,0],"18":[0],"19":[0],"20":[0,0],"21":[0],"22":[0],"23":[0],"24":[0],"25":[0],"26":[0],"27":[0],"28":[0],"29":[0],"30":[0],"31":[0,0],"32":[0,0],"33":[0,0],"34":[0,0],"35":[0],"36":[0],"37":[0]}}
}
