{"/Users/user/PM_Interview_Questions/app/layout.tsx": {"path":"/Users/user/PM_Interview_Questions/app/layout.tsx","statementMap":{"0":{"start":{"line":24,"column":24},"end":{"line":24,"column":35}},"1":{"start":{"line":18,"column":13},"end":{"line":18,"column":21}},"2":{"start":{"line":1,"column":7},"end":{"line":1,"column":null}},"3":{"start":{"line":2,"column":40},"end":{"line":2,"column":null}},"4":{"start":{"line":4,"column":14},"end":{"line":9,"column":null}},"5":{"start":{"line":11,"column":17},"end":{"line":16,"column":null}},"6":{"start":{"line":18,"column":24},"end":{"line":22,"column":null}}},"fnMap":{"0":{"name":"RootLayout","decl":{"start":{"line":24,"column":24},"end":{"line":24,"column":35}},"loc":{"start":{"line":28,"column":1},"end":{"line":36,"column":1}}}},"branchMap":{},"s":{"0":0,"1":0,"2":0,"3":0,"4":0,"5":0,"6":0},"f":{"0":0},"b":{}}
,"/Users/user/PM_Interview_Questions/app/loading.tsx": {"path":"/Users/user/PM_Interview_Questions/app/loading.tsx","statementMap":{"0":{"start":{"line":1,"column":24},"end":{"line":1,"column":null}}},"fnMap":{"0":{"name":"RootLoading","decl":{"start":{"line":1,"column":24},"end":{"line":1,"column":null}},"loc":{"start":{"line":1,"column":24},"end":{"line":39,"column":null}}}},"branchMap":{},"s":{"0":0},"f":{"0":0},"b":{}}
,"/Users/user/PM_Interview_Questions/app/page.tsx": {"path":"/Users/user/PM_Interview_Questions/app/page.tsx","statementMap":{"0":{"start":{"line":4,"column":30},"end":{"line":4,"column":null}},"1":{"start":{"line":1,"column":29},"end":{"line":1,"column":null}},"2":{"start":{"line":2,"column":24},"end":{"line":2,"column":null}},"3":{"start":{"line":5,"column":20},"end":{"line":5,"column":null}},"4":{"start":{"line":6,"column":25},"end":{"line":8,"column":null}},"5":{"start":{"line":7,"column":16},"end":{"line":7,"column":null}}},"fnMap":{"0":{"name":"Home","decl":{"start":{"line":4,"column":30},"end":{"line":4,"column":null}},"loc":{"start":{"line":4,"column":30},"end":{"line":523,"column":null}}},"1":{"name":"(anonymous_3)","decl":{"start":{"line":7,"column":4},"end":{"line":7,"column":5}},"loc":{"start":{"line":7,"column":16},"end":{"line":7,"column":null}}}},"branchMap":{"0":{"loc":{"start":{"line":7,"column":23},"end":{"line":7,"column":null}},"type":"binary-expr","locations":[{"start":{"line":7,"column":23},"end":{"line":7,"column":38}},{"start":{"line":7,"column":42},"end":{"line":7,"column":null}}]}},"s":{"0":0,"1":0,"2":0,"3":0,"4":0,"5":0},"f":{"0":0,"1":0},"b":{"0":[0,0]}}
,"/Users/user/PM_Interview_Questions/app/api/interview/evaluate/route.ts": {"path":"/Users/user/PM_Interview_Questions/app/api/interview/evaluate/route.ts","statementMap":{"0":{"start":{"line":7,"column":22},"end":{"line":7,"column":27}},"1":{"start":{"line":1,"column":42},"end":{"line":1,"column":null}},"2":{"start":{"line":2,"column":56},"end":{"line":2,"column":null}},"3":{"start":{"line":3,"column":47},"end":{"line":3,"column":null}},"4":{"start":{"line":5,"column":23},"end":{"line":5,"column":49}},"5":{"start":{"line":8,"column":2},"end":{"line":13,"column":null}},"6":{"start":{"line":9,"column":4},"end":{"line":11,"column":null}},"7":{"start":{"line":15,"column":2},"end":{"line":133,"column":null}},"8":{"start":{"line":16,"column":17},"end":{"line":16,"column":null}},"9":{"start":{"line":17,"column":58},"end":{"line":17,"column":null}},"10":{"start":{"line":19,"column":4},"end":{"line":24,"column":null}},"11":{"start":{"line":20,"column":6},"end":{"line":22,"column":null}},"12":{"start":{"line":27,"column":4},"end":{"line":27,"column":null}},"13":{"start":{"line":28,"column":4},"end":{"line":28,"column":null}},"14":{"start":{"line":29,"column":4},"end":{"line":29,"column":null}},"15":{"start":{"line":30,"column":4},"end":{"line":32,"column":null}},"16":{"start":{"line":31,"column":46},"end":{"line":31,"column":94}},"17":{"start":{"line":35,"column":31},"end":{"line":35,"column":null}},"18":{"start":{"line":36,"column":4},"end":{"line":38,"column":null}},"19":{"start":{"line":37,"column":6},"end":{"line":37,"column":null}},"20":{"start":{"line":40,"column":33},"end":{"line":40,"column":null}},"21":{"start":{"line":41,"column":4},"end":{"line":43,"column":null}},"22":{"start":{"line":42,"column":6},"end":{"line":42,"column":null}},"23":{"start":{"line":46,"column":19},"end":{"line":46,"column":null}},"24":{"start":{"line":49,"column":21},"end":{"line":71,"column":null}},"25":{"start":{"line":73,"column":4},"end":{"line":80,"column":null}},"26":{"start":{"line":74,"column":24},"end":{"line":74,"column":null}},"27":{"start":{"line":75,"column":6},"end":{"line":75,"column":null}},"28":{"start":{"line":76,"column":6},"end":{"line":78,"column":null}},"29":{"start":{"line":82,"column":17},"end":{"line":82,"column":null}},"30":{"start":{"line":83,"column":20},"end":{"line":83,"column":null}},"31":{"start":{"line":85,"column":4},"end":{"line":90,"column":null}},"32":{"start":{"line":86,"column":6},"end":{"line":88,"column":null}},"33":{"start":{"line":94,"column":4},"end":{"line":107,"column":null}},"34":{"start":{"line":96,"column":27},"end":{"line":99,"column":null}},"35":{"start":{"line":100,"column":6},"end":{"line":100,"column":null}},"36":{"start":{"line":102,"column":6},"end":{"line":102,"column":null}},"37":{"start":{"line":103,"column":6},"end":{"line":105,"column":null}},"38":{"start":{"line":110,"column":4},"end":{"line":121,"column":null}},"39":{"start":{"line":116,"column":6},"end":{"line":116,"column":null}},"40":{"start":{"line":117,"column":6},"end":{"line":119,"column":null}},"41":{"start":{"line":123,"column":4},"end":{"line":126,"column":null}},"42":{"start":{"line":128,"column":4},"end":{"line":128,"column":null}},"43":{"start":{"line":129,"column":4},"end":{"line":131,"column":null}}},"fnMap":{"0":{"name":"POST","decl":{"start":{"line":7,"column":22},"end":{"line":7,"column":27}},"loc":{"start":{"line":7,"column":47},"end":{"line":134,"column":null}}},"1":{"name":"(anonymous_2)","decl":{"start":{"line":31,"column":30},"end":{"line":31,"column":31}},"loc":{"start":{"line":31,"column":46},"end":{"line":31,"column":94}}}},"branchMap":{"0":{"loc":{"start":{"line":8,"column":2},"end":{"line":13,"column":null}},"type":"if","locations":[{"start":{"line":8,"column":2},"end":{"line":13,"column":null}}]},"1":{"loc":{"start":{"line":17,"column":32},"end":{"line":17,"column":41}},"type":"default-arg","locations":[{"start":{"line":17,"column":39},"end":{"line":17,"column":41}}]},"2":{"loc":{"start":{"line":19,"column":4},"end":{"line":24,"column":null}},"type":"if","locations":[{"start":{"line":19,"column":4},"end":{"line":24,"column":null}}]},"3":{"loc":{"start":{"line":19,"column":8},"end":{"line":19,"column":34}},"type":"binary-expr","locations":[{"start":{"line":19,"column":8},"end":{"line":19,"column":21}},{"start":{"line":19,"column":21},"end":{"line":19,"column":34}}]},"4":{"loc":{"start":{"line":29,"column":17},"end":{"line":29,"column":null}},"type":"cond-expr","locations":[{"start":{"line":29,"column":50},"end":{"line":29,"column":79}},{"start":{"line":29,"column":79},"end":{"line":29,"column":null}}]},"5":{"loc":{"start":{"line":30,"column":11},"end":{"line":32,"column":10}},"type":"cond-expr","locations":[{"start":{"line":31,"column":8},"end":{"line":31,"column":null}},{"start":{"line":32,"column":8},"end":{"line":32,"column":10}}]},"6":{"loc":{"start":{"line":31,"column":46},"end":{"line":31,"column":94}},"type":"cond-expr","locations":[{"start":{"line":31,"column":70},"end":{"line":31,"column":90}},{"start":{"line":31,"column":90},"end":{"line":31,"column":94}}]},"7":{"loc":{"start":{"line":36,"column":4},"end":{"line":38,"column":null}},"type":"if","locations":[{"start":{"line":36,"column":4},"end":{"line":38,"column":null}}]},"8":{"loc":{"start":{"line":41,"column":4},"end":{"line":43,"column":null}},"type":"if","locations":[{"start":{"line":41,"column":4},"end":{"line":43,"column":null}}]},"9":{"loc":{"start":{"line":73,"column":4},"end":{"line":80,"column":null}},"type":"if","locations":[{"start":{"line":73,"column":4},"end":{"line":80,"column":null}}]},"10":{"loc":{"start":{"line":85,"column":4},"end":{"line":90,"column":null}},"type":"if","locations":[{"start":{"line":85,"column":4},"end":{"line":90,"column":null}}]},"11":{"loc":{"start":{"line":110,"column":4},"end":{"line":121,"column":null}},"type":"if","locations":[{"start":{"line":110,"column":4},"end":{"line":121,"column":null}}]},"12":{"loc":{"start":{"line":111,"column":6},"end":{"line":114,"column":null}},"type":"binary-expr","locations":[{"start":{"line":111,"column":6},"end":{"line":111,"column":null}},{"start":{"line":112,"column":6},"end":{"line":112,"column":27}},{"start":{"line":113,"column":6},"end":{"line":113,"column":null}},{"start":{"line":114,"column":6},"end":{"line":114,"column":null}}]}},"s":{"0":0,"1":0,"2":0,"3":0,"4":0,"5":0,"6":0,"7":0,"8":0,"9":0,"10":0,"11":0,"12":0,"13":0,"14":0,"15":0,"16":0,"17":0,"18":0,"19":0,"20":0,"21":0,"22":0,"23":0,"24":0,"25":0,"26":0,"27":0,"28":0,"29":0,"30":0,"31":0,"32":0,"33":0,"34":0,"35":0,"36":0,"37":0,"38":0,"39":0,"40":0,"41":0,"42":0,"43":0},"f":{"0":0,"1":0},"b":{"0":[0],"1":[0],"2":[0],"3":[0,0],"4":[0,0],"5":[0,0],"6":[0,0],"7":[0],"8":[0],"9":[0],"10":[0],"11":[0],"12":[0,0,0,0]}}
,"/Users/user/PM_Interview_Questions/app/api/interview/speak/route.ts": {"path":"/Users/user/PM_Interview_Questions/app/api/interview/speak/route.ts","statementMap":{"0":{"start":{"line":43,"column":22},"end":{"line":43,"column":27}},"1":{"start":{"line":1,"column":42},"end":{"line":1,"column":null}},"2":{"start":{"line":2,"column":47},"end":{"line":2,"column":null}},"3":{"start":{"line":4,"column":23},"end":{"line":4,"column":49}},"4":{"start":{"line":7,"column":18},"end":{"line":13,"column":null}},"5":{"start":{"line":15,"column":20},"end":{"line":21,"column":null}},"6":{"start":{"line":23,"column":17},"end":{"line":28,"column":null}},"7":{"start":{"line":31,"column":19},"end":{"line":31,"column":74}},"8":{"start":{"line":32,"column":21},"end":{"line":32,"column":80}},"9":{"start":{"line":33,"column":18},"end":{"line":33,"column":71}},"10":{"start":{"line":36,"column":26},"end":{"line":38,"column":null}},"11":{"start":{"line":40,"column":2},"end":{"line":40,"column":null}},"12":{"start":{"line":44,"column":2},"end":{"line":49,"column":null}},"13":{"start":{"line":45,"column":4},"end":{"line":47,"column":null}},"14":{"start":{"line":51,"column":2},"end":{"line":115,"column":null}},"15":{"start":{"line":52,"column":17},"end":{"line":52,"column":null}},"16":{"start":{"line":53,"column":33},"end":{"line":53,"column":null}},"17":{"start":{"line":55,"column":4},"end":{"line":60,"column":null}},"18":{"start":{"line":56,"column":6},"end":{"line":58,"column":null}},"19":{"start":{"line":63,"column":4},"end":{"line":63,"column":null}},"20":{"start":{"line":64,"column":4},"end":{"line":64,"column":null}},"21":{"start":{"line":67,"column":31},"end":{"line":67,"column":null}},"22":{"start":{"line":68,"column":4},"end":{"line":70,"column":null}},"23":{"start":{"line":69,"column":6},"end":{"line":69,"column":null}},"24":{"start":{"line":73,"column":23},"end":{"line":73,"column":null}},"25":{"start":{"line":76,"column":21},"end":{"line":89,"column":null}},"26":{"start":{"line":91,"column":4},"end":{"line":98,"column":null}},"27":{"start":{"line":92,"column":24},"end":{"line":92,"column":null}},"28":{"start":{"line":93,"column":6},"end":{"line":93,"column":null}},"29":{"start":{"line":94,"column":6},"end":{"line":96,"column":null}},"30":{"start":{"line":101,"column":24},"end":{"line":101,"column":null}},"31":{"start":{"line":103,"column":4},"end":{"line":108,"column":null}},"32":{"start":{"line":110,"column":4},"end":{"line":110,"column":null}},"33":{"start":{"line":111,"column":4},"end":{"line":113,"column":null}}},"fnMap":{"0":{"name":"buildInterviewPrompt","decl":{"start":{"line":30,"column":9},"end":{"line":30,"column":30}},"loc":{"start":{"line":30,"column":65},"end":{"line":41,"column":null}}},"1":{"name":"POST","decl":{"start":{"line":43,"column":22},"end":{"line":43,"column":27}},"loc":{"start":{"line":43,"column":47},"end":{"line":116,"column":null}}}},"branchMap":{"0":{"loc":{"start":{"line":36,"column":26},"end":{"line":38,"column":null}},"type":"cond-expr","locations":[{"start":{"line":37,"column":6},"end":{"line":37,"column":54}},{"start":{"line":38,"column":6},"end":{"line":38,"column":null}}]},"1":{"loc":{"start":{"line":44,"column":2},"end":{"line":49,"column":null}},"type":"if","locations":[{"start":{"line":44,"column":2},"end":{"line":49,"column":null}}]},"2":{"loc":{"start":{"line":55,"column":4},"end":{"line":60,"column":null}},"type":"if","locations":[{"start":{"line":55,"column":4},"end":{"line":60,"column":null}}]},"3":{"loc":{"start":{"line":64,"column":15},"end":{"line":64,"column":null}},"type":"cond-expr","locations":[{"start":{"line":64,"column":46},"end":{"line":64,"column":73}},{"start":{"line":64,"column":73},"end":{"line":64,"column":null}}]},"4":{"loc":{"start":{"line":68,"column":4},"end":{"line":70,"column":null}},"type":"if","locations":[{"start":{"line":68,"column":4},"end":{"line":70,"column":null}}]},"5":{"loc":{"start":{"line":91,"column":4},"end":{"line":98,"column":null}},"type":"if","locations":[{"start":{"line":91,"column":4},"end":{"line":98,"column":null}}]}},"s":{"0":0,"1":0,"2":0,"3":0,"4":0,"5":0,"6":0,"7":0,"8":0,"9":0,"10":0,"11":0,"12":0,"13":0,"14":0,"15":0,"16":0,"17":0,"18":0,"19":0,"20":0,"21":0,"22":0,"23":0,"24":0,"25":0,"26":0,"27":0,"28":0,"29":0,"30":0,"31":0,"32":0,"33":0},"f":{"0":0,"1":0},"b":{"0":[0,0],"1":[0],"2":[0],"3":[0,0],"4":[0],"5":[0]}}
,"/Users/user/PM_Interview_Questions/app/api/interview/transcribe/route.ts": {"path":"/Users/user/PM_Interview_Questions/app/api/interview/transcribe/route.ts","statementMap":{"0":{"start":{"line":16,"column":22},"end":{"line":16,"column":27}},"1":{"start":{"line":1,"column":42},"end":{"line":1,"column":null}},"2":{"start":{"line":4,"column":23},"end":{"line":4,"column":49}},"3":{"start":{"line":7,"column":28},"end":{"line":14,"column":null}},"4":{"start":{"line":17,"column":2},"end":{"line":22,"column":null}},"5":{"start":{"line":18,"column":4},"end":{"line":20,"column":null}},"6":{"start":{"line":24,"column":2},"end":{"line":98,"column":null}},"7":{"start":{"line":25,"column":21},"end":{"line":25,"column":null}},"8":{"start":{"line":26,"column":22},"end":{"line":26,"column":null}},"9":{"start":{"line":28,"column":4},"end":{"line":33,"column":null}},"10":{"start":{"line":29,"column":6},"end":{"line":31,"column":null}},"11":{"start":{"line":36,"column":21},"end":{"line":36,"column":49}},"12":{"start":{"line":37,"column":4},"end":{"line":42,"column":null}},"13":{"start":{"line":37,"column":39},"end":{"line":37,"column":64}},"14":{"start":{"line":38,"column":6},"end":{"line":40,"column":null}},"15":{"start":{"line":45,"column":4},"end":{"line":50,"column":null}},"16":{"start":{"line":46,"column":6},"end":{"line":48,"column":null}},"17":{"start":{"line":53,"column":4},"end":{"line":58,"column":null}},"18":{"start":{"line":54,"column":6},"end":{"line":56,"column":null}},"19":{"start":{"line":61,"column":28},"end":{"line":61,"column":null}},"20":{"start":{"line":62,"column":4},"end":{"line":62,"column":null}},"21":{"start":{"line":63,"column":4},"end":{"line":63,"column":null}},"22":{"start":{"line":64,"column":4},"end":{"line":64,"column":null}},"23":{"start":{"line":67,"column":21},"end":{"line":75,"column":null}},"24":{"start":{"line":78,"column":4},"end":{"line":85,"column":null}},"25":{"start":{"line":79,"column":24},"end":{"line":79,"column":null}},"26":{"start":{"line":80,"column":6},"end":{"line":80,"column":null}},"27":{"start":{"line":81,"column":6},"end":{"line":83,"column":null}},"28":{"start":{"line":87,"column":17},"end":{"line":87,"column":null}},"29":{"start":{"line":89,"column":4},"end":{"line":91,"column":null}},"30":{"start":{"line":93,"column":4},"end":{"line":93,"column":null}},"31":{"start":{"line":94,"column":4},"end":{"line":96,"column":null}}},"fnMap":{"0":{"name":"POST","decl":{"start":{"line":16,"column":22},"end":{"line":16,"column":27}},"loc":{"start":{"line":16,"column":47},"end":{"line":99,"column":null}}},"1":{"name":"(anonymous_2)","decl":{"start":{"line":37,"column":34},"end":{"line":37,"column":39}},"loc":{"start":{"line":37,"column":39},"end":{"line":37,"column":64}}}},"branchMap":{"0":{"loc":{"start":{"line":17,"column":2},"end":{"line":22,"column":null}},"type":"if","locations":[{"start":{"line":17,"column":2},"end":{"line":22,"column":null}}]},"1":{"loc":{"start":{"line":28,"column":4},"end":{"line":33,"column":null}},"type":"if","locations":[{"start":{"line":28,"column":4},"end":{"line":33,"column":null}}]},"2":{"loc":{"start":{"line":37,"column":4},"end":{"line":42,"column":null}},"type":"if","locations":[{"start":{"line":37,"column":4},"end":{"line":42,"column":null}}]},"3":{"loc":{"start":{"line":45,"column":4},"end":{"line":50,"column":null}},"type":"if","locations":[{"start":{"line":45,"column":4},"end":{"line":50,"column":null}}]},"4":{"loc":{"start":{"line":53,"column":4},"end":{"line":58,"column":null}},"type":"if","locations":[{"start":{"line":53,"column":4},"end":{"line":58,"column":null}}]},"5":{"loc":{"start":{"line":78,"column":4},"end":{"line":85,"column":null}},"type":"if","locations":[{"start":{"line":78,"column":4},"end":{"line":85,"column":null}}]}},"s":{"0":0,"1":0,"2":0,"3":0,"4":0,"5":0,"6":0,"7":0,"8":0,"9":0,"10":0,"11":0,"12":0,"13":0,"14":0,"15":0,"16":0,"17":0,"18":0,"19":0,"20":0,"21":0,"22":0,"23":0,"24":0,"25":0,"26":0,"27":0,"28":0,"29":0,"30":0,"31":0},"f":{"0":0,"1":0},"b":{"0":[0],"1":[0],"2":[0],"3":[0],"4":[0],"5":[0]}}
,"/Users/user/PM_Interview_Questions/app/components/LandingLogos.tsx": {"path":"/Users/user/PM_Interview_Questions/app/components/LandingLogos.tsx","statementMap":{"0":{"start":{"line":17,"column":24},"end":{"line":17,"column":37}},"1":{"start":{"line":3,"column":25},"end":{"line":3,"column":null}},"2":{"start":{"line":4,"column":18},"end":{"line":4,"column":null}},"3":{"start":{"line":18,"column":40},"end":{"line":18,"column":null}},"4":{"start":{"line":20,"column":27},"end":{"line":22,"column":null}},"5":{"start":{"line":21,"column":4},"end":{"line":21,"column":null}},"6":{"start":{"line":21,"column":29},"end":{"line":21,"column":null}},"7":{"start":{"line":27,"column":8},"end":{"line":27,"column":29}},"8":{"start":{"line":36,"column":29},"end":{"line":36,"column":null}}},"fnMap":{"0":{"name":"LandingLogos","decl":{"start":{"line":17,"column":24},"end":{"line":17,"column":37}},"loc":{"start":{"line":17,"column":65},"end":{"line":45,"column":null}}},"1":{"name":"(anonymous_3)","decl":{"start":{"line":20,"column":27},"end":{"line":20,"column":28}},"loc":{"start":{"line":20,"column":28},"end":{"line":22,"column":null}}},"2":{"name":"(anonymous_4)","decl":{"start":{"line":21,"column":19},"end":{"line":21,"column":20}},"loc":{"start":{"line":21,"column":29},"end":{"line":21,"column":null}}},"3":{"name":"(anonymous_5)","decl":{"start":{"line":26,"column":17},"end":{"line":26,"column":18}},"loc":{"start":{"line":27,"column":8},"end":{"line":27,"column":29}}},"4":{"name":"(anonymous_6)","decl":{"start":{"line":36,"column":23},"end":{"line":36,"column":29}},"loc":{"start":{"line":36,"column":29},"end":{"line":36,"column":null}}}},"branchMap":{"0":{"loc":{"start":{"line":29,"column":12},"end":{"line":31,"column":13}},"type":"cond-expr","locations":[{"start":{"line":29,"column":12},"end":{"line":31,"column":13}}]}},"s":{"0":0,"1":0,"2":0,"3":0,"4":0,"5":0,"6":0,"7":0,"8":0},"f":{"0":0,"1":0,"2":0,"3":0,"4":0},"b":{"0":[0]}}
,"/Users/user/PM_Interview_Questions/app/components/LogoMarquee.tsx": {"path":"/Users/user/PM_Interview_Questions/app/components/LogoMarquee.tsx","statementMap":{"0":{"start":{"line":45,"column":24},"end":{"line":45,"column":null}},"1":{"start":{"line":3,"column":25},"end":{"line":3,"column":null}},"2":{"start":{"line":4,"column":18},"end":{"line":4,"column":null}},"3":{"start":{"line":5,"column":19},"end":{"line":5,"column":null}},"4":{"start":{"line":8,"column":27},"end":{"line":39,"column":null}},"5":{"start":{"line":42,"column":2},"end":{"line":42,"column":null}},"6":{"start":{"line":46,"column":40},"end":{"line":46,"column":null}},"7":{"start":{"line":48,"column":27},"end":{"line":50,"column":null}},"8":{"start":{"line":49,"column":4},"end":{"line":49,"column":null}},"9":{"start":{"line":49,"column":29},"end":{"line":49,"column":null}},"10":{"start":{"line":53,"column":20},"end":{"line":53,"column":null}},"11":{"start":{"line":62,"column":12},"end":{"line":62,"column":52}},"12":{"start":{"line":74,"column":33},"end":{"line":74,"column":null}}},"fnMap":{"0":{"name":"getLogoUrl","decl":{"start":{"line":41,"column":9},"end":{"line":41,"column":20}},"loc":{"start":{"line":41,"column":34},"end":{"line":43,"column":null}}},"1":{"name":"LogoMarquee","decl":{"start":{"line":45,"column":24},"end":{"line":45,"column":null}},"loc":{"start":{"line":45,"column":24},"end":{"line":85,"column":null}}},"2":{"name":"(anonymous_4)","decl":{"start":{"line":48,"column":27},"end":{"line":48,"column":28}},"loc":{"start":{"line":48,"column":28},"end":{"line":50,"column":null}}},"3":{"name":"(anonymous_5)","decl":{"start":{"line":49,"column":19},"end":{"line":49,"column":20}},"loc":{"start":{"line":49,"column":29},"end":{"line":49,"column":null}}},"4":{"name":"(anonymous_6)","decl":{"start":{"line":61,"column":25},"end":{"line":61,"column":26}},"loc":{"start":{"line":62,"column":12},"end":{"line":62,"column":52}}},"5":{"name":"(anonymous_7)","decl":{"start":{"line":74,"column":27},"end":{"line":74,"column":33}},"loc":{"start":{"line":74,"column":33},"end":{"line":74,"column":null}}}},"branchMap":{"0":{"loc":{"start":{"line":64,"column":16},"end":{"line":68,"column":17}},"type":"cond-expr","locations":[{"start":{"line":64,"column":16},"end":{"line":68,"column":17}}]}},"s":{"0":0,"1":0,"2":0,"3":0,"4":0,"5":0,"6":0,"7":0,"8":0,"9":0,"10":0,"11":0,"12":0},"f":{"0":0,"1":0,"2":0,"3":0,"4":0,"5":0},"b":{"0":[0]}}
,"/Users/user/PM_Interview_Questions/app/dashboard/layout.tsx": {"path":"/Users/user/PM_Interview_Questions/app/dashboard/layout.tsx","statementMap":{"0":{"start":{"line":5,"column":24},"end":{"line":5,"column":40}},"1":{"start":{"line":1,"column":21},"end":{"line":1,"column":null}},"2":{"start":{"line":2,"column":22},"end":{"line":2,"column":null}},"3":{"start":{"line":3,"column":33},"end":{"line":3,"column":null}}},"fnMap":{"0":{"name":"DashboardLayout","decl":{"start":{"line":5,"column":24},"end":{"line":5,"column":40}},"loc":{"start":{"line":9,"column":1},"end":{"line":21,"column":null}}}},"branchMap":{},"s":{"0":0,"1":0,"2":0,"3":0},"f":{"0":0},"b":{}}
,"/Users/user/PM_Interview_Questions/app/dashboard/loading.tsx": {"path":"/Users/user/PM_Interview_Questions/app/dashboard/loading.tsx","statementMap":{"0":{"start":{"line":3,"column":24},"end":{"line":3,"column":null}},"1":{"start":{"line":1,"column":19},"end":{"line":1,"column":null}},"2":{"start":{"line":21,"column":10},"end":{"line":21,"column":23}}},"fnMap":{"0":{"name":"DashboardLoading","decl":{"start":{"line":3,"column":24},"end":{"line":3,"column":null}},"loc":{"start":{"line":3,"column":24},"end":{"line":33,"column":null}}},"1":{"name":"(anonymous_3)","decl":{"start":{"line":20,"column":39},"end":{"line":20,"column":40}},"loc":{"start":{"line":21,"column":10},"end":{"line":21,"column":23}}}},"branchMap":{},"s":{"0":0,"1":0,"2":0},"f":{"0":0,"1":0},"b":{}}
,"/Users/user/PM_Interview_Questions/app/dashboard/page.tsx": {"path":"/Users/user/PM_Interview_Questions/app/dashboard/page.tsx","statementMap":{"0":{"start":{"line":7,"column":30},"end":{"line":7,"column":null}},"1":{"start":{"line":5,"column":13},"end":{"line":5,"column":20}},"2":{"start":{"line":1,"column":29},"end":{"line":1,"column":null}},"3":{"start":{"line":2,"column":30},"end":{"line":2,"column":null}},"4":{"start":{"line":5,"column":23},"end":{"line":5,"column":null}},"5":{"start":{"line":8,"column":20},"end":{"line":8,"column":null}}},"fnMap":{"0":{"name":"AppHome","decl":{"start":{"line":7,"column":30},"end":{"line":7,"column":null}},"loc":{"start":{"line":7,"column":30},"end":{"line":11,"column":1}}}},"branchMap":{},"s":{"0":0,"1":0,"2":0,"3":0,"4":0,"5":0},"f":{"0":0},"b":{}}
,"/Users/user/PM_Interview_Questions/app/dashboard/company/[slug]/loading.tsx": {"path":"/Users/user/PM_Interview_Questions/app/dashboard/company/[slug]/loading.tsx","statementMap":{"0":{"start":{"line":3,"column":24},"end":{"line":3,"column":null}},"1":{"start":{"line":1,"column":19},"end":{"line":1,"column":null}},"2":{"start":{"line":33,"column":12},"end":{"line":33,"column":25}},"3":{"start":{"line":47,"column":14},"end":{"line":47,"column":27}}},"fnMap":{"0":{"name":"CompanyLoading","decl":{"start":{"line":3,"column":24},"end":{"line":3,"column":null}},"loc":{"start":{"line":3,"column":24},"end":{"line":73,"column":null}}},"1":{"name":"(anonymous_3)","decl":{"start":{"line":32,"column":41},"end":{"line":32,"column":42}},"loc":{"start":{"line":33,"column":12},"end":{"line":33,"column":25}}},"2":{"name":"(anonymous_4)","decl":{"start":{"line":46,"column":43},"end":{"line":46,"column":44}},"loc":{"start":{"line":47,"column":14},"end":{"line":47,"column":27}}}},"branchMap":{},"s":{"0":0,"1":0,"2":0,"3":0},"f":{"0":0,"1":0,"2":0},"b":{}}
,"/Users/user/PM_Interview_Questions/app/dashboard/company/[slug]/page.tsx": {"path":"/Users/user/PM_Interview_Questions/app/dashboard/company/[slug]/page.tsx","statementMap":{"0":{"start":{"line":12,"column":30},"end":{"line":12,"column":42}},"1":{"start":{"line":6,"column":13},"end":{"line":6,"column":20}},"2":{"start":{"line":1,"column":25},"end":{"line":1,"column":null}},"3":{"start":{"line":2,"column":56},"end":{"line":2,"column":null}},"4":{"start":{"line":3,"column":35},"end":{"line":3,"column":null}},"5":{"start":{"line":6,"column":23},"end":{"line":6,"column":null}},"6":{"start":{"line":13,"column":19},"end":{"line":13,"column":null}},"7":{"start":{"line":15,"column":31},"end":{"line":18,"column":null}},"8":{"start":{"line":20,"column":2},"end":{"line":22,"column":null}},"9":{"start":{"line":21,"column":4},"end":{"line":21,"column":null}}},"fnMap":{"0":{"name":"CompanyPage","decl":{"start":{"line":12,"column":30},"end":{"line":12,"column":42}},"loc":{"start":{"line":12,"column":59},"end":{"line":31,"column":1}}}},"branchMap":{"0":{"loc":{"start":{"line":20,"column":2},"end":{"line":22,"column":null}},"type":"if","locations":[{"start":{"line":20,"column":2},"end":{"line":22,"column":null}}]}},"s":{"0":0,"1":0,"2":0,"3":0,"4":0,"5":0,"6":0,"7":0,"8":0,"9":0},"f":{"0":0},"b":{"0":[0]}}
,"/Users/user/PM_Interview_Questions/app/dashboard/components/CompanyGridClient.tsx": {"path":"/Users/user/PM_Interview_Questions/app/dashboard/components/CompanyGridClient.tsx","statementMap":{"0":{"start":{"line":14,"column":24},"end":{"line":14,"column":42}},"1":{"start":{"line":3,"column":34},"end":{"line":3,"column":null}},"2":{"start":{"line":4,"column":17},"end":{"line":4,"column":null}},"3":{"start":{"line":5,"column":18},"end":{"line":5,"column":null}},"4":{"start":{"line":6,"column":19},"end":{"line":6,"column":null}},"5":{"start":{"line":8,"column":29},"end":{"line":8,"column":null}},"6":{"start":{"line":15,"column":28},"end":{"line":15,"column":null}},"7":{"start":{"line":16,"column":40},"end":{"line":16,"column":null}},"8":{"start":{"line":18,"column":28},"end":{"line":24,"column":null}},"9":{"start":{"line":19,"column":23},"end":{"line":19,"column":null}},"10":{"start":{"line":20,"column":4},"end":{"line":20,"column":null}},"11":{"start":{"line":20,"column":21},"end":{"line":20,"column":null}},"12":{"start":{"line":21,"column":4},"end":{"line":22,"column":null}},"13":{"start":{"line":22,"column":6},"end":{"line":22,"column":null}},"14":{"start":{"line":26,"column":25},"end":{"line":28,"column":null}},"15":{"start":{"line":27,"column":22},"end":{"line":27,"column":null}},"16":{"start":{"line":31,"column":27},"end":{"line":33,"column":null}},"17":{"start":{"line":32,"column":4},"end":{"line":32,"column":null}},"18":{"start":{"line":32,"column":29},"end":{"line":32,"column":null}},"19":{"start":{"line":52,"column":27},"end":{"line":52,"column":null}},"20":{"start":{"line":58,"column":10},"end":{"line":59,"column":null}},"21":{"start":{"line":74,"column":31},"end":{"line":74,"column":null}}},"fnMap":{"0":{"name":"CompanyGridClient","decl":{"start":{"line":14,"column":24},"end":{"line":14,"column":42}},"loc":{"start":{"line":14,"column":79},"end":{"line":115,"column":null}}},"1":{"name":"(anonymous_3)","decl":{"start":{"line":18,"column":36},"end":{"line":18,"column":null}},"loc":{"start":{"line":18,"column":36},"end":{"line":24,"column":5}}},"2":{"name":"(anonymous_4)","decl":{"start":{"line":21,"column":28},"end":{"line":21,"column":29}},"loc":{"start":{"line":22,"column":6},"end":{"line":22,"column":null}}},"3":{"name":"(anonymous_5)","decl":{"start":{"line":27,"column":4},"end":{"line":27,"column":5}},"loc":{"start":{"line":27,"column":22},"end":{"line":27,"column":null}}},"4":{"name":"(anonymous_6)","decl":{"start":{"line":31,"column":27},"end":{"line":31,"column":28}},"loc":{"start":{"line":31,"column":28},"end":{"line":33,"column":null}}},"5":{"name":"(anonymous_7)","decl":{"start":{"line":32,"column":19},"end":{"line":32,"column":20}},"loc":{"start":{"line":32,"column":29},"end":{"line":32,"column":null}}},"6":{"name":"(anonymous_8)","decl":{"start":{"line":52,"column":20},"end":{"line":52,"column":21}},"loc":{"start":{"line":52,"column":27},"end":{"line":52,"column":null}}},"7":{"name":"(anonymous_9)","decl":{"start":{"line":57,"column":31},"end":{"line":57,"column":32}},"loc":{"start":{"line":58,"column":10},"end":{"line":59,"column":null}}},"8":{"name":"(anonymous_10)","decl":{"start":{"line":74,"column":25},"end":{"line":74,"column":31}},"loc":{"start":{"line":74,"column":31},"end":{"line":74,"column":null}}}},"branchMap":{"0":{"loc":{"start":{"line":20,"column":4},"end":{"line":20,"column":null}},"type":"if","locations":[{"start":{"line":20,"column":4},"end":{"line":20,"column":null}}]},"1":{"loc":{"start":{"line":27,"column":29},"end":{"line":27,"column":null}},"type":"binary-expr","locations":[{"start":{"line":27,"column":29},"end":{"line":27,"column":50}},{"start":{"line":27,"column":54},"end":{"line":27,"column":null}}]},"2":{"loc":{"start":{"line":64,"column":14},"end":{"line":68,"column":15}},"type":"cond-expr","locations":[{"start":{"line":64,"column":14},"end":{"line":68,"column":15}}]},"3":{"loc":{"start":{"line":86,"column":17},"end":{"line":86,"column":44}},"type":"binary-expr","locations":[{"start":{"line":86,"column":17},"end":{"line":86,"column":38}},{"start":{"line":86,"column":42},"end":{"line":86,"column":44}}]},"4":{"loc":{"start":{"line":104,"column":7},"end":{"line":104,"column":32}},"type":"binary-expr","locations":[{"start":{"line":104,"column":7},"end":{"line":104,"column":32}}]}},"s":{"0":0,"1":0,"2":0,"3":0,"4":0,"5":0,"6":0,"7":0,"8":0,"9":0,"10":0,"11":0,"12":0,"13":0,"14":0,"15":0,"16":0,"17":0,"18":0,"19":0,"20":0,"21":0},"f":{"0":0,"1":0,"2":0,"3":0,"4":0,"5":0,"6":0,"7":0,"8":0},"b":{"0":[0],"1":[0,0],"2":[0],"3":[0,0],"4":[0]}}
,"/Users/user/PM_Interview_Questions/app/dashboard/components/CompanyQuestionsClient.tsx": {"path":"/Users/user/PM_Interview_Questions/app/dashboard/components/CompanyQuestionsClient.tsx","statementMap":{"0":{"start":{"line":19,"column":24},"end":{"line":19,"column":47}},"1":{"start":{"line":3,"column":45},"end":{"line":3,"column":null}},"2":{"start":{"line":4,"column":43},"end":{"line":4,"column":null}},"3":{"start":{"line":5,"column":17},"end":{"line":5,"column":null}},"4":{"start":{"line":6,"column":18},"end":{"line":6,"column":null}},"5":{"start":{"line":7,"column":19},"end":{"line":7,"column":null}},"6":{"start":{"line":9,"column":29},"end":{"line":9,"column":null}},"7":{"start":{"line":10,"column":46},"end":{"line":10,"column":null}},"8":{"start":{"line":11,"column":27},"end":{"line":11,"column":null}},"9":{"start":{"line":24,"column":17},"end":{"line":24,"column":null}},"10":{"start":{"line":25,"column":23},"end":{"line":25,"column":null}},"11":{"start":{"line":26,"column":28},"end":{"line":26,"column":null}},"12":{"start":{"line":27,"column":38},"end":{"line":27,"column":null}},"13":{"start":{"line":28,"column":44},"end":{"line":28,"column":null}},"14":{"start":{"line":29,"column":38},"end":{"line":29,"column":null}},"15":{"start":{"line":30,"column":52},"end":{"line":30,"column":null}},"16":{"start":{"line":31,"column":50},"end":{"line":31,"column":null}},"17":{"start":{"line":34,"column":2},"end":{"line":43,"column":null}},"18":{"start":{"line":35,"column":53},"end":{"line":35,"column":null}},"19":{"start":{"line":36,"column":4},"end":{"line":41,"column":null}},"20":{"start":{"line":37,"column":21},"end":{"line":37,"column":null}},"21":{"start":{"line":38,"column":6},"end":{"line":40,"column":null}},"22":{"start":{"line":39,"column":8},"end":{"line":39,"column":null}},"23":{"start":{"line":42,"column":4},"end":{"line":42,"column":null}},"24":{"start":{"line":45,"column":28},"end":{"line":51,"column":null}},"25":{"start":{"line":47,"column":19},"end":{"line":47,"column":null}},"26":{"start":{"line":48,"column":4},"end":{"line":50,"column":null}},"27":{"start":{"line":49,"column":6},"end":{"line":49,"column":null}},"28":{"start":{"line":49,"column":37},"end":{"line":49,"column":null}},"29":{"start":{"line":53,"column":15},"end":{"line":57,"column":null}},"30":{"start":{"line":54,"column":19},"end":{"line":54,"column":null}},"31":{"start":{"line":55,"column":4},"end":{"line":55,"column":null}},"32":{"start":{"line":55,"column":29},"end":{"line":55,"column":null}},"33":{"start":{"line":55,"column":53},"end":{"line":55,"column":null}},"34":{"start":{"line":56,"column":4},"end":{"line":56,"column":null}},"35":{"start":{"line":59,"column":28},"end":{"line":75,"column":null}},"36":{"start":{"line":60,"column":23},"end":{"line":60,"column":null}},"37":{"start":{"line":61,"column":4},"end":{"line":74,"column":null}},"38":{"start":{"line":62,"column":6},"end":{"line":68,"column":null}},"39":{"start":{"line":67,"column":8},"end":{"line":67,"column":null}},"40":{"start":{"line":69,"column":6},"end":{"line":72,"column":null}},"41":{"start":{"line":70,"column":27},"end":{"line":70,"column":null}},"42":{"start":{"line":70,"column":52},"end":{"line":70,"column":null}},"43":{"start":{"line":71,"column":8},"end":{"line":71,"column":null}},"44":{"start":{"line":71,"column":25},"end":{"line":71,"column":null}},"45":{"start":{"line":73,"column":6},"end":{"line":73,"column":null}},"46":{"start":{"line":78,"column":2},"end":{"line":80,"column":null}},"47":{"start":{"line":79,"column":4},"end":{"line":79,"column":null}},"48":{"start":{"line":83,"column":2},"end":{"line":98,"column":null}},"49":{"start":{"line":84,"column":23},"end":{"line":84,"column":null}},"50":{"start":{"line":85,"column":22},"end":{"line":85,"column":null}},"51":{"start":{"line":86,"column":23},"end":{"line":86,"column":null}},"52":{"start":{"line":88,"column":4},"end":{"line":88,"column":null}},"53":{"start":{"line":88,"column":30},"end":{"line":88,"column":null}},"54":{"start":{"line":89,"column":4},"end":{"line":92,"column":null}},"55":{"start":{"line":90,"column":21},"end":{"line":90,"column":null}},"56":{"start":{"line":91,"column":6},"end":{"line":91,"column":null}},"57":{"start":{"line":91,"column":53},"end":{"line":91,"column":null}},"58":{"start":{"line":93,"column":4},"end":{"line":96,"column":null}},"59":{"start":{"line":94,"column":18},"end":{"line":94,"column":null}},"60":{"start":{"line":95,"column":6},"end":{"line":95,"column":null}},"61":{"start":{"line":95,"column":48},"end":{"line":95,"column":null}},"62":{"start":{"line":100,"column":2},"end":{"line":111,"column":null}},"63":{"start":{"line":101,"column":19},"end":{"line":101,"column":null}},"64":{"start":{"line":102,"column":4},"end":{"line":102,"column":null}},"65":{"start":{"line":102,"column":15},"end":{"line":102,"column":null}},"66":{"start":{"line":103,"column":4},"end":{"line":103,"column":null}},"67":{"start":{"line":103,"column":27},"end":{"line":103,"column":null}},"68":{"start":{"line":104,"column":4},"end":{"line":104,"column":null}},"69":{"start":{"line":104,"column":27},"end":{"line":104,"column":null}},"70":{"start":{"line":106,"column":17},"end":{"line":106,"column":null}},"71":{"start":{"line":107,"column":20},"end":{"line":107,"column":null}},"72":{"start":{"line":108,"column":4},"end":{"line":110,"column":null}},"73":{"start":{"line":109,"column":6},"end":{"line":109,"column":null}},"74":{"start":{"line":113,"column":27},"end":{"line":113,"column":null}},"75":{"start":{"line":114,"column":25},"end":{"line":114,"column":null}},"76":{"start":{"line":116,"column":19},"end":{"line":118,"column":null}},"77":{"start":{"line":117,"column":4},"end":{"line":117,"column":null}},"78":{"start":{"line":117,"column":27},"end":{"line":117,"column":null}},"79":{"start":{"line":120,"column":19},"end":{"line":124,"column":null}},"80":{"start":{"line":121,"column":4},"end":{"line":123,"column":null}},"81":{"start":{"line":122,"column":6},"end":{"line":122,"column":null}},"82":{"start":{"line":126,"column":20},"end":{"line":130,"column":null}},"83":{"start":{"line":127,"column":4},"end":{"line":128,"column":null}},"84":{"start":{"line":128,"column":6},"end":{"line":128,"column":null}},"85":{"start":{"line":128,"column":46},"end":{"line":128,"column":59}},"86":{"start":{"line":132,"column":23},"end":{"line":135,"column":null}},"87":{"start":{"line":133,"column":4},"end":{"line":133,"column":null}},"88":{"start":{"line":134,"column":4},"end":{"line":134,"column":null}},"89":{"start":{"line":162,"column":29},"end":{"line":162,"column":null}},"90":{"start":{"line":194,"column":29},"end":{"line":194,"column":null}},"91":{"start":{"line":200,"column":12},"end":{"line":201,"column":null}},"92":{"start":{"line":203,"column":29},"end":{"line":203,"column":null}},"93":{"start":{"line":239,"column":14},"end":{"line":240,"column":null}},"94":{"start":{"line":242,"column":31},"end":{"line":242,"column":null}},"95":{"start":{"line":320,"column":20},"end":{"line":321,"column":null}},"96":{"start":{"line":395,"column":30},"end":{"line":395,"column":43}},"97":{"start":{"line":405,"column":39},"end":{"line":405,"column":null}},"98":{"start":{"line":426,"column":37},"end":{"line":426,"column":null}},"99":{"start":{"line":485,"column":25},"end":{"line":485,"column":null}}},"fnMap":{"0":{"name":"CompanyQuestionsClient","decl":{"start":{"line":19,"column":24},"end":{"line":19,"column":47}},"loc":{"start":{"line":23,"column":30},"end":{"line":491,"column":null}}},"1":{"name":"(anonymous_3)","decl":{"start":{"line":34,"column":12},"end":{"line":34,"column":null}},"loc":{"start":{"line":34,"column":12},"end":{"line":43,"column":5}}},"2":{"name":"(anonymous_4)","decl":{"start":{"line":36,"column":22},"end":{"line":36,"column":23}},"loc":{"start":{"line":36,"column":23},"end":{"line":41,"column":null}}},"3":{"name":"(anonymous_5)","decl":{"start":{"line":45,"column":28},"end":{"line":45,"column":29}},"loc":{"start":{"line":45,"column":49},"end":{"line":51,"column":null}}},"4":{"name":"(anonymous_6)","decl":{"start":{"line":49,"column":26},"end":{"line":49,"column":27}},"loc":{"start":{"line":49,"column":37},"end":{"line":49,"column":null}}},"5":{"name":"(anonymous_7)","decl":{"start":{"line":53,"column":23},"end":{"line":53,"column":null}},"loc":{"start":{"line":53,"column":23},"end":{"line":57,"column":5}}},"6":{"name":"(anonymous_8)","decl":{"start":{"line":55,"column":22},"end":{"line":55,"column":23}},"loc":{"start":{"line":55,"column":29},"end":{"line":55,"column":null}}},"7":{"name":"(anonymous_9)","decl":{"start":{"line":55,"column":44},"end":{"line":55,"column":45}},"loc":{"start":{"line":55,"column":53},"end":{"line":55,"column":null}}},"8":{"name":"(anonymous_10)","decl":{"start":{"line":59,"column":36},"end":{"line":59,"column":null}},"loc":{"start":{"line":59,"column":36},"end":{"line":75,"column":5}}},"9":{"name":"(anonymous_11)","decl":{"start":{"line":61,"column":28},"end":{"line":61,"column":29}},"loc":{"start":{"line":61,"column":29},"end":{"line":74,"column":null}}},"10":{"name":"(anonymous_12)","decl":{"start":{"line":70,"column":43},"end":{"line":70,"column":44}},"loc":{"start":{"line":70,"column":52},"end":{"line":70,"column":null}}},"11":{"name":"(anonymous_13)","decl":{"start":{"line":78,"column":12},"end":{"line":78,"column":null}},"loc":{"start":{"line":78,"column":12},"end":{"line":80,"column":5}}},"12":{"name":"(anonymous_14)","decl":{"start":{"line":83,"column":12},"end":{"line":83,"column":null}},"loc":{"start":{"line":83,"column":12},"end":{"line":98,"column":5}}},"13":{"name":"(anonymous_15)","decl":{"start":{"line":100,"column":12},"end":{"line":100,"column":null}},"loc":{"start":{"line":100,"column":12},"end":{"line":111,"column":5}}},"14":{"name":"(anonymous_16)","decl":{"start":{"line":116,"column":19},"end":{"line":116,"column":null}},"loc":{"start":{"line":116,"column":19},"end":{"line":118,"column":null}}},"15":{"name":"(anonymous_17)","decl":{"start":{"line":120,"column":19},"end":{"line":120,"column":null}},"loc":{"start":{"line":120,"column":19},"end":{"line":124,"column":null}}},"16":{"name":"(anonymous_18)","decl":{"start":{"line":126,"column":20},"end":{"line":126,"column":21}},"loc":{"start":{"line":126,"column":21},"end":{"line":130,"column":null}}},"17":{"name":"(anonymous_19)","decl":{"start":{"line":127,"column":18},"end":{"line":127,"column":19}},"loc":{"start":{"line":128,"column":6},"end":{"line":128,"column":null}}},"18":{"name":"(anonymous_20)","decl":{"start":{"line":128,"column":39},"end":{"line":128,"column":40}},"loc":{"start":{"line":128,"column":46},"end":{"line":128,"column":59}}},"19":{"name":"(anonymous_21)","decl":{"start":{"line":132,"column":23},"end":{"line":132,"column":null}},"loc":{"start":{"line":132,"column":23},"end":{"line":135,"column":null}}},"20":{"name":"(anonymous_22)","decl":{"start":{"line":162,"column":23},"end":{"line":162,"column":29}},"loc":{"start":{"line":162,"column":29},"end":{"line":162,"column":null}}},"21":{"name":"(anonymous_23)","decl":{"start":{"line":194,"column":22},"end":{"line":194,"column":23}},"loc":{"start":{"line":194,"column":29},"end":{"line":194,"column":null}}},"22":{"name":"(anonymous_24)","decl":{"start":{"line":199,"column":32},"end":{"line":199,"column":33}},"loc":{"start":{"line":200,"column":12},"end":{"line":201,"column":null}}},"23":{"name":"(anonymous_25)","decl":{"start":{"line":203,"column":23},"end":{"line":203,"column":29}},"loc":{"start":{"line":203,"column":29},"end":{"line":203,"column":null}}},"24":{"name":"(anonymous_26)","decl":{"start":{"line":238,"column":35},"end":{"line":238,"column":36}},"loc":{"start":{"line":239,"column":14},"end":{"line":240,"column":null}}},"25":{"name":"(anonymous_27)","decl":{"start":{"line":242,"column":25},"end":{"line":242,"column":31}},"loc":{"start":{"line":242,"column":31},"end":{"line":242,"column":null}}},"26":{"name":"(anonymous_28)","decl":{"start":{"line":319,"column":45},"end":{"line":319,"column":46}},"loc":{"start":{"line":320,"column":20},"end":{"line":321,"column":null}}},"27":{"name":"(anonymous_29)","decl":{"start":{"line":394,"column":84},"end":{"line":394,"column":85}},"loc":{"start":{"line":395,"column":30},"end":{"line":395,"column":43}}},"28":{"name":"(anonymous_30)","decl":{"start":{"line":405,"column":33},"end":{"line":405,"column":39}},"loc":{"start":{"line":405,"column":39},"end":{"line":405,"column":null}}},"29":{"name":"(anonymous_31)","decl":{"start":{"line":426,"column":31},"end":{"line":426,"column":37}},"loc":{"start":{"line":426,"column":37},"end":{"line":426,"column":null}}},"30":{"name":"(anonymous_32)","decl":{"start":{"line":485,"column":19},"end":{"line":485,"column":25}},"loc":{"start":{"line":485,"column":25},"end":{"line":485,"column":null}}}},"branchMap":{"0":{"loc":{"start":{"line":38,"column":6},"end":{"line":40,"column":null}},"type":"if","locations":[{"start":{"line":38,"column":6},"end":{"line":40,"column":null}}]},"1":{"loc":{"start":{"line":48,"column":4},"end":{"line":50,"column":null}},"type":"if","locations":[{"start":{"line":48,"column":4},"end":{"line":50,"column":null}}]},"2":{"loc":{"start":{"line":62,"column":6},"end":{"line":68,"column":null}},"type":"if","locations":[{"start":{"line":62,"column":6},"end":{"line":68,"column":null}}]},"3":{"loc":{"start":{"line":63,"column":8},"end":{"line":65,"column":null}},"type":"binary-expr","locations":[{"start":{"line":63,"column":8},"end":{"line":63,"column":null}},{"start":{"line":64,"column":8},"end":{"line":64,"column":null}},{"start":{"line":65,"column":8},"end":{"line":65,"column":null}}]},"4":{"loc":{"start":{"line":69,"column":6},"end":{"line":72,"column":null}},"type":"if","locations":[{"start":{"line":69,"column":6},"end":{"line":72,"column":null}}]},"5":{"loc":{"start":{"line":71,"column":8},"end":{"line":71,"column":null}},"type":"if","locations":[{"start":{"line":71,"column":8},"end":{"line":71,"column":null}}]},"6":{"loc":{"start":{"line":84,"column":23},"end":{"line":84,"column":null}},"type":"binary-expr","locations":[{"start":{"line":84,"column":23},"end":{"line":84,"column":48}},{"start":{"line":84,"column":48},"end":{"line":84,"column":null}}]},"7":{"loc":{"start":{"line":88,"column":4},"end":{"line":88,"column":null}},"type":"if","locations":[{"start":{"line":88,"column":4},"end":{"line":88,"column":null}}]},"8":{"loc":{"start":{"line":89,"column":4},"end":{"line":92,"column":null}},"type":"if","locations":[{"start":{"line":89,"column":4},"end":{"line":92,"column":null}}]},"9":{"loc":{"start":{"line":91,"column":6},"end":{"line":91,"column":null}},"type":"if","locations":[{"start":{"line":91,"column":6},"end":{"line":91,"column":null}}]},"10":{"loc":{"start":{"line":93,"column":4},"end":{"line":96,"column":null}},"type":"if","locations":[{"start":{"line":93,"column":4},"end":{"line":96,"column":null}}]},"11":{"loc":{"start":{"line":95,"column":6},"end":{"line":95,"column":null}},"type":"if","locations":[{"start":{"line":95,"column":6},"end":{"line":95,"column":null}}]},"12":{"loc":{"start":{"line":95,"column":10},"end":{"line":95,"column":48}},"type":"binary-expr","locations":[{"start":{"line":95,"column":10},"end":{"line":95,"column":25}},{"start":{"line":95,"column":25},"end":{"line":95,"column":48}}]},"13":{"loc":{"start":{"line":102,"column":4},"end":{"line":102,"column":null}},"type":"if","locations":[{"start":{"line":102,"column":4},"end":{"line":102,"column":null}}]},"14":{"loc":{"start":{"line":103,"column":4},"end":{"line":103,"column":null}},"type":"if","locations":[{"start":{"line":103,"column":4},"end":{"line":103,"column":null}}]},"15":{"loc":{"start":{"line":104,"column":4},"end":{"line":104,"column":null}},"type":"if","locations":[{"start":{"line":104,"column":4},"end":{"line":104,"column":null}}]},"16":{"loc":{"start":{"line":108,"column":4},"end":{"line":110,"column":null}},"type":"if","locations":[{"start":{"line":108,"column":4},"end":{"line":110,"column":null}}]},"17":{"loc":{"start":{"line":113,"column":27},"end":{"line":113,"column":null}},"type":"binary-expr","locations":[{"start":{"line":113,"column":27},"end":{"line":113,"column":59}},{"start":{"line":113,"column":63},"end":{"line":113,"column":null}}]},"18":{"loc":{"start":{"line":114,"column":25},"end":{"line":114,"column":null}},"type":"cond-expr","locations":[{"start":{"line":114,"column":44},"end":{"line":114,"column":81}},{"start":{"line":114,"column":84},"end":{"line":114,"column":null}}]},"19":{"loc":{"start":{"line":117,"column":4},"end":{"line":117,"column":null}},"type":"if","locations":[{"start":{"line":117,"column":4},"end":{"line":117,"column":null}}]},"20":{"loc":{"start":{"line":121,"column":4},"end":{"line":123,"column":null}},"type":"if","locations":[{"start":{"line":121,"column":4},"end":{"line":123,"column":null}}]},"21":{"loc":{"start":{"line":128,"column":6},"end":{"line":128,"column":null}},"type":"cond-expr","locations":[{"start":{"line":128,"column":27},"end":{"line":128,"column":59}},{"start":{"line":128,"column":59},"end":{"line":128,"column":null}}]},"22":{"loc":{"start":{"line":152,"column":12},"end":{"line":156,"column":13}},"type":"cond-expr","locations":[{"start":{"line":152,"column":12},"end":{"line":156,"column":13}}]},"23":{"loc":{"start":{"line":205,"column":16},"end":{"line":205,"column":null}},"type":"cond-expr","locations":[{"start":{"line":205,"column":43},"end":{"line":205,"column":66}},{"start":{"line":205,"column":69},"end":{"line":205,"column":null}}]},"24":{"loc":{"start":{"line":213,"column":10},"end":{"line":213,"column":19}},"type":"binary-expr","locations":[{"start":{"line":213,"column":10},"end":{"line":213,"column":19}},{"start":{"line":213,"column":19},"end":{"line":213,"column":null}}]},"25":{"loc":{"start":{"line":244,"column":18},"end":{"line":244,"column":null}},"type":"cond-expr","locations":[{"start":{"line":244,"column":42},"end":{"line":244,"column":71}},{"start":{"line":244,"column":74},"end":{"line":244,"column":null}}]},"26":{"loc":{"start":{"line":249,"column":19},"end":{"line":249,"column":28}},"type":"binary-expr","locations":[{"start":{"line":249,"column":19},"end":{"line":249,"column":28}}]},"27":{"loc":{"start":{"line":254,"column":19},"end":{"line":254,"column":36}},"type":"binary-expr","locations":[{"start":{"line":254,"column":19},"end":{"line":254,"column":36}}]},"28":{"loc":{"start":{"line":255,"column":19},"end":{"line":255,"column":41}},"type":"binary-expr","locations":[{"start":{"line":255,"column":19},"end":{"line":255,"column":41}}]},"29":{"loc":{"start":{"line":259,"column":29},"end":{"line":260,"column":null}},"type":"cond-expr","locations":[{"start":{"line":259,"column":65},"end":{"line":259,"column":null}},{"start":{"line":260,"column":29},"end":{"line":260,"column":null}}]},"30":{"loc":{"start":{"line":260,"column":29},"end":{"line":260,"column":null}},"type":"cond-expr","locations":[{"start":{"line":260,"column":65},"end":{"line":260,"column":77}},{"start":{"line":260,"column":77},"end":{"line":260,"column":null}}]},"31":{"loc":{"start":{"line":269,"column":13},"end":{"line":269,"column":38}},"type":"binary-expr","locations":[{"start":{"line":269,"column":13},"end":{"line":269,"column":38}}]},"32":{"loc":{"start":{"line":280,"column":12},"end":{"line":470,"column":13}},"type":"cond-expr","locations":[{"start":{"line":280,"column":12},"end":{"line":470,"column":13}}]},"33":{"loc":{"start":{"line":323,"column":24},"end":{"line":323,"column":null}},"type":"cond-expr","locations":[{"start":{"line":323,"column":34},"end":{"line":323,"column":59}},{"start":{"line":323,"column":62},"end":{"line":323,"column":null}}]},"34":{"loc":{"start":{"line":329,"column":19},"end":{"line":329,"column":51}},"type":"binary-expr","locations":[{"start":{"line":329,"column":19},"end":{"line":329,"column":51}}]},"35":{"loc":{"start":{"line":340,"column":18},"end":{"line":412,"column":19}},"type":"cond-expr","locations":[{"start":{"line":340,"column":18},"end":{"line":412,"column":19}}]},"36":{"loc":{"start":{"line":352,"column":32},"end":{"line":353,"column":93}},"type":"cond-expr","locations":[{"start":{"line":352,"column":60},"end":{"line":352,"column":76}},{"start":{"line":353,"column":32},"end":{"line":353,"column":93}}]},"37":{"loc":{"start":{"line":353,"column":32},"end":{"line":353,"column":93}},"type":"cond-expr","locations":[{"start":{"line":353,"column":60},"end":{"line":353,"column":75}},{"start":{"line":353,"column":78},"end":{"line":353,"column":93}}]},"38":{"loc":{"start":{"line":375,"column":24},"end":{"line":376,"column":97}},"type":"cond-expr","locations":[{"start":{"line":375,"column":52},"end":{"line":375,"column":74}},{"start":{"line":376,"column":24},"end":{"line":376,"column":97}}]},"39":{"loc":{"start":{"line":376,"column":24},"end":{"line":376,"column":97}},"type":"cond-expr","locations":[{"start":{"line":376,"column":52},"end":{"line":376,"column":73}},{"start":{"line":376,"column":76},"end":{"line":376,"column":97}}]},"40":{"loc":{"start":{"line":378,"column":25},"end":{"line":379,"column":null}},"type":"cond-expr","locations":[{"start":{"line":378,"column":53},"end":{"line":378,"column":null}},{"start":{"line":379,"column":25},"end":{"line":379,"column":null}}]},"41":{"loc":{"start":{"line":379,"column":25},"end":{"line":379,"column":null}},"type":"cond-expr","locations":[{"start":{"line":379,"column":53},"end":{"line":379,"column":68}},{"start":{"line":379,"column":68},"end":{"line":379,"column":null}}]},"42":{"loc":{"start":{"line":388,"column":23},"end":{"line":388,"column":null}},"type":"binary-expr","locations":[{"start":{"line":388,"column":23},"end":{"line":388,"column":null}}]},"43":{"loc":{"start":{"line":435,"column":17},"end":{"line":435,"column":45}},"type":"binary-expr","locations":[{"start":{"line":435,"column":17},"end":{"line":435,"column":45}}]},"44":{"loc":{"start":{"line":443,"column":17},"end":{"line":443,"column":46}},"type":"binary-expr","locations":[{"start":{"line":443,"column":17},"end":{"line":443,"column":46}}]},"45":{"loc":{"start":{"line":451,"column":17},"end":{"line":451,"column":41}},"type":"binary-expr","locations":[{"start":{"line":451,"column":17},"end":{"line":451,"column":41}}]},"46":{"loc":{"start":{"line":459,"column":17},"end":{"line":459,"column":null}},"type":"binary-expr","locations":[{"start":{"line":459,"column":17},"end":{"line":459,"column":null}}]},"47":{"loc":{"start":{"line":482,"column":7},"end":{"line":482,"column":null}},"type":"binary-expr","locations":[{"start":{"line":482,"column":7},"end":{"line":482,"column":null}}]}},"s":{"0":0,"1":0,"2":0,"3":0,"4":0,"5":0,"6":0,"7":0,"8":0,"9":0,"10":0,"11":0,"12":0,"13":0,"14":0,"15":0,"16":0,"17":0,"18":0,"19":0,"20":0,"21":0,"22":0,"23":0,"24":0,"25":0,"26":0,"27":0,"28":0,"29":0,"30":0,"31":0,"32":0,"33":0,"34":0,"35":0,"36":0,"37":0,"38":0,"39":0,"40":0,"41":0,"42":0,"43":0,"44":0,"45":0,"46":0,"47":0,"48":0,"49":0,"50":0,"51":0,"52":0,"53":0,"54":0,"55":0,"56":0,"57":0,"58":0,"59":0,"60":0,"61":0,"62":0,"63":0,"64":0,"65":0,"66":0,"67":0,"68":0,"69":0,"70":0,"71":0,"72":0,"73":0,"74":0,"75":0,"76":0,"77":0,"78":0,"79":0,"80":0,"81":0,"82":0,"83":0,"84":0,"85":0,"86":0,"87":0,"88":0,"89":0,"90":0,"91":0,"92":0,"93":0,"94":0,"95":0,"96":0,"97":0,"98":0,"99":0},"f":{"0":0,"1":0,"2":0,"3":0,"4":0,"5":0,"6":0,"7":0,"8":0,"9":0,"10":0,"11":0,"12":0,"13":0,"14":0,"15":0,"16":0,"17":0,"18":0,"19":0,"20":0,"21":0,"22":0,"23":0,"24":0,"25":0,"26":0,"27":0,"28":0,"29":0,"30":0},"b":{"0":[0],"1":[0],"2":[0],"3":[0,0,0],"4":[0],"5":[0],"6":[0,0],"7":[0],"8":[0],"9":[0],"10":[0],"11":[0],"12":[0,0],"13":[0],"14":[0],"15":[0],"16":[0],"17":[0,0],"18":[0,0],"19":[0],"20":[0],"21":[0,0],"22":[0],"23":[0,0],"24":[0,0],"25":[0,0],"26":[0],"27":[0],"28":[0],"29":[0,0],"30":[0,0],"31":[0],"32":[0],"33":[0,0],"34":[0],"35":[0],"36":[0,0],"37":[0,0],"38":[0,0],"39":[0,0],"40":[0,0],"41":[0,0],"42":[0],"43":[0],"44":[0],"45":[0],"46":[0],"47":[0]}}
,"/Users/user/PM_Interview_Questions/app/dashboard/components/FeedbackCards.tsx": {"path":"/Users/user/PM_Interview_Questions/app/dashboard/components/FeedbackCards.tsx","statementMap":{"0":{"start":{"line":56,"column":24},"end":{"line":56,"column":38}},"1":{"start":{"line":4,"column":19},"end":{"line":4,"column":null}},"2":{"start":{"line":46,"column":2},"end":{"line":46,"column":null}},"3":{"start":{"line":46,"column":18},"end":{"line":46,"column":null}},"4":{"start":{"line":47,"column":2},"end":{"line":47,"column":null}},"5":{"start":{"line":47,"column":18},"end":{"line":47,"column":null}},"6":{"start":{"line":48,"column":2},"end":{"line":48,"column":null}},"7":{"start":{"line":48,"column":18},"end":{"line":48,"column":null}},"8":{"start":{"line":49,"column":2},"end":{"line":49,"column":null}},"9":{"start":{"line":49,"column":18},"end":{"line":49,"column":null}},"10":{"start":{"line":50,"column":2},"end":{"line":50,"column":null}},"11":{"start":{"line":50,"column":18},"end":{"line":50,"column":null}},"12":{"start":{"line":51,"column":2},"end":{"line":51,"column":null}},"13":{"start":{"line":51,"column":18},"end":{"line":51,"column":null}},"14":{"start":{"line":52,"column":2},"end":{"line":52,"column":null}},"15":{"start":{"line":52,"column":18},"end":{"line":52,"column":null}},"16":{"start":{"line":53,"column":2},"end":{"line":53,"column":null}},"17":{"start":{"line":62,"column":4},"end":{"line":62,"column":null}},"18":{"start":{"line":64,"column":25},"end":{"line":70,"column":null}},"19":{"start":{"line":89,"column":12},"end":{"line":89,"column":34}},"20":{"start":{"line":109,"column":14},"end":{"line":109,"column":31}},"21":{"start":{"line":124,"column":14},"end":{"line":124,"column":31}}},"fnMap":{"0":{"name":"CheckIcon","decl":{"start":{"line":12,"column":9},"end":{"line":12,"column":null}},"loc":{"start":{"line":12,"column":9},"end":{"line":26,"column":null}}},"1":{"name":"ArrowIcon","decl":{"start":{"line":28,"column":9},"end":{"line":28,"column":null}},"loc":{"start":{"line":28,"column":9},"end":{"line":43,"column":null}}},"2":{"name":"getScoreDescription","decl":{"start":{"line":45,"column":9},"end":{"line":45,"column":29}},"loc":{"start":{"line":45,"column":42},"end":{"line":54,"column":null}}},"3":{"name":"FeedbackCards","decl":{"start":{"line":56,"column":24},"end":{"line":56,"column":38}},"loc":{"start":{"line":60,"column":21},"end":{"line":156,"column":null}}},"4":{"name":"(anonymous_6)","decl":{"start":{"line":88,"column":30},"end":{"line":88,"column":31}},"loc":{"start":{"line":89,"column":12},"end":{"line":89,"column":34}}},"5":{"name":"(anonymous_7)","decl":{"start":{"line":108,"column":27},"end":{"line":108,"column":28}},"loc":{"start":{"line":109,"column":14},"end":{"line":109,"column":31}}},"6":{"name":"(anonymous_8)","decl":{"start":{"line":123,"column":30},"end":{"line":123,"column":31}},"loc":{"start":{"line":124,"column":14},"end":{"line":124,"column":31}}}},"branchMap":{"0":{"loc":{"start":{"line":46,"column":2},"end":{"line":46,"column":null}},"type":"if","locations":[{"start":{"line":46,"column":2},"end":{"line":46,"column":null}}]},"1":{"loc":{"start":{"line":47,"column":2},"end":{"line":47,"column":null}},"type":"if","locations":[{"start":{"line":47,"column":2},"end":{"line":47,"column":null}}]},"2":{"loc":{"start":{"line":48,"column":2},"end":{"line":48,"column":null}},"type":"if","locations":[{"start":{"line":48,"column":2},"end":{"line":48,"column":null}}]},"3":{"loc":{"start":{"line":49,"column":2},"end":{"line":49,"column":null}},"type":"if","locations":[{"start":{"line":49,"column":2},"end":{"line":49,"column":null}}]},"4":{"loc":{"start":{"line":50,"column":2},"end":{"line":50,"column":null}},"type":"if","locations":[{"start":{"line":50,"column":2},"end":{"line":50,"column":null}}]},"5":{"loc":{"start":{"line":51,"column":2},"end":{"line":51,"column":null}},"type":"if","locations":[{"start":{"line":51,"column":2},"end":{"line":51,"column":null}}]},"6":{"loc":{"start":{"line":52,"column":2},"end":{"line":52,"column":null}},"type":"if","locations":[{"start":{"line":52,"column":2},"end":{"line":52,"column":null}}]},"7":{"loc":{"start":{"line":104,"column":7},"end":{"line":104,"column":null}},"type":"binary-expr","locations":[{"start":{"line":104,"column":7},"end":{"line":104,"column":null}}]},"8":{"loc":{"start":{"line":119,"column":7},"end":{"line":119,"column":null}},"type":"binary-expr","locations":[{"start":{"line":119,"column":7},"end":{"line":119,"column":null}}]}},"s":{"0":0,"1":0,"2":0,"3":0,"4":0,"5":0,"6":0,"7":0,"8":0,"9":0,"10":0,"11":0,"12":0,"13":0,"14":0,"15":0,"16":0,"17":0,"18":0,"19":0,"20":0,"21":0},"f":{"0":0,"1":0,"2":0,"3":0,"4":0,"5":0,"6":0},"b":{"0":[0],"1":[0],"2":[0],"3":[0],"4":[0],"5":[0],"6":[0],"7":[0],"8":[0]}}
,"/Users/user/PM_Interview_Questions/app/dashboard/components/InterviewModal.tsx": {"path":"/Users/user/PM_Interview_Questions/app/dashboard/components/InterviewModal.tsx","statementMap":{"0":{"start":{"line":73,"column":24},"end":{"line":73,"column":39}},"1":{"start":{"line":3,"column":57},"end":{"line":3,"column":null}},"2":{"start":{"line":4,"column":33},"end":{"line":4,"column":null}},"3":{"start":{"line":5,"column":44},"end":{"line":5,"column":null}},"4":{"start":{"line":8,"column":26},"end":{"line":8,"column":null}},"5":{"start":{"line":9,"column":19},"end":{"line":9,"column":null}},"6":{"start":{"line":68,"column":15},"end":{"line":68,"column":null}},"7":{"start":{"line":69,"column":15},"end":{"line":69,"column":null}},"8":{"start":{"line":70,"column":2},"end":{"line":70,"column":null}},"9":{"start":{"line":78,"column":38},"end":{"line":78,"column":null}},"10":{"start":{"line":79,"column":38},"end":{"line":79,"column":null}},"11":{"start":{"line":80,"column":28},"end":{"line":80,"column":null}},"12":{"start":{"line":81,"column":46},"end":{"line":81,"column":null}},"13":{"start":{"line":82,"column":50},"end":{"line":82,"column":null}},"14":{"start":{"line":83,"column":19},"end":{"line":83,"column":null}},"15":{"start":{"line":84,"column":26},"end":{"line":84,"column":null}},"16":{"start":{"line":95,"column":6},"end":{"line":95,"column":null}},"17":{"start":{"line":98,"column":2},"end":{"line":160,"column":null}},"18":{"start":{"line":99,"column":4},"end":{"line":99,"column":null}},"19":{"start":{"line":99,"column":33},"end":{"line":99,"column":null}},"20":{"start":{"line":100,"column":4},"end":{"line":100,"column":null}},"21":{"start":{"line":102,"column":30},"end":{"line":149,"column":null}},"22":{"start":{"line":103,"column":6},"end":{"line":148,"column":null}},"23":{"start":{"line":104,"column":25},"end":{"line":111,"column":null}},"24":{"start":{"line":113,"column":8},"end":{"line":118,"column":null}},"25":{"start":{"line":115,"column":10},"end":{"line":115,"column":null}},"26":{"start":{"line":116,"column":10},"end":{"line":116,"column":null}},"27":{"start":{"line":117,"column":10},"end":{"line":117,"column":null}},"28":{"start":{"line":120,"column":26},"end":{"line":120,"column":null}},"29":{"start":{"line":121,"column":25},"end":{"line":121,"column":null}},"30":{"start":{"line":123,"column":22},"end":{"line":123,"column":null}},"31":{"start":{"line":124,"column":8},"end":{"line":124,"column":null}},"32":{"start":{"line":127,"column":8},"end":{"line":131,"column":null}},"33":{"start":{"line":128,"column":10},"end":{"line":130,"column":null}},"34":{"start":{"line":129,"column":12},"end":{"line":129,"column":null}},"35":{"start":{"line":133,"column":8},"end":{"line":136,"column":null}},"36":{"start":{"line":134,"column":10},"end":{"line":134,"column":null}},"37":{"start":{"line":135,"column":10},"end":{"line":135,"column":null}},"38":{"start":{"line":138,"column":8},"end":{"line":141,"column":null}},"39":{"start":{"line":139,"column":10},"end":{"line":139,"column":null}},"40":{"start":{"line":140,"column":10},"end":{"line":140,"column":null}},"41":{"start":{"line":144,"column":8},"end":{"line":144,"column":null}},"42":{"start":{"line":146,"column":8},"end":{"line":146,"column":null}},"43":{"start":{"line":147,"column":8},"end":{"line":147,"column":null}},"44":{"start":{"line":151,"column":4},"end":{"line":151,"column":null}},"45":{"start":{"line":154,"column":4},"end":{"line":159,"column":null}},"46":{"start":{"line":155,"column":6},"end":{"line":158,"column":null}},"47":{"start":{"line":156,"column":8},"end":{"line":156,"column":null}},"48":{"start":{"line":157,"column":8},"end":{"line":157,"column":null}},"49":{"start":{"line":163,"column":2},"end":{"line":168,"column":null}},"50":{"start":{"line":164,"column":21},"end":{"line":164,"column":null}},"51":{"start":{"line":165,"column":4},"end":{"line":167,"column":null}},"52":{"start":{"line":166,"column":6},"end":{"line":166,"column":null}},"53":{"start":{"line":171,"column":2},"end":{"line":175,"column":null}},"54":{"start":{"line":172,"column":4},"end":{"line":174,"column":null}},"55":{"start":{"line":173,"column":6},"end":{"line":173,"column":null}},"56":{"start":{"line":178,"column":2},"end":{"line":182,"column":null}},"57":{"start":{"line":179,"column":4},"end":{"line":181,"column":null}},"58":{"start":{"line":180,"column":6},"end":{"line":180,"column":null}},"59":{"start":{"line":184,"column":23},"end":{"line":245,"column":null}},"60":{"start":{"line":185,"column":4},"end":{"line":185,"column":null}},"61":{"start":{"line":186,"column":4},"end":{"line":186,"column":null}},"62":{"start":{"line":188,"column":4},"end":{"line":244,"column":null}},"63":{"start":{"line":190,"column":6},"end":{"line":190,"column":null}},"64":{"start":{"line":191,"column":23},"end":{"line":191,"column":null}},"65":{"start":{"line":192,"column":6},"end":{"line":192,"column":null}},"66":{"start":{"line":194,"column":28},"end":{"line":197,"column":null}},"67":{"start":{"line":199,"column":6},"end":{"line":202,"column":null}},"68":{"start":{"line":200,"column":26},"end":{"line":200,"column":null}},"69":{"start":{"line":201,"column":8},"end":{"line":201,"column":null}},"70":{"start":{"line":204,"column":29},"end":{"line":204,"column":null}},"71":{"start":{"line":206,"column":6},"end":{"line":208,"column":null}},"72":{"start":{"line":207,"column":8},"end":{"line":207,"column":null}},"73":{"start":{"line":211,"column":6},"end":{"line":211,"column":null}},"74":{"start":{"line":212,"column":26},"end":{"line":221,"column":null}},"75":{"start":{"line":223,"column":6},"end":{"line":226,"column":null}},"76":{"start":{"line":224,"column":26},"end":{"line":224,"column":null}},"77":{"start":{"line":225,"column":8},"end":{"line":225,"column":null}},"78":{"start":{"line":228,"column":37},"end":{"line":228,"column":null}},"79":{"start":{"line":231,"column":6},"end":{"line":231,"column":null}},"80":{"start":{"line":234,"column":6},"end":{"line":236,"column":null}},"81":{"start":{"line":235,"column":8},"end":{"line":235,"column":null}},"82":{"start":{"line":238,"column":6},"end":{"line":238,"column":null}},"83":{"start":{"line":239,"column":6},"end":{"line":239,"column":null}},"84":{"start":{"line":241,"column":6},"end":{"line":241,"column":null}},"85":{"start":{"line":242,"column":6},"end":{"line":242,"column":null}},"86":{"start":{"line":243,"column":6},"end":{"line":243,"column":null}},"87":{"start":{"line":247,"column":31},"end":{"line":251,"column":null}},"88":{"start":{"line":248,"column":4},"end":{"line":248,"column":null}},"89":{"start":{"line":249,"column":4},"end":{"line":249,"column":null}},"90":{"start":{"line":250,"column":4},"end":{"line":250,"column":null}},"91":{"start":{"line":253,"column":30},"end":{"line":259,"column":null}},"92":{"start":{"line":254,"column":4},"end":{"line":257,"column":null}},"93":{"start":{"line":255,"column":6},"end":{"line":255,"column":null}},"94":{"start":{"line":256,"column":6},"end":{"line":256,"column":null}},"95":{"start":{"line":258,"column":4},"end":{"line":258,"column":null}},"96":{"start":{"line":261,"column":25},"end":{"line":265,"column":null}},"97":{"start":{"line":262,"column":4},"end":{"line":262,"column":null}},"98":{"start":{"line":263,"column":4},"end":{"line":263,"column":null}},"99":{"start":{"line":264,"column":4},"end":{"line":264,"column":null}},"100":{"start":{"line":267,"column":22},"end":{"line":275,"column":null}},"101":{"start":{"line":268,"column":4},"end":{"line":270,"column":null}},"102":{"start":{"line":269,"column":6},"end":{"line":269,"column":null}},"103":{"start":{"line":271,"column":4},"end":{"line":273,"column":null}},"104":{"start":{"line":272,"column":6},"end":{"line":272,"column":null}},"105":{"start":{"line":274,"column":4},"end":{"line":274,"column":null}},"106":{"start":{"line":277,"column":23},"end":{"line":282,"column":null}},"107":{"start":{"line":278,"column":4},"end":{"line":280,"column":null}},"108":{"start":{"line":279,"column":6},"end":{"line":279,"column":null}},"109":{"start":{"line":281,"column":4},"end":{"line":281,"column":null}},"110":{"start":{"line":285,"column":20},"end":{"line":291,"column":null}},"111":{"start":{"line":286,"column":23},"end":{"line":286,"column":null}},"112":{"start":{"line":287,"column":22},"end":{"line":287,"column":null}},"113":{"start":{"line":288,"column":25},"end":{"line":288,"column":null}},"114":{"start":{"line":289,"column":19},"end":{"line":289,"column":null}},"115":{"start":{"line":290,"column":4},"end":{"line":290,"column":null}},"116":{"start":{"line":294,"column":23},"end":{"line":297,"column":null}},"117":{"start":{"line":295,"column":18},"end":{"line":295,"column":null}},"118":{"start":{"line":296,"column":4},"end":{"line":296,"column":null}},"119":{"start":{"line":303,"column":24},"end":{"line":303,"column":null}},"120":{"start":{"line":333,"column":18},"end":{"line":334,"column":null}},"121":{"start":{"line":377,"column":35},"end":{"line":377,"column":null}},"122":{"start":{"line":401,"column":18},"end":{"line":402,"column":null}},"123":{"start":{"line":413,"column":20},"end":{"line":413,"column":null}},"124":{"start":{"line":414,"column":20},"end":{"line":414,"column":null}},"125":{"start":{"line":415,"column":20},"end":{"line":415,"column":null}}},"fnMap":{"0":{"name":"MicIcon","decl":{"start":{"line":19,"column":9},"end":{"line":19,"column":null}},"loc":{"start":{"line":19,"column":9},"end":{"line":34,"column":null}}},"1":{"name":"StopIcon","decl":{"start":{"line":36,"column":9},"end":{"line":36,"column":null}},"loc":{"start":{"line":36,"column":9},"end":{"line":46,"column":null}}},"2":{"name":"CloseIcon","decl":{"start":{"line":48,"column":9},"end":{"line":48,"column":null}},"loc":{"start":{"line":48,"column":9},"end":{"line":55,"column":null}}},"3":{"name":"SpeakerIcon","decl":{"start":{"line":57,"column":9},"end":{"line":57,"column":null}},"loc":{"start":{"line":57,"column":9},"end":{"line":65,"column":null}}},"4":{"name":"formatDuration","decl":{"start":{"line":67,"column":9},"end":{"line":67,"column":24}},"loc":{"start":{"line":67,"column":39},"end":{"line":71,"column":null}}},"5":{"name":"InterviewModal","decl":{"start":{"line":73,"column":24},"end":{"line":73,"column":39}},"loc":{"start":{"line":77,"column":22},"end":{"line":454,"column":null}}},"6":{"name":"(anonymous_8)","decl":{"start":{"line":98,"column":12},"end":{"line":98,"column":null}},"loc":{"start":{"line":98,"column":12},"end":{"line":160,"column":5}}},"7":{"name":"(anonymous_9)","decl":{"start":{"line":102,"column":30},"end":{"line":102,"column":null}},"loc":{"start":{"line":102,"column":30},"end":{"line":149,"column":null}}},"8":{"name":"(anonymous_10)","decl":{"start":{"line":127,"column":45},"end":{"line":127,"column":null}},"loc":{"start":{"line":127,"column":45},"end":{"line":131,"column":null}}},"9":{"name":"(anonymous_11)","decl":{"start":{"line":133,"column":40},"end":{"line":133,"column":null}},"loc":{"start":{"line":133,"column":40},"end":{"line":136,"column":null}}},"10":{"name":"(anonymous_12)","decl":{"start":{"line":138,"column":40},"end":{"line":138,"column":null}},"loc":{"start":{"line":138,"column":40},"end":{"line":141,"column":null}}},"11":{"name":"(anonymous_13)","decl":{"start":{"line":154,"column":11},"end":{"line":154,"column":null}},"loc":{"start":{"line":154,"column":11},"end":{"line":159,"column":null}}},"12":{"name":"(anonymous_14)","decl":{"start":{"line":163,"column":12},"end":{"line":163,"column":null}},"loc":{"start":{"line":163,"column":12},"end":{"line":168,"column":5}}},"13":{"name":"(anonymous_15)","decl":{"start":{"line":171,"column":12},"end":{"line":171,"column":null}},"loc":{"start":{"line":171,"column":12},"end":{"line":175,"column":5}}},"14":{"name":"(anonymous_16)","decl":{"start":{"line":178,"column":12},"end":{"line":178,"column":null}},"loc":{"start":{"line":178,"column":12},"end":{"line":182,"column":5}}},"15":{"name":"(anonymous_17)","decl":{"start":{"line":184,"column":23},"end":{"line":184,"column":30}},"loc":{"start":{"line":184,"column":30},"end":{"line":245,"column":null}}},"16":{"name":"(anonymous_18)","decl":{"start":{"line":247,"column":31},"end":{"line":247,"column":null}},"loc":{"start":{"line":247,"column":31},"end":{"line":251,"column":null}}},"17":{"name":"(anonymous_19)","decl":{"start":{"line":253,"column":30},"end":{"line":253,"column":null}},"loc":{"start":{"line":253,"column":30},"end":{"line":259,"column":null}}},"18":{"name":"(anonymous_20)","decl":{"start":{"line":261,"column":25},"end":{"line":261,"column":null}},"loc":{"start":{"line":261,"column":25},"end":{"line":265,"column":null}}},"19":{"name":"(anonymous_21)","decl":{"start":{"line":267,"column":22},"end":{"line":267,"column":null}},"loc":{"start":{"line":267,"column":22},"end":{"line":275,"column":null}}},"20":{"name":"(anonymous_22)","decl":{"start":{"line":277,"column":23},"end":{"line":277,"column":null}},"loc":{"start":{"line":277,"column":23},"end":{"line":282,"column":null}}},"21":{"name":"(anonymous_23)","decl":{"start":{"line":285,"column":47},"end":{"line":285,"column":48}},"loc":{"start":{"line":285,"column":51},"end":{"line":291,"column":null}}},"22":{"name":"(anonymous_24)","decl":{"start":{"line":294,"column":49},"end":{"line":294,"column":50}},"loc":{"start":{"line":294,"column":53},"end":{"line":297,"column":null}}},"23":{"name":"(anonymous_25)","decl":{"start":{"line":303,"column":17},"end":{"line":303,"column":18}},"loc":{"start":{"line":303,"column":24},"end":{"line":303,"column":null}}},"24":{"name":"(anonymous_26)","decl":{"start":{"line":332,"column":34},"end":{"line":332,"column":35}},"loc":{"start":{"line":333,"column":18},"end":{"line":334,"column":null}}},"25":{"name":"(anonymous_27)","decl":{"start":{"line":377,"column":29},"end":{"line":377,"column":35}},"loc":{"start":{"line":377,"column":35},"end":{"line":377,"column":null}}},"26":{"name":"(anonymous_28)","decl":{"start":{"line":400,"column":31},"end":{"line":400,"column":32}},"loc":{"start":{"line":401,"column":18},"end":{"line":402,"column":null}}},"27":{"name":"(anonymous_29)","decl":{"start":{"line":412,"column":27},"end":{"line":412,"column":null}},"loc":{"start":{"line":412,"column":27},"end":{"line":416,"column":null}}}},"branchMap":{"0":{"loc":{"start":{"line":99,"column":4},"end":{"line":99,"column":null}},"type":"if","locations":[{"start":{"line":99,"column":4},"end":{"line":99,"column":null}}]},"1":{"loc":{"start":{"line":113,"column":8},"end":{"line":118,"column":null}},"type":"if","locations":[{"start":{"line":113,"column":8},"end":{"line":118,"column":null}}]},"2":{"loc":{"start":{"line":128,"column":10},"end":{"line":130,"column":null}},"type":"if","locations":[{"start":{"line":128,"column":10},"end":{"line":130,"column":null}}]},"3":{"loc":{"start":{"line":155,"column":6},"end":{"line":158,"column":null}},"type":"if","locations":[{"start":{"line":155,"column":6},"end":{"line":158,"column":null}}]},"4":{"loc":{"start":{"line":165,"column":4},"end":{"line":167,"column":null}},"type":"if","locations":[{"start":{"line":165,"column":4},"end":{"line":167,"column":null}}]},"5":{"loc":{"start":{"line":172,"column":4},"end":{"line":174,"column":null}},"type":"if","locations":[{"start":{"line":172,"column":4},"end":{"line":174,"column":null}}]},"6":{"loc":{"start":{"line":179,"column":4},"end":{"line":181,"column":null}},"type":"if","locations":[{"start":{"line":179,"column":4},"end":{"line":181,"column":null}}]},"7":{"loc":{"start":{"line":179,"column":8},"end":{"line":179,"column":80}},"type":"binary-expr","locations":[{"start":{"line":179,"column":8},"end":{"line":179,"column":39}},{"start":{"line":179,"column":39},"end":{"line":179,"column":52}},{"start":{"line":179,"column":52},"end":{"line":179,"column":80}}]},"8":{"loc":{"start":{"line":199,"column":6},"end":{"line":202,"column":null}},"type":"if","locations":[{"start":{"line":199,"column":6},"end":{"line":202,"column":null}}]},"9":{"loc":{"start":{"line":201,"column":24},"end":{"line":201,"column":null}},"type":"binary-expr","locations":[{"start":{"line":201,"column":24},"end":{"line":201,"column":39}},{"start":{"line":201,"column":43},"end":{"line":201,"column":null}}]},"10":{"loc":{"start":{"line":206,"column":6},"end":{"line":208,"column":null}},"type":"if","locations":[{"start":{"line":206,"column":6},"end":{"line":208,"column":null}}]},"11":{"loc":{"start":{"line":206,"column":10},"end":{"line":206,"column":56}},"type":"binary-expr","locations":[{"start":{"line":206,"column":10},"end":{"line":206,"column":25}},{"start":{"line":206,"column":25},"end":{"line":206,"column":56}}]},"12":{"loc":{"start":{"line":223,"column":6},"end":{"line":226,"column":null}},"type":"if","locations":[{"start":{"line":223,"column":6},"end":{"line":226,"column":null}}]},"13":{"loc":{"start":{"line":225,"column":24},"end":{"line":225,"column":null}},"type":"binary-expr","locations":[{"start":{"line":225,"column":24},"end":{"line":225,"column":39}},{"start":{"line":225,"column":43},"end":{"line":225,"column":null}}]},"14":{"loc":{"start":{"line":234,"column":6},"end":{"line":236,"column":null}},"type":"if","locations":[{"start":{"line":234,"column":6},"end":{"line":236,"column":null}}]},"15":{"loc":{"start":{"line":242,"column":15},"end":{"line":242,"column":null}},"type":"cond-expr","locations":[{"start":{"line":242,"column":38},"end":{"line":242,"column":49}},{"start":{"line":242,"column":52},"end":{"line":242,"column":null}}]},"16":{"loc":{"start":{"line":254,"column":4},"end":{"line":257,"column":null}},"type":"if","locations":[{"start":{"line":254,"column":4},"end":{"line":257,"column":null}}]},"17":{"loc":{"start":{"line":268,"column":4},"end":{"line":270,"column":null}},"type":"if","locations":[{"start":{"line":268,"column":4},"end":{"line":270,"column":null}}]},"18":{"loc":{"start":{"line":271,"column":4},"end":{"line":273,"column":null}},"type":"if","locations":[{"start":{"line":271,"column":4},"end":{"line":273,"column":null}}]},"19":{"loc":{"start":{"line":278,"column":4},"end":{"line":280,"column":null}},"type":"if","locations":[{"start":{"line":278,"column":4},"end":{"line":280,"column":null}}]},"20":{"loc":{"start":{"line":319,"column":12},"end":{"line":319,"column":21}},"type":"binary-expr","locations":[{"start":{"line":319,"column":12},"end":{"line":319,"column":21}},{"start":{"line":319,"column":21},"end":{"line":319,"column":33}}]},"21":{"loc":{"start":{"line":321,"column":47},"end":{"line":321,"column":null}},"type":"binary-expr","locations":[{"start":{"line":321,"column":47},"end":{"line":321,"column":56}},{"start":{"line":321,"column":56},"end":{"line":321,"column":null}}]},"22":{"loc":{"start":{"line":326,"column":11},"end":{"line":326,"column":null}},"type":"binary-expr","locations":[{"start":{"line":326,"column":11},"end":{"line":326,"column":null}}]},"23":{"loc":{"start":{"line":358,"column":11},"end":{"line":358,"column":null}},"type":"binary-expr","locations":[{"start":{"line":358,"column":11},"end":{"line":358,"column":null}}]},"24":{"loc":{"start":{"line":373,"column":15},"end":{"line":373,"column":null}},"type":"binary-expr","locations":[{"start":{"line":373,"column":15},"end":{"line":373,"column":null}}]},"25":{"loc":{"start":{"line":387,"column":11},"end":{"line":387,"column":null}},"type":"binary-expr","locations":[{"start":{"line":387,"column":11},"end":{"line":387,"column":null}}]},"26":{"loc":{"start":{"line":432,"column":11},"end":{"line":432,"column":null}},"type":"binary-expr","locations":[{"start":{"line":432,"column":11},"end":{"line":432,"column":null}}]},"27":{"loc":{"start":{"line":443,"column":11},"end":{"line":443,"column":40}},"type":"binary-expr","locations":[{"start":{"line":443,"column":11},"end":{"line":443,"column":40}},{"start":{"line":443,"column":40},"end":{"line":443,"column":null}}]}},"s":{"0":0,"1":0,"2":0,"3":0,"4":0,"5":0,"6":0,"7":0,"8":0,"9":0,"10":0,"11":0,"12":0,"13":0,"14":0,"15":0,"16":0,"17":0,"18":0,"19":0,"20":0,"21":0,"22":0,"23":0,"24":0,"25":0,"26":0,"27":0,"28":0,"29":0,"30":0,"31":0,"32":0,"33":0,"34":0,"35":0,"36":0,"37":0,"38":0,"3
[...]
:2},"end":{"line":99,"column":null}},"31":{"start":{"line":98,"column":4},"end":{"line":98,"column":null}},"32":{"start":{"line":102,"column":19},"end":{"line":102,"column":42}},"33":{"start":{"line":103,"column":2},"end":{"line":105,"column":null}},"34":{"start":{"line":104,"column":4},"end":{"line":104,"column":null}},"35":{"start":{"line":107,"column":2},"end":{"line":107,"column":null}},"36":{"start":{"line":118,"column":2},"end":{"line":120,"column":null}},"37":{"start":{"line":119,"column":4},"end":{"line":119,"column":null}},"38":{"start":{"line":121,"column":2},"end":{"line":123,"column":null}},"39":{"start":{"line":122,"column":4},"end":{"line":122,"column":null}},"40":{"start":{"line":124,"column":2},"end":{"line":124,"column":null}},"41":{"start":{"line":131,"column":16},"end":{"line":131,"column":null}},"42":{"start":{"line":132,"column":2},"end":{"line":132,"column":null}},"43":{"start":{"line":133,"column":2},"end":{"line":133,"column":null}},"44":{"start":{"line":133,"column":34},"end":{"line":133,"column":67}},"45":{"start":{"line":140,"column":18},"end":{"line":140,"column":null}},"46":{"start":{"line":141,"column":21},"end":{"line":141,"column":null}},"47":{"start":{"line":142,"column":21},"end":{"line":142,"column":null}},"48":{"start":{"line":143,"column":20},"end":{"line":143,"column":null}},"49":{"start":{"line":144,"column":2},"end":{"line":144,"column":null}},"50":{"start":{"line":144,"column":30},"end":{"line":144,"column":63}},"51":{"start":{"line":151,"column":2},"end":{"line":151,"column":null}},"52":{"start":{"line":151,"column":15},"end":{"line":151,"column":null}},"53":{"start":{"line":152,"column":2},"end":{"line":159,"column":null}},"54":{"start":{"line":153,"column":4},"end":{"line":153,"column":null}},"55":{"start":{"line":153,"column":25},"end":{"line":153,"column":null}},"56":{"start":{"line":154,"column":4},"end":{"line":157,"column":null}},"57":{"start":{"line":155,"column":21},"end":{"line":155,"column":null}},"58":{"start":{"line":156,"column":6},"end":{"line":156,"column":null}},"59":{"start":{"line":158,"column":4},"end":{"line":158,"column":null}}},"fnMap":{"0":{"name":"sanitizeText","decl":{"start":{"line":33,"column":16},"end":{"line":33,"column":28}},"loc":{"start":{"line":33,"column":42},"end":{"line":52,"column":null}}},"1":{"name":"sanitizeForLLM","decl":{"start":{"line":57,"column":16},"end":{"line":57,"column":30}},"loc":{"start":{"line":57,"column":44},"end":{"line":74,"column":null}}},"2":{"name":"isValidEmail","decl":{"start":{"line":79,"column":16},"end":{"line":79,"column":28}},"loc":{"start":{"line":79,"column":42},"end":{"line":82,"column":null}}},"3":{"name":"isValidAudioFile","decl":{"start":{"line":87,"column":16},"end":{"line":87,"column":32}},"loc":{"start":{"line":87,"column":43},"end":{"line":108,"column":null}}},"4":{"name":"validateLength","decl":{"start":{"line":113,"column":16},"end":{"line":113,"column":30}},"loc":{"start":{"line":116,"column":13},"end":{"line":125,"column":null}}},"5":{"name":"generateSecureId","decl":{"start":{"line":130,"column":16},"end":{"line":130,"column":32}},"loc":{"start":{"line":130,"column":16},"end":{"line":134,"column":null}}},"6":{"name":"(anonymous_15)","decl":{"start":{"line":133,"column":27},"end":{"line":133,"column":28}},"loc":{"start":{"line":133,"column":34},"end":{"line":133,"column":67}}},"7":{"name":"hashData","decl":{"start":{"line":139,"column":22},"end":{"line":139,"column":30}},"loc":{"start":{"line":139,"column":43},"end":{"line":145,"column":null}}},"8":{"name":"(anonymous_17)","decl":{"start":{"line":144,"column":23},"end":{"line":144,"column":24}},"loc":{"start":{"line":144,"column":30},"end":{"line":144,"column":63}}},"9":{"name":"isAllowedOrigin","decl":{"start":{"line":150,"column":16},"end":{"line":150,"column":31}},"loc":{"start":{"line":150,"column":79},"end":{"line":160,"column":null}}},"10":{"name":"(anonymous_19)","decl":{"start":{"line":152,"column":29},"end":{"line":152,"column":30}},"loc":{"start":{"line":152,"column":30},"end":{"line":159,"column":null}}}},"branchMap":{"0":{"loc":{"start":{"line":34,"column":2},"end":{"line":34,"column":null}},"type":"if","locations":[{"start":{"line":34,"column":2},"end":{"line":34,"column":null}}]},"1":{"loc":{"start":{"line":58,"column":2},"end":{"line":58,"column":null}},"type":"if","locations":[{"start":{"line":58,"column":2},"end":{"line":58,"column":null}}]},"2":{"loc":{"start":{"line":69,"column":2},"end":{"line":71,"column":null}},"type":"if","locations":[{"start":{"line":69,"column":2},"end":{"line":71,"column":null}}]},"3":{"loc":{"start":{"line":97,"column":2},"end":{"line":99,"column":null}},"type":"if","locations":[{"start":{"line":97,"column":2},"end":{"line":99,"column":null}}]},"4":{"loc":{"start":{"line":103,"column":2},"end":{"line":105,"column":null}},"type":"if","locations":[{"start":{"line":103,"column":2},"end":{"line":105,"column":null}}]},"5":{"loc":{"start":{"line":118,"column":2},"end":{"line":120,"column":null}},"type":"if","locations":[{"start":{"line":118,"column":2},"end":{"line":120,"column":null}}]},"6":{"loc":{"start":{"line":121,"column":2},"end":{"line":123,"column":null}},"type":"if","locations":[{"start":{"line":121,"column":2},"end":{"line":123,"column":null}}]},"7":{"loc":{"start":{"line":151,"column":2},"end":{"line":151,"column":null}},"type":"if","locations":[{"start":{"line":151,"column":2},"end":{"line":151,"column":null}}]},"8":{"loc":{"start":{"line":153,"column":4},"end":{"line":153,"column":null}},"type":"if","locations":[{"start":{"line":153,"column":4},"end":{"line":153,"column":null}}]},"9":{"loc":{"start":{"line":154,"column":4},"end":{"line":157,"column":null}},"type":"if","locations":[{"start":{"line":154,"column":4},"end":{"line":157,"column":null}}]},"10":{"loc":{"start":{"line":156,"column":13},"end":{"line":156,"column":70}},"type":"binary-expr","locations":[{"start":{"line":156,"column":13},"end":{"line":156,"column":40}},{"start":{"line":156,"column":40},"end":{"line":156,"column":70}}]}},"s":{"0":101,"1":0,"2":9,"3":0,"4":10,"5":12,"6":10,"7":13,"8":2,"9":2,"10":10,"11":3,"12":7,"13":7,"14":63,"15":7,"16":7,"17":12,"18":0,"19":12,"20":12,"21":96,"22":12,"23":12,"24":1,"25":12,"26":10,"27":10,"28":0,"29":0,"30":0,"31":0,"32":0,"33":0,"34":0,"35":0,"36":13,"37":4,"38":9,"39":4,"40":5,"41":101,"42":101,"43":101,"44":1616,"45":0,"46":0,"47":0,"48":0,"49":0,"50":0,"51":9,"52":2,"53":7,"54":16,"55":1,"56":15,"57":4,"58":4,"59":11},"f":{"0":10,"1":12,"2":10,"3":0,"4":13,"5":101,"6":1616,"7":0,"8":0,"9":9,"10":16},"b":{"0":[3],"1":[0],"2":[1],"3":[0],"4":[0],"5":[4],"6":[4],"7":[2],"8":[1],"9":[4],"10":[4,2]}}
,"/Users/user/PM_Interview_Questions/lib/supabaseClient.ts": {"path":"/Users/user/PM_Interview_Questions/lib/supabaseClient.ts","statementMap":{"0":{"start":{"line":6,"column":13},"end":{"line":6,"column":null}},"1":{"start":{"line":1,"column":29},"end":{"line":1,"column":null}},"2":{"start":{"line":3,"column":20},"end":{"line":3,"column":56}},"3":{"start":{"line":4,"column":24},"end":{"line":4,"column":65}},"4":{"start":{"line":7,"column":2},"end":{"line":9,"column":null}}},"fnMap":{},"branchMap":{"0":{"loc":{"start":{"line":7,"column":2},"end":{"line":9,"column":null}},"type":"cond-expr","locations":[{"start":{"line":8,"column":6},"end":{"line":8,"column":null}},{"start":{"line":9,"column":6},"end":{"line":9,"column":null}}]},"1":{"loc":{"start":{"line":7,"column":2},"end":{"line":7,"column":null}},"type":"binary-expr","locations":[{"start":{"line":7,"column":2},"end":{"line":7,"column":17}},{"start":{"line":7,"column":17},"end":{"line":7,"column":null}}]}},"s":{"0":0,"1":0,"2":0,"3":0,"4":0},"f":{},"b":{"0":[0,0],"1":[0,0]}}
,"/Users/user/PM_Interview_Questions/lib/hooks/useAudioRecorder.ts": {"path":"/Users/user/PM_Interview_Questions/lib/hooks/useAudioRecorder.ts","statementMap":{"0":{"start":{"line":18,"column":16},"end":{"line":18,"column":null}},"1":{"start":{"line":3,"column":57},"end":{"line":3,"column":null}},"2":{"start":{"line":19,"column":28},"end":{"line":19,"column":null}},"3":{"start":{"line":20,"column":36},"end":{"line":20,"column":null}},"4":{"start":{"line":21,"column":34},"end":{"line":21,"column":null}},"5":{"start":{"line":22,"column":28},"end":{"line":22,"column":null}},"6":{"start":{"line":23,"column":38},"end":{"line":23,"column":null}},"7":{"start":{"line":25,"column":27},"end":{"line":25,"column":null}},"8":{"start":{"line":26,"column":20},"end":{"line":26,"column":null}},"9":{"start":{"line":27,"column":20},"end":{"line":27,"column":null}},"10":{"start":{"line":28,"column":19},"end":{"line":28,"column":null}},"11":{"start":{"line":29,"column":22},"end":{"line":29,"column":null}},"12":{"start":{"line":30,"column":23},"end":{"line":30,"column":null}},"13":{"start":{"line":33,"column":2},"end":{"line":41,"column":null}},"14":{"start":{"line":34,"column":4},"end":{"line":40,"column":null}},"15":{"start":{"line":35,"column":6},"end":{"line":35,"column":null}},"16":{"start":{"line":35,"column":28},"end":{"line":35,"column":null}},"17":{"start":{"line":36,"column":6},"end":{"line":36,"column":null}},"18":{"start":{"line":36,"column":32},"end":{"line":36,"column":null}},"19":{"start":{"line":37,"column":6},"end":{"line":39,"column":null}},"20":{"start":{"line":38,"column":8},"end":{"line":38,"column":null}},"21":{"start":{"line":38,"column":57},"end":{"line":38,"column":null}},"22":{"start":{"line":43,"column":27},"end":{"line":56,"column":null}},"23":{"start":{"line":44,"column":4},"end":{"line":44,"column":null}},"24":{"start":{"line":44,"column":30},"end":{"line":44,"column":null}},"25":{"start":{"line":46,"column":22},"end":{"line":46,"column":null}},"26":{"start":{"line":47,"column":4},"end":{"line":47,"column":null}},"27":{"start":{"line":50,"column":20},"end":{"line":50,"column":75}},"28":{"start":{"line":50,"column":47},"end":{"line":50,"column":54}},"29":{"start":{"line":51,"column":4},"end":{"line":51,"column":34}},"30":{"start":{"line":53,"column":4},"end":{"line":55,"column":null}},"31":{"start":{"line":54,"column":6},"end":{"line":54,"column":null}},"32":{"start":{"line":58,"column":25},"end":{"line":135,"column":null}},"33":{"start":{"line":59,"column":4},"end":{"line":134,"column":null}},"34":{"start":{"line":60,"column":6},"end":{"line":60,"column":null}},"35":{"start":{"line":61,"column":6},"end":{"line":61,"column":null}},"36":{"start":{"line":64,"column":21},"end":{"line":70,"column":null}},"37":{"start":{"line":71,"column":6},"end":{"line":71,"column":null}},"38":{"start":{"line":74,"column":27},"end":{"line":74,"column":null}},"39":{"start":{"line":75,"column":21},"end":{"line":75,"column":null}},"40":{"start":{"line":76,"column":23},"end":{"line":76,"column":null}},"41":{"start":{"line":77,"column":6},"end":{"line":77,"column":null}},"42":{"start":{"line":78,"column":6},"end":{"line":78,"column":null}},"43":{"start":{"line":79,"column":6},"end":{"line":79,"column":null}},"44":{"start":{"line":82,"column":23},"end":{"line":86,"column":null}},"45":{"start":{"line":88,"column":28},"end":{"line":88,"column":null}},"46":{"start":{"line":89,"column":6},"end":{"line":89,"column":null}},"47":{"start":{"line":91,"column":6},"end":{"line":95,"column":null}},"48":{"start":{"line":92,"column":8},"end":{"line":94,"column":null}},"49":{"start":{"line":93,"column":10},"end":{"line":93,"column":null}},"50":{"start":{"line":97,"column":6},"end":{"line":106,"column":null}},"51":{"start":{"line":98,"column":21},"end":{"line":98,"column":null}},"52":{"start":{"line":99,"column":8},"end":{"line":99,"column":null}},"53":{"start":{"line":100,"column":8},"end":{"line":100,"column":null}},"54":{"start":{"line":103,"column":8},"end":{"line":103,"column":null}},"55":{"start":{"line":103,"column":30},"end":{"line":103,"column":null}},"56":{"start":{"line":104,"column":8},"end":{"line":104,"column":null}},"57":{"start":{"line":104,"column":34},"end":{"line":104,"column":null}},"58":{"start":{"line":105,"column":8},"end":{"line":105,"column":null}},"59":{"start":{"line":105,"column":46},"end":{"line":105,"column":null}},"60":{"start":{"line":108,"column":6},"end":{"line":111,"column":null}},"61":{"start":{"line":109,"column":8},"end":{"line":109,"column":null}},"62":{"start":{"line":110,"column":8},"end":{"line":110,"column":null}},"63":{"start":{"line":114,"column":6},"end":{"line":114,"column":32}},"64":{"start":{"line":115,"column":6},"end":{"line":115,"column":null}},"65":{"start":{"line":116,"column":6},"end":{"line":116,"column":null}},"66":{"start":{"line":119,"column":24},"end":{"line":119,"column":null}},"67":{"start":{"line":120,"column":6},"end":{"line":122,"column":null}},"68":{"start":{"line":121,"column":8},"end":{"line":121,"column":null}},"69":{"start":{"line":125,"column":6},"end":{"line":125,"column":null}},"70":{"start":{"line":127,"column":6},"end":{"line":127,"column":null}},"71":{"start":{"line":128,"column":6},"end":{"line":132,"column":null}},"72":{"start":{"line":129,"column":8},"end":{"line":129,"column":null}},"73":{"start":{"line":131,"column":8},"end":{"line":131,"column":null}},"74":{"start":{"line":133,"column":6},"end":{"line":133,"column":null}},"75":{"start":{"line":137,"column":24},"end":{"line":141,"column":null}},"76":{"start":{"line":138,"column":4},"end":{"line":140,"column":null}},"77":{"start":{"line":139,"column":6},"end":{"line":139,"column":null}},"78":{"start":{"line":143,"column":25},"end":{"line":150,"column":null}},"79":{"start":{"line":144,"column":4},"end":{"line":144,"column":null}},"80":{"start":{"line":145,"column":4},"end":{"line":145,"column":null}},"81":{"start":{"line":146,"column":4},"end":{"line":146,"column":null}},"82":{"start":{"line":147,"column":4},"end":{"line":147,"column":null}},"83":{"start":{"line":148,"column":4},"end":{"line":148,"column":null}},"84":{"start":{"line":149,"column":4},"end":{"line":149,"column":null}},"85":{"start":{"line":152,"column":2},"end":{"line":161,"column":null}}},"fnMap":{"0":{"name":"useAudioRecorder","decl":{"start":{"line":18,"column":16},"end":{"line":18,"column":null}},"loc":{"start":{"line":18,"column":16},"end":{"line":162,"column":null}}},"1":{"name":"(anonymous_2)","decl":{"start":{"line":33,"column":12},"end":{"line":33,"column":null}},"loc":{"start":{"line":33,"column":12},"end":{"line":41,"column":5}}},"2":{"name":"(anonymous_3)","decl":{"start":{"line":34,"column":11},"end":{"line":34,"column":null}},"loc":{"start":{"line":34,"column":11},"end":{"line":40,"column":null}}},"3":{"name":"(anonymous_4)","decl":{"start":{"line":38,"column":46},"end":{"line":38,"column":47}},"loc":{"start":{"line":38,"column":57},"end":{"line":38,"column":null}}},"4":{"name":"(anonymous_5)","decl":{"start":{"line":43,"column":39},"end":{"line":43,"column":null}},"loc":{"start":{"line":43,"column":39},"end":{"line":56,"column":5}}},"5":{"name":"(anonymous_6)","decl":{"start":{"line":50,"column":37},"end":{"line":50,"column":38}},"loc":{"start":{"line":50,"column":47},"end":{"line":50,"column":54}}},"6":{"name":"(anonymous_7)","decl":{"start":{"line":58,"column":37},"end":{"line":58,"column":null}},"loc":{"start":{"line":58,"column":37},"end":{"line":135,"column":5}}},"7":{"name":"(anonymous_8)","decl":{"start":{"line":91,"column":38},"end":{"line":91,"column":39}},"loc":{"start":{"line":91,"column":39},"end":{"line":95,"column":null}}},"8":{"name":"(anonymous_9)","decl":{"start":{"line":97,"column":29},"end":{"line":97,"column":null}},"loc":{"start":{"line":97,"column":29},"end":{"line":106,"column":null}}},"9":{"name":"(anonymous_10)","decl":{"start":{"line":105,"column":35},"end":{"line":105,"column":36}},"loc":{"start":{"line":105,"column":46},"end":{"line":105,"column":null}}},"10":{"name":"(anonymous_11)","decl":{"start":{"line":108,"column":30},"end":{"line":108,"column":null}},"loc":{"start":{"line":108,"column":30},"end":{"line":111,"column":null}}},"11":{"name":"(anonymous_12)","decl":{"start":{"line":120,"column":37},"end":{"line":120,"column":null}},"loc":{"start":{"line":120,"column":37},"end":{"line":122,"column":9}}},"12":{"name":"(anonymous_13)","decl":{"start":{"line":137,"column":36},"end":{"line":137,"column":null}},"loc":{"start":{"line":137,"column":36},"end":{"line":141,"column":5}}},"13":{"name":"(anonymous_14)","decl":{"start":{"line":143,"column":37},"end":{"line":143,"column":null}},"loc":{"start":{"line":143,"column":37},"end":{"line":150,"column":5}}}},"branchMap":{"0":{"loc":{"start":{"line":35,"column":6},"end":{"line":35,"column":null}},"type":"if","locations":[{"start":{"line":35,"column":6},"end":{"line":35,"column":null}}]},"1":{"loc":{"start":{"line":36,"column":6},"end":{"line":36,"column":null}},"type":"if","locations":[{"start":{"line":36,"column":6},"end":{"line":36,"column":null}}]},"2":{"loc":{"start":{"line":37,"column":6},"end":{"line":39,"column":null}},"type":"if","locations":[{"start":{"line":37,"column":6},"end":{"line":39,"column":null}}]},"3":{"loc":{"start":{"line":44,"column":4},"end":{"line":44,"column":null}},"type":"if","locations":[{"start":{"line":44,"column":4},"end":{"line":44,"column":null}}]},"4":{"loc":{"start":{"line":53,"column":4},"end":{"line":55,"column":null}},"type":"if","locations":[{"start":{"line":53,"column":4},"end":{"line":55,"column":null}}]},"5":{"loc":{"start":{"line":82,"column":23},"end":{"line":86,"column":null}},"type":"cond-expr","locations":[{"start":{"line":83,"column":10},"end":{"line":83,"column":null}},{"start":{"line":84,"column":10},"end":{"line":86,"column":null}}]},"6":{"loc":{"start":{"line":84,"column":10},"end":{"line":86,"column":null}},"type":"cond-expr","locations":[{"start":{"line":85,"column":10},"end":{"line":85,"column":null}},{"start":{"line":86,"column":10},"end":{"line":86,"column":null}}]},"7":{"loc":{"start":{"line":92,"column":8},"end":{"line":94,"column":null}},"type":"if","locations":[{"start":{"line":92,"column":8},"end":{"line":94,"column":null}}]},"8":{"loc":{"start":{"line":103,"column":8},"end":{"line":103,"column":null}},"type":"if","locations":[{"start":{"line":103,"column":8},"end":{"line":103,"column":null}}]},"9":{"loc":{"start":{"line":104,"column":8},"end":{"line":104,"column":null}},"type":"if","locations":[{"start":{"line":104,"column":8},"end":{"line":104,"column":null}}]},"10":{"loc":{"start":{"line":128,"column":6},"end":{"line":132,"column":null}},"type":"if","locations":[{"start":{"line":128,"column":6},"end":{"line":132,"column":null}},{"start":{"line":130,"column":13},"end":{"line":132,"column":null}}]},"11":{"loc":{"start":{"line":128,"column":10},"end":{"line":128,"column":73}},"type":"binary-expr","locations":[{"start":{"line":128,"column":10},"end":{"line":128,"column":41}},{"start":{"line":128,"column":41},"end":{"line":128,"column":73}}]},"12":{"loc":{"start":{"line":138,"column":4},"end":{"line":140,"column":null}},"type":"if","locations":[{"start":{"line":138,"column":4},"end":{"line":140,"column":null}}]},"13":{"loc":{"start":{"line":138,"column":8},"end":{"line":138,"column":59}},"type":"binary-expr","locations":[{"start":{"line":138,"column":8},"end":{"line":138,"column":32}},{"start":{"line":138,"column":36},"end":{"line":138,"column":59}}]}},"s":{"0":0,"1":0,"2":0,"3":0,"4":0,"5":0,"6":0,"7":0,"8":0,"9":0,"10":0,"11":0,"12":0,"13":0,"14":0,"15":0,"16":0,"17":0,"18":0,"19":0,"20":0,"21":0,"22":0,"23":0,"24":0,"25":0,"26":0,"27":0,"28":0,"29":0,"30":0,"31":0,"32":0,"33":0,"34":0,"35":0,"36":0,"37":0,"38":0,"39":0,"40":0,"41":0,"42":0,"43":0,"44":0,"45":0,"46":0,"47":0,"48":0,"49":0,"50":0,"51":0,"52":0,"53":0,"54":0,"55":0,"56":0,"57":0,"58":0,"59":0,"60":0,"61":0,"62":0,"63":0,"64":0,"65":0,"66":0,"67":0,"68":0,"69":0,"70":0,"71":0,"72":0,"73":0,"74":0,"75":0,"76":0,"77":0,"78":0,"79":0,"80":0,"81":0,"82":0,"83":0,"84":0,"85":0},"f":{"0":0,"1":0,"2":0,"3":0,"4":0,"5":0,"6":0,"7":0,"8":0,"9":0,"10":0,"11":0,"12":0,"13":0},"b":{"0":[0],"1":[0],"2":[0],"3":[0],"4":[0],"5":[0,0],"6":[0,0],"7":[0],"8":[0],"9":[0],"10":[0,0],"11":[0,0],"12":[0],"13":[0,0]}}
}
