TN:
SF:app/layout.tsx
FN:104,RootLayout
FNF:1
FNH:0
FNDA:0,RootLayout
DA:1,0
DA:2,0
DA:5,0
DA:12,0
DA:19,0
DA:26,0
DA:28,0
DA:104,0
LF:8
LH:0
BRDA:26,0,0,0
BRDA:26,0,1,0
BRF:2
BRH:0
end_of_record
TN:
SF:app/loading.tsx
FN:1,RootLoading
FNF:1
FNH:0
FNDA:0,RootLoading
DA:1,0
LF:1
LH:0
BRF:0
BRH:0
end_of_record
TN:
SF:app/page.tsx
FN:8,JsonLd
FN:110,Home
FN:113,(anonymous_4)
FNF:3
FNH:0
FNDA:0,JsonLd
FNDA:0,Home
FNDA:0,(anonymous_4)
DA:1,0
DA:2,0
DA:3,0
DA:4,0
DA:5,0
DA:9,0
DA:11,0
DA:21,0
DA:33,0
DA:57,0
DA:110,0
DA:111,0
DA:112,0
DA:113,0
LF:14
LH:0
BRDA:9,0,0,0
BRDA:9,0,1,0
BRDA:113,1,0,0
BRDA:113,1,1,0
BRF:4
BRH:0
end_of_record
TN:
SF:app/robots.ts
FN:5,robots
FNF:1
FNH:0
FNDA:0,robots
DA:3,0
DA:5,0
DA:6,0
LF:3
LH:0
BRDA:3,0,0,0
BRDA:3,0,1,0
BRF:2
BRH:0
end_of_record
TN:
SF:app/sitemap.ts
FN:6,sitemap
FN:34,(anonymous_2)
FNF:2
FNH:0
FNDA:0,sitemap
FNDA:0,(anonymous_2)
DA:2,0
DA:4,0
DA:6,0
DA:8,0
DA:30,0
DA:32,0
DA:33,0
DA:34,0
DA:41,0
DA:44,0
LF:10
LH:0
BRDA:4,0,0,0
BRDA:4,0,1,0
BRF:2
BRH:0
end_of_record
TN:
SF:app/api/checkout/route.ts
FN:4,POST
FN:16,(anonymous_3)
FNF:2
FNH:0
FNDA:0,POST
FNDA:0,(anonymous_3)
DA:1,0
DA:2,0
DA:4,0
DA:5,0
DA:6,0
DA:7,0
DA:13,0
DA:15,0
DA:16,0
DA:17,0
DA:19,0
DA:47,0
DA:49,0
DA:50,0
LF:14
LH:0
BRDA:5,0,0,0
BRDA:30,1,0,0
BRDA:30,1,1,0
BRDA:39,2,0,0
BRDA:39,2,1,0
BRDA:40,3,0,0
BRDA:40,3,1,0
BRDA:41,4,0,0
BRDA:41,4,1,0
BRF:9
BRH:0
end_of_record
TN:
SF:app/api/interview/clarify/route.ts
FN:10,POST
FN:47,(anonymous_2)
FNF:2
FNH:0
FNDA:0,POST
FNDA:0,(anonymous_2)
DA:1,0
DA:2,0
DA:4,0
DA:10,0
DA:11,0
DA:12,0
DA:18,0
DA:19,0
DA:20,0
DA:22,0
DA:23,0
DA:30,0
DA:31,0
DA:34,0
DA:35,0
DA:36,0
DA:39,0
DA:40,0
DA:41,0
DA:45,0
DA:48,0
DA:53,0
DA:94,0
DA:95,0
DA:96,0
DA:97,0
DA:103,0
DA:104,0
DA:107,0
DA:122,0
DA:123,0
DA:124,0
DA:125,0
DA:128,0
DA:133,0
DA:134,0
LF:36
LH:0
BRDA:11,0,0,0
BRDA:20,1,0,0
BRDA:22,2,0,0
BRDA:22,3,0,0
BRDA:22,3,1,0
BRDA:35,4,0,0
BRDA:40,5,0,0
BRDA:86,6,0,0
BRDA:86,6,1,0
BRDA:94,7,0,0
BRDA:104,8,0,0
BRDA:104,8,1,0
BRDA:123,9,0,0
BRF:13
BRH:0
end_of_record
TN:
SF:app/api/interview/converse/route.ts
FN:22,POST
FN:118,(anonymous_2)
FN:213,buildSystemPrompt
FNF:3
FNH:0
FNDA:0,POST
FNDA:0,(anonymous_2)
FNDA:0,buildSystemPrompt
DA:1,0
DA:2,0
DA:4,0
DA:22,0
DA:23,0
DA:24,0
DA:30,0
DA:31,0
DA:42,0
DA:45,0
DA:46,0
DA:53,0
DA:54,0
DA:55,0
DA:56,0
DA:59,0
DA:60,0
DA:67,0
DA:68,0
DA:69,0
DA:70,0
DA:71,0
DA:74,0
DA:75,0
DA:76,0
DA:79,0
DA:80,0
DA:81,0
DA:84,0
DA:85,0
DA:86,0
DA:90,0
DA:91,0
DA:92,0
DA:93,0
DA:99,0
DA:108,0
DA:112,0
DA:117,0
DA:119,0
DA:124,0
DA:128,0
DA:140,0
DA:157,0
DA:158,0
DA:159,0
DA:160,0
DA:166,0
DA:167,0
DA:170,0
DA:171,0
DA:172,0
DA:187,0
DA:188,0
DA:189,0
DA:192,0
DA:196,0
DA:201,0
DA:202,0
DA:214,0
DA:246,0
DA:290,0
DA:294,0
LF:63
LH:0
BRDA:23,0,0,0
BRDA:37,1,0,0
BRDA:38,2,0,0
BRDA:39,3,0,0
BRDA:40,4,0,0
BRDA:41,5,0,0
BRDA:45,6,0,0
BRDA:45,7,0,0
BRDA:45,7,1,0
BRDA:53,8,0,0
BRDA:53,9,0,0
BRDA:53,9,1,0
BRDA:55,10,0,0
BRDA:55,10,1,0
BRDA:56,11,0,0
BRDA:56,11,1,0
BRDA:59,12,0,0
BRDA:59,13,0,0
BRDA:59,13,1,0
BRDA:67,14,0,0
BRDA:67,14,1,0
BRDA:68,15,0,0
BRDA:68,15,1,0
BRDA:70,16,0,0
BRDA:70,16,1,0
BRDA:71,17,0,0
BRDA:71,17,1,0
BRDA:75,18,0,0
BRDA:80,19,0,0
BRDA:85,20,0,0
BRDA:91,21,0,0
BRDA:93,22,0,0
BRDA:94,23,0,0
BRDA:94,23,1,0
BRDA:94,23,2,0
BRDA:94,23,3,0
BRDA:94,23,4,0
BRDA:108,24,0,0
BRDA:108,24,1,0
BRDA:112,25,0,0
BRDA:112,25,1,0
BRDA:113,26,0,0
BRDA:113,26,1,0
BRDA:113,27,0,0
BRDA:113,27,1,0
BRDA:113,28,0,0
BRDA:113,28,1,0
BRDA:117,29,0,0
BRDA:117,29,1,0
BRDA:119,30,0,0
BRDA:119,30,1,0
BRDA:157,31,0,0
BRDA:167,32,0,0
BRDA:167,32,1,0
BRDA:187,33,0,0
BRDA:290,34,0,0
BRDA:290,34,1,0
BRDA:294,35,0,0
BRDA:294,35,1,0
BRF:59
BRH:0
end_of_record
TN:
SF:app/api/interview/evaluate/route.ts
FN:11,POST
FNF:1
FNH:0
FNDA:0,POST
DA:1,0
DA:6,0
DA:7,0
DA:9,0
DA:11,0
DA:12,0
DA:13,0
DA:19,0
DA:20,0
DA:29,0
DA:32,0
DA:33,0
DA:39,0
DA:40,0
DA:47,0
DA:48,0
DA:49,0
DA:50,0
DA:51,0
DA:54,0
DA:55,0
DA:60,0
DA:64,0
DA:65,0
DA:67,0
DA:69,0
DA:76,0
DA:85,0
DA:86,0
DA:87,0
DA:90,0
DA:91,0
DA:92,0
DA:95,0
DA:96,0
DA:97,0
DA:98,0
DA:114,0
DA:138,0
DA:139,0
DA:140,0
DA:141,0
DA:147,0
DA:148,0
DA:150,0
DA:151,0
DA:159,0
DA:161,0
DA:165,0
DA:167,0
DA:168,0
DA:175,0
DA:176,0
DA:177,0
DA:183,0
DA:190,0
DA:191,0
LF:57
LH:0
BRDA:12,0,0,0
BRDA:24,1,0,0
BRDA:25,2,0,0
BRDA:28,3,0,0
BRDA:32,4,0,0
BRDA:39,5,0,0
BRDA:39,6,0,0
BRDA:39,6,1,0
BRDA:49,7,0,0
BRDA:49,7,1,0
BRDA:50,8,0,0
BRDA:50,8,1,0
BRDA:51,9,0,0
BRDA:51,9,1,0
BRDA:54,10,0,0
BRDA:54,10,1,0
BRDA:54,11,0,0
BRDA:54,11,1,0
BRDA:56,12,0,0
BRDA:56,12,1,0
BRDA:57,13,0,0
BRDA:57,13,1,0
BRDA:65,14,0,0
BRDA:69,15,0,0
BRDA:70,16,0,0
BRDA:70,16,1,0
BRDA:70,16,2,0
BRDA:70,16,3,0
BRDA:70,16,4,0
BRDA:70,16,5,0
BRDA:86,17,0,0
BRDA:91,18,0,0
BRDA:95,19,0,0
BRDA:97,20,0,0
BRDA:138,21,0,0
BRDA:150,22,0,0
BRDA:175,23,0,0
BRF:37
BRH:0
end_of_record
TN:
SF:app/api/interview/evaluate-behavioral/route.ts
FN:11,POST
FN:43,(anonymous_2)
FNF:2
FNH:0
FNDA:0,POST
FNDA:0,(anonymous_2)
DA:1,0
DA:6,0
DA:7,0
DA:9,0
DA:11,0
DA:12,0
DA:13,0
DA:19,0
DA:20,0
DA:21,0
DA:24,0
DA:25,0
DA:31,0
DA:32,0
DA:39,0
DA:40,0
DA:41,0
DA:42,0
DA:43,0
DA:47,0
DA:48,0
DA:49,0
DA:52,0
DA:53,0
DA:54,0
DA:58,0
DA:61,0
DA:85,0
DA:86,0
DA:87,0
DA:88,0
DA:94,0
DA:95,0
DA:97,0
DA:98,0
DA:99,0
DA:107,0
DA:109,0
DA:113,0
DA:115,0
DA:116,0
DA:123,0
DA:124,0
DA:125,0
DA:131,0
DA:136,0
DA:137,0
LF:47
LH:0
BRDA:12,0,0,0
BRDA:21,1,0,0
BRDA:24,2,0,0
BRDA:31,3,0,0
BRDA:31,4,0,0
BRDA:31,4,1,0
BRDA:41,5,0,0
BRDA:41,5,1,0
BRDA:42,6,0,0
BRDA:42,6,1,0
BRDA:43,7,0,0
BRDA:43,7,1,0
BRDA:48,8,0,0
BRDA:53,9,0,0
BRDA:85,10,0,0
BRDA:97,11,0,0
BRDA:123,12,0,0
BRF:17
BRH:0
end_of_record
TN:
SF:app/api/interview/evaluate-system-design/route.ts
FN:11,POST
FNF:1
FNH:0
FNDA:0,POST
DA:1,0
DA:6,0
DA:7,0
DA:9,0
DA:11,0
DA:12,0
DA:13,0
DA:19,0
DA:20,0
DA:21,0
DA:24,0
DA:25,0
DA:31,0
DA:32,0
DA:39,0
DA:40,0
DA:41,0
DA:42,0
DA:45,0
DA:46,0
DA:47,0
DA:50,0
DA:51,0
DA:52,0
DA:56,0
DA:64,0
DA:88,0
DA:89,0
DA:90,0
DA:91,0
DA:97,0
DA:98,0
DA:100,0
DA:101,0
DA:102,0
DA:110,0
DA:111,0
DA:115,0
DA:117,0
DA:118,0
DA:125,0
DA:126,0
DA:127,0
DA:133,0
DA:138,0
DA:139,0
LF:46
LH:0
BRDA:12,0,0,0
BRDA:24,1,0,0
BRDA:31,2,0,0
BRDA:31,3,0,0
BRDA:31,3,1,0
BRDA:41,4,0,0
BRDA:41,4,1,0
BRDA:42,5,0,0
BRDA:42,5,1,0
BRDA:46,6,0,0
BRDA:51,7,0,0
BRDA:88,8,0,0
BRDA:100,9,0,0
BRDA:125,10,0,0
BRF:14
BRH:0
end_of_record
TN:
SF:app/api/interview/followup/route.ts
FN:12,POST
FNF:1
FNH:0
FNDA:0,POST
DA:1,0
DA:2,0
DA:3,0
DA:5,0
DA:12,0
DA:13,0
DA:14,0
DA:20,0
DA:21,0
DA:31,0
DA:34,0
DA:35,0
DA:42,0
DA:43,0
DA:44,0
DA:48,0
DA:52,0
DA:53,0
DA:60,0
DA:61,0
DA:62,0
DA:63,0
DA:66,0
DA:67,0
DA:68,0
DA:69,0
DA:75,0
DA:84,0
DA:85,0
DA:86,0
DA:89,0
DA:90,0
DA:91,0
DA:96,0
DA:98,0
DA:104,0
DA:109,0
DA:118,0
DA:160,0
DA:161,0
DA:162,0
DA:163,0
DA:169,0
DA:170,0
DA:172,0
DA:173,0
DA:179,0
DA:184,0
DA:185,0
LF:49
LH:0
BRDA:13,0,0,0
BRDA:27,1,0,0
BRDA:28,2,0,0
BRDA:30,3,0,0
BRDA:34,4,0,0
BRDA:34,5,0,0
BRDA:34,5,1,0
BRDA:42,6,0,0
BRDA:42,7,0,0
BRDA:42,7,1,0
BRDA:48,8,0,0
BRDA:48,8,1,0
BRDA:52,9,0,0
BRDA:60,10,0,0
BRDA:60,10,1,0
BRDA:61,11,0,0
BRDA:61,11,1,0
BRDA:63,12,0,0
BRDA:63,12,1,0
BRDA:67,13,0,0
BRDA:69,14,0,0
BRDA:70,15,0,0
BRDA:70,15,1,0
BRDA:70,15,2,0
BRDA:70,15,3,0
BRDA:70,15,4,0
BRDA:85,16,0,0
BRDA:90,17,0,0
BRDA:96,18,0,0
BRDA:96,19,0,0
BRDA:96,19,1,0
BRDA:98,20,0,0
BRDA:99,21,0,0
BRDA:99,21,1,0
BRDA:99,21,2,0
BRDA:99,21,3,0
BRDA:160,22,0,0
BRDA:172,23,0,0
BRF:38
BRH:0
end_of_record
TN:
SF:app/api/interview/speak/route.ts
FN:50,summarizeQuestion
FN:96,buildInterviewPrompt
FN:121,POST
FNF:3
FNH:0
FNDA:0,summarizeQuestion
FNDA:0,buildInterviewPrompt
FNDA:0,POST
DA:1,0
DA:2,0
DA:4,0
DA:7,0
DA:10,0
DA:22,0
DA:31,0
DA:40,0
DA:51,0
DA:87,0
DA:89,0
DA:92,0
DA:93,0
DA:97,0
DA:98,0
DA:99,0
DA:100,0
DA:103,0
DA:104,0
DA:105,0
DA:106,0
DA:107,0
DA:108,0
DA:109,0
DA:110,0
DA:111,0
DA:112,0
DA:113,0
DA:118,0
DA:121,0
DA:122,0
DA:123,0
DA:129,0
DA:130,0
DA:137,0
DA:140,0
DA:141,0
DA:148,0
DA:149,0
DA:150,0
DA:154,0
DA:155,0
DA:156,0
DA:159,0
DA:160,0
DA:161,0
DA:165,0
DA:167,0
DA:169,0
DA:171,0
DA:174,0
DA:175,0
DA:177,0
DA:181,0
DA:184,0
DA:199,0
DA:200,0
DA:201,0
DA:202,0
DA:209,0
DA:211,0
DA:218,0
DA:219,0
LF:63
LH:0
BRDA:79,0,0,0
BRDA:79,0,1,0
BRDA:87,1,0,0
BRDA:89,2,0,0
BRDA:89,2,1,0
BRDA:93,3,0,0
BRDA:93,3,1,0
BRDA:99,4,0,0
BRDA:99,4,1,0
BRDA:104,5,0,0
BRDA:106,6,0,0
BRDA:106,6,1,0
BRDA:106,7,0,0
BRDA:106,7,1,0
BRDA:108,8,0,0
BRDA:108,8,1,0
BRDA:108,9,0,0
BRDA:108,9,1,0
BRDA:110,10,0,0
BRDA:110,10,1,0
BRDA:110,11,0,0
BRDA:110,11,1,0
BRDA:112,12,0,0
BRDA:122,13,0,0
BRDA:140,14,0,0
BRDA:140,15,0,0
BRDA:140,15,1,0
BRDA:148,16,0,0
BRDA:148,17,0,0
BRDA:148,17,1,0
BRDA:154,18,0,0
BRDA:154,18,1,0
BRDA:155,19,0,0
BRDA:155,19,1,0
BRDA:156,20,0,0
BRDA:156,20,1,0
BRDA:160,21,0,0
BRDA:165,22,0,0
BRDA:165,22,1,0
BRDA:169,23,0,0
BRDA:169,23,1,0
BRDA:171,24,0,0
BRDA:171,24,1,0
BRDA:175,25,0,0
BRDA:199,26,0,0
BRF:45
BRH:0
end_of_record
TN:
SF:app/api/interview/transcribe/route.ts
FN:16,POST
FN:37,(anonymous_2)
FNF:2
FNH:0
FNDA:0,POST
FNDA:0,(anonymous_2)
DA:1,0
DA:4,0
DA:7,0
DA:16,0
DA:17,0
DA:18,0
DA:24,0
DA:25,0
DA:26,0
DA:28,0
DA:29,0
DA:36,0
DA:37,0
DA:38,0
DA:45,0
DA:46,0
DA:53,0
DA:54,0
DA:61,0
DA:62,0
DA:63,0
DA:64,0
DA:67,0
DA:78,0
DA:79,0
DA:80,0
DA:81,0
DA:87,0
DA:89,0
DA:93,0
DA:94,0
LF:31
LH:0
BRDA:17,0,0,0
BRDA:28,1,0,0
BRDA:37,2,0,0
BRDA:45,3,0,0
BRDA:53,4,0,0
BRDA:78,5,0,0
BRF:6
BRH:0
end_of_record
TN:
SF:app/api/webhook/stripe/route.ts
FN:5,getStripe
FN:10,getSupabaseAdmin
FN:20,POST
FN:56,(anonymous_5)
FNF:4
FNH:0
FNDA:0,getStripe
FNDA:0,getSupabaseAdmin
FNDA:0,POST
FNDA:0,(anonymous_5)
DA:1,0
DA:2,0
DA:3,0
DA:6,0
DA:7,0
DA:11,0
DA:12,0
DA:14,0
DA:20,0
DA:21,0
DA:22,0
DA:24,0
DA:25,0
DA:28,0
DA:29,0
DA:31,0
DA:32,0
DA:37,0
DA:38,0
DA:44,0
DA:45,0
DA:48,0
DA:49,0
DA:50,0
DA:52,0
DA:53,0
DA:55,0
DA:56,0
DA:58,0
DA:60,0
DA:68,0
DA:71,0
DA:76,0
DA:79,0
DA:84,0
LF:35
LH:0
BRDA:6,0,0,0
BRDA:11,1,0,0
BRDA:11,2,0,0
BRDA:11,2,1,0
BRDA:24,3,0,0
BRDA:24,4,0,0
BRDA:24,4,1,0
BRDA:31,5,0,0
BRDA:31,6,0,0
BRDA:31,6,1,0
BRDA:48,7,0,0
BRDA:52,8,0,0
BRDA:58,9,0,0
BRDA:58,9,1,0
BRF:14
BRH:0
end_of_record
TN:
SF:app/auth/callback/route.ts
FN:4,GET
FNF:1
FNH:0
FNDA:0,GET
DA:1,0
DA:2,0
DA:4,0
DA:5,0
DA:6,0
DA:7,0
DA:9,0
DA:10,0
DA:11,0
DA:13,0
DA:14,0
DA:17,0
DA:19,0
DA:20,0
DA:21,0
DA:27,0
LF:16
LH:0
BRDA:9,0,0,0
BRDA:13,1,0,0
BRDA:13,2,0,0
BRDA:13,2,1,0
BRDA:19,3,0,0
BRF:5
BRH:0
end_of_record
TN:
SF:app/components/CTAButton.tsx
FN:5,CTAButton
FNF:1
FNH:0
FNDA:0,CTAButton
DA:3,0
DA:5,0
LF:2
LH:0
BRF:0
BRH:0
end_of_record
TN:
SF:app/components/CheckoutButton.tsx
FN:10,CheckoutButton
FN:16,(anonymous_2)
FNF:2
FNH:0
FNDA:0,CheckoutButton
FNDA:0,(anonymous_2)
DA:3,0
DA:10,0
DA:14,0
DA:16,0
DA:17,0
DA:19,0
DA:20,0
DA:26,0
DA:28,0
DA:29,0
DA:30,0
DA:31,0
DA:32,0
DA:36,0
DA:37,0
DA:40,0
DA:41,0
DA:42,0
LF:18
LH:0
BRDA:11,0,0,0
BRDA:28,1,0,0
BRDA:36,2,0,0
BRDA:51,3,0,0
BRDA:51,3,1,0
BRDA:51,4,0,0
BRDA:51,4,1,0
BRDA:53,5,0,0
BRDA:53,5,1,0
BRF:9
BRH:0
end_of_record
TN:
SF:app/components/LandingHeader.tsx
FN:7,LandingHeader
FNF:1
FNH:0
FNDA:0,LandingHeader
DA:4,0
DA:5,0
DA:7,0
LF:3
LH:0
BRF:0
BRH:0
end_of_record
TN:
SF:app/components/LandingLogos.tsx
FN:17,LandingLogos
FN:20,(anonymous_3)
FN:21,(anonymous_4)
FN:26,(anonymous_5)
FN:36,(anonymous_6)
FNF:5
FNH:0
FNDA:0,LandingLogos
FNDA:0,(anonymous_3)
FNDA:0,(anonymous_4)
FNDA:0,(anonymous_5)
FNDA:0,(anonymous_6)
DA:3,0
DA:4,0
DA:17,0
DA:18,0
DA:20,0
DA:21,0
DA:27,0
DA:36,0
LF:8
LH:0
BRDA:29,0,0,0
BRF:1
BRH:0
end_of_record
TN:
SF:app/components/LogoMarquee.tsx
FN:41,getLogoUrl
FN:45,LogoMarquee
FN:48,(anonymous_4)
FN:49,(anonymous_5)
FN:61,(anonymous_6)
FN:74,(anonymous_7)
FNF:6
FNH:0
FNDA:0,getLogoUrl
FNDA:0,LogoMarquee
FNDA:0,(anonymous_4)
FNDA:0,(anonymous_5)
FNDA:0,(anonymous_6)
FNDA:0,(anonymous_7)
DA:3,0
DA:4,0
DA:5,0
DA:8,0
DA:42,0
DA:45,0
DA:46,0
DA:48,0
DA:49,0
DA:53,0
DA:62,0
DA:74,0
LF:12
LH:0
BRDA:64,0,0,0
BRF:1
BRH:0
end_of_record
TN:
SF:app/components/PricingCard.tsx
FN:5,PricingCard
FNF:1
FNH:0
FNDA:0,PricingCard
DA:3,0
DA:5,0
LF:2
LH:0
BRF:0
BRH:0
end_of_record
TN:
SF:app/dashboard/layout.tsx
FN:5,DashboardLayout
FNF:1
FNH:0
FNDA:0,DashboardLayout
DA:1,0
DA:2,0
DA:3,0
DA:5,0
LF:4
LH:0
BRF:0
BRH:0
end_of_record
TN:
SF:app/dashboard/loading.tsx
FN:3,DashboardLoading
FN:20,(anonymous_3)
FNF:2
FNH:0
FNDA:0,DashboardLoading
FNDA:0,(anonymous_3)
DA:1,0
DA:3,0
DA:21,0
LF:3
LH:0
BRF:0
BRH:0
end_of_record
TN:
SF:app/dashboard/page.tsx
FN:17,AppHome
FNF:1
FNH:0
FNDA:0,AppHome
DA:2,0
DA:3,0
DA:6,0
DA:8,0
DA:17,0
DA:18,0
LF:6
LH:0
BRF:0
BRH:0
end_of_record
TN:
SF:app/dashboard/company/[slug]/loading.tsx
FN:3,CompanyLoading
FN:32,(anonymous_3)
FN:46,(anonymous_4)
FNF:3
FNH:0
FNDA:0,CompanyLoading
FNDA:0,(anonymous_3)
FNDA:0,(anonymous_4)
DA:1,0
DA:3,0
DA:33,0
DA:47,0
LF:4
LH:0
BRF:0
BRH:0
end_of_record
TN:
SF:app/dashboard/company/[slug]/page.tsx
FN:13,generateMetadata
FN:32,CompanyPage
FNF:2
FNH:0
FNDA:0,generateMetadata
FNDA:0,CompanyPage
DA:2,0
DA:3,0
DA:4,0
DA:7,0
DA:13,0
DA:14,0
DA:16,0
DA:17,0
DA:22,0
DA:32,0
DA:33,0
DA:35,0
DA:40,0
DA:41,0
LF:14
LH:0
BRDA:16,0,0,0
BRDA:40,1,0,0
BRF:2
BRH:0
end_of_record
TN:
SF:app/dashboard/components/BehavioralInterviewPanel.tsx
FN:39,BehavioralInterviewPanel
FN:83,(anonymous_3)
FN:84,(anonymous_4)
FN:90,(anonymous_5)
FN:95,(anonymous_6)
FN:104,(anonymous_7)
FN:134,(anonymous_8)
FN:140,(anonymous_9)
FN:152,(anonymous_10)
FN:167,(anonymous_11)
FN:181,(anonymous_12)
FN:187,(anonymous_13)
FN:196,(anonymous_14)
FN:211,(anonymous_15)
FN:216,(anonymous_16)
FN:231,(anonymous_17)
FN:237,(anonymous_18)
FN:252,(anonymous_19)
FN:261,(anonymous_20)
FN:267,(anonymous_21)
FN:316,(anonymous_22)
FN:346,(anonymous_23)
FN:370,(anonymous_24)
FN:376,(anonymous_25)
FN:380,(anonymous_26)
FN:390,(anonymous_27)
FN:396,(anonymous_28)
FN:444,(anonymous_29)
FN:449,(anonymous_30)
FN:462,(anonymous_31)
FN:470,(anonymous_32)
FN:474,(anonymous_33)
FN:501,(anonymous_34)
FN:513,(anonymous_35)
FN:538,(anonymous_36)
FN:549,(anonymous_37)
FN:679,(anonymous_38)
FN:688,(anonymous_39)
FN:702,(anonymous_40)
FN:723,(anonymous_41)
FNF:40
FNH:0
FNDA:0,BehavioralInterviewPanel
FNDA:0,(anonymous_3)
FNDA:0,(anonymous_4)
FNDA:0,(anonymous_5)
FNDA:0,(anonymous_6)
FNDA:0,(anonymous_7)
FNDA:0,(anonymous_8)
FNDA:0,(anonymous_9)
FNDA:0,(anonymous_10)
FNDA:0,(anonymous_11)
FNDA:0,(anonymous_12)
FNDA:0,(anonymous_13)
FNDA:0,(anonymous_14)
FNDA:0,(anonymous_15)
FNDA:0,(anonymous_16)
FNDA:0,(anonymous_17)
FNDA:0,(anonymous_18)
FNDA:0,(anonymous_19)
FNDA:0,(anonymous_20)
FNDA:0,(anonymous_21)
FNDA:0,(anonymous_22)
FNDA:0,(anonymous_23)
FNDA:0,(anonymous_24)
FNDA:0,(anonymous_25)
FNDA:0,(anonymous_26)
FNDA:0,(anonymous_27)
FNDA:0,(anonymous_28)
FNDA:0,(anonymous_29)
FNDA:0,(anonymous_30)
FNDA:0,(anonymous_31)
FNDA:0,(anonymous_32)
FNDA:0,(anonymous_33)
FNDA:0,(anonymous_34)
FNDA:0,(anonymous_35)
FNDA:0,(anonymous_36)
FNDA:0,(anonymous_37)
FNDA:0,(anonymous_38)
FNDA:0,(anonymous_39)
FNDA:0,(anonymous_40)
FNDA:0,(anonymous_41)
DA:3,0
DA:4,0
DA:5,0
DA:8,0
DA:9,0
DA:37,0
DA:39,0
DA:51,0
DA:52,0
DA:53,0
DA:54,0
DA:55,0
DA:56,0
DA:57,0
DA:58,0
DA:61,0
DA:62,0
DA:63,0
DA:64,0
DA:66,0
DA:67,0
DA:68,0
DA:69,0
DA:80,0
DA:83,0
DA:84,0
DA:85,0
DA:90,0
DA:91,0
DA:95,0
DA:96,0
DA:97,0
DA:100,0
DA:101,0
DA:102,0
DA:104,0
DA:105,0
DA:106,0
DA:107,0
DA:109,0
DA:110,0
DA:111,0
DA:118,0
DA:119,0
DA:120,0
DA:121,0
DA:122,0
DA:125,0
DA:126,0
DA:129,0
DA:131,0
DA:132,0
DA:134,0
DA:135,0
DA:136,0
DA:140,0
DA:141,0
DA:142,0
DA:144,0
DA:149,0
DA:152,0
DA:153,0
DA:154,0
DA:157,0
DA:159,0
DA:160,0
DA:161,0
DA:165,0
DA:167,0
DA:168,0
DA:169,0
DA:170,0
DA:171,0
DA:172,0
DA:174,0
DA:175,0
DA:181,0
DA:182,0
DA:183,0
DA:184,0
DA:185,0
DA:187,0
DA:191,0
DA:196,0
DA:197,0
DA:198,0
DA:200,0
DA:201,0
DA:202,0
DA:203,0
DA:206,0
DA:207,0
DA:208,0
DA:211,0
DA:212,0
DA:216,0
DA:217,0
DA:218,0
DA:220,0
DA:221,0
DA:222,0
DA:223,0
DA:226,0
DA:227,0
DA:228,0
DA:231,0
DA:232,0
DA:233,0
DA:237,0
DA:238,0
DA:239,0
DA:240,0
DA:241,0
DA:243,0
DA:244,0
DA:245,0
DA:252,0
DA:253,0
DA:254,0
DA:255,0
DA:256,0
DA:261,0
DA:262,0
DA:263,0
DA:267,0
DA:268,0
DA:270,0
DA:271,0
DA:273,0
DA:275,0
DA:276,0
DA:278,0
DA:283,0
DA:285,0
DA:288,0
DA:294,0
DA:295,0
DA:296,0
DA:299,0
DA:300,0
DA:301,0
DA:302,0
DA:304,0
DA:307,0
DA:310,0
DA:311,0
DA:312,0
DA:316,0
DA:317,0
DA:318,0
DA:329,0
DA:331,0
DA:332,0
DA:335,0
DA:336,0
DA:339,0
DA:341,0
DA:342,0
DA:346,0
DA:347,0
DA:349,0
DA:352,0
DA:358,0
DA:359,0
DA:360,0
DA:363,0
DA:364,0
DA:365,0
DA:366,0
DA:368,0
DA:370,0
DA:371,0
DA:372,0
DA:373,0
DA:376,0
DA:377,0
DA:380,0
DA:381,0
DA:384,0
DA:386,0
DA:390,0
DA:391,0
DA:392,0
DA:393,0
DA:396,0
DA:397,0
DA:399,0
DA:400,0
DA:411,0
DA:412,0
DA:413,0
DA:416,0
DA:417,0
DA:418,0
DA:421,0
DA:426,0
DA:429,0
DA:435,0
DA:436,0
DA:437,0
DA:438,0
DA:439,0
DA:441,0
DA:442,0
DA:444,0
DA:445,0
DA:446,0
DA:449,0
DA:450,0
DA:453,0
DA:455,0
DA:458,0
DA:462,0
DA:463,0
DA:464,0
DA:466,0
DA:470,0
DA:471,0
DA:474,0
DA:475,0
DA:476,0
DA:477,0
DA:501,0
DA:513,0
DA:539,0
DA:550,0
DA:680,0
DA:689,0
DA:703,0
DA:723,0
LF:230
LH:0
BRDA:48,0,0,0
BRDA:49,1,0,0
BRDA:96,2,0,0
BRDA:96,3,0,0
BRDA:96,3,1,0
BRDA:109,4,0,0
BRDA:118,5,0,0
BRDA:119,6,0,0
BRDA:129,7,0,0
BRDA:135,8,0,0
BRDA:149,9,0,0
BRDA:159,10,0,0
BRDA:159,11,0,0
BRDA:159,11,1,0
BRDA:169,12,0,0
BRDA:174,13,0,0
BRDA:183,14,0,0
BRDA:185,15,0,0
BRDA:200,16,0,0
BRDA:207,17,0,0
BRDA:220,18,0,0
BRDA:227,19,0,0
BRDA:232,20,0,0
BRDA:232,20,1,0
BRDA:232,21,0,0
BRDA:232,21,1,0
BRDA:233,22,0,0
BRDA:233,23,0,0
BRDA:233,23,1,0
BRDA:238,24,0,0
BRDA:253,25,0,0
BRDA:253,25,1,0
BRDA:255,26,0,0
BRDA:262,27,0,0
BRDA:262,28,0,0
BRDA:262,28,1,0
BRDA:262,28,2,0
BRDA:268,29,0,0
BRDA:283,30,0,0
BRDA:299,31,0,0
BRDA:299,31,1,0
BRDA:302,32,0,0
BRDA:302,32,1,0
BRDA:329,33,0,0
BRDA:349,34,0,0
BRDA:349,34,1,0
BRDA:358,35,0,0
BRDA:391,36,0,0
BRDA:411,37,0,0
BRDA:435,38,0,0
BRDA:435,38,1,0
BRDA:463,39,0,0
BRDA:463,39,1,0
BRDA:481,40,0,0
BRDA:481,40,1,0
BRDA:498,41,0,0
BRDA:510,42,0,0
BRDA:530,43,0,0
BRDA:536,44,0,0
BRDA:547,45,0,0
BRDA:553,46,0,0
BRDA:553,46,1,0
BRDA:558,47,0,0
BRDA:558,47,1,0
BRDA:563,48,0,0
BRDA:562,49,0,0
BRDA:562,49,1,0
BRDA:575,50,0,0
BRDA:586,51,0,0
BRDA:586,51,1,0
BRDA:590,52,0,0
BRDA:599,53,0,0
BRDA:599,53,1,0
BRDA:601,54,0,0
BRDA:614,55,0,0
BRDA:614,55,1,0
BRDA:614,55,2,0
BRDA:616,56,0,0
BRDA:630,57,0,0
BRDA:630,57,1,0
BRDA:634,58,0,0
BRDA:646,59,0,0
BRDA:646,59,1,0
BRDA:651,60,0,0
BRDA:657,61,0,0
BRDA:657,61,1,0
BRDA:666,62,0,0
BRDA:666,62,1,0
BRDA:720,63,0,0
BRF:89
BRH:0
end_of_record
TN:
SF:app/dashboard/components/CompanyGridClient.tsx
FN:17,CompanyGridClient
FN:24,(anonymous_3)
FN:27,(anonymous_4)
FN:33,(anonymous_5)
FN:37,(anonymous_6)
FN:38,(anonymous_7)
FN:41,(anonymous_8)
FN:70,(anonymous_9)
FN:75,(anonymous_10)
FN:80,(anonymous_11)
FN:93,(anonymous_12)
FN:151,(anonymous_13)
FNF:12
FNH:6
FNDA:6,CompanyGridClient
FNDA:5,(anonymous_3)
FNDA:0,(anonymous_4)
FNDA:12,(anonymous_5)
FNDA:0,(anonymous_6)
FNDA:0,(anonymous_7)
FNDA:2,(anonymous_8)
FNDA:0,(anonymous_9)
FNDA:12,(anonymous_10)
FNDA:2,(anonymous_11)
FNDA:0,(anonymous_12)
FNDA:0,(anonymous_13)
DA:3,1
DA:4,1
DA:5,1
DA:6,1
DA:7,1
DA:9,1
DA:10,1
DA:17,5
DA:18,6
DA:19,6
DA:20,6
DA:21,6
DA:22,6
DA:24,6
DA:25,5
DA:26,5
DA:27,0
DA:28,0
DA:32,6
DA:33,12
DA:37,6
DA:38,0
DA:41,6
DA:42,2
DA:44,1
DA:48,1
DA:49,1
DA:50,1
DA:70,0
DA:76,12
DA:80,2
DA:93,0
DA:152,0
DA:153,0
LF:34
LH:27
BRDA:17,0,0,0
BRDA:26,1,0,5
BRDA:33,2,0,12
BRDA:33,2,1,0
BRDA:42,3,0,1
BRDA:83,4,0,0
BRDA:105,5,0,12
BRDA:105,5,1,0
BRDA:107,6,0,12
BRDA:137,7,0,6
BRDA:148,8,0,6
BRF:11
BRH:7
end_of_record
TN:
SF:app/dashboard/components/CompanyGridClientWrapper.tsx
FN:15,CompanyGridClientWrapper
FN:19,(anonymous_3)
FN:25,(anonymous_4)
FNF:3
FNH:0
FNDA:0,CompanyGridClientWrapper
FNDA:0,(anonymous_3)
FNDA:0,(anonymous_4)
DA:3,0
DA:4,0
DA:6,0
DA:9,0
DA:15,0
DA:16,0
DA:17,0
DA:19,0
DA:21,0
DA:22,0
DA:25,0
DA:26,0
DA:27,0
DA:28,0
DA:31,0
DA:32,0
DA:34,0
DA:35,0
DA:38,0
DA:40,0
DA:44,0
DA:48,0
LF:22
LH:0
BRDA:21,0,0,0
BRDA:26,1,0,0
BRDA:34,2,0,0
BRDA:48,3,0,0
BRF:4
BRH:0
end_of_record
TN:
SF:app/dashboard/components/CompanyQuestionsClient.tsx
FN:19,formatDate
FN:39,CompanyQuestionsClient
FN:58,(anonymous_4)
FN:60,(anonymous_5)
FN:69,(anonymous_6)
FN:73,(anonymous_7)
FN:77,(anonymous_8)
FN:79,(anonymous_9)
FN:79,(anonymous_10)
FN:83,(anonymous_11)
FN:85,(anonymous_12)
FN:94,(anonymous_13)
FN:102,(anonymous_14)
FN:104,(anonymous_15)
FN:114,(anonymous_16)
FN:120,(anonymous_17)
FN:131,(anonymous_18)
FN:148,(anonymous_19)
FN:165,(anonymous_20)
FN:169,(anonymous_21)
FN:175,(anonymous_22)
FN:176,(anonymous_23)
FN:177,(anonymous_24)
FN:181,(anonymous_25)
FN:211,(anonymous_26)
FN:243,(anonymous_27)
FN:248,(anonymous_28)
FN:252,(anonymous_29)
FN:286,(anonymous_30)
FN:292,(anonymous_31)
FN:293,(anonymous_32)
FN:375,(anonymous_33)
FN:455,(anonymous_34)
FN:466,(anonymous_35)
FN:507,(anonymous_36)
FN:602,(anonymous_37)
FN:605,(anonymous_38)
FN:607,(anonymous_39)
FN:608,(anonymous_40)
FN:617,(anonymous_41)
FN:618,(anonymous_42)
FN:627,(anonymous_43)
FN:628,(anonymous_44)
FN:630,(anonymous_45)
FN:639,(anonymous_46)
FN:642,(anonymous_47)
FN:679,(anonymous_48)
FN:682,(anonymous_49)
FN:684,(anonymous_50)
FN:685,(anonymous_51)
FN:694,(anonymous_52)
FN:695,(anonymous_53)
FN:704,(anonymous_54)
FN:705,(anonymous_55)
FN:707,(anonymous_56)
FNF:55
FNH:0
FNDA:0,formatDate
FNDA:0,CompanyQuestionsClient
FNDA:0,(anonymous_4)
FNDA:0,(anonymous_5)
FNDA:0,(anonymous_6)
FNDA:0,(anonymous_7)
FNDA:0,(anonymous_8)
FNDA:0,(anonymous_9)
FNDA:0,(anonymous_10)
FNDA:0,(anonymous_11)
FNDA:0,(anonymous_12)
FNDA:0,(anonymous_13)
FNDA:0,(anonymous_14)
FNDA:0,(anonymous_15)
FNDA:0,(anonymous_16)
FNDA:0,(anonymous_17)
FNDA:0,(anonymous_18)
FNDA:0,(anonymous_19)
FNDA:0,(anonymous_20)
FNDA:0,(anonymous_21)
FNDA:0,(anonymous_22)
FNDA:0,(anonymous_23)
FNDA:0,(anonymous_24)
FNDA:0,(anonymous_25)
FNDA:0,(anonymous_26)
FNDA:0,(anonymous_27)
FNDA:0,(anonymous_28)
FNDA:0,(anonymous_29)
FNDA:0,(anonymous_30)
FNDA:0,(anonymous_31)
FNDA:0,(anonymous_32)
FNDA:0,(anonymous_33)
FNDA:0,(anonymous_34)
FNDA:0,(anonymous_35)
FNDA:0,(anonymous_36)
FNDA:0,(anonymous_37)
FNDA:0,(anonymous_38)
FNDA:0,(anonymous_39)
FNDA:0,(anonymous_40)
FNDA:0,(anonymous_41)
FNDA:0,(anonymous_42)
FNDA:0,(anonymous_43)
FNDA:0,(anonymous_44)
FNDA:0,(anonymous_45)
FNDA:0,(anonymous_46)
FNDA:0,(anonymous_47)
FNDA:0,(anonymous_48)
FNDA:0,(anonymous_49)
FNDA:0,(anonymous_50)
FNDA:0,(anonymous_51)
FNDA:0,(anonymous_52)
FNDA:0,(anonymous_53)
FNDA:0,(anonymous_54)
FNDA:0,(anonymous_55)
FNDA:0,(anonymous_56)
DA:3,0
DA:4,0
DA:5,0
DA:6,0
DA:7,0
DA:8,0
DA:9,0
DA:10,0
DA:11,0
DA:12,0
DA:13,0
DA:14,0
DA:20,0
DA:21,0
DA:22,0
DA:23,0
DA:29,0
DA:39,0
DA:44,0
DA:45,0
DA:46,0
DA:47,0
DA:48,0
DA:49,0
DA:50,0
DA:51,0
DA:52,0
DA:55,0
DA:58,0
DA:59,0
DA:60,0
DA:61,0
DA:62,0
DA:63,0
DA:66,0
DA:69,0
DA:71,0
DA:72,0
DA:73,0
DA:77,0
DA:78,0
DA:79,0
DA:80,0
DA:83,0
DA:84,0
DA:85,0
DA:86,0
DA:91,0
DA:93,0
DA:94,0
DA:95,0
DA:97,0
DA:102,0
DA:103,0
DA:104,0
DA:109,0
DA:114,0
DA:115,0
DA:120,0
DA:121,0
DA:122,0
DA:124,0
DA:126,0
DA:131,0
DA:132,0
DA:133,0
DA:134,0
DA:136,0
DA:137,0
DA:138,0
DA:139,0
DA:141,0
DA:142,0
DA:143,0
DA:148,0
DA:149,0
DA:150,0
DA:151,0
DA:152,0
DA:154,0
DA:155,0
DA:156,0
DA:157,0
DA:161,0
DA:162,0
DA:163,0
DA:165,0
DA:166,0
DA:169,0
DA:170,0
DA:171,0
DA:175,0
DA:176,0
DA:177,0
DA:181,0
DA:182,0
DA:183,0
DA:211,0
DA:243,0
DA:249,0
DA:252,0
DA:287,0
DA:288,0
DA:292,0
DA:295,0
DA:376,0
DA:456,0
DA:467,0
DA:468,0
DA:508,0
DA:509,0
DA:603,0
DA:604,0
DA:605,0
DA:608,0
DA:609,0
DA:610,0
DA:611,0
DA:612,0
DA:614,0
DA:618,0
DA:619,0
DA:620,0
DA:621,0
DA:622,0
DA:624,0
DA:627,0
DA:628,0
DA:630,0
DA:640,0
DA:641,0
DA:642,0
DA:680,0
DA:681,0
DA:682,0
DA:685,0
DA:686,0
DA:687,0
DA:688,0
DA:689,0
DA:691,0
DA:695,0
DA:696,0
DA:697,0
DA:698,0
DA:699,0
DA:701,0
DA:704,0
DA:705,0
DA:707,0
LF:150
LH:0
BRDA:22,0,0,0
BRDA:62,1,0,0
BRDA:72,2,0,0
BRDA:86,3,0,0
BRDA:87,4,0,0
BRDA:87,4,1,0
BRDA:87,4,2,0
BRDA:93,5,0,0
BRDA:95,6,0,0
BRDA:103,7,0,0
BRDA:121,8,0,0
BRDA:132,9,0,0
BRDA:132,9,1,0
BRDA:136,10,0,0
BRDA:137,11,0,0
BRDA:139,12,0,0
BRDA:141,13,0,0
BRDA:143,14,0,0
BRDA:143,15,0,0
BRDA:143,15,1,0
BRDA:150,16,0,0
BRDA:151,17,0,0
BRDA:152,18,0,0
BRDA:156,19,0,0
BRDA:161,20,0,0
BRDA:161,20,1,0
BRDA:162,21,0,0
BRDA:162,21,1,0
BRDA:163,22,0,0
BRDA:163,22,1,0
BRDA:166,23,0,0
BRDA:170,24,0,0
BRDA:177,25,0,0
BRDA:177,25,1,0
BRDA:201,26,0,0
BRDA:253,27,0,0
BRDA:253,27,1,0
BRDA:261,28,0,0
BRDA:261,28,1,0
BRDA:297,29,0,0
BRDA:297,29,1,0
BRDA:304,30,0,0
BRDA:309,31,0,0
BRDA:310,32,0,0
BRDA:314,33,0,0
BRDA:314,33,1,0
BRDA:315,34,0,0
BRDA:315,34,1,0
BRDA:325,35,0,0
BRDA:336,36,0,0
BRDA:378,37,0,0
BRDA:378,37,1,0
BRDA:384,38,0,0
BRDA:393,39,0,0
BRDA:403,40,0,0
BRDA:414,41,0,0
BRDA:414,41,1,0
BRDA:415,42,0,0
BRDA:415,42,1,0
BRDA:436,43,0,0
BRDA:436,43,1,0
BRDA:437,44,0,0
BRDA:437,44,1,0
BRDA:439,45,0,0
BRDA:439,45,1,0
BRDA:440,46,0,0
BRDA:440,46,1,0
BRDA:449,47,0,0
BRDA:467,48,0,0
BRDA:467,49,0,0
BRDA:467,49,1,0
BRDA:471,50,0,0
BRDA:471,50,1,0
BRDA:481,51,0,0
BRDA:486,52,0,0
BRDA:498,53,0,0
BRDA:498,53,1,0
BRDA:500,54,0,0
BRDA:500,54,1,0
BRDA:506,55,0,0
BRDA:506,55,1,0
BRDA:508,56,0,0
BRDA:508,57,0,0
BRDA:508,57,1,0
BRDA:512,58,0,0
BRDA:512,58,1,0
BRDA:515,59,0,0
BRDA:519,60,0,0
BRDA:519,60,1,0
BRDA:521,61,0,0
BRDA:521,61,1,0
BRDA:527,62,0,0
BRDA:535,63,0,0
BRDA:535,63,1,0
BRDA:537,64,0,0
BRDA:537,64,1,0
BRDA:549,65,0,0
BRDA:557,66,0,0
BRDA:565,67,0,0
BRDA:573,68,0,0
BRDA:597,69,0,0
BRDA:597,69,1,0
BRDA:598,70,0,0
BRDA:598,70,1,0
BRDA:609,71,0,0
BRDA:619,72,0,0
BRDA:633,73,0,0
BRDA:633,73,1,0
BRDA:686,74,0,0
BRDA:696,75,0,0
BRF:110
BRH:0
end_of_record
TN:
SF:app/dashboard/components/CompanyQuestionsWrapper.tsx
FN:20,CompanyQuestionsWrapper
FN:29,(anonymous_3)
FN:35,(anonymous_4)
FN:103,(anonymous_5)
FNF:4
FNH:0
FNDA:0,CompanyQuestionsWrapper
FNDA:0,(anonymous_3)
FNDA:0,(anonymous_4)
FNDA:0,(anonymous_5)
DA:3,0
DA:4,0
DA:5,0
DA:7,0
DA:8,0
DA:9,0
DA:12,0
DA:20,0
DA:25,0
DA:26,0
DA:27,0
DA:29,0
DA:31,0
DA:32,0
DA:35,0
DA:36,0
DA:38,0
DA:39,0
DA:42,0
DA:43,0
DA:45,0
DA:46,0
DA:48,0
DA:49,0
DA:52,0
DA:54,0
DA:55,0
DA:59,0
DA:63,0
DA:73,0
DA:104,0
DA:105,0
LF:32
LH:0
BRDA:26,0,0,0
BRDA:26,0,1,0
BRDA:31,1,0,0
BRDA:36,2,0,0
BRDA:45,3,0,0
BRDA:45,3,1,0
BRDA:63,4,0,0
BRDA:73,5,0,0
BRDA:100,6,0,0
BRF:9
BRH:0
end_of_record
TN:
SF:app/dashboard/components/FeedbackCards.tsx
FN:19,CheckIcon
FN:35,ArrowIcon
FN:52,ClockIcon
FN:67,MemoryIcon
FN:94,getScoreDescription
FN:105,getScoreColor
FN:111,getVerdictStyle
FN:128,FeedbackCards
FN:207,(anonymous_10)
FN:238,(anonymous_11)
FN:253,(anonymous_12)
FN:276,(anonymous_13)
FNF:12
FNH:0
FNDA:0,CheckIcon
FNDA:0,ArrowIcon
FNDA:0,ClockIcon
FNDA:0,MemoryIcon
FNDA:0,getScoreDescription
FNDA:0,getScoreColor
FNDA:0,getVerdictStyle
FNDA:0,FeedbackCards
FNDA:0,(anonymous_10)
FNDA:0,(anonymous_11)
FNDA:0,(anonymous_12)
FNDA:0,(anonymous_13)
DA:4,0
DA:95,0
DA:96,0
DA:97,0
DA:98,0
DA:99,0
DA:100,0
DA:101,0
DA:102,0
DA:106,0
DA:107,0
DA:108,0
DA:112,0
DA:114,0
DA:116,0
DA:118,0
DA:120,0
DA:122,0
DA:124,0
DA:128,0
DA:143,0
DA:145,0
DA:153,0
DA:208,0
DA:239,0
DA:254,0
DA:277,0
LF:27
LH:0
BRDA:95,0,0,0
BRDA:96,1,0,0
BRDA:97,2,0,0
BRDA:98,3,0,0
BRDA:99,4,0,0
BRDA:100,5,0,0
BRDA:101,6,0,0
BRDA:106,7,0,0
BRDA:107,8,0,0
BRDA:112,9,0,0
BRDA:112,9,1,0
BRDA:112,9,2,0
BRDA:112,9,3,0
BRDA:112,9,4,0
BRDA:112,9,5,0
BRDA:130,10,0,0
BRDA:153,11,0,0
BRDA:153,11,1,0
BRDA:167,12,0,0
BRDA:167,12,1,0
BRDA:198,13,0,0
BRDA:234,14,0,0
BRDA:249,15,0,0
BRDA:264,16,0,0
BRDA:272,17,0,0
BRDA:279,18,0,0
BRDA:279,18,1,0
BRDA:285,19,0,0
BRDA:285,19,1,0
BRF:29
BRH:0
end_of_record
TN:
SF:app/dashboard/components/FormattedContent.tsx
FN:14,parseContent
FN:19,(anonymous_3)
FN:127,(anonymous_4)
FN:131,(anonymous_5)
FN:138,FormattedContent
FN:143,(anonymous_7)
FNF:6
FNH:6
FNDA:17,parseContent
FNDA:56,(anonymous_3)
FNDA:28,(anonymous_4)
FNDA:28,(anonymous_5)
FNDA:17,FormattedContent
FNDA:28,(anonymous_7)
DA:3,1
DA:15,17
DA:16,17
DA:19,17
DA:20,56
DA:22,56
DA:29,49
DA:38,49
DA:43,34
DA:58,34
DA:62,6
DA:63,6
DA:66,0
DA:71,17
DA:72,17
DA:74,17
DA:75,56
DA:76,56
DA:79,56
DA:80,56
DA:84,56
DA:86,7
DA:87,6
DA:89,1
DA:91,49
DA:92,34
DA:93,34
DA:95,15
DA:96,15
DA:100,56
DA:101,40
DA:102,13
DA:103,7
DA:105,13
DA:107,27
DA:110,16
DA:111,16
DA:112,5
DA:114,16
DA:116,0
DA:121,17
DA:122,16
DA:126,17
DA:127,28
DA:131,28
DA:138,17
DA:139,17
DA:144,28
DA:145,13
DA:154,15
LF:50
LH:48
BRDA:22,0,0,7
BRDA:29,1,0,49
BRDA:29,1,1,21
BRDA:29,1,2,38
BRDA:29,1,3,38
BRDA:29,1,4,11
BRDA:29,1,5,35
BRDA:38,2,0,15
BRDA:43,3,0,34
BRDA:43,3,1,12
BRDA:43,3,2,10
BRDA:43,3,3,10
BRDA:43,3,4,10
BRDA:43,3,5,8
BRDA:43,3,6,7
BRDA:43,3,7,6
BRDA:43,3,8,6
BRDA:58,4,0,28
BRDA:62,5,0,6
BRDA:79,6,0,39
BRDA:79,6,1,17
BRDA:80,7,0,39
BRDA:80,7,1,17
BRDA:84,8,0,7
BRDA:84,8,1,49
BRDA:86,9,0,6
BRDA:86,9,1,1
BRDA:86,10,0,7
BRDA:86,10,1,4
BRDA:86,10,2,1
BRDA:91,11,0,34
BRDA:91,11,1,15
BRDA:100,12,0,40
BRDA:100,12,1,16
BRDA:101,13,0,13
BRDA:101,13,1,27
BRDA:101,14,0,40
BRDA:101,14,1,34
BRDA:102,15,0,7
BRDA:102,16,0,13
BRDA:102,16,1,7
BRDA:110,17,0,16
BRDA:110,17,1,0
BRDA:110,18,0,16
BRDA:110,18,1,5
BRDA:111,19,0,5
BRDA:111,20,0,16
BRDA:111,20,1,5
BRDA:121,21,0,16
BRDA:121,22,0,17
BRDA:121,22,1,17
BRDA:144,23,0,13
BRF:52
BRH:51
end_of_record
TN:
SF:app/dashboard/components/InterviewModal.tsx
FN:14,(anonymous_5)
FN:14,(anonymous_6)
FN:25,(anonymous_9)
FN:27,(anonymous_10)
FN:56,CloseIcon
FN:65,SpeakerIcon
FN:75,MicIcon
FN:92,StopIcon
FN:104,formatDuration
FN:110,InterviewModal
FN:149,(anonymous_17)
FN:160,(anonymous_18)
FN:191,(anonymous_19)
FN:197,(anonymous_20)
FN:202,(anonymous_21)
FN:222,(anonymous_22)
FN:236,(anonymous_23)
FN:249,(anonymous_24)
FN:261,(anonymous_25)
FN:268,(anonymous_26)
FN:274,(anonymous_27)
FN:308,(anonymous_28)
FN:343,(anonymous_29)
FN:374,(anonymous_30)
FN:381,(anonymous_31)
FN:395,(anonymous_32)
FN:412,(anonymous_33)
FN:414,(anonymous_34)
FN:420,(anonymous_35)
FN:425,(anonymous_36)
FN:430,(anonymous_37)
FN:446,(anonymous_38)
FN:503,(anonymous_39)
FN:508,(anonymous_40)
FN:516,(anonymous_41)
FN:526,(anonymous_42)
FN:551,(anonymous_43)
FN:556,(anonymous_44)
FN:563,(anonymous_45)
FN:571,(anonymous_46)
FN:577,(anonymous_47)
FN:589,(anonymous_48)
FN:599,(anonymous_49)
FN:630,(anonymous_50)
FN:658,(anonymous_51)
FN:674,(anonymous_52)
FN:685,(anonymous_53)
FN:716,(anonymous_54)
FN:732,(anonymous_55)
FN:745,(anonymous_56)
FN:756,(anonymous_57)
FN:793,(anonymous_58)
FN:820,(anonymous_59)
FN:878,(anonymous_60)
FNF:54
FNH:0
FNDA:0,(anonymous_5)
FNDA:0,(anonymous_6)
FNDA:0,(anonymous_9)
FNDA:0,(anonymous_10)
FNDA:0,CloseIcon
FNDA:0,SpeakerIcon
FNDA:0,MicIcon
FNDA:0,StopIcon
FNDA:0,formatDuration
FNDA:0,InterviewModal
FNDA:0,(anonymous_17)
FNDA:0,(anonymous_18)
FNDA:0,(anonymous_19)
FNDA:0,(anonymous_20)
FNDA:0,(anonymous_21)
FNDA:0,(anonymous_22)
FNDA:0,(anonymous_23)
FNDA:0,(anonymous_24)
FNDA:0,(anonymous_25)
FNDA:0,(anonymous_26)
FNDA:0,(anonymous_27)
FNDA:0,(anonymous_28)
FNDA:0,(anonymous_29)
FNDA:0,(anonymous_30)
FNDA:0,(anonymous_31)
FNDA:0,(anonymous_32)
FNDA:0,(anonymous_33)
FNDA:0,(anonymous_34)
FNDA:0,(anonymous_35)
FNDA:0,(anonymous_36)
FNDA:0,(anonymous_37)
FNDA:0,(anonymous_38)
FNDA:0,(anonymous_39)
FNDA:0,(anonymous_40)
FNDA:0,(anonymous_41)
FNDA:0,(anonymous_42)
FNDA:0,(anonymous_43)
FNDA:0,(anonymous_44)
FNDA:0,(anonymous_45)
FNDA:0,(anonymous_46)
FNDA:0,(anonymous_47)
FNDA:0,(anonymous_48)
FNDA:0,(anonymous_49)
FNDA:0,(anonymous_50)
FNDA:0,(anonymous_51)
FNDA:0,(anonymous_52)
FNDA:0,(anonymous_53)
FNDA:0,(anonymous_54)
FNDA:0,(anonymous_55)
FNDA:0,(anonymous_56)
FNDA:0,(anonymous_57)
FNDA:0,(anonymous_58)
FNDA:0,(anonymous_59)
FNDA:0,(anonymous_60)
DA:3,0
DA:4,0
DA:5,0
DA:6,0
DA:8,0
DA:9,0
DA:10,0
DA:11,0
DA:14,0
DA:25,0
DA:26,0
DA:27,0
DA:28,0
DA:54,0
DA:105,0
DA:106,0
DA:107,0
DA:110,0
DA:115,0
DA:116,0
DA:117,0
DA:118,0
DA:119,0
DA:120,0
DA:123,0
DA:124,0
DA:125,0
DA:128,0
DA:129,0
DA:130,0
DA:131,0
DA:133,0
DA:134,0
DA:135,0
DA:146,0
DA:149,0
DA:150,0
DA:151,0
DA:152,0
DA:155,0
DA:157,0
DA:158,0
DA:160,0
DA:161,0
DA:163,0
DA:165,0
DA:175,0
DA:177,0
DA:178,0
DA:179,0
DA:180,0
DA:183,0
DA:185,0
DA:187,0
DA:188,0
DA:189,0
DA:191,0
DA:192,0
DA:193,0
DA:197,0
DA:198,0
DA:199,0
DA:202,0
DA:203,0
DA:204,0
DA:207,0
DA:208,0
DA:211,0
DA:212,0
DA:213,0
DA:215,0
DA:216,0
DA:220,0
DA:222,0
DA:223,0
DA:224,0
DA:225,0
DA:226,0
DA:227,0
DA:229,0
DA:230,0
DA:236,0
DA:239,0
DA:240,0
DA:241,0
DA:244,0
DA:245,0
DA:249,0
DA:251,0
DA:254,0
DA:256,0
DA:261,0
DA:262,0
DA:268,0
DA:269,0
DA:270,0
DA:274,0
DA:275,0
DA:277,0
DA:278,0
DA:279,0
DA:281,0
DA:286,0
DA:287,0
DA:290,0
DA:292,0
DA:293,0
DA:294,0
DA:298,0
DA:307,0
DA:308,0
DA:313,0
DA:315,0
DA:320,0
DA:323,0
DA:327,0
DA:330,0
DA:332,0
DA:335,0
DA:338,0
DA:339,0
DA:343,0
DA:348,0
DA:350,0
DA:352,0
DA:353,0
DA:355,0
DA:367,0
DA:368,0
DA:371,0
DA:374,0
DA:380,0
DA:381,0
DA:384,0
DA:386,0
DA:387,0
DA:389,0
DA:391,0
DA:395,0
DA:396,0
DA:397,0
DA:403,0
DA:405,0
DA:406,0
DA:407,0
DA:408,0
DA:410,0
DA:412,0
DA:414,0
DA:415,0
DA:416,0
DA:420,0
DA:421,0
DA:422,0
DA:425,0
DA:426,0
DA:427,0
DA:430,0
DA:431,0
DA:432,0
DA:433,0
DA:434,0
DA:437,0
DA:438,0
DA:439,0
DA:442,0
DA:446,0
DA:447,0
DA:448,0
DA:449,0
DA:452,0
DA:453,0
DA:454,0
DA:456,0
DA:457,0
DA:469,0
DA:470,0
DA:471,0
DA:474,0
DA:477,0
DA:480,0
DA:481,0
DA:484,0
DA:487,0
DA:488,0
DA:490,0
DA:491,0
DA:495,0
DA:497,0
DA:498,0
DA:499,0
DA:503,0
DA:504,0
DA:505,0
DA:508,0
DA:509,0
DA:510,0
DA:511,0
DA:513,0
DA:516,0
DA:517,0
DA:518,0
DA:519,0
DA:520,0
DA:521,0
DA:522,0
DA:523,0
DA:526,0
DA:527,0
DA:528,0
DA:530,0
DA:531,0
DA:532,0
DA:535,0
DA:536,0
DA:537,0
DA:538,0
DA:541,0
DA:542,0
DA:545,0
DA:547,0
DA:548,0
DA:551,0
DA:552,0
DA:556,0
DA:557,0
DA:558,0
DA:560,0
DA:563,0
DA:564,0
DA:565,0
DA:567,0
DA:571,0
DA:572,0
DA:573,0
DA:577,0
DA:578,0
DA:579,0
DA:580,0
DA:581,0
DA:582,0
DA:589,0
DA:600,0
DA:631,0
DA:659,0
DA:675,0
DA:686,0
DA:717,0
DA:733,0
DA:746,0
DA:747,0
DA:748,0
DA:749,0
DA:751,0
DA:752,0
DA:757,0
DA:793,0
DA:821,0
DA:879,0
LF:259
LH:0
BRDA:26,0,0,0
BRDA:28,1,0,0
BRDA:28,1,1,0
BRDA:124,2,0,0
BRDA:124,2,1,0
BRDA:150,3,0,0
BRDA:150,4,0,0
BRDA:150,4,1,0
BRDA:175,5,0,0
BRDA:177,6,0,0
BRDA:185,7,0,0
BRDA:192,8,0,0
BRDA:207,9,0,0
BRDA:211,10,0,0
BRDA:211,11,0,0
BRDA:211,11,1,0
BRDA:224,12,0,0
BRDA:229,13,0,0
BRDA:240,14,0,0
BRDA:249,15,0,0
BRDA:249,15,1,0
BRDA:249,16,0,0
BRDA:249,16,1,0
BRDA:262,17,0,0
BRDA:269,18,0,0
BRDA:269,19,0,0
BRDA:269,19,1,0
BRDA:269,19,2,0
BRDA:286,20,0,0
BRDA:292,21,0,0
BRDA:292,22,0,0
BRDA:292,22,1,0
BRDA:307,23,0,0
BRDA:307,23,1,0
BRDA:308,24,0,0
BRDA:308,24,1,0
BRDA:313,25,0,0
BRDA:313,25,1,0
BRDA:313,26,0,0
BRDA:313,26,1,0
BRDA:330,27,0,0
BRDA:330,27,1,0
BRDA:352,28,0,0
BRDA:352,28,1,0
BRDA:353,29,0,0
BRDA:353,29,1,0
BRDA:367,30,0,0
BRDA:403,31,0,0
BRDA:447,32,0,0
BRDA:469,33,0,0
BRDA:471,34,0,0
BRDA:471,34,1,0
BRDA:480,35,0,0
BRDA:498,36,0,0
BRDA:498,36,1,0
BRDA:509,37,0,0
BRDA:522,38,0,0
BRDA:522,38,1,0
BRDA:527,39,0,0
BRDA:530,40,0,0
BRDA:535,41,0,0
BRDA:541,42,0,0
BRDA:547,43,0,0
BRDA:557,44,0,0
BRDA:564,45,0,0
BRDA:595,46,0,0
BRDA:595,46,1,0
BRDA:612,47,0,0
BRDA:612,47,1,0
BRDA:614,48,0,0
BRDA:614,48,1,0
BRDA:619,49,0,0
BRDA:655,50,0,0
BRDA:655,50,1,0
BRDA:662,51,0,0
BRDA:670,52,0,0
BRDA:670,52,1,0
BRDA:681,53,0,0
BRDA:681,53,1,0
BRDA:706,54,0,0
BRDA:713,55,0,0
BRDA:713,55,1,0
BRDA:720,56,0,0
BRDA:728,57,0,0
BRDA:728,57,1,0
BRDA:751,58,0,0
BRDA:751,59,0,0
BRDA:751,59,1,0
BRDA:788,60,0,0
BRDA:803,61,0,0
BRDA:814,62,0,0
BRDA:829,63,0,0
BRDA:838,64,0,0
BRDA:846,65,0,0
BRDA:855,66,0,0
BRDA:902,67,0,0
BRDA:902,67,1,0
BRF:97
BRH:0
end_of_record
TN:
SF:app/dashboard/components/InterviewPanel.tsx
FN:14,(anonymous_5)
FN:14,(anonymous_6)
FN:24,(anonymous_9)
FN:26,(anonymous_10)
FN:66,InterviewPanel
FN:124,(anonymous_12)
FN:128,(anonymous_13)
FN:142,(anonymous_14)
FN:213,(anonymous_15)
FN:223,(anonymous_16)
FN:228,(anonymous_17)
FN:286,(anonymous_18)
FN:292,(anonymous_19)
FN:310,(anonymous_20)
FN:325,(anonymous_21)
FN:341,(anonymous_22)
FN:354,(anonymous_23)
FN:358,(anonymous_24)
FN:362,(anonymous_25)
FN:371,(anonymous_26)
FN:398,(anonymous_27)
FN:420,(anonymous_28)
FN:421,(anonymous_29)
FN:446,(anonymous_30)
FN:448,(anonymous_31)
FN:459,(anonymous_32)
FN:460,(anonymous_33)
FN:474,(anonymous_34)
FN:480,(anonymous_35)
FN:488,(anonymous_36)
FN:489,(anonymous_37)
FN:495,(anonymous_38)
FN:502,(anonymous_39)
FN:507,(anonymous_40)
FN:524,(anonymous_41)
FN:532,(anonymous_42)
FN:548,(anonymous_43)
FN:554,(anonymous_44)
FN:565,(anonymous_45)
FN:576,(anonymous_46)
FN:588,(anonymous_47)
FN:595,(anonymous_48)
FN:606,(anonymous_49)
FN:611,(anonymous_50)
FN:625,(anonymous_51)
FN:647,(anonymous_52)
FN:665,(anonymous_53)
FN:685,(anonymous_54)
FN:694,(anonymous_55)
FN:731,(anonymous_56)
FN:748,(anonymous_57)
FN:754,(anonymous_58)
FN:760,(anonymous_59)
FN:780,(anonymous_60)
FN:781,(anonymous_61)
FN:807,(anonymous_62)
FN:814,(anonymous_63)
FN:825,(anonymous_64)
FN:835,(anonymous_65)
FN:845,(anonymous_66)
FN:860,(anonymous_67)
FN:891,(anonymous_68)
FN:908,(anonymous_69)
FN:914,(anonymous_70)
FN:921,(anonymous_71)
FN:929,(anonymous_72)
FN:955,(anonymous_73)
FN:989,(anonymous_74)
FN:996,(anonymous_75)
FN:1017,(anonymous_76)
FN:1040,(anonymous_77)
FN:1074,(anonymous_78)
FN:1081,(anonymous_79)
FN:1096,(anonymous_80)
FN:1107,(anonymous_81)
FN:1110,(anonymous_82)
FN:1119,(anonymous_83)
FN:1144,(anonymous_84)
FN:1153,(anonymous_85)
FN:1179,(anonymous_86)
FN:1188,(anonymous_87)
FN:1195,(anonymous_88)
FN:1235,(anonymous_89)
FN:1242,(anonymous_90)
FN:1246,(anonymous_91)
FN:1269,(anonymous_92)
FN:1276,(anonymous_93)
FN:1288,(anonymous_94)
FN:1295,(anonymous_95)
FN:1303,(anonymous_96)
FN:1313,(anonymous_97)
FN:1317,(anonymous_98)
FN:1325,(anonymous_99)
FN:1335,(anonymous_100)
FN:1340,(anonymous_101)
FN:1347,(anonymous_102)
FN:1348,(anonymous_103)
FN:1358,(anonymous_104)
FN:1365,(anonymous_105)
FN:1374,(anonymous_106)
FN:1375,(anonymous_107)
FN:1379,(anonymous_108)
FN:1408,(anonymous_109)
FN:1420,(anonymous_110)
FN:1494,(anonymous_111)
FN:1631,(anonymous_112)
FN:1642,(anonymous_113)
FN:1671,(anonymous_114)
FNF:108
FNH:0
FNDA:0,(anonymous_5)
FNDA:0,(anonymous_6)
FNDA:0,(anonymous_9)
FNDA:0,(anonymous_10)
FNDA:0,InterviewPanel
FNDA:0,(anonymous_12)
FNDA:0,(anonymous_13)
FNDA:0,(anonymous_14)
FNDA:0,(anonymous_15)
FNDA:0,(anonymous_16)
FNDA:0,(anonymous_17)
FNDA:0,(anonymous_18)
FNDA:0,(anonymous_19)
FNDA:0,(anonymous_20)
FNDA:0,(anonymous_21)
FNDA:0,(anonymous_22)
FNDA:0,(anonymous_23)
FNDA:0,(anonymous_24)
FNDA:0,(anonymous_25)
FNDA:0,(anonymous_26)
FNDA:0,(anonymous_27)
FNDA:0,(anonymous_28)
FNDA:0,(anonymous_29)
FNDA:0,(anonymous_30)
FNDA:0,(anonymous_31)
FNDA:0,(anonymous_32)
FNDA:0,(anonymous_33)
FNDA:0,(anonymous_34)
FNDA:0,(anonymous_35)
FNDA:0,(anonymous_36)
FNDA:0,(anonymous_37)
FNDA:0,(anonymous_38)
FNDA:0,(anonymous_39)
FNDA:0,(anonymous_40)
FNDA:0,(anonymous_41)
FNDA:0,(anonymous_42)
FNDA:0,(anonymous_43)
FNDA:0,(anonymous_44)
FNDA:0,(anonymous_45)
FNDA:0,(anonymous_46)
FNDA:0,(anonymous_47)
FNDA:0,(anonymous_48)
FNDA:0,(anonymous_49)
FNDA:0,(anonymous_50)
FNDA:0,(anonymous_51)
FNDA:0,(anonymous_52)
FNDA:0,(anonymous_53)
FNDA:0,(anonymous_54)
FNDA:0,(anonymous_55)
FNDA:0,(anonymous_56)
FNDA:0,(anonymous_57)
FNDA:0,(anonymous_58)
FNDA:0,(anonymous_59)
FNDA:0,(anonymous_60)
FNDA:0,(anonymous_61)
FNDA:0,(anonymous_62)
FNDA:0,(anonymous_63)
FNDA:0,(anonymous_64)
FNDA:0,(anonymous_65)
FNDA:0,(anonymous_66)
FNDA:0,(anonymous_67)
FNDA:0,(anonymous_68)
FNDA:0,(anonymous_69)
FNDA:0,(anonymous_70)
FNDA:0,(anonymous_71)
FNDA:0,(anonymous_72)
FNDA:0,(anonymous_73)
FNDA:0,(anonymous_74)
FNDA:0,(anonymous_75)
FNDA:0,(anonymous_76)
FNDA:0,(anonymous_77)
FNDA:0,(anonymous_78)
FNDA:0,(anonymous_79)
FNDA:0,(anonymous_80)
FNDA:0,(anonymous_81)
FNDA:0,(anonymous_82)
FNDA:0,(anonymous_83)
FNDA:0,(anonymous_84)
FNDA:0,(anonymous_85)
FNDA:0,(anonymous_86)
FNDA:0,(anonymous_87)
FNDA:0,(anonymous_88)
FNDA:0,(anonymous_89)
FNDA:0,(anonymous_90)
FNDA:0,(anonymous_91)
FNDA:0,(anonymous_92)
FNDA:0,(anonymous_93)
FNDA:0,(anonymous_94)
FNDA:0,(anonymous_95)
FNDA:0,(anonymous_96)
FNDA:0,(anonymous_97)
FNDA:0,(anonymous_98)
FNDA:0,(anonymous_99)
FNDA:0,(anonymous_100)
FNDA:0,(anonymous_101)
FNDA:0,(anonymous_102)
FNDA:0,(anonymous_103)
FNDA:0,(anonymous_104)
FNDA:0,(anonymous_105)
FNDA:0,(anonymous_106)
FNDA:0,(anonymous_107)
FNDA:0,(anonymous_108)
FNDA:0,(anonymous_109)
FNDA:0,(anonymous_110)
FNDA:0,(anonymous_111)
FNDA:0,(anonymous_112)
FNDA:0,(anonymous_113)
FNDA:0,(anonymous_114)
DA:3,0
DA:4,0
DA:5,0
DA:6,0
DA:8,0
DA:9,0
DA:10,0
DA:11,0
DA:14,0
DA:24,0
DA:25,0
DA:26,0
DA:27,0
DA:64,0
DA:66,0
DA:78,0
DA:79,0
DA:80,0
DA:81,0
DA:82,0
DA:83,0
DA:84,0
DA:85,0
DA:88,0
DA:89,0
DA:90,0
DA:93,0
DA:94,0
DA:95,0
DA:96,0
DA:99,0
DA:100,0
DA:103,0
DA:104,0
DA:105,0
DA:108,0
DA:109,0
DA:110,0
DA:111,0
DA:112,0
DA:113,0
DA:116,0
DA:117,0
DA:120,0
DA:121,0
DA:124,0
DA:125,0
DA:128,0
DA:129,0
DA:134,0
DA:135,0
DA:136,0
DA:142,0
DA:143,0
DA:145,0
DA:148,0
DA:153,0
DA:154,0
DA:155,0
DA:160,0
DA:161,0
DA:165,0
DA:166,0
DA:167,0
DA:169,0
DA:171,0
DA:174,0
DA:175,0
DA:178,0
DA:179,0
DA:183,0
DA:184,0
DA:192,0
DA:196,0
DA:197,0
DA:198,0
DA:199,0
DA:200,0
DA:201,0
DA:202,0
DA:203,0
DA:207,0
DA:213,0
DA:214,0
DA:215,0
DA:216,0
DA:217,0
DA:219,0
DA:220,0
DA:223,0
DA:224,0
DA:225,0
DA:228,0
DA:230,0
DA:231,0
DA:234,0
DA:235,0
DA:236,0
DA:238,0
DA:241,0
DA:242,0
DA:243,0
DA:244,0
DA:245,0
DA:246,0
DA:247,0
DA:249,0
DA:250,0
DA:256,0
DA:257,0
DA:258,0
DA:259,0
DA:264,0
DA:268,0
DA:271,0
DA:276,0
DA:277,0
DA:279,0
DA:280,0
DA:283,0
DA:284,0
DA:286,0
DA:287,0
DA:288,0
DA:292,0
DA:293,0
DA:294,0
DA:296,0
DA:297,0
DA:298,0
DA:299,0
DA:302,0
DA:303,0
DA:306,0
DA:310,0
DA:311,0
DA:312,0
DA:314,0
DA:315,0
DA:316,0
DA:318,0
DA:319,0
DA:321,0
DA:325,0
DA:327,0
DA:328,0
DA:331,0
DA:333,0
DA:334,0
DA:335,0
DA:336,0
DA:337,0
DA:341,0
DA:342,0
DA:346,0
DA:349,0
DA:350,0
DA:354,0
DA:355,0
DA:358,0
DA:359,0
DA:362,0
DA:363,0
DA:371,0
DA:373,0
DA:374,0
DA:375,0
DA:378,0
DA:379,0
DA:380,0
DA:381,0
DA:384,0
DA:385,0
DA:386,0
DA:387,0
DA:391,0
DA:392,0
DA:395,0
DA:398,0
DA:400,0
DA:401,0
DA:402,0
DA:403,0
DA:405,0
DA:407,0
DA:408,0
DA:409,0
DA:420,0
DA:421,0
DA:422,0
DA:423,0
DA:424,0
DA:432,0
DA:434,0
DA:435,0
DA:436,0
DA:438,0
DA:439,0
DA:443,0
DA:446,0
DA:447,0
DA:448,0
DA:449,0
DA:451,0
DA:452,0
DA:453,0
DA:459,0
DA:460,0
DA:462,0
DA:463,0
DA:464,0
DA:467,0
DA:469,0
DA:470,0
DA:473,0
DA:474,0
DA:478,0
DA:480,0
DA:481,0
DA:483,0
DA:488,0
DA:489,0
DA:490,0
DA:495,0
DA:496,0
DA:497,0
DA:499,0
DA:500,0
DA:502,0
DA:503,0
DA:504,0
DA:507,0
DA:508,0
DA:509,0
DA:513,0
DA:514,0
DA:517,0
DA:521,0
DA:524,0
DA:525,0
DA:526,0
DA:532,0
DA:533,0
DA:534,0
DA:535,0
DA:536,0
DA:537,0
DA:548,0
DA:549,0
DA:550,0
DA:551,0
DA:553,0
DA:554,0
DA:555,0
DA:557,0
DA:558,0
DA:559,0
DA:565,0
DA:566,0
DA:567,0
DA:568,0
DA:576,0
DA:577,0
DA:578,0
DA:579,0
DA:582,0
DA:583,0
DA:584,0
DA:585,0
DA:587,0
DA:588,0
DA:589,0
DA:594,0
DA:595,0
DA:599,0
DA:602,0
DA:603,0
DA:606,0
DA:607,0
DA:611,0
DA:612,0
DA:613,0
DA:616,0
DA:617,0
DA:618,0
DA:619,0
DA:620,0
DA:621,0
DA:622,0
DA:624,0
DA:625,0
DA:626,0
DA:630,0
DA:631,0
DA:632,0
DA:633,0
DA:634,0
DA:635,0
DA:636,0
DA:639,0
DA:640,0
DA:641,0
DA:644,0
DA:647,0
DA:648,0
DA:649,0
DA:651,0
DA:652,0
DA:656,0
DA:657,0
DA:658,0
DA:659,0
DA:660,0
DA:661,0
DA:662,0
DA:664,0
DA:665,0
DA:666,0
DA:670,0
DA:671,0
DA:672,0
DA:673,0
DA:674,0
DA:675,0
DA:676,0
DA:678,0
DA:679,0
DA:680,0
DA:681,0
DA:685,0
DA:686,0
DA:687,0
DA:694,0
DA:695,0
DA:696,0
DA:697,0
DA:701,0
DA:702,0
DA:703,0
DA:704,0
DA:706,0
DA:710,0
DA:724,0
DA:726,0
DA:727,0
DA:731,0
DA:735,0
DA:736,0
DA:739,0
DA:740,0
DA:742,0
DA:743,0
DA:744,0
DA:748,0
DA:749,0
DA:750,0
DA:752,0
DA:754,0
DA:756,0
DA:757,0
DA:760,0
DA:764,0
DA:765,0
DA:769,0
DA:780,0
DA:781,0
DA:782,0
DA:784,0
DA:785,0
DA:798,0
DA:799,0
DA:800,0
DA:803,0
DA:804,0
DA:807,0
DA:814,0
DA:815,0
DA:818,0
DA:825,0
DA:826,0
DA:827,0
DA:835,0
DA:836,0
DA:837,0
DA:845,0
DA:846,0
DA:849,0
DA:850,0
DA:853,0
DA:859,0
DA:860,0
DA:862,0
DA:863,0
DA:879,0
DA:880,0
DA:883,0
DA:886,0
DA:891,0
DA:894,0
DA:895,0
DA:899,0
DA:901,0
DA:905,0
DA:908,0
DA:909,0
DA:913,0
DA:914,0
DA:918,0
DA:921,0
DA:922,0
DA:927,0
DA:929,0
DA:931,0
DA:953,0
DA:955,0
DA:956,0
DA:957,0
DA:960,0
DA:961,0
DA:964,0
DA:967,0
DA:968,0
DA:969,0
DA:972,0
DA:974,0
DA:975,0
DA:977,0
DA:978,0
DA:979,0
DA:980,0
DA:981,0
DA:983,0
DA:984,0
DA:986,0
DA:987,0
DA:989,0
DA:990,0
DA:991,0
DA:992,0
DA:995,0
DA:996,0
DA:997,0
DA:998,0
DA:1001,0
DA:1002,0
DA:1003,0
DA:1007,0
DA:1008,0
DA:1009,0
DA:1010,0
DA:1011,0
DA:1016,0
DA:1017,0
DA:1018,0
DA:1021,0
DA:1024,0
DA:1027,0
DA:1030,0
DA:1031,0
DA:1033,0
DA:1040,0
DA:1041,0
DA:1042,0
DA:1045,0
DA:1046,0
DA:1048,0
DA:1049,0
DA:1050,0
DA:1052,0
DA:1057,0
DA:1058,0
DA:1061,0
DA:1062,0
DA:1064,0
DA:1065,0
DA:1070,0
DA:1071,0
DA:1074,0
DA:1075,0
DA:1081,0
DA:1082,0
DA:1083,0
DA:1085,0
DA:1089,0
DA:1092,0
DA:1093,0
DA:1095,0
DA:1096,0
DA:1097,0
DA:1099,0
DA:1100,0
DA:1101,0
DA:1102,0
DA:1104,0
DA:1105,0
DA:1106,0
DA:1108,0
DA:1111,0
DA:1112,0
DA:1115,0
DA:1118,0
DA:1119,0
DA:1120,0
DA:1124,0
DA:1127,0
DA:1128,0
DA:1130,0
DA:1131,0
DA:1132,0
DA:1133,0
DA:1135,0
DA:1140,0
DA:1143,0
DA:1144,0
DA:1145,0
DA:1153,0
DA:1154,0
DA:1155,0
DA:1158,0
DA:1159,0
DA:1162,0
DA:1163,0
DA:1167,0
DA:1168,0
DA:1169,0
DA:1170,0
DA:1174,0
DA:1177,0
DA:1178,0
DA:1179,0
DA:1181,0
DA:1182,0
DA:1188,0
DA:1189,0
DA:1195,0
DA:1196,0
DA:1199,0
DA:1202,0
DA:1203,0
DA:1206,0
DA:1208,0
DA:1209,0
DA:1210,0
DA:1211,0
DA:1212,0
DA:1213,0
DA:1217,0
DA:1218,0
DA:1220,0
DA:1221,0
DA:1222,0
DA:1223,0
DA:1224,0
DA:1227,0
DA:1228,0
DA:1230,0
DA:1232,0
DA:1233,0
DA:1235,0
DA:1236,0
DA:1237,0
DA:1238,0
DA:1242,0
DA:1243,0
DA:1246,0
DA:1247,0
DA:1248,0
DA:1249,0
DA:1252,0
DA:1253,0
DA:1254,0
DA:1255,0
DA:1258,0
DA:1260,0
DA:1261,0
DA:1262,0
DA:1269,0
DA:1270,0
DA:1276,0
DA:1277,0
DA:1278,0
DA:1279,0
DA:1280,0
DA:1281,0
DA:1283,0
DA:1284,0
DA:1287,0
DA:1288,0
DA:1289,0
DA:1292,0
DA:1294,0
DA:1295,0
DA:1296,0
DA:1303,0
DA:1304,0
DA:1305,0
DA:1306,0
DA:1313,0
DA:1314,0
DA:1317,0
DA:1318,0
DA:1325,0
DA:1327,0
DA:1333,0
DA:1335,0
DA:1336,0
DA:1337,0
DA:1340,0
DA:1347,0
DA:1348,0
DA:1349,0
DA:1350,0
DA:1358,0
DA:1359,0
DA:1365,0
DA:1366,0
DA:1367,0
DA:1368,0
DA:1369,0
DA:1374,0
DA:1375,0
DA:1376,0
DA:1377,0
DA:1378,0
DA:1379,0
DA:1408,0
DA:1420,0
DA:1495,0
DA:1632,0
DA:1633,0
DA:1634,0
DA:1635,0
DA:1636,0
DA:1637,0
DA:1643,0
DA:1671,0
LF:636
LH:0
BRDA:25,0,0,0
BRDA:27,1,0,0
BRDA:27,1,1,0
BRDA:75,2,0,0
BRDA:76,3,0,0
BRDA:89,4,0,0
BRDA:89,4,1,0
BRDA:143,5,0,0
BRDA:143,6,0,0
BRDA:143,6,1,0
BRDA:154,7,0,0
BRDA:160,8,0,0
BRDA:160,9,0,0
BRDA:160,9,1,0
BRDA:166,10,0,0
BRDA:174,11,0,0
BRDA:178,12,0,0
BRDA:183,13,0,0
BRDA:183,14,0,0
BRDA:183,14,1,0
BRDA:192,15,0,0
BRDA:192,15,1,0
BRDA:214,16,0,0
BRDA:230,17,0,0
BRDA:230,18,0,0
BRDA:230,18,1,0
BRDA:241,19,0,0
BRDA:241,19,1,0
BRDA:243,20,0,0
BRDA:243,20,1,0
BRDA:258,21,0,0
BRDA:258,21,1,0
BRDA:258,22,0,0
BRDA:258,22,1,0
BRDA:260,23,0,0
BRDA:260,23,1,0
BRDA:261,24,0,0
BRDA:261,24,1,0
BRDA:276,25,0,0
BRDA:287,26,0,0
BRDA:293,27,0,0
BRDA:302,28,0,0
BRDA:302,28,1,0
BRDA:311,29,0,0
BRDA:318,30,0,0
BRDA:318,30,1,0
BRDA:349,31,0,0
BRDA:373,32,0,0
BRDA:379,33,0,0
BRDA:379,34,0,0
BRDA:379,34,1,0
BRDA:379,34,2,0
BRDA:385,35,0,0
BRDA:391,36,0,0
BRDA:407,37,0,0
BRDA:407,38,0,0
BRDA:407,38,1,0
BRDA:407,38,2,0
BRDA:407,38,3,0
BRDA:447,39,0,0
BRDA:451,40,0,0
BRDA:462,41,0,0
BRDA:469,42,0,0
BRDA:473,43,0,0
BRDA:496,44,0,0
BRDA:497,45,0,0
BRDA:497,46,0,0
BRDA:497,46,1,0
BRDA:513,47,0,0
BRDA:513,47,1,0
BRDA:525,48,0,0
BRDA:534,49,0,0
BRDA:549,50,0,0
BRDA:553,51,0,0
BRDA:566,52,0,0
BRDA:584,53,0,0
BRDA:587,54,0,0
BRDA:594,55,0,0
BRDA:602,56,0,0
BRDA:621,57,0,0
BRDA:624,58,0,0
BRDA:641,59,0,0
BRDA:641,59,1,0
BRDA:651,60,0,0
BRDA:661,61,0,0
BRDA:664,62,0,0
BRDA:678,63,0,0
BRDA:678,63,1,0
BRDA:678,64,0,0
BRDA:678,64,1,0
BRDA:680,65,0,0
BRDA:680,66,0,0
BRDA:680,66,1,0
BRDA:695,67,0,0
BRDA:695,68,0,0
BRDA:695,68,1,0
BRDA:724,69,0,0
BRDA:742,70,0,0
BRDA:742,71,0,0
BRDA:742,71,1,0
BRDA:750,72,0,0
BRDA:750,72,1,0
BRDA:750,73,0,0
BRDA:750,73,1,0
BRDA:752,74,0,0
BRDA:752,74,1,0
BRDA:756,75,0,0
BRDA:756,75,1,0
BRDA:798,76,0,0
BRDA:836,77,0,0
BRDA:846,78,0,0
BRDA:846,79,0,0
BRDA:846,79,1,0
BRDA:879,80,0,0
BRDA:894,81,0,0
BRDA:899,82,0,0
BRDA:905,83,0,0
BRDA:905,83,1,0
BRDA:913,84,0,0
BRDA:960,85,0,0
BRDA:967,86,0,0
BRDA:990,87,0,0
BRDA:990,88,0,0
BRDA:990,88,1,0
BRDA:1002,89,0,0
BRDA:1007,90,0,0
BRDA:1007,90,1,0
BRDA:1008,91,0,0
BRDA:1008,91,1,0
BRDA:1010,92,0,0
BRDA:1016,93,0,0
BRDA:1041,94,0,0
BRDA:1045,95,0,0
BRDA:1045,95,1,0
BRDA:1057,96,0,0
BRDA:1062,97,0,0
BRDA:1062,97,1,0
BRDA:1089,98,0,0
BRDA:1089,99,0,0
BRDA:1089,99,1,0
BRDA:1097,100,0,0
BRDA:1097,101,0,0
BRDA:1097,101,1,0
BRDA:1104,102,0,0
BRDA:1104,102,1,0
BRDA:1118,103,0,0
BRDA:1130,104,0,0
BRDA:1143,105,0,0
BRDA:1154,106,0,0
BRDA:1163,107,0,0
BRDA:1168,108,0,0
BRDA:1168,108,1,0
BRDA:1181,109,0,0
BRDA:1202,110,0,0
BRDA:1209,111,0,0
BRDA:1209,112,0,0
BRDA:1209,112,1,0
BRDA:1220,113,0,0
BRDA:1220,114,0,0
BRDA:1220,114,1,0
BRDA:1227,115,0,0
BRDA:1227,115,1,0
BRDA:1236,116,0,0
BRDA:1283,117,0,0
BRDA:1287,118,0,0
BRDA:1304,119,0,0
BRDA:1327,120,0,0
BRDA:1328,121,0,0
BRDA:1328,121,1,0
BRDA:1328,121,2,0
BRDA:1328,121,3,0
BRDA:1328,121,4,0
BRDA:1328,121,5,0
BRDA:1336,122,0,0
BRDA:1336,123,0,0
BRDA:1336,123,1,0
BRDA:1349,124,0,0
BRDA:1366,125,0,0
BRDA:1366,125,1,0
BRDA:1368,126,0,0
BRDA:1368,127,0,0
BRDA:1368,127,1,0
BRDA:1378,128,0,0
BRDA:1389,129,0,0
BRDA:1389,129,1,0
BRDA:1405,130,0,0
BRDA:1417,131,0,0
BRDA:1440,132,0,0
BRDA:1453,133,0,0
BRDA:1453,133,1,0
BRDA:1457,134,0,0
BRDA:1468,135,0,0
BRDA:1468,135,1,0
BRDA:1468,136,0,0
BRDA:1468,136,1,0
BRDA:1473,137,0,0
BRDA:1479,138,0,0
BRDA:1487,139,0,0
BRDA:1487,139,1,0
BRDA:1487,139,2,0
BRDA:1487,139,3,0
BRDA:1490,140,0,0
BRDA:1497,141,0,0
BRDA:1497,141,1,0
BRDA:1501,142,0,0
BRDA:1501,142,1,0
BRDA:1506,143,0,0
BRDA:1522,144,0,0
BRDA:1527,145,0,0
BRDA:1541,146,0,0
BRDA:1543,147,0,0
BRDA:1553,148,0,0
BRDA:1564,149,0,0
BRDA:1585,150,0,0
BRDA:1585,150,1,0
BRDA:1590,151,0,0
BRDA:1590,151,1,0
BRDA:1590,151,2,0
BRDA:1590,151,3,0
BRDA:1590,151,4,0
BRDA:1590,151,5,0
BRDA:1607,152,0,0
BRDA:1607,152,1,0
BRDA:1622,153,0,0
BRDA:1636,154,0,0
BRDA:1636,155,0,0
BRDA:1636,155,1,0
BRDA:1647,156,0,0
BRDA:1647,156,1,0
BRDA:1651,157,0,0
BRDA:1651,157,1,0
BRDA:1651,157,2,0
BRDA:1653,158,0,0
BRDA:1653,158,1,0
BRDA:1668,159,0,0
BRF:235
BRH:0
end_of_record
TN:
SF:app/dashboard/components/PaywallModal.tsx
FN:12,PaywallModal
FN:16,(anonymous_3)
FN:17,(anonymous_4)
FN:25,(anonymous_5)
FN:56,(anonymous_6)
FNF:5
FNH:4
FNDA:20,PaywallModal
FNDA:10,(anonymous_3)
FNDA:10,(anonymous_4)
FNDA:0,(anonymous_5)
FNDA:2,(anonymous_6)
DA:3,1
DA:4,1
DA:5,1
DA:12,10
DA:13,20
DA:14,20
DA:16,20
DA:17,10
DA:18,10
DA:19,10
DA:20,10
DA:22,10
DA:25,20
DA:26,0
DA:28,0
DA:29,0
DA:35,0
DA:37,0
DA:38,0
DA:39,0
DA:40,0
DA:41,0
DA:44,0
DA:45,0
DA:48,0
DA:49,0
DA:50,0
DA:56,2
LF:28
LH:14
BRDA:18,0,0,0
BRDA:20,1,0,10
BRDA:20,1,1,0
BRDA:37,2,0,0
BRDA:44,3,0,0
BRDA:73,4,0,4
BRDA:73,4,1,16
BRDA:118,5,0,0
BRDA:118,5,1,20
BRF:9
BRH:4
end_of_record
TN:
SF:app/login/layout.tsx
FN:12,LoginLayout
FNF:1
FNH:0
FNDA:0,LoginLayout
DA:3,0
DA:12,0
DA:17,0
LF:3
LH:0
BRF:0
BRH:0
end_of_record
TN:
SF:app/login/loading.tsx
FN:1,LoginLoading
FNF:1
FNH:0
FNDA:0,LoginLoading
DA:1,0
LF:1
LH:0
BRF:0
BRH:0
end_of_record
TN:
SF:app/login/page.tsx
FN:10,LoginPage
FN:19,(anonymous_2)
FN:25,(anonymous_3)
FN:35,(anonymous_4)
FN:73,(anonymous_5)
FNF:5
FNH:0
FNDA:0,LoginPage
FNDA:0,(anonymous_2)
FNDA:0,(anonymous_3)
FNDA:0,(anonymous_4)
FNDA:0,(anonymous_5)
DA:3,0
DA:4,0
DA:5,0
DA:8,0
DA:10,0
DA:11,0
DA:12,0
DA:13,0
DA:16,0
DA:19,0
DA:20,0
DA:21,0
DA:22,0
DA:25,0
DA:26,0
DA:27,0
DA:28,0
DA:29,0
DA:32,0
DA:35,0
DA:36,0
DA:37,0
DA:38,0
DA:40,0
DA:41,0
DA:42,0
DA:43,0
DA:46,0
DA:51,0
DA:52,0
DA:53,0
DA:54,0
DA:57,0
DA:58,0
DA:73,0
LF:35
LH:0
BRDA:20,0,0,0
BRDA:26,1,0,0
BRDA:28,2,0,0
BRDA:40,3,0,0
BRDA:51,4,0,0
BRDA:77,5,0,0
BRDA:77,5,1,0
BRDA:80,6,0,0
BRDA:80,6,1,0
BRF:9
BRH:0
end_of_record
TN:
SF:app/success/page.tsx
FN:14,SuccessPage
FNF:1
FNH:0
FNDA:0,SuccessPage
DA:2,0
DA:3,0
DA:5,0
DA:14,0
LF:4
LH:0
BRF:0
BRH:0
end_of_record
TN:
SF:components/AnimatedMascot.tsx
FN:10,AnimatedMascot
FN:16,(anonymous_2)
FN:19,(anonymous_3)
FNF:3
FNH:0
FNDA:0,AnimatedMascot
FNDA:0,(anonymous_2)
FNDA:0,(anonymous_3)
DA:3,0
DA:10,0
DA:14,0
DA:16,0
DA:18,0
DA:19,0
LF:6
LH:0
BRDA:11,0,0,0
BRDA:12,1,0,0
BRDA:18,2,0,0
BRF:3
BRH:0
end_of_record
TN:
SF:components/AppShell.tsx
FN:9,AppShell
FN:13,(anonymous_3)
FN:37,(anonymous_4)
FN:50,(anonymous_5)
FN:56,(anonymous_6)
FN:68,(anonymous_7)
FNF:6
FNH:0
FNDA:0,AppShell
FNDA:0,(anonymous_3)
FNDA:0,(anonymous_4)
FNDA:0,(anonymous_5)
FNDA:0,(anonymous_6)
FNDA:0,(anonymous_7)
DA:3,0
DA:4,0
DA:5,0
DA:6,0
DA:7,0
DA:9,0
DA:10,0
DA:11,0
DA:13,0
DA:37,0
DA:50,0
DA:56,0
DA:68,0
LF:13
LH:0
BRDA:28,0,0,0
BRDA:28,0,1,0
BRDA:47,1,0,0
BRF:3
BRH:0
end_of_record
TN:
SF:components/AuthGuard.tsx
FN:10,AuthGuard
FN:16,(anonymous_2)
FN:26,(anonymous_3)
FN:39,(anonymous_4)
FN:51,(anonymous_5)
FNF:5
FNH:2
FNDA:12,AuthGuard
FNDA:12,(anonymous_2)
FNDA:0,(anonymous_3)
FNDA:0,(anonymous_4)
FNDA:0,(anonymous_5)
DA:3,1
DA:4,1
DA:5,1
DA:8,1
DA:10,12
DA:11,12
DA:12,12
DA:16,12
DA:17,12
DA:19,12
DA:20,12
DA:24,0
DA:26,0
DA:27,0
DA:29,0
DA:30,0
DA:32,0
DA:33,0
DA:38,0
DA:40,0
DA:41,0
DA:42,0
DA:43,0
DA:44,0
DA:49,0
DA:51,0
DA:52,0
DA:56,12
DA:72,12
DA:73,0
LF:30
LH:13
BRDA:13,0,0,12
BRDA:13,0,1,0
BRDA:17,1,0,12
BRDA:17,2,0,12
BRDA:17,2,1,0
BRDA:29,3,0,0
BRDA:29,3,1,0
BRDA:40,4,0,0
BRDA:40,4,1,0
BRDA:40,5,0,0
BRDA:40,5,1,0
BRDA:42,6,0,0
BRDA:42,7,0,0
BRDA:42,7,1,0
BRDA:42,7,2,0
BRDA:56,8,0,0
BRDA:72,9,0,0
BRF:17
BRH:3
end_of_record
TN:
SF:components/CodeEditor.tsx
FN:27,(anonymous_1)
FN:44,CodeEditor
FN:59,(anonymous_3)
FN:64,(anonymous_4)
FN:85,(anonymous_5)
FN:153,(anonymous_6)
FN:160,(anonymous_7)
FNF:7
FNH:0
FNDA:0,(anonymous_1)
FNDA:0,CodeEditor
FNDA:0,(anonymous_3)
FNDA:0,(anonymous_4)
FNDA:0,(anonymous_5)
FNDA:0,(anonymous_6)
FNDA:0,(anonymous_7)
DA:3,0
DA:4,0
DA:5,0
DA:6,0
DA:7,0
DA:8,0
DA:9,0
DA:10,0
DA:11,0
DA:12,0
DA:13,0
DA:14,0
DA:27,0
DA:28,0
DA:30,0
DA:32,0
DA:34,0
DA:36,0
DA:38,0
DA:40,0
DA:44,0
DA:53,0
DA:54,0
DA:55,0
DA:56,0
DA:59,0
DA:60,0
DA:64,0
DA:65,0
DA:67,0
DA:86,0
DA:87,0
DA:88,0
DA:135,0
DA:136,0
DA:141,0
DA:146,0
DA:151,0
DA:153,0
DA:154,0
DA:155,0
DA:160,0
DA:161,0
DA:162,0
DA:164,0
DA:165,0
DA:166,0
DA:167,0
DA:174,0
LF:49
LH:0
BRDA:28,0,0,0
BRDA:28,0,1,0
BRDA:28,0,2,0
BRDA:28,0,3,0
BRDA:28,0,4,0
BRDA:28,0,5,0
BRDA:48,1,0,0
BRDA:49,2,0,0
BRDA:50,3,0,0
BRDA:51,4,0,0
BRDA:65,5,0,0
BRDA:86,6,0,0
BRDA:86,7,0,0
BRDA:86,7,1,0
BRDA:135,8,0,0
BRDA:135,9,0,0
BRDA:135,9,1,0
BRDA:162,10,0,0
BRDA:165,11,0,0
BRF:19
BRH:0
end_of_record
TN:
SF:components/ScreenshotProtection.tsx
FN:20,ScreenshotProtection
FN:29,(anonymous_3)
FN:33,(anonymous_4)
FN:38,(anonymous_5)
FN:43,(anonymous_6)
FN:49,(anonymous_7)
FN:50,(anonymous_8)
FN:54,(anonymous_9)
FN:60,(anonymous_10)
FN:70,(anonymous_11)
FN:80,(anonymous_12)
FN:85,(anonymous_13)
FN:91,(anonymous_14)
FN:113,(anonymous_15)
FN:146,(anonymous_16)
FNF:15
FNH:12
FNDA:26,ScreenshotProtection
FNDA:17,(anonymous_3)
FNDA:1,(anonymous_4)
FNDA:0,(anonymous_5)
FNDA:3,(anonymous_6)
FNDA:1,(anonymous_7)
FNDA:1,(anonymous_8)
FNDA:4,(anonymous_9)
FNDA:1,(anonymous_10)
FNDA:0,(anonymous_11)
FNDA:0,(anonymous_12)
FNDA:1,(anonymous_13)
FNDA:2,(anonymous_14)
FNDA:14,(anonymous_15)
FNDA:40,(anonymous_16)
DA:3,1
DA:20,17
DA:26,26
DA:27,26
DA:29,26
DA:30,17
DA:33,14
DA:34,1
DA:35,1
DA:38,0
DA:43,14
DA:44,3
DA:45,2
DA:49,14
DA:50,1
DA:54,14
DA:56,4
DA:57,2
DA:58,2
DA:59,2
DA:60,2
DA:61,1
DA:62,1
DA:67,4
DA:68,1
DA:69,1
DA:70,1
DA:71,0
DA:72,0
DA:77,4
DA:78,1
DA:79,1
DA:80,1
DA:85,14
DA:86,1
DA:87,1
DA:91,14
DA:92,2
DA:94,2
DA:96,2
DA:98,2
DA:100,0
DA:104,14
DA:105,14
DA:106,14
DA:107,14
DA:108,14
DA:111,14
DA:113,14
DA:114,14
DA:115,14
DA:116,14
DA:117,14
DA:118,14
DA:119,14
DA:123,26
DA:147,40
LF:57
LH:53
BRDA:22,0,0,0
BRDA:23,1,0,18
BRDA:30,2,0,3
BRDA:34,3,0,1
BRDA:34,3,1,0
BRDA:34,4,0,1
BRDA:34,4,1,1
BRDA:44,5,0,2
BRDA:56,6,0,2
BRDA:67,7,0,1
BRDA:67,8,0,4
BRDA:67,8,1,1
BRDA:67,8,2,1
BRDA:67,8,3,0
BRDA:77,9,0,1
BRDA:77,10,0,4
BRDA:77,10,1,3
BRDA:77,10,2,2
BRDA:98,11,0,0
BRDA:98,12,0,2
BRDA:98,12,1,2
BRDA:123,13,0,3
BRDA:131,14,0,6
BRDA:131,14,1,17
BRDA:144,15,0,23
BRDA:153,16,0,23
BRF:26
BRH:22
end_of_record
TN:
SF:lib/airtable.ts
FN:12,(anonymous_4)
FN:37,(anonymous_5)
FN:40,(anonymous_6)
FN:42,(anonymous_7)
FN:45,(anonymous_8)
FN:50,(anonymous_9)
FN:55,(anonymous_10)
FN:67,(anonymous_11)
FN:98,(anonymous_12)
FN:103,(anonymous_13)
FN:108,(anonymous_14)
FN:112,(anonymous_15)
FN:118,(anonymous_16)
FN:171,(anonymous_17)
FN:196,(anonymous_18)
FN:212,(anonymous_19)
FN:233,(anonymous_20)
FN:239,(anonymous_21)
FN:243,(anonymous_22)
FN:245,(anonymous_23)
FN:250,(anonymous_24)
FN:254,(anonymous_25)
FNF:22
FNH:0
FNDA:0,(anonymous_4)
FNDA:0,(anonymous_5)
FNDA:0,(anonymous_6)
FNDA:0,(anonymous_7)
FNDA:0,(anonymous_8)
FNDA:0,(anonymous_9)
FNDA:0,(anonymous_10)
FNDA:0,(anonymous_11)
FNDA:0,(anonymous_12)
FNDA:0,(anonymous_13)
FNDA:0,(anonymous_14)
FNDA:0,(anonymous_15)
FNDA:0,(anonymous_16)
FNDA:0,(anonymous_17)
FNDA:0,(anonymous_18)
FNDA:0,(anonymous_19)
FNDA:0,(anonymous_20)
FNDA:0,(anonymous_21)
FNDA:0,(anonymous_22)
FNDA:0,(anonymous_23)
FNDA:0,(anonymous_24)
FNDA:0,(anonymous_25)
DA:1,0
DA:2,0
DA:5,0
DA:6,0
DA:8,0
DA:10,0
DA:12,0
DA:13,0
DA:15,0
DA:16,0
DA:24,0
DA:25,0
DA:26,0
DA:27,0
DA:30,0
DA:32,0
DA:33,0
DA:37,0
DA:38,0
DA:40,0
DA:41,0
DA:42,0
DA:44,0
DA:45,0
DA:47,0
DA:50,0
DA:51,0
DA:54,0
DA:55,0
DA:63,0
DA:64,0
DA:65,0
DA:66,0
DA:67,0
DA:76,0
DA:77,0
DA:78,0
DA:80,0
DA:81,0
DA:82,0
DA:83,0
DA:84,0
DA:91,0
DA:95,0
DA:98,0
DA:99,0
DA:100,0
DA:101,0
DA:103,0
DA:105,0
DA:108,0
DA:109,0
DA:110,0
DA:111,0
DA:112,0
DA:114,0
DA:118,0
DA:119,0
DA:122,0
DA:123,0
DA:124,0
DA:127,0
DA:128,0
DA:132,0
DA:133,0
DA:134,0
DA:135,0
DA:136,0
DA:137,0
DA:141,0
DA:142,0
DA:143,0
DA:144,0
DA:147,0
DA:171,0
DA:172,0
DA:173,0
DA:174,0
DA:177,0
DA:178,0
DA:182,0
DA:183,0
DA:186,0
DA:187,0
DA:190,0
DA:191,0
DA:192,0
DA:196,0
DA:197,0
DA:203,0
DA:204,0
DA:206,0
DA:207,0
DA:212,0
DA:213,0
DA:216,0
DA:217,0
DA:219,0
DA:221,0
DA:222,0
DA:223,0
DA:224,0
DA:225,0
DA:227,0
DA:232,0
DA:233,0
DA:239,0
DA:242,0
DA:244,0
DA:245,0
DA:249,0
DA:251,0
DA:253,0
DA:254,0
DA:257,0
LF:115
LH:0
BRDA:8,0,0,0
BRDA:8,0,1,0
BRDA:10,1,0,0
BRDA:10,1,1,0
BRDA:24,2,0,0
BRDA:41,3,0,0
BRDA:44,4,0,0
BRDA:51,5,0,0
BRDA:54,6,0,0
BRDA:56,7,0,0
BRDA:56,7,1,0
BRDA:57,8,0,0
BRDA:57,8,1,0
BRDA:58,9,0,0
BRDA:58,9,1,0
BRDA:63,10,0,0
BRDA:66,11,0,0
BRDA:68,12,0,0
BRDA:68,12,1,0
BRDA:69,13,0,0
BRDA:69,13,1,0
BRDA:70,14,0,0
BRDA:70,14,1,0
BRDA:83,15,0,0
BRDA:83,16,0,0
BRDA:83,16,1,0
BRDA:87,17,0,0
BRDA:87,17,1,0
BRDA:91,18,0,0
BRDA:91,18,1,0
BRDA:99,19,0,0
BRDA:100,20,0,0
BRDA:101,21,0,0
BRDA:109,22,0,0
BRDA:110,23,0,0
BRDA:111,24,0,0
BRDA:119,25,0,0
BRDA:119,25,1,0
BRDA:123,26,0,0
BRDA:127,27,0,0
BRDA:128,28,0,0
BRDA:133,29,0,0
BRDA:133,29,1,0
BRDA:133,30,0,0
BRDA:133,30,1,0
BRDA:133,30,2,0
BRDA:135,31,0,0
BRDA:135,31,1,0
BRDA:137,32,0,0
BRDA:137,33,0,0
BRDA:137,33,1,0
BRDA:141,34,0,0
BRDA:141,34,1,0
BRDA:142,35,0,0
BRDA:142,35,1,0
BRDA:143,36,0,0
BRDA:143,36,1,0
BRDA:149,37,0,0
BRDA:149,37,1,0
BRDA:149,37,2,0
BRDA:150,38,0,0
BRDA:150,38,1,0
BRDA:150,38,2,0
BRDA:150,38,3,0
BRDA:153,39,0,0
BRDA:153,39,1,0
BRDA:153,40,0,0
BRDA:153,40,1,0
BRDA:153,41,0,0
BRDA:153,41,1,0
BRDA:154,42,0,0
BRDA:154,42,1,0
BRDA:156,43,0,0
BRDA:156,43,1,0
BRDA:159,44,0,0
BRDA:159,44,1,0
BRDA:163,45,0,0
BRDA:163,45,1,0
BRDA:163,46,0,0
BRDA:163,46,1,0
BRDA:163,46,2,0
BRDA:163,46,3,0
BRDA:164,47,0,0
BRDA:164,47,1,0
BRDA:165,48,0,0
BRDA:165,48,1,0
BRDA:172,49,0,0
BRDA:186,50,0,0
BRDA:197,51,0,0
BRDA:197,51,1,0
BRDA:197,51,2,0
BRDA:197,51,3,0
BRDA:216,52,0,0
BRDA:222,53,0,0
BRDA:222,54,0,0
BRDA:222,54,1,0
BRDA:224,55,0,0
BRDA:224,55,1,0
BRDA:245,56,0,0
BRDA:245,56,1,0
BRDA:253,57,0,0
BRF:101
BRH:0
end_of_record
TN:
SF:lib/behavioralRubric.ts
FN:258,getVerdict
FN:270,buildBehavioralEvaluationPrompt
FN:276,(anonymous_9)
FN:278,(anonymous_10)
FN:283,(anonymous_11)
FN:339,buildBehavioralFollowUpPrompt
FN:345,(anonymous_13)
FN:360,(anonymous_14)
FN:362,(anonymous_15)
FN:403,validateBehavioralEvaluation
FNF:10
FNH:0
FNDA:0,getVerdict
FNDA:0,buildBehavioralEvaluationPrompt
FNDA:0,(anonymous_9)
FNDA:0,(anonymous_10)
FNDA:0,(anonymous_11)
FNDA:0,buildBehavioralFollowUpPrompt
FNDA:0,(anonymous_13)
FNDA:0,(anonymous_14)
FNDA:0,(anonymous_15)
FNDA:0,validateBehavioralEvaluation
DA:34,0
DA:207,0
DA:222,0
DA:259,0
DA:260,0
DA:261,0
DA:262,0
DA:263,0
DA:264,0
DA:270,0
DA:276,0
DA:277,0
DA:278,0
DA:280,0
DA:283,0
DA:285,0
DA:339,0
DA:344,0
DA:345,0
DA:349,0
DA:350,0
DA:351,0
DA:352,0
DA:353,0
DA:354,0
DA:355,0
DA:360,0
DA:361,0
DA:362,0
DA:365,0
DA:403,0
DA:404,0
DA:406,0
DA:409,0
DA:418,0
DA:422,0
DA:423,0
DA:424,0
DA:427,0
LF:39
LH:0
BRDA:259,0,0,0
BRDA:260,1,0,0
BRDA:261,2,0,0
BRDA:262,3,0,0
BRDA:263,4,0,0
BRDA:273,5,0,0
BRDA:289,6,0,0
BRDA:289,6,1,0
BRDA:290,7,0,0
BRDA:290,7,1,0
BRDA:345,8,0,0
BRDA:345,8,1,0
BRDA:351,9,0,0
BRDA:353,10,0,0
BRDA:360,11,0,0
BRDA:360,11,1,0
BRDA:361,12,0,0
BRDA:361,12,1,0
BRDA:373,13,0,0
BRDA:373,13,1,0
BRDA:378,14,0,0
BRDA:378,14,1,0
BRDA:391,15,0,0
BRDA:391,15,1,0
BRDA:404,16,0,0
BRDA:404,17,0,0
BRDA:404,17,1,0
BRDA:409,18,0,0
BRDA:410,19,0,0
BRDA:410,19,1,0
BRDA:410,19,2,0
BRDA:410,19,3,0
BRDA:410,19,4,0
BRDA:410,19,5,0
BRDA:410,19,6,0
BRDA:410,19,7,0
BRDA:423,20,0,0
BRF:37
BRH:0
end_of_record
TN:
SF:lib/brandfetch.ts
FN:3,(anonymous_3)
FN:61,(anonymous_4)
FNF:2
FNH:1
FNDA:0,(anonymous_3)
FNDA:12,(anonymous_4)
DA:1,1
DA:3,1
DA:5,0
DA:55,0
DA:56,0
DA:58,0
DA:61,12
DA:62,12
DA:89,12
DA:90,12
DA:92,12
LF:11
LH:7
BRDA:56,0,0,0
BRDA:56,0,1,0
BRDA:90,1,0,12
BRDA:90,1,1,0
BRF:4
BRH:1
end_of_record
TN:
SF:lib/codingRubric.ts
FN:209,getVerdict
FN:221,(anonymous_9)
FN:230,(anonymous_10)
FN:232,(anonymous_11)
FN:237,(anonymous_12)
FN:248,(anonymous_13)
FN:338,(anonymous_14)
FN:346,(anonymous_15)
FN:392,(anonymous_16)
FN:408,(anonymous_17)
FNF:10
FNH:6
FNDA:0,getVerdict
FNDA:14,(anonymous_9)
FNDA:70,(anonymous_10)
FNDA:350,(anonymous_11)
FNDA:98,(anonymous_12)
FNDA:2,(anonymous_13)
FNDA:0,(anonymous_14)
FNDA:0,(anonymous_15)
FNDA:0,(anonymous_16)
FNDA:31,(anonymous_17)
DA:31,3
DA:137,3
DA:150,3
DA:210,0
DA:211,0
DA:212,0
DA:213,0
DA:214,0
DA:221,14
DA:230,14
DA:231,70
DA:232,350
DA:234,70
DA:237,98
DA:239,14
DA:240,14
DA:245,14
DA:246,14
DA:247,1
DA:248,2
DA:250,1
DA:271,14
DA:338,3
DA:345,0
DA:346,0
DA:350,0
DA:351,0
DA:352,0
DA:353,0
DA:354,0
DA:360,0
DA:361,0
DA:362,0
DA:363,0
DA:369,0
DA:371,0
DA:392,0
DA:408,31
DA:409,31
DA:411,27
DA:414,27
DA:422,16
DA:426,11
DA:427,11
DA:428,1
DA:432,10
DA:433,8
DA:434,8
DA:441,2
DA:445,6
DA:446,4
DA:447,4
DA:452,1
DA:455,3
DA:459,12
LF:55
LH:36
BRDA:210,0,0,0
BRDA:211,1,0,0
BRDA:212,2,0,0
BRDA:213,3,0,0
BRDA:239,4,0,1
BRDA:239,4,1,13
BRDA:240,5,0,1
BRDA:240,5,1,13
BRDA:241,6,0,1
BRDA:241,6,1,0
BRDA:241,7,0,1
BRDA:241,7,1,0
BRDA:246,8,0,1
BRDA:246,9,0,14
BRDA:246,9,1,1
BRDA:248,10,0,1
BRDA:248,10,1,1
BRDA:283,11,0,14
BRDA:283,11,1,7
BRDA:346,12,0,0
BRDA:346,12,1,0
BRDA:352,13,0,0
BRDA:361,14,0,0
BRDA:369,15,0,0
BRDA:369,15,1,0
BRDA:381,16,0,0
BRDA:381,16,1,0
BRDA:384,17,0,0
BRDA:384,17,1,0
BRDA:396,18,0,0
BRDA:396,18,1,0
BRDA:409,19,0,4
BRDA:409,20,0,31
BRDA:409,20,1,27
BRDA:414,21,0,16
BRDA:415,22,0,27
BRDA:415,22,1,24
BRDA:415,22,2,21
BRDA:415,22,3,19
BRDA:415,22,4,18
BRDA:415,22,5,15
BRDA:415,22,6,13
BRDA:427,23,0,1
BRDA:432,24,0,2
BRDA:432,25,0,10
BRDA:432,25,1,8
BRDA:434,26,0,2
BRDA:435,27,0,8
BRDA:435,27,1,8
BRDA:435,27,2,7
BRDA:435,27,3,7
BRDA:435,27,4,7
BRDA:445,28,0,2
BRDA:445,29,0,6
BRDA:445,29,1,4
BRDA:447,30,0,1
BRDA:448,31,0,4
BRDA:448,31,1,4
BRDA:448,31,2,3
BRF:59
BRH:41
end_of_record
TN:
SF:lib/interviewStorage.ts
FN:50,getStorage
FN:82,setStorage
FN:95,saveCodingInterview
FN:123,saveBehavioralInterview
FN:148,saveInterview
FN:159,getInterview
FN:164,getCodingInterview
FN:178,getBehavioralInterview
FN:189,saveSystemDesignInterview
FN:212,getSystemDesignInterview
FN:220,clearInterview
FN:226,getAllInterviews
FN:228,(anonymous_25)
FN:231,getInterviewsByType
FN:232,(anonymous_27)
FN:235,getInterviewScore
FNF:16
FNH:11
FNDA:70,getStorage
FNDA:33,setStorage
FNDA:30,saveCodingInterview
FNDA:0,saveBehavioralInterview
FNDA:30,saveInterview
FNDA:30,getInterview
FNDA:8,getCodingInterview
FNDA:5,getBehavioralInterview
FNDA:0,saveSystemDesignInterview
FNDA:0,getSystemDesignInterview
FNDA:3,clearInterview
FNDA:7,getAllInterviews
FNDA:3,(anonymous_25)
FNDA:0,getInterviewsByType
FNDA:0,(anonymous_27)
FNDA:2,getInterviewScore
DA:8,1
DA:9,1
DA:51,70
DA:53,70
DA:54,70
DA:55,69
DA:57,40
DA:60,39
DA:61,39
DA:62,39
DA:64,39
DA:65,56
DA:66,55
DA:71,39
DA:72,1
DA:75,39
DA:77,2
DA:78,2
DA:83,33
DA:85,33
DA:86,33
DA:88,0
DA:95,0
DA:103,30
DA:105,30
DA:117,30
DA:123,0
DA:129,0
DA:131,0
DA:141,0
DA:148,30
DA:156,30
DA:159,15
DA:160,30
DA:161,30
DA:164,8
DA:165,8
DA:166,8
DA:167,4
DA:170,4
DA:172,1
DA:173,1
DA:175,3
DA:178,5
DA:179,5
DA:180,5
DA:181,2
DA:183,3
DA:189,0
DA:196,0
DA:198,0
DA:209,0
DA:212,0
DA:213,0
DA:214,0
DA:215,0
DA:217,0
DA:220,3
DA:221,3
DA:222,3
DA:223,3
DA:226,7
DA:227,7
DA:228,7
DA:231,0
DA:232,0
DA:235,2
DA:236,2
DA:237,2
LF:69
LH:52
BRDA:51,0,0,0
BRDA:55,1,0,29
BRDA:65,2,0,55
BRDA:71,3,0,1
BRDA:83,4,0,0
BRDA:161,5,0,30
BRDA:161,5,1,5
BRDA:166,6,0,4
BRDA:166,7,0,8
BRDA:166,7,1,7
BRDA:170,8,0,1
BRDA:170,9,0,4
BRDA:170,9,1,3
BRDA:170,9,2,1
BRDA:180,10,0,2
BRDA:180,11,0,5
BRDA:180,11,1,5
BRDA:214,12,0,0
BRDA:214,13,0,0
BRDA:214,13,1,0
BRDA:237,14,0,2
BRDA:237,14,1,1
BRF:22
BRH:17
end_of_record
TN:
SF:lib/mockData.ts
FNF:0
FNH:0
DA:3,0
DA:12,0
LF:2
LH:0
BRF:0
BRH:0
end_of_record
TN:
SF:lib/pmRubric.ts
FN:93,(anonymous_3)
FNF:1
FNH:1
FNDA:10,(anonymous_3)
DA:4,37
DA:93,10
DA:99,10
DA:102,10
DA:104,10
LF:5
LH:5
BRDA:99,0,0,2
BRDA:99,0,1,8
BRDA:102,1,0,2
BRDA:102,1,1,8
BRF:4
BRH:4
end_of_record
TN:
SF:lib/security.ts
FN:33,sanitizeText
FN:57,sanitizeForLLM
FN:79,isValidEmail
FN:87,isValidAudioFile
FN:113,validateLength
FN:130,generateSecureId
FN:133,(anonymous_15)
FN:139,hashData
FN:144,(anonymous_17)
FN:150,isAllowedOrigin
FN:152,(anonymous_19)
FNF:11
FNH:8
FNDA:10,sanitizeText
FNDA:12,sanitizeForLLM
FNDA:10,isValidEmail
FNDA:0,isValidAudioFile
FNDA:13,validateLength
FNDA:101,generateSecureId
FNDA:1616,(anonymous_15)
FNDA:0,hashData
FNDA:0,(anonymous_17)
FNDA:9,isAllowedOrigin
FNDA:16,(anonymous_19)
DA:6,2
DA:19,2
DA:33,10
DA:34,10
DA:36,7
DA:39,7
DA:40,63
DA:44,7
DA:51,7
DA:57,12
DA:58,12
DA:60,12
DA:63,12
DA:64,96
DA:68,12
DA:69,12
DA:70,1
DA:73,12
DA:79,10
DA:80,10
DA:81,10
DA:87,0
DA:88,0
DA:89,0
DA:97,0
DA:98,0
DA:102,0
DA:103,0
DA:104,0
DA:107,0
DA:113,13
DA:118,13
DA:119,4
DA:121,9
DA:122,4
DA:124,5
DA:130,101
DA:131,101
DA:132,101
DA:133,1616
DA:139,0
DA:140,0
DA:141,0
DA:142,0
DA:143,0
DA:144,0
DA:150,9
DA:151,9
DA:152,7
DA:153,16
DA:154,15
DA:155,4
DA:156,4
DA:158,11
LF:54
LH:39
BRDA:34,0,0,3
BRDA:58,1,0,0
BRDA:69,2,0,1
BRDA:97,3,0,0
BRDA:103,4,0,0
BRDA:118,5,0,4
BRDA:121,6,0,4
BRDA:151,7,0,2
BRDA:153,8,0,1
BRDA:154,9,0,4
BRDA:156,10,0,4
BRDA:156,10,1,2
BRF:12
BRH:9
end_of_record
TN:
SF:lib/supabaseClient.ts
FNF:0
FNH:0
DA:1,0
DA:3,0
DA:4,0
DA:6,0
DA:7,0
LF:5
LH:0
BRDA:7,0,0,0
BRDA:7,0,1,0
BRDA:7,1,0,0
BRDA:7,1,1,0
BRF:4
BRH:0
end_of_record
TN:
SF:lib/systemDesignRubric.ts
FN:227,buildSystemDesignEvaluationPrompt
FN:233,(anonymous_8)
FN:235,(anonymous_9)
FN:240,(anonymous_10)
FN:301,buildSystemDesignFollowUpPrompt
FN:307,(anonymous_12)
FN:324,(anonymous_13)
FN:344,(anonymous_14)
FN:360,validateSystemDesignEvaluation
FNF:9
FNH:0
FNDA:0,buildSystemDesignEvaluationPrompt
FNDA:0,(anonymous_8)
FNDA:0,(anonymous_9)
FNDA:0,(anonymous_10)
FNDA:0,buildSystemDesignFollowUpPrompt
FNDA:0,(anonymous_12)
FNDA:0,(anonymous_13)
FNDA:0,(anonymous_14)
FNDA:0,validateSystemDesignEvaluation
DA:32,0
DA:176,0
DA:189,0
DA:227,0
DA:233,0
DA:234,0
DA:235,0
DA:237,0
DA:240,0
DA:242,0
DA:301,0
DA:306,0
DA:307,0
DA:311,0
DA:312,0
DA:313,0
DA:314,0
DA:315,0
DA:316,0
DA:317,0
DA:318,0
DA:319,0
DA:324,0
DA:325,0
DA:327,0
DA:329,0
DA:344,0
DA:360,0
DA:361,0
DA:363,0
DA:365,0
DA:373,0
DA:376,0
DA:377,0
DA:379,0
DA:380,0
DA:381,0
DA:382,0
DA:383,0
DA:386,0
LF:40
LH:0
BRDA:246,0,0,0
BRDA:246,0,1,0
BRDA:250,1,0,0
BRDA:250,1,1,0
BRDA:307,2,0,0
BRDA:307,2,1,0
BRDA:313,3,0,0
BRDA:317,4,0,0
BRDA:327,5,0,0
BRDA:327,5,1,0
BRDA:337,6,0,0
BRDA:337,6,1,0
BRDA:361,7,0,0
BRDA:361,8,0,0
BRDA:361,8,1,0
BRDA:365,9,0,0
BRDA:366,10,0,0
BRDA:366,10,1,0
BRDA:366,10,2,0
BRDA:366,10,3,0
BRDA:366,10,4,0
BRDA:366,10,5,0
BRDA:366,10,6,0
BRDA:377,11,0,0
BRDA:379,12,0,0
BRDA:379,13,0,0
BRDA:379,13,1,0
BRDA:383,14,0,0
BRF:28
BRH:0
end_of_record
TN:
SF:lib/types.ts
FN:128,getQuestionType
FN:129,(anonymous_5)
FN:134,(anonymous_6)
FN:135,(anonymous_7)
FN:161,(anonymous_8)
FN:162,(anonymous_9)
FN:186,(anonymous_10)
FN:187,(anonymous_11)
FNF:8
FNH:0
FNDA:0,getQuestionType
FNDA:0,(anonymous_5)
FNDA:0,(anonymous_6)
FNDA:0,(anonymous_7)
FNDA:0,(anonymous_8)
FNDA:0,(anonymous_9)
FNDA:0,(anonymous_10)
FNDA:0,(anonymous_11)
DA:40,3
DA:61,3
DA:86,3
DA:128,0
DA:129,0
DA:130,0
DA:131,0
DA:134,0
DA:135,0
DA:139,0
DA:156,0
DA:157,0
DA:161,0
DA:162,0
DA:166,0
DA:186,0
DA:187,0
DA:191,0
DA:201,0
DA:202,0
DA:206,0
DA:207,0
DA:211,0
DA:216,40
DA:224,73
LF:25
LH:5
BRDA:139,0,0,0
BRDA:139,0,1,0
BRDA:139,0,2,0
BRDA:139,0,3,0
BRDA:139,0,4,0
BRDA:139,0,5,0
BRDA:139,0,6,0
BRDA:139,0,7,0
BRDA:139,0,8,0
BRDA:139,0,9,0
BRDA:139,0,10,0
BRDA:139,0,11,0
BRDA:139,0,12,0
BRDA:139,0,13,0
BRDA:139,0,14,0
BRDA:156,1,0,0
BRDA:156,2,0,0
BRDA:156,2,1,0
BRDA:166,3,0,0
BRDA:166,3,1,0
BRDA:166,3,2,0
BRDA:166,3,3,0
BRDA:166,3,4,0
BRDA:166,3,5,0
BRDA:166,3,6,0
BRDA:166,3,7,0
BRDA:166,3,8,0
BRDA:166,3,9,0
BRDA:166,3,10,0
BRDA:166,3,11,0
BRDA:166,3,12,0
BRDA:166,3,13,0
BRDA:166,3,14,0
BRDA:166,3,15,0
BRDA:166,3,16,0
BRDA:166,3,17,0
BRDA:191,4,0,0
BRDA:191,4,1,0
BRDA:191,4,2,0
BRDA:191,4,3,0
BRDA:191,4,4,0
BRDA:191,4,5,0
BRDA:191,4,6,0
BRDA:191,4,7,0
BRDA:201,5,0,0
BRDA:201,6,0,0
BRDA:201,6,1,0
BRDA:206,7,0,0
BRDA:206,8,0,0
BRDA:206,8,1,0
BRF:50
BRH:0
end_of_record
TN:
SF:lib/hooks/useAudioRecorder.ts
FN:18,useAudioRecorder
FN:33,(anonymous_2)
FN:34,(anonymous_3)
FN:38,(anonymous_4)
FN:43,(anonymous_5)
FN:50,(anonymous_6)
FN:58,(anonymous_7)
FN:91,(anonymous_8)
FN:97,(anonymous_9)
FN:105,(anonymous_10)
FN:108,(anonymous_11)
FN:120,(anonymous_12)
FN:137,(anonymous_13)
FN:143,(anonymous_14)
FNF:14
FNH:0
FNDA:0,useAudioRecorder
FNDA:0,(anonymous_2)
FNDA:0,(anonymous_3)
FNDA:0,(anonymous_4)
FNDA:0,(anonymous_5)
FNDA:0,(anonymous_6)
FNDA:0,(anonymous_7)
FNDA:0,(anonymous_8)
FNDA:0,(anonymous_9)
FNDA:0,(anonymous_10)
FNDA:0,(anonymous_11)
FNDA:0,(anonymous_12)
FNDA:0,(anonymous_13)
FNDA:0,(anonymous_14)
DA:3,0
DA:18,0
DA:19,0
DA:20,0
DA:21,0
DA:22,0
DA:23,0
DA:25,0
DA:26,0
DA:27,0
DA:28,0
DA:29,0
DA:30,0
DA:33,0
DA:34,0
DA:35,0
DA:36,0
DA:37,0
DA:38,0
DA:43,0
DA:44,0
DA:46,0
DA:47,0
DA:50,0
DA:51,0
DA:53,0
DA:54,0
DA:58,0
DA:59,0
DA:60,0
DA:61,0
DA:64,0
DA:71,0
DA:74,0
DA:75,0
DA:76,0
DA:77,0
DA:78,0
DA:79,0
DA:82,0
DA:88,0
DA:89,0
DA:91,0
DA:92,0
DA:93,0
DA:97,0
DA:98,0
DA:99,0
DA:100,0
DA:103,0
DA:104,0
DA:105,0
DA:108,0
DA:109,0
DA:110,0
DA:114,0
DA:115,0
DA:116,0
DA:119,0
DA:120,0
DA:121,0
DA:125,0
DA:127,0
DA:128,0
DA:129,0
DA:131,0
DA:133,0
DA:137,0
DA:138,0
DA:139,0
DA:143,0
DA:144,0
DA:145,0
DA:146,0
DA:147,0
DA:148,0
DA:149,0
DA:152,0
LF:78
LH:0
BRDA:35,0,0,0
BRDA:36,1,0,0
BRDA:37,2,0,0
BRDA:44,3,0,0
BRDA:53,4,0,0
BRDA:82,5,0,0
BRDA:82,5,1,0
BRDA:84,6,0,0
BRDA:84,6,1,0
BRDA:92,7,0,0
BRDA:103,8,0,0
BRDA:104,9,0,0
BRDA:128,10,0,0
BRDA:128,10,1,0
BRDA:128,11,0,0
BRDA:128,11,1,0
BRDA:138,12,0,0
BRDA:138,13,0,0
BRDA:138,13,1,0
BRF:19
BRH:0
end_of_record
TN:
SF:lib/hooks/useTTSPreloader.ts
FN:33,useTTSPreloader
FN:47,(anonymous_2)
FN:51,(anonymous_3)
FN:57,(anonymous_4)
FN:67,(anonymous_5)
FN:73,(anonymous_6)
FN:91,(anonymous_7)
FN:99,(anonymous_8)
FN:121,(anonymous_9)
FN:129,(anonymous_10)
FN:133,(anonymous_11)
FN:139,(anonymous_12)
FN:152,(anonymous_13)
FN:161,(anonymous_14)
FN:164,(anonymous_15)
FN:165,(anonymous_16)
FN:174,(anonymous_17)
FN:183,(anonymous_18)
FN:218,(anonymous_19)
FN:227,(anonymous_20)
FN:235,(anonymous_21)
FN:246,(anonymous_22)
FN:253,(anonymous_23)
FN:268,(anonymous_24)
FN:280,(anonymous_25)
FN:281,(anonymous_26)
FN:289,(anonymous_27)
FN:309,(anonymous_28)
FN:318,(anonymous_29)
FN:323,(anonymous_30)
FN:329,(anonymous_31)
FN:333,(anonymous_32)
FN:349,(anonymous_33)
FN:354,(anonymous_34)
FN:359,(anonymous_35)
FN:366,(anonymous_36)
FN:370,(anonymous_37)
FN:374,(anonymous_38)
FN:384,(anonymous_39)
FN:386,(anonymous_40)
FN:390,(anonymous_41)
FN:391,(anonymous_42)
FN:392,(anonymous_43)
FNF:43
FNH:0
FNDA:0,useTTSPreloader
FNDA:0,(anonymous_2)
FNDA:0,(anonymous_3)
FNDA:0,(anonymous_4)
FNDA:0,(anonymous_5)
FNDA:0,(anonymous_6)
FNDA:0,(anonymous_7)
FNDA:0,(anonymous_8)
FNDA:0,(anonymous_9)
FNDA:0,(anonymous_10)
FNDA:0,(anonymous_11)
FNDA:0,(anonymous_12)
FNDA:0,(anonymous_13)
FNDA:0,(anonymous_14)
FNDA:0,(anonymous_15)
FNDA:0,(anonymous_16)
FNDA:0,(anonymous_17)
FNDA:0,(anonymous_18)
FNDA:0,(anonymous_19)
FNDA:0,(anonymous_20)
FNDA:0,(anonymous_21)
FNDA:0,(anonymous_22)
FNDA:0,(anonymous_23)
FNDA:0,(anonymous_24)
FNDA:0,(anonymous_25)
FNDA:0,(anonymous_26)
FNDA:0,(anonymous_27)
FNDA:0,(anonymous_28)
FNDA:0,(anonymous_29)
FNDA:0,(anonymous_30)
FNDA:0,(anonymous_31)
FNDA:0,(anonymous_32)
FNDA:0,(anonymous_33)
FNDA:0,(anonymous_34)
FNDA:0,(anonymous_35)
FNDA:0,(anonymous_36)
FNDA:0,(anonymous_37)
FNDA:0,(anonymous_38)
FNDA:0,(anonymous_39)
FNDA:0,(anonymous_40)
FNDA:0,(anonymous_41)
FNDA:0,(anonymous_42)
FNDA:0,(anonymous_43)
DA:3,0
DA:14,0
DA:16,0
DA:18,0
DA:20,0
DA:33,0
DA:34,0
DA:35,0
DA:36,0
DA:37,0
DA:38,0
DA:41,0
DA:42,0
DA:44,0
DA:47,0
DA:48,0
DA:49,0
DA:51,0
DA:52,0
DA:53,0
DA:57,0
DA:58,0
DA:59,0
DA:60,0
DA:62,0
DA:67,0
DA:68,0
DA:70,0
DA:71,0
DA:73,0
DA:74,0
DA:75,0
DA:76,0
DA:80,0
DA:81,0
DA:82,0
DA:83,0
DA:85,0
DA:91,0
DA:92,0
DA:93,0
DA:94,0
DA:96,0
DA:99,0
DA:101,0
DA:105,0
DA:106,0
DA:109,0
DA:110,0
DA:114,0
DA:117,0
DA:121,0
DA:123,0
DA:124,0
DA:125,0
DA:129,0
DA:132,0
DA:133,0
DA:134,0
DA:137,0
DA:139,0
DA:142,0
DA:143,0
DA:144,0
DA:148,0
DA:152,0
DA:154,0
DA:155,0
DA:156,0
DA:157,0
DA:161,0
DA:164,0
DA:165,0
DA:166,0
DA:167,0
DA:168,0
DA:174,0
DA:175,0
DA:176,0
DA:179,0
DA:180,0
DA:183,0
DA:186,0
DA:188,0
DA:189,0
DA:197,0
DA:198,0
DA:201,0
DA:202,0
DA:204,0
DA:206,0
DA:215,0
DA:218,0
DA:220,0
DA:222,0
DA:223,0
DA:225,0
DA:227,0
DA:228,0
DA:229,0
DA:230,0
DA:233,0
DA:235,0
DA:236,0
DA:237,0
DA:238,0
DA:241,0
DA:246,0
DA:248,0
DA:249,0
DA:253,0
DA:254,0
DA:256,0
DA:257,0
DA:259,0
DA:263,0
DA:264,0
DA:268,0
DA:269,0
DA:270,0
DA:272,0
DA:273,0
DA:276,0
DA:280,0
DA:281,0
DA:283,0
DA:284,0
DA:289,0
DA:294,0
DA:295,0
DA:296,0
DA:297,0
DA:298,0
DA:303,0
DA:304,0
DA:305,0
DA:309,0
DA:310,0
DA:311,0
DA:313,0
DA:315,0
DA:318,0
DA:320,0
DA:323,0
DA:325,0
DA:329,0
DA:330,0
DA:333,0
DA:334,0
DA:335,0
DA:336,0
DA:337,0
DA:339,0
DA:340,0
DA:341,0
DA:343,0
DA:344,0
DA:345,0
DA:346,0
DA:349,0
DA:350,0
DA:351,0
DA:352,0
DA:354,0
DA:355,0
DA:356,0
DA:357,0
DA:359,0
DA:360,0
DA:361,0
DA:362,0
DA:366,0
DA:367,0
DA:369,0
DA:370,0
DA:371,0
DA:372,0
DA:374,0
DA:375,0
DA:377,0
DA:378,0
DA:379,0
DA:384,0
DA:385,0
DA:386,0
DA:390,0
DA:391,0
DA:392,0
DA:393,0
DA:397,0
LF:190
LH:0
BRDA:52,0,0,0
BRDA:59,1,0,0
BRDA:68,2,0,0
BRDA:74,3,0,0
BRDA:80,4,0,0
BRDA:82,5,0,0
BRDA:92,6,0,0
BRDA:93,7,0,0
BRDA:94,8,0,0
BRDA:102,9,0,0
BRDA:102,9,1,0
BRDA:106,10,0,0
BRDA:109,11,0,0
BRDA:109,12,0,0
BRDA:109,12,1,0
BRDA:124,13,0,0
BRDA:142,14,0,0
BRDA:155,15,0,0
BRDA:175,16,0,0
BRDA:175,17,0,0
BRDA:175,17,1,0
BRDA:197,18,0,0
BRDA:222,19,0,0
BRDA:222,20,0,0
BRDA:222,20,1,0
BRDA:246,21,0,0
BRDA:248,22,0,0
BRDA:254,23,0,0
BRDA:256,24,0,0
BRDA:269,25,0,0
BRDA:272,26,0,0
BRDA:280,27,0,0
BRDA:296,28,0,0
BRDA:303,29,0,0
BRDA:311,30,0,0
BRDA:315,31,0,0
BRDA:315,31,1,0
BRDA:320,32,0,0
BRDA:320,32,1,0
BRDA:330,33,0,0
BRDA:330,33,1,0
BRDA:334,34,0,0
BRDA:334,34,1,0
BRDA:336,35,0,0
BRDA:344,36,0,0
BRDA:367,37,0,0
BRF:46
BRH:0
end_of_record
