TN:
SF:app/layout.tsx
FN:24,RootLayout
FNF:1
FNH:0
FNDA:0,RootLayout
DA:1,0
DA:2,0
DA:4,0
DA:11,0
DA:18,0
DA:24,0
LF:6
LH:0
BRF:0
BRH:0
end_of_record
TN:
SF:app/loading.tsx
FN:1,RootLoading
FNF:1
FNH:0
FNDA:0,RootLoading
DA:1,0
LF:1
LH:0
BRF:0
BRH:0
end_of_record
TN:
SF:app/page.tsx
FN:4,Home
FN:7,(anonymous_3)
FNF:2
FNH:0
FNDA:0,Home
FNDA:0,(anonymous_3)
DA:1,0
DA:2,0
DA:4,0
DA:5,0
DA:6,0
DA:7,0
LF:6
LH:0
BRDA:7,0,0,0
BRDA:7,0,1,0
BRF:2
BRH:0
end_of_record
TN:
SF:app/api/interview/evaluate/route.ts
FN:7,POST
FN:31,(anonymous_2)
FNF:2
FNH:0
FNDA:0,POST
FNDA:0,(anonymous_2)
DA:1,0
DA:2,0
DA:3,0
DA:5,0
DA:7,0
DA:8,0
DA:9,0
DA:15,0
DA:16,0
DA:17,0
DA:19,0
DA:20,0
DA:27,0
DA:28,0
DA:29,0
DA:30,0
DA:31,0
DA:35,0
DA:36,0
DA:37,0
DA:40,0
DA:41,0
DA:42,0
DA:46,0
DA:49,0
DA:73,0
DA:74,0
DA:75,0
DA:76,0
DA:82,0
DA:83,0
DA:85,0
DA:86,0
DA:94,0
DA:96,0
DA:100,0
DA:102,0
DA:103,0
DA:110,0
DA:116,0
DA:117,0
DA:123,0
DA:128,0
DA:129,0
LF:44
LH:0
BRDA:8,0,0,0
BRDA:17,1,0,0
BRDA:19,2,0,0
BRDA:19,3,0,0
BRDA:19,3,1,0
BRDA:29,4,0,0
BRDA:29,4,1,0
BRDA:30,5,0,0
BRDA:30,5,1,0
BRDA:31,6,0,0
BRDA:31,6,1,0
BRDA:36,7,0,0
BRDA:41,8,0,0
BRDA:73,9,0,0
BRDA:85,10,0,0
BRDA:110,11,0,0
BRDA:111,12,0,0
BRDA:111,12,1,0
BRDA:111,12,2,0
BRDA:111,12,3,0
BRF:20
BRH:0
end_of_record
TN:
SF:app/api/interview/speak/route.ts
FN:30,buildInterviewPrompt
FN:43,POST
FNF:2
FNH:0
FNDA:0,buildInterviewPrompt
FNDA:0,POST
DA:1,0
DA:2,0
DA:4,0
DA:7,0
DA:15,0
DA:23,0
DA:31,0
DA:32,0
DA:33,0
DA:36,0
DA:40,0
DA:43,0
DA:44,0
DA:45,0
DA:51,0
DA:52,0
DA:53,0
DA:55,0
DA:56,0
DA:63,0
DA:64,0
DA:67,0
DA:68,0
DA:69,0
DA:73,0
DA:76,0
DA:91,0
DA:92,0
DA:93,0
DA:94,0
DA:101,0
DA:103,0
DA:110,0
DA:111,0
LF:34
LH:0
BRDA:36,0,0,0
BRDA:36,0,1,0
BRDA:44,1,0,0
BRDA:55,2,0,0
BRDA:64,3,0,0
BRDA:64,3,1,0
BRDA:68,4,0,0
BRDA:91,5,0,0
BRF:8
BRH:0
end_of_record
TN:
SF:app/api/interview/transcribe/route.ts
FN:16,POST
FN:37,(anonymous_2)
FNF:2
FNH:0
FNDA:0,POST
FNDA:0,(anonymous_2)
DA:1,0
DA:4,0
DA:7,0
DA:16,0
DA:17,0
DA:18,0
DA:24,0
DA:25,0
DA:26,0
DA:28,0
DA:29,0
DA:36,0
DA:37,0
DA:38,0
DA:45,0
DA:46,0
DA:53,0
DA:54,0
DA:61,0
DA:62,0
DA:63,0
DA:64,0
DA:67,0
DA:78,0
DA:79,0
DA:80,0
DA:81,0
DA:87,0
DA:89,0
DA:93,0
DA:94,0
LF:31
LH:0
BRDA:17,0,0,0
BRDA:28,1,0,0
BRDA:37,2,0,0
BRDA:45,3,0,0
BRDA:53,4,0,0
BRDA:78,5,0,0
BRF:6
BRH:0
end_of_record
TN:
SF:app/components/LandingLogos.tsx
FN:17,LandingLogos
FN:20,(anonymous_3)
FN:21,(anonymous_4)
FN:26,(anonymous_5)
FN:36,(anonymous_6)
FNF:5
FNH:0
FNDA:0,LandingLogos
FNDA:0,(anonymous_3)
FNDA:0,(anonymous_4)
FNDA:0,(anonymous_5)
FNDA:0,(anonymous_6)
DA:3,0
DA:4,0
DA:17,0
DA:18,0
DA:20,0
DA:21,0
DA:27,0
DA:36,0
LF:8
LH:0
BRDA:29,0,0,0
BRF:1
BRH:0
end_of_record
TN:
SF:app/components/LogoMarquee.tsx
FN:41,getLogoUrl
FN:45,LogoMarquee
FN:48,(anonymous_4)
FN:49,(anonymous_5)
FN:61,(anonymous_6)
FN:74,(anonymous_7)
FNF:6
FNH:0
FNDA:0,getLogoUrl
FNDA:0,LogoMarquee
FNDA:0,(anonymous_4)
FNDA:0,(anonymous_5)
FNDA:0,(anonymous_6)
FNDA:0,(anonymous_7)
DA:3,0
DA:4,0
DA:5,0
DA:8,0
DA:42,0
DA:45,0
DA:46,0
DA:48,0
DA:49,0
DA:53,0
DA:62,0
DA:74,0
LF:12
LH:0
BRDA:64,0,0,0
BRF:1
BRH:0
end_of_record
TN:
SF:app/dashboard/layout.tsx
FN:5,DashboardLayout
FNF:1
FNH:0
FNDA:0,DashboardLayout
DA:1,0
DA:2,0
DA:3,0
DA:5,0
LF:4
LH:0
BRF:0
BRH:0
end_of_record
TN:
SF:app/dashboard/loading.tsx
FN:3,DashboardLoading
FN:20,(anonymous_3)
FNF:2
FNH:0
FNDA:0,DashboardLoading
FNDA:0,(anonymous_3)
DA:1,0
DA:3,0
DA:21,0
LF:3
LH:0
BRF:0
BRH:0
end_of_record
TN:
SF:app/dashboard/page.tsx
FN:7,AppHome
FNF:1
FNH:0
FNDA:0,AppHome
DA:1,0
DA:2,0
DA:5,0
DA:7,0
DA:8,0
LF:5
LH:0
BRF:0
BRH:0
end_of_record
TN:
SF:app/dashboard/company/[slug]/loading.tsx
FN:3,CompanyLoading
FN:32,(anonymous_3)
FN:46,(anonymous_4)
FNF:3
FNH:0
FNDA:0,CompanyLoading
FNDA:0,(anonymous_3)
FNDA:0,(anonymous_4)
DA:1,0
DA:3,0
DA:33,0
DA:47,0
LF:4
LH:0
BRF:0
BRH:0
end_of_record
TN:
SF:app/dashboard/company/[slug]/page.tsx
FN:12,CompanyPage
FNF:1
FNH:0
FNDA:0,CompanyPage
DA:1,0
DA:2,0
DA:3,0
DA:6,0
DA:12,0
DA:13,0
DA:15,0
DA:20,0
DA:21,0
LF:9
LH:0
BRDA:20,0,0,0
BRF:1
BRH:0
end_of_record
TN:
SF:app/dashboard/components/CompanyGridClient.tsx
FN:14,CompanyGridClient
FN:18,(anonymous_3)
FN:21,(anonymous_4)
FN:27,(anonymous_5)
FN:31,(anonymous_6)
FN:32,(anonymous_7)
FN:52,(anonymous_8)
FN:57,(anonymous_9)
FN:74,(anonymous_10)
FNF:9
FNH:0
FNDA:0,CompanyGridClient
FNDA:0,(anonymous_3)
FNDA:0,(anonymous_4)
FNDA:0,(anonymous_5)
FNDA:0,(anonymous_6)
FNDA:0,(anonymous_7)
FNDA:0,(anonymous_8)
FNDA:0,(anonymous_9)
FNDA:0,(anonymous_10)
DA:3,0
DA:4,0
DA:5,0
DA:6,0
DA:8,0
DA:14,0
DA:15,0
DA:16,0
DA:18,0
DA:19,0
DA:20,0
DA:21,0
DA:22,0
DA:26,0
DA:27,0
DA:31,0
DA:32,0
DA:52,0
DA:58,0
DA:74,0
LF:20
LH:0
BRDA:20,0,0,0
BRDA:27,1,0,0
BRDA:27,1,1,0
BRDA:64,2,0,0
BRDA:86,3,0,0
BRDA:86,3,1,0
BRDA:104,4,0,0
BRF:7
BRH:0
end_of_record
TN:
SF:app/dashboard/components/CompanyQuestionsClient.tsx
FN:19,CompanyQuestionsClient
FN:34,(anonymous_3)
FN:36,(anonymous_4)
FN:45,(anonymous_5)
FN:49,(anonymous_6)
FN:53,(anonymous_7)
FN:55,(anonymous_8)
FN:55,(anonymous_9)
FN:59,(anonymous_10)
FN:61,(anonymous_11)
FN:70,(anonymous_12)
FN:78,(anonymous_13)
FN:83,(anonymous_14)
FN:100,(anonymous_15)
FN:116,(anonymous_16)
FN:120,(anonymous_17)
FN:126,(anonymous_18)
FN:127,(anonymous_19)
FN:128,(anonymous_20)
FN:132,(anonymous_21)
FN:162,(anonymous_22)
FN:194,(anonymous_23)
FN:199,(anonymous_24)
FN:203,(anonymous_25)
FN:238,(anonymous_26)
FN:242,(anonymous_27)
FN:319,(anonymous_28)
FN:394,(anonymous_29)
FN:405,(anonymous_30)
FN:426,(anonymous_31)
FN:485,(anonymous_32)
FNF:31
FNH:0
FNDA:0,CompanyQuestionsClient
FNDA:0,(anonymous_3)
FNDA:0,(anonymous_4)
FNDA:0,(anonymous_5)
FNDA:0,(anonymous_6)
FNDA:0,(anonymous_7)
FNDA:0,(anonymous_8)
FNDA:0,(anonymous_9)
FNDA:0,(anonymous_10)
FNDA:0,(anonymous_11)
FNDA:0,(anonymous_12)
FNDA:0,(anonymous_13)
FNDA:0,(anonymous_14)
FNDA:0,(anonymous_15)
FNDA:0,(anonymous_16)
FNDA:0,(anonymous_17)
FNDA:0,(anonymous_18)
FNDA:0,(anonymous_19)
FNDA:0,(anonymous_20)
FNDA:0,(anonymous_21)
FNDA:0,(anonymous_22)
FNDA:0,(anonymous_23)
FNDA:0,(anonymous_24)
FNDA:0,(anonymous_25)
FNDA:0,(anonymous_26)
FNDA:0,(anonymous_27)
FNDA:0,(anonymous_28)
FNDA:0,(anonymous_29)
FNDA:0,(anonymous_30)
FNDA:0,(anonymous_31)
FNDA:0,(anonymous_32)
DA:3,0
DA:4,0
DA:5,0
DA:6,0
DA:7,0
DA:9,0
DA:10,0
DA:11,0
DA:19,0
DA:24,0
DA:25,0
DA:26,0
DA:27,0
DA:28,0
DA:29,0
DA:30,0
DA:31,0
DA:34,0
DA:35,0
DA:36,0
DA:37,0
DA:38,0
DA:39,0
DA:42,0
DA:45,0
DA:47,0
DA:48,0
DA:49,0
DA:53,0
DA:54,0
DA:55,0
DA:56,0
DA:59,0
DA:60,0
DA:61,0
DA:62,0
DA:67,0
DA:69,0
DA:70,0
DA:71,0
DA:73,0
DA:78,0
DA:79,0
DA:83,0
DA:84,0
DA:85,0
DA:86,0
DA:88,0
DA:89,0
DA:90,0
DA:91,0
DA:93,0
DA:94,0
DA:95,0
DA:100,0
DA:101,0
DA:102,0
DA:103,0
DA:104,0
DA:106,0
DA:107,0
DA:108,0
DA:109,0
DA:113,0
DA:114,0
DA:116,0
DA:117,0
DA:120,0
DA:121,0
DA:122,0
DA:126,0
DA:127,0
DA:128,0
DA:132,0
DA:133,0
DA:134,0
DA:162,0
DA:194,0
DA:200,0
DA:203,0
DA:239,0
DA:242,0
DA:320,0
DA:395,0
DA:405,0
DA:426,0
DA:485,0
LF:87
LH:0
BRDA:38,0,0,0
BRDA:48,1,0,0
BRDA:62,2,0,0
BRDA:63,3,0,0
BRDA:63,3,1,0
BRDA:63,3,2,0
BRDA:69,4,0,0
BRDA:71,5,0,0
BRDA:84,6,0,0
BRDA:84,6,1,0
BRDA:88,7,0,0
BRDA:89,8,0,0
BRDA:91,9,0,0
BRDA:93,10,0,0
BRDA:95,11,0,0
BRDA:95,12,0,0
BRDA:95,12,1,0
BRDA:102,13,0,0
BRDA:103,14,0,0
BRDA:104,15,0,0
BRDA:108,16,0,0
BRDA:113,17,0,0
BRDA:113,17,1,0
BRDA:114,18,0,0
BRDA:114,18,1,0
BRDA:117,19,0,0
BRDA:121,20,0,0
BRDA:128,21,0,0
BRDA:128,21,1,0
BRDA:152,22,0,0
BRDA:205,23,0,0
BRDA:205,23,1,0
BRDA:213,24,0,0
BRDA:213,24,1,0
BRDA:244,25,0,0
BRDA:244,25,1,0
BRDA:249,26,0,0
BRDA:254,27,0,0
BRDA:255,28,0,0
BRDA:259,29,0,0
BRDA:259,29,1,0
BRDA:260,30,0,0
BRDA:260,30,1,0
BRDA:269,31,0,0
BRDA:280,32,0,0
BRDA:323,33,0,0
BRDA:323,33,1,0
BRDA:329,34,0,0
BRDA:340,35,0,0
BRDA:352,36,0,0
BRDA:352,36,1,0
BRDA:353,37,0,0
BRDA:353,37,1,0
BRDA:375,38,0,0
BRDA:375,38,1,0
BRDA:376,39,0,0
BRDA:376,39,1,0
BRDA:378,40,0,0
BRDA:378,40,1,0
BRDA:379,41,0,0
BRDA:379,41,1,0
BRDA:388,42,0,0
BRDA:435,43,0,0
BRDA:443,44,0,0
BRDA:451,45,0,0
BRDA:459,46,0,0
BRDA:482,47,0,0
BRF:67
BRH:0
end_of_record
TN:
SF:app/dashboard/components/FeedbackCards.tsx
FN:12,CheckIcon
FN:28,ArrowIcon
FN:45,getScoreDescription
FN:56,FeedbackCards
FN:88,(anonymous_6)
FN:108,(anonymous_7)
FN:123,(anonymous_8)
FNF:7
FNH:0
FNDA:0,CheckIcon
FNDA:0,ArrowIcon
FNDA:0,getScoreDescription
FNDA:0,FeedbackCards
FNDA:0,(anonymous_6)
FNDA:0,(anonymous_7)
FNDA:0,(anonymous_8)
DA:4,0
DA:46,0
DA:47,0
DA:48,0
DA:49,0
DA:50,0
DA:51,0
DA:52,0
DA:53,0
DA:56,0
DA:62,0
DA:64,0
DA:89,0
DA:109,0
DA:124,0
LF:15
LH:0
BRDA:46,0,0,0
BRDA:47,1,0,0
BRDA:48,2,0,0
BRDA:49,3,0,0
BRDA:50,4,0,0
BRDA:51,5,0,0
BRDA:52,6,0,0
BRDA:104,7,0,0
BRDA:119,8,0,0
BRF:9
BRH:0
end_of_record
TN:
SF:app/dashboard/components/InterviewModal.tsx
FN:19,MicIcon
FN:36,StopIcon
FN:48,CloseIcon
FN:57,SpeakerIcon
FN:67,formatDuration
FN:73,InterviewModal
FN:98,(anonymous_8)
FN:102,(anonymous_9)
FN:127,(anonymous_10)
FN:133,(anonymous_11)
FN:138,(anonymous_12)
FN:154,(anonymous_13)
FN:163,(anonymous_14)
FN:171,(anonymous_15)
FN:178,(anonymous_16)
FN:184,(anonymous_17)
FN:247,(anonymous_18)
FN:253,(anonymous_19)
FN:261,(anonymous_20)
FN:267,(anonymous_21)
FN:277,(anonymous_22)
FN:285,(anonymous_23)
FN:294,(anonymous_24)
FN:303,(anonymous_25)
FN:332,(anonymous_26)
FN:377,(anonymous_27)
FN:400,(anonymous_28)
FN:412,(anonymous_29)
FNF:28
FNH:0
FNDA:0,MicIcon
FNDA:0,StopIcon
FNDA:0,CloseIcon
FNDA:0,SpeakerIcon
FNDA:0,formatDuration
FNDA:0,InterviewModal
FNDA:0,(anonymous_8)
FNDA:0,(anonymous_9)
FNDA:0,(anonymous_10)
FNDA:0,(anonymous_11)
FNDA:0,(anonymous_12)
FNDA:0,(anonymous_13)
FNDA:0,(anonymous_14)
FNDA:0,(anonymous_15)
FNDA:0,(anonymous_16)
FNDA:0,(anonymous_17)
FNDA:0,(anonymous_18)
FNDA:0,(anonymous_19)
FNDA:0,(anonymous_20)
FNDA:0,(anonymous_21)
FNDA:0,(anonymous_22)
FNDA:0,(anonymous_23)
FNDA:0,(anonymous_24)
FNDA:0,(anonymous_25)
FNDA:0,(anonymous_26)
FNDA:0,(anonymous_27)
FNDA:0,(anonymous_28)
FNDA:0,(anonymous_29)
DA:3,0
DA:4,0
DA:5,0
DA:8,0
DA:9,0
DA:68,0
DA:69,0
DA:70,0
DA:73,0
DA:78,0
DA:79,0
DA:80,0
DA:81,0
DA:82,0
DA:83,0
DA:84,0
DA:95,0
DA:98,0
DA:99,0
DA:100,0
DA:102,0
DA:103,0
DA:104,0
DA:113,0
DA:115,0
DA:116,0
DA:117,0
DA:120,0
DA:121,0
DA:123,0
DA:124,0
DA:127,0
DA:128,0
DA:129,0
DA:133,0
DA:134,0
DA:135,0
DA:138,0
DA:139,0
DA:140,0
DA:144,0
DA:146,0
DA:147,0
DA:151,0
DA:154,0
DA:155,0
DA:156,0
DA:157,0
DA:163,0
DA:164,0
DA:165,0
DA:166,0
DA:171,0
DA:172,0
DA:173,0
DA:178,0
DA:179,0
DA:180,0
DA:184,0
DA:185,0
DA:186,0
DA:188,0
DA:190,0
DA:191,0
DA:192,0
DA:194,0
DA:199,0
DA:200,0
DA:201,0
DA:204,0
DA:206,0
DA:207,0
DA:211,0
DA:212,0
DA:223,0
DA:224,0
DA:225,0
DA:228,0
DA:231,0
DA:234,0
DA:235,0
DA:238,0
DA:239,0
DA:241,0
DA:242,0
DA:243,0
DA:247,0
DA:248,0
DA:249,0
DA:250,0
DA:253,0
DA:254,0
DA:255,0
DA:256,0
DA:258,0
DA:261,0
DA:262,0
DA:263,0
DA:264,0
DA:267,0
DA:268,0
DA:269,0
DA:271,0
DA:272,0
DA:274,0
DA:277,0
DA:278,0
DA:279,0
DA:281,0
DA:285,0
DA:286,0
DA:287,0
DA:288,0
DA:289,0
DA:290,0
DA:294,0
DA:295,0
DA:296,0
DA:303,0
DA:333,0
DA:377,0
DA:401,0
DA:413,0
DA:414,0
DA:415,0
LF:125
LH:0
BRDA:99,0,0,0
BRDA:113,1,0,0
BRDA:128,2,0,0
BRDA:155,3,0,0
BRDA:165,4,0,0
BRDA:172,5,0,0
BRDA:179,6,0,0
BRDA:179,7,0,0
BRDA:179,7,1,0
BRDA:179,7,2,0
BRDA:199,8,0,0
BRDA:201,9,0,0
BRDA:201,9,1,0
BRDA:206,10,0,0
BRDA:206,11,0,0
BRDA:206,11,1,0
BRDA:223,12,0,0
BRDA:225,13,0,0
BRDA:225,13,1,0
BRDA:234,14,0,0
BRDA:242,15,0,0
BRDA:242,15,1,0
BRDA:254,16,0,0
BRDA:268,17,0,0
BRDA:271,18,0,0
BRDA:278,19,0,0
BRDA:319,20,0,0
BRDA:319,20,1,0
BRDA:321,21,0,0
BRDA:321,21,1,0
BRDA:326,22,0,0
BRDA:358,23,0,0
BRDA:373,24,0,0
BRDA:387,25,0,0
BRDA:432,26,0,0
BRDA:443,27,0,0
BRDA:443,27,1,0
BRF:37
BRH:0
end_of_record
TN:
SF:app/login/loading.tsx
FN:1,LoginLoading
FNF:1
FNH:0
FNDA:0,LoginLoading
DA:1,0
LF:1
LH:0
BRF:0
BRH:0
end_of_record
TN:
SF:app/login/page.tsx
FN:6,LoginPage
FN:13,(anonymous_2)
FN:51,(anonymous_3)
FNF:3
FNH:0
FNDA:0,LoginPage
FNDA:0,(anonymous_2)
FNDA:0,(anonymous_3)
DA:3,0
DA:4,0
DA:6,0
DA:7,0
DA:8,0
DA:11,0
DA:13,0
DA:14,0
DA:15,0
DA:16,0
DA:18,0
DA:19,0
DA:20,0
DA:21,0
DA:24,0
DA:29,0
DA:30,0
DA:31,0
DA:32,0
DA:35,0
DA:36,0
DA:51,0
LF:22
LH:0
BRDA:18,0,0,0
BRDA:29,1,0,0
BRDA:55,2,0,0
BRDA:55,2,1,0
BRDA:58,3,0,0
BRDA:58,3,1,0
BRF:6
BRH:0
end_of_record
TN:
SF:components/AppShell.tsx
FN:8,AppShell
FN:12,(anonymous_3)
FN:39,(anonymous_4)
FN:52,(anonymous_5)
FN:58,(anonymous_6)
FN:70,(anonymous_7)
FN:77,(anonymous_8)
FNF:7
FNH:0
FNDA:0,AppShell
FNDA:0,(anonymous_3)
FNDA:0,(anonymous_4)
FNDA:0,(anonymous_5)
FNDA:0,(anonymous_6)
FNDA:0,(anonymous_7)
FNDA:0,(anonymous_8)
DA:3,0
DA:4,0
DA:5,0
DA:6,0
DA:8,0
DA:9,0
DA:10,0
DA:12,0
DA:39,0
DA:52,0
DA:58,0
DA:70,0
DA:77,0
LF:13
LH:0
BRDA:27,0,0,0
BRDA:27,0,1,0
BRDA:49,1,0,0
BRF:3
BRH:0
end_of_record
TN:
SF:components/AuthGuard.tsx
FN:10,AuthGuard
FN:16,(anonymous_2)
FN:26,(anonymous_3)
FN:39,(anonymous_4)
FN:51,(anonymous_5)
FNF:5
FNH:2
FNDA:12,AuthGuard
FNDA:12,(anonymous_2)
FNDA:0,(anonymous_3)
FNDA:0,(anonymous_4)
FNDA:0,(anonymous_5)
DA:3,1
DA:4,1
DA:5,1
DA:8,1
DA:10,12
DA:11,12
DA:12,12
DA:16,12
DA:17,12
DA:19,12
DA:20,12
DA:24,0
DA:26,0
DA:27,0
DA:29,0
DA:30,0
DA:32,0
DA:33,0
DA:38,0
DA:40,0
DA:41,0
DA:42,0
DA:43,0
DA:44,0
DA:49,0
DA:51,0
DA:52,0
DA:56,12
DA:72,12
DA:73,0
LF:30
LH:13
BRDA:13,0,0,12
BRDA:13,0,1,0
BRDA:17,1,0,12
BRDA:17,2,0,12
BRDA:17,2,1,0
BRDA:29,3,0,0
BRDA:29,3,1,0
BRDA:40,4,0,0
BRDA:40,4,1,0
BRDA:40,5,0,0
BRDA:40,5,1,0
BRDA:42,6,0,0
BRDA:42,7,0,0
BRDA:42,7,1,0
BRDA:42,7,2,0
BRDA:56,8,0,0
BRDA:72,9,0,0
BRF:17
BRH:3
end_of_record
TN:
SF:components/ScreenshotProtection.tsx
FN:20,ScreenshotProtection
FN:29,(anonymous_3)
FN:33,(anonymous_4)
FN:38,(anonymous_5)
FN:43,(anonymous_6)
FN:49,(anonymous_7)
FN:50,(anonymous_8)
FN:54,(anonymous_9)
FN:60,(anonymous_10)
FN:70,(anonymous_11)
FN:80,(anonymous_12)
FN:85,(anonymous_13)
FN:91,(anonymous_14)
FN:113,(anonymous_15)
FN:146,(anonymous_16)
FNF:15
FNH:12
FNDA:26,ScreenshotProtection
FNDA:17,(anonymous_3)
FNDA:1,(anonymous_4)
FNDA:0,(anonymous_5)
FNDA:3,(anonymous_6)
FNDA:1,(anonymous_7)
FNDA:1,(anonymous_8)
FNDA:4,(anonymous_9)
FNDA:1,(anonymous_10)
FNDA:0,(anonymous_11)
FNDA:0,(anonymous_12)
FNDA:1,(anonymous_13)
FNDA:2,(anonymous_14)
FNDA:14,(anonymous_15)
FNDA:40,(anonymous_16)
DA:3,1
DA:20,17
DA:26,26
DA:27,26
DA:29,26
DA:30,17
DA:33,14
DA:34,1
DA:35,1
DA:38,0
DA:43,14
DA:44,3
DA:45,2
DA:49,14
DA:50,1
DA:54,14
DA:56,4
DA:57,2
DA:58,2
DA:59,2
DA:60,2
DA:61,1
DA:62,1
DA:67,4
DA:68,1
DA:69,1
DA:70,1
DA:71,0
DA:72,0
DA:77,4
DA:78,1
DA:79,1
DA:80,1
DA:85,14
DA:86,1
DA:87,1
DA:91,14
DA:92,2
DA:94,2
DA:96,2
DA:98,2
DA:100,0
DA:104,14
DA:105,14
DA:106,14
DA:107,14
DA:108,14
DA:111,14
DA:113,14
DA:114,14
DA:115,14
DA:116,14
DA:117,14
DA:118,14
DA:119,14
DA:123,26
DA:147,40
LF:57
LH:53
BRDA:22,0,0,0
BRDA:23,1,0,18
BRDA:30,2,0,3
BRDA:34,3,0,1
BRDA:34,3,1,0
BRDA:34,4,0,1
BRDA:34,4,1,1
BRDA:44,5,0,2
BRDA:56,6,0,2
BRDA:67,7,0,1
BRDA:67,8,0,4
BRDA:67,8,1,1
BRDA:67,8,2,1
BRDA:67,8,3,0
BRDA:77,9,0,1
BRDA:77,10,0,4
BRDA:77,10,1,3
BRDA:77,10,2,2
BRDA:98,11,0,0
BRDA:98,12,0,2
BRDA:98,12,1,2
BRDA:123,13,0,3
BRDA:131,14,0,6
BRDA:131,14,1,17
BRDA:144,15,0,23
BRDA:153,16,0,23
BRF:26
BRH:22
end_of_record
TN:
SF:lib/airtable.ts
FN:12,(anonymous_4)
FN:32,(anonymous_5)
FN:35,(anonymous_6)
FN:37,(anonymous_7)
FN:40,(anonymous_8)
FN:46,(anonymous_9)
FN:69,(anonymous_10)
FN:95,(anonymous_11)
FN:115,(anonymous_12)
FN:121,(anonymous_13)
FN:125,(anonymous_14)
FN:127,(anonymous_15)
FN:132,(anonymous_16)
FN:136,(anonymous_17)
FNF:14
FNH:0
FNDA:0,(anonymous_4)
FNDA:0,(anonymous_5)
FNDA:0,(anonymous_6)
FNDA:0,(anonymous_7)
FNDA:0,(anonymous_8)
FNDA:0,(anonymous_9)
FNDA:0,(anonymous_10)
FNDA:0,(anonymous_11)
FNDA:0,(anonymous_12)
FNDA:0,(anonymous_13)
FNDA:0,(anonymous_14)
FNDA:0,(anonymous_15)
FNDA:0,(anonymous_16)
FNDA:0,(anonymous_17)
DA:1,0
DA:2,0
DA:5,0
DA:6,0
DA:8,0
DA:10,0
DA:12,0
DA:13,0
DA:15,0
DA:23,0
DA:24,0
DA:25,0
DA:26,0
DA:29,0
DA:32,0
DA:33,0
DA:35,0
DA:36,0
DA:37,0
DA:39,0
DA:40,0
DA:42,0
DA:46,0
DA:47,0
DA:48,0
DA:49,0
DA:52,0
DA:53,0
DA:54,0
DA:56,0
DA:69,0
DA:70,0
DA:71,0
DA:74,0
DA:78,0
DA:79,0
DA:82,0
DA:83,0
DA:86,0
DA:87,0
DA:88,0
DA:91,0
DA:95,0
DA:96,0
DA:97,0
DA:100,0
DA:101,0
DA:103,0
DA:104,0
DA:105,0
DA:106,0
DA:107,0
DA:109,0
DA:114,0
DA:115,0
DA:121,0
DA:124,0
DA:126,0
DA:127,0
DA:131,0
DA:133,0
DA:135,0
DA:136,0
DA:139,0
LF:64
LH:0
BRDA:8,0,0,0
BRDA:8,0,1,0
BRDA:10,1,0,0
BRDA:10,1,1,0
BRDA:23,2,0,0
BRDA:36,3,0,0
BRDA:39,4,0,0
BRDA:47,5,0,0
BRDA:47,5,1,0
BRDA:53,6,0,0
BRDA:54,7,0,0
BRDA:58,8,0,0
BRDA:58,8,1,0
BRDA:59,9,0,0
BRDA:59,9,1,0
BRDA:61,10,0,0
BRDA:61,10,1,0
BRDA:62,11,0,0
BRDA:62,11,1,0
BRDA:70,12,0,0
BRDA:82,13,0,0
BRDA:96,14,0,0
BRDA:104,15,0,0
BRDA:104,16,0,0
BRDA:104,16,1,0
BRDA:106,17,0,0
BRDA:106,17,1,0
BRDA:127,18,0,0
BRDA:127,18,1,0
BRDA:135,19,0,0
BRF:30
BRH:0
end_of_record
TN:
SF:lib/brandfetch.ts
FN:3,(anonymous_3)
FN:61,(anonymous_4)
FNF:2
FNH:0
FNDA:0,(anonymous_3)
FNDA:0,(anonymous_4)
DA:1,0
DA:3,0
DA:5,0
DA:55,0
DA:56,0
DA:58,0
DA:61,0
DA:62,0
DA:89,0
DA:90,0
DA:92,0
LF:11
LH:0
BRDA:56,0,0,0
BRDA:56,0,1,0
BRDA:90,1,0,0
BRDA:90,1,1,0
BRF:4
BRH:0
end_of_record
TN:
SF:lib/interviewStorage.ts
FN:20,getStorage
FN:52,setStorage
FN:62,saveInterview
FN:80,getInterview
FN:85,clearInterview
FN:91,getAllInterviews
FN:93,(anonymous_12)
FN:96,getInterviewScore
FNF:8
FNH:8
FNDA:35,getStorage
FNDA:20,setStorage
FNDA:17,saveInterview
FNDA:9,getInterview
FNDA:3,clearInterview
FNDA:6,getAllInterviews
FNDA:3,(anonymous_12)
FNDA:2,getInterviewScore
DA:5,1
DA:6,1
DA:21,35
DA:23,35
DA:24,35
DA:25,34
DA:27,19
DA:30,18
DA:31,18
DA:32,18
DA:34,18
DA:35,23
DA:36,22
DA:41,18
DA:42,1
DA:45,18
DA:47,2
DA:48,2
DA:53,20
DA:55,20
DA:56,20
DA:58,0
DA:62,17
DA:67,17
DA:69,17
DA:77,17
DA:80,7
DA:81,9
DA:82,9
DA:85,3
DA:86,3
DA:87,3
DA:88,3
DA:91,6
DA:92,6
DA:93,6
DA:96,2
DA:97,2
DA:98,2
LF:39
LH:38
BRDA:21,0,0,0
BRDA:25,1,0,15
BRDA:35,2,0,22
BRDA:41,3,0,1
BRDA:53,4,0,0
BRDA:82,5,0,9
BRDA:82,5,1,4
BRDA:98,6,0,2
BRDA:98,6,1,1
BRF:9
BRH:7
end_of_record
TN:
SF:lib/mockData.ts
FNF:0
FNH:0
DA:3,0
DA:12,0
LF:2
LH:0
BRF:0
BRH:0
end_of_record
TN:
SF:lib/pmRubric.ts
FN:93,(anonymous_3)
FNF:1
FNH:1
FNDA:10,(anonymous_3)
DA:4,37
DA:93,10
DA:99,10
DA:102,10
DA:104,10
LF:5
LH:5
BRDA:99,0,0,2
BRDA:99,0,1,8
BRDA:102,1,0,2
BRDA:102,1,1,8
BRF:4
BRH:4
end_of_record
TN:
SF:lib/security.ts
FN:33,sanitizeText
FN:57,sanitizeForLLM
FN:79,isValidEmail
FN:87,isValidAudioFile
FN:113,validateLength
FN:130,generateSecureId
FN:133,(anonymous_15)
FN:139,hashData
FN:144,(anonymous_17)
FN:150,isAllowedOrigin
FN:152,(anonymous_19)
FNF:11
FNH:8
FNDA:10,sanitizeText
FNDA:12,sanitizeForLLM
FNDA:10,isValidEmail
FNDA:0,isValidAudioFile
FNDA:13,validateLength
FNDA:101,generateSecureId
FNDA:1616,(anonymous_15)
FNDA:0,hashData
FNDA:0,(anonymous_17)
FNDA:9,isAllowedOrigin
FNDA:16,(anonymous_19)
DA:6,2
DA:19,2
DA:33,10
DA:34,10
DA:36,7
DA:39,7
DA:40,63
DA:44,7
DA:51,7
DA:57,12
DA:58,12
DA:60,12
DA:63,12
DA:64,96
DA:68,12
DA:69,12
DA:70,1
DA:73,12
DA:79,10
DA:80,10
DA:81,10
DA:87,0
DA:88,0
DA:89,0
DA:97,0
DA:98,0
DA:102,0
DA:103,0
DA:104,0
DA:107,0
DA:113,13
DA:118,13
DA:119,4
DA:121,9
DA:122,4
DA:124,5
DA:130,101
DA:131,101
DA:132,101
DA:133,1616
DA:139,0
DA:140,0
DA:141,0
DA:142,0
DA:143,0
DA:144,0
DA:150,9
DA:151,9
DA:152,7
DA:153,16
DA:154,15
DA:155,4
DA:156,4
DA:158,11
LF:54
LH:39
BRDA:34,0,0,3
BRDA:58,1,0,0
BRDA:69,2,0,1
BRDA:97,3,0,0
BRDA:103,4,0,0
BRDA:118,5,0,4
BRDA:121,6,0,4
BRDA:151,7,0,2
BRDA:153,8,0,1
BRDA:154,9,0,4
BRDA:156,10,0,4
BRDA:156,10,1,2
BRF:12
BRH:9
end_of_record
TN:
SF:lib/supabaseClient.ts
FNF:0
FNH:0
DA:1,0
DA:3,0
DA:4,0
DA:6,0
DA:7,0
LF:5
LH:0
BRDA:7,0,0,0
BRDA:7,0,1,0
BRDA:7,1,0,0
BRDA:7,1,1,0
BRF:4
BRH:0
end_of_record
TN:
SF:lib/hooks/useAudioRecorder.ts
FN:18,useAudioRecorder
FN:33,(anonymous_2)
FN:34,(anonymous_3)
FN:38,(anonymous_4)
FN:43,(anonymous_5)
FN:50,(anonymous_6)
FN:58,(anonymous_7)
FN:91,(anonymous_8)
FN:97,(anonymous_9)
FN:105,(anonymous_10)
FN:108,(anonymous_11)
FN:120,(anonymous_12)
FN:137,(anonymous_13)
FN:143,(anonymous_14)
FNF:14
FNH:0
FNDA:0,useAudioRecorder
FNDA:0,(anonymous_2)
FNDA:0,(anonymous_3)
FNDA:0,(anonymous_4)
FNDA:0,(anonymous_5)
FNDA:0,(anonymous_6)
FNDA:0,(anonymous_7)
FNDA:0,(anonymous_8)
FNDA:0,(anonymous_9)
FNDA:0,(anonymous_10)
FNDA:0,(anonymous_11)
FNDA:0,(anonymous_12)
FNDA:0,(anonymous_13)
FNDA:0,(anonymous_14)
DA:3,0
DA:18,0
DA:19,0
DA:20,0
DA:21,0
DA:22,0
DA:23,0
DA:25,0
DA:26,0
DA:27,0
DA:28,0
DA:29,0
DA:30,0
DA:33,0
DA:34,0
DA:35,0
DA:36,0
DA:37,0
DA:38,0
DA:43,0
DA:44,0
DA:46,0
DA:47,0
DA:50,0
DA:51,0
DA:53,0
DA:54,0
DA:58,0
DA:59,0
DA:60,0
DA:61,0
DA:64,0
DA:71,0
DA:74,0
DA:75,0
DA:76,0
DA:77,0
DA:78,0
DA:79,0
DA:82,0
DA:88,0
DA:89,0
DA:91,0
DA:92,0
DA:93,0
DA:97,0
DA:98,0
DA:99,0
DA:100,0
DA:103,0
DA:104,0
DA:105,0
DA:108,0
DA:109,0
DA:110,0
DA:114,0
DA:115,0
DA:116,0
DA:119,0
DA:120,0
DA:121,0
DA:125,0
DA:127,0
DA:128,0
DA:129,0
DA:131,0
DA:133,0
DA:137,0
DA:138,0
DA:139,0
DA:143,0
DA:144,0
DA:145,0
DA:146,0
DA:147,0
DA:148,0
DA:149,0
DA:152,0
LF:78
LH:0
BRDA:35,0,0,0
BRDA:36,1,0,0
BRDA:37,2,0,0
BRDA:44,3,0,0
BRDA:53,4,0,0
BRDA:82,5,0,0
BRDA:82,5,1,0
BRDA:84,6,0,0
BRDA:84,6,1,0
BRDA:92,7,0,0
BRDA:103,8,0,0
BRDA:104,9,0,0
BRDA:128,10,0,0
BRDA:128,10,1,0
BRDA:128,11,0,0
BRDA:128,11,1,0
BRDA:138,12,0,0
BRDA:138,13,0,0
BRDA:138,13,1,0
BRF:19
BRH:0
end_of_record
